RPM,COOLANT_TEMP,MAF,THROTTLE_POS,INTAKE_TEMP,TIMING_ADVANCE,ENGINE_LOAD,ELM_VOLTAGE,SPEED,O2_S1_WR_CURRENT,O2_S5_WR_CURRENT,O2_B2S2,SHORT_FUEL_TRIM_1,SHORT_FUEL_TRIM_2
626.0,66,4.0,12.549019607843137,45,4.5,28.627450980392158,13.6,0.0,-0.00390625,-0.01171875,0.445,4.6875,3.90625
625.5,66,4.0,12.549019607843137,45,4.5,28.627450980392158,13.6,0.0,-0.0078125,-0.01953125,0.445,4.6875,3.90625
632.75,66,4.0,12.549019607843137,45,4.5,28.627450980392158,13.6,0.0,-0.015625,-0.01953125,0.445,4.6875,3.90625
621.75,66,4.0,12.549019607843137,45,4.5,28.627450980392158,13.6,0.0,-0.0078125,-0.015625,0.44,4.6875,3.90625
631.5,66,4.0,12.549019607843137,45,4.5,28.627450980392158,13.6,0.0,0.0,-0.02734375,0.445,4.6875,3.90625
621.25,66,4.0,12.549019607843137,45,5.0,28.627450980392158,13.6,0.0,-0.015625,-0.0078125,0.44,4.6875,3.90625
623.0,66,4.0,12.549019607843137,45,4.5,29.019607843137255,13.5,0.0,0.0078125,0.015625,0.445,5.46875,3.90625
631.5,66,4.0,12.549019607843137,45,6.0,28.627450980392158,13.5,0.0,0.0234375,0.02734375,0.445,5.46875,4.6875
615.75,66,4.0,12.549019607843137,45,5.0,29.019607843137255,13.6,0.0,0.01953125,0.015625,0.445,6.25,5.46875
635.75,66,4.0,12.549019607843137,45,5.0,28.627450980392158,13.5,0.0,0.0390625,0.0390625,0.44,7.03125,6.25
640.25,66,4.0,12.549019607843137,45,3.5,28.627450980392158,13.5,0.0,0.02734375,0.015625,0.445,7.03125,6.25
635.75,66,4.0,12.549019607843137,45,4.5,28.627450980392158,13.5,0.0,0.0,0.0,0.445,7.03125,6.25
626.0,67,4.0,12.549019607843137,45,3.0,29.41176470588235,13.5,0.0,-0.01953125,-0.0234375,0.445,7.03125,5.46875
605.25,67,3.5,12.156862745098039,45,6.0,28.627450980392158,13.6,0.0,-0.11328125,-0.13671875,0.44,5.46875,3.90625
606.5,67,4.0,12.549019607843137,45,6.0,28.627450980392158,13.6,0.0,-0.15625,-0.1640625,0.445,3.125,2.34375
612.0,67,4.0,12.549019607843137,45,6.5,29.41176470588235,13.5,0.0,-0.0703125,-0.03515625,0.445,3.125,2.34375
615.75,67,4.0,12.549019607843137,45,3.5,29.80392156862745,13.6,0.0,0.0,0.01953125,0.44,3.90625,3.125
615.0,67,4.0,12.549019607843137,45,3.5,29.41176470588235,13.5,0.0,0.0234375,0.0390625,0.445,4.6875,3.90625
620.5,67,4.0,12.549019607843137,45,3.5,29.41176470588235,13.6,0.0,0.03515625,0.02734375,0.44,4.6875,3.90625
620.0,67,4.0,12.549019607843137,45,3.0,29.80392156862745,13.6,0.0,0.01953125,0.0234375,0.445,5.46875,4.6875
627.25,67,4.0,12.549019607843137,45,3.0,29.41176470588235,13.6,0.0,0.015625,0.00390625,0.44,5.46875,4.6875
618.75,67,4.0,12.549019607843137,45,3.0,29.41176470588235,13.5,0.0,0.0078125,0.0,0.445,5.46875,4.6875
618.25,67,4.0,12.549019607843137,45,8.0,29.019607843137255,13.6,0.0,0.0,-0.00390625,0.445,5.46875,4.6875
634.0,67,4.25,12.549019607843137,45,8.0,29.019607843137255,13.5,0.0,-0.01171875,-0.01171875,0.44,5.46875,4.6875
625.5,67,4.25,12.549019607843137,45,9.0,30.19607843137255,13.6,0.0,-0.015625,0.0,0.445,5.46875,4.6875
590.0,67,4.25,12.549019607843137,45,13.5,31.372549019607842,13.5,0.0,0.0078125,0.01171875,0.44,6.25,5.46875
598.0,67,4.25,12.549019607843137,45,2.0,32.94117647058823,13.5,0.0,0.03125,0.01953125,0.44,6.25,5.46875
610.25,68,4.25,12.549019607843137,45,0.5,32.15686274509804,13.5,0.0,0.03515625,0.03125,0.44,7.03125,6.25
637.75,68,4.25,12.549019607843137,45,0.5,30.58823529411765,13.6,0.0,0.00390625,-0.015625,0.445,7.03125,6.25
639.0,68,4.25,12.549019607843137,45,2.0,30.19607843137255,13.6,0.0,-0.02734375,-0.0546875,0.44,7.03125,5.46875
623.0,68,4.0,12.549019607843137,45,2.0,29.80392156862745,13.6,0.0,-0.04296875,-0.0390625,0.44,6.25,4.6875
625.0,68,4.0,12.549019607843137,45,3.0,29.41176470588235,13.5,0.0,-0.06640625,-0.02734375,0.44,5.46875,4.6875
618.25,68,4.0,12.549019607843137,45,3.0,29.41176470588235,13.5,0.0,-0.046875,-0.01171875,0.445,5.46875,4.6875
614.0,68,4.0,12.549019607843137,45,4.5,29.019607843137255,13.6,0.0,-0.0234375,0.00390625,0.445,5.46875,4.6875
626.75,68,3.75,12.549019607843137,45,4.5,28.627450980392158,13.6,0.0,-0.015625,-0.015625,0.44,5.46875,4.6875
620.5,68,4.0,12.549019607843137,45,4.5,28.627450980392158,13.6,0.0,-0.00390625,-0.015625,0.44,5.46875,4.6875
615.75,68,4.0,12.549019607843137,45,4.5,28.627450980392158,13.6,0.0,-0.01953125,-0.01171875,0.44,5.46875,4.6875
619.5,68,4.0,12.549019607843137,45,5.0,29.019607843137255,13.6,0.0,-0.02734375,-0.015625,0.445,4.6875,4.6875
612.0,68,4.0,12.549019607843137,45,4.5,29.019607843137255,13.6,0.0,-0.01953125,-0.0078125,0.44,4.6875,4.6875
623.75,68,4.0,12.549019607843137,45,5.0,29.019607843137255,13.5,0.0,-0.015625,-0.01953125,0.445,4.6875,4.6875
617.5,68,4.0,12.549019607843137,45,4.5,29.019607843137255,13.6,0.0,-0.0078125,-0.01953125,0.44,4.6875,4.6875
620.5,68,4.0,12.549019607843137,45,5.0,29.019607843137255,13.5,0.0,-0.015625,0.0,0.44,4.6875,4.6875
613.25,68,4.0,12.549019607843137,45,5.0,29.019607843137255,13.6,0.0,-0.00390625,-0.01171875,0.445,4.6875,4.6875
621.25,69,4.0,12.549019607843137,45,3.0,29.41176470588235,13.6,0.0,0.015625,0.0078125,0.445,5.46875,4.6875
608.5,69,3.75,12.549019607843137,45,3.0,29.41176470588235,13.6,0.0,0.01171875,-0.01171875,0.445,5.46875,4.6875
621.25,69,4.0,12.549019607843137,45,4.5,28.627450980392158,13.6,0.0,-0.046875,-0.0546875,0.445,4.6875,3.90625
626.75,69,4.0,12.549019607843137,45,4.5,29.019607843137255,13.6,0.0,-0.0390625,-0.0390625,0.445,4.6875,3.90625
611.5,69,4.0,12.549019607843137,45,3.5,29.41176470588235,13.6,1.0,0.0078125,0.0078125,0.44,4.6875,4.6875
619.5,69,4.0,12.549019607843137,45,3.0,29.41176470588235,13.6,1.0,0.01171875,0.0,0.44,5.46875,4.6875
610.75,69,4.0,12.549019607843137,45,5.0,29.41176470588235,13.6,0.0,0.01953125,0.02734375,0.445,5.46875,4.6875
613.25,69,4.0,12.549019607843137,45,4.5,29.41176470588235,13.7,0.0,0.01171875,0.0078125,0.44,5.46875,5.46875
590.75,69,4.0,12.549019607843137,45,12.0,29.41176470588235,13.6,0.0,-0.0078125,0.0,0.445,5.46875,5.46875
555.25,69,5.0,13.333333333333334,45,11.0,34.11764705882353,13.6,1.0,0.0078125,0.0,0.445,6.25,5.46875
616.25,69,4.5,12.941176470588236,45,0.0,34.11764705882353,13.6,1.0,0.02734375,0.02734375,0.44,7.03125,6.25
637.0,69,4.5,12.941176470588236,45,-1.0,32.94117647058823,13.6,2.0,0.01171875,-0.0078125,0.445,7.03125,6.25
642.0,69,4.5,12.941176470588236,45,-3.0,32.549019607843135,13.6,2.0,0.0078125,0.0,0.445,7.03125,6.25
631.0,69,4.25,12.941176470588236,45,2.0,31.372549019607842,13.6,1.0,-0.01953125,-0.015625,0.445,7.03125,6.25
618.75,69,4.25,12.549019607843137,45,0.0,31.372549019607842,13.6,1.0,0.0,0.0078125,0.445,7.03125,6.25
647.5,69,4.25,12.549019607843137,45,-1.0,30.58823529411765,13.6,1.0,-0.00390625,0.0,0.445,7.03125,6.25
642.5,69,4.0,12.549019607843137,45,1.5,29.41176470588235,13.6,1.0,0.0,0.0078125,0.445,7.03125,6.25
634.0,69,4.0,12.549019607843137,45,4.5,29.019607843137255,13.7,1.0,-0.01171875,-0.00390625,0.445,7.03125,6.25
615.0,69,4.0,12.549019607843137,45,3.0,29.41176470588235,13.6,2.0,-0.01953125,-0.01953125,0.445,7.03125,6.25
626.75,69,4.0,12.549019607843137,45,3.5,29.019607843137255,13.6,2.0,-0.0625,-0.0625,0.445,6.25,5.46875
629.25,69,4.0,12.549019607843137,45,2.0,28.627450980392158,13.6,2.0,-0.078125,-0.0625,0.445,5.46875,4.6875
610.75,69,4.0,12.549019607843137,45,4.5,28.627450980392158,13.6,3.0,-0.05859375,-0.03125,0.44,4.6875,4.6875
608.5,69,3.75,12.549019607843137,45,2.0,29.41176470588235,13.6,3.0,0.0,0.046875,0.445,5.46875,5.46875
608.5,69,3.5,12.156862745098039,45,4.5,28.627450980392158,13.5,3.0,0.015625,0.01953125,0.445,6.25,6.25
615.75,69,4.0,12.549019607843137,45,5.0,29.019607843137255,13.7,3.0,-0.04296875,-0.0703125,0.44,5.46875,4.6875
620.0,69,3.75,12.549019607843137,45,3.5,28.627450980392158,13.6,3.0,0.0,-0.0234375,0.445,5.46875,4.6875
623.0,69,4.0,12.549019607843137,45,5.0,28.235294117647058,13.6,3.0,0.0234375,0.015625,0.445,6.25,5.46875
604.0,69,3.75,12.156862745098039,45,3.0,29.41176470588235,13.6,2.0,0.03125,0.015625,0.445,6.25,5.46875
628.0,69,3.75,12.549019607843137,45,4.5,27.84313725490196,13.6,2.0,-0.05078125,-0.0703125,0.445,5.46875,4.6875
603.0,69,4.0,12.549019607843137,45,6.5,29.41176470588235,13.6,1.0,-0.0703125,-0.03515625,0.445,4.6875,3.90625
611.5,69,3.5,12.156862745098039,45,7.5,29.019607843137255,13.6,1.0,-0.0546875,-0.03515625,0.44,4.6875,3.90625
638.25,70,4.25,12.941176470588236,45,24.0,29.41176470588235,13.6,0.0,-0.1015625,-0.10546875,0.445,3.125,2.34375
537.5,70,6.5,14.117647058823529,45,13.5,39.6078431372549,13.5,0.0,-0.03515625,-0.01171875,0.44,3.125,2.34375
637.75,70,5.25,13.333333333333334,45,-1.0,40.0,13.6,0.0,0.03125,0.0390625,0.445,3.90625,3.90625
631.0,70,5.25,13.333333333333334,45,0.0,38.8235294117647,13.6,0.0,0.05859375,0.05078125,0.44,4.6875,4.6875
626.75,70,4.75,12.941176470588236,44,0.5,37.254901960784316,13.7,0.0,0.05078125,0.015625,0.44,5.46875,4.6875
623.75,70,5.25,13.333333333333334,44,0.0,37.64705882352941,13.7,1.0,-0.00390625,-0.015625,0.44,5.46875,4.6875
636.5,70,5.0,13.333333333333334,44,-1.0,36.86274509803921,13.6,2.0,0.0078125,0.0078125,0.445,6.25,5.46875
637.0,70,5.0,13.333333333333334,44,-1.0,35.68627450980392,13.6,2.0,0.00390625,-0.01171875,0.44,6.25,5.46875
668.75,70,5.0,13.333333333333334,44,-1.5,34.90196078431372,13.7,2.0,0.00390625,-0.01171875,0.445,6.25,5.46875
659.75,70,4.75,12.941176470588236,44,4.5,32.94117647058823,13.6,3.0,-0.01171875,-0.01953125,0.445,6.25,5.46875
673.75,70,4.75,12.941176470588236,44,3.5,32.549019607843135,13.6,3.0,0.00390625,-0.01953125,0.44,6.25,4.6875
695.0,70,5.0,12.941176470588236,44,6.5,32.15686274509804,13.6,5.0,0.0,0.0,0.445,6.25,5.46875
701.25,70,4.75,12.941176470588236,44,6.5,31.372549019607842,13.6,5.0,-0.0078125,-0.0078125,0.445,6.25,5.46875
723.75,70,4.75,12.941176470588236,44,8.0,30.19607843137255,13.7,6.0,-0.0078125,-0.0234375,0.445,6.25,4.6875
709.75,70,4.75,12.941176470588236,44,9.5,29.80392156862745,13.6,6.0,-0.046875,-0.03515625,0.44,5.46875,3.90625
731.0,70,4.75,12.941176470588236,44,7.5,29.019607843137255,13.6,6.0,-0.0859375,-0.0703125,0.44,4.6875,3.125
741.5,70,4.75,12.941176470588236,44,8.0,28.627450980392158,13.6,6.0,-0.07421875,-0.0546875,0.445,3.90625,2.34375
792.0,71,6.25,13.72549019607843,44,24.0,32.15686274509804,13.7,6.0,-0.0703125,-0.0546875,0.445,3.125,2.34375
892.75,71,6.5,13.72549019607843,44,25.5,31.372549019607842,13.7,7.0,0.0234375,0.0546875,0.445,3.90625,3.90625
928.75,71,6.5,13.72549019607843,44,27.0,30.58823529411765,13.6,7.0,0.02734375,0.03125,0.44,4.6875,4.6875
930.75,71,6.25,13.72549019607843,44,29.0,29.41176470588235,13.6,7.0,-0.0390625,-0.0078125,0.445,3.90625,4.6875
931.25,71,6.5,14.117647058823529,44,29.0,29.80392156862745,13.6,8.0,-0.0546875,-0.07421875,0.445,2.34375,3.125
975.25,71,13.0,16.862745098039216,44,20.0,42.745098039215684,13.7,8.0,-0.08203125,-0.0625,0.44,1.5625,2.34375
1343.25,71,14.75,16.862745098039216,44,30.5,40.78431372549019,13.7,10.0,0.08984375,0.046875,0.445,3.90625,3.125
1313.25,71,11.25,15.686274509803921,44,33.5,32.549019607843135,13.6,11.0,0.0,-0.0625,0.44,3.125,1.5625
1182.25,71,5.75,13.333333333333334,44,23.0,23.529411764705884,13.6,12.0,-0.02734375,-0.0390625,0.44,3.125,0.78125
1056.5,71,5.25,12.941176470588236,44,24.5,21.176470588235293,13.6,11.0,-0.0859375,0.015625,0.445,0.78125,1.5625
914.75,71,4.75,12.941176470588236,44,21.0,23.137254901960784,13.6,11.0,-0.04296875,0.015625,0.445,0.78125,2.34375
848.25,71,5.0,12.941176470588236,44,16.5,25.49019607843137,13.6,11.0,-0.03515625,-0.01953125,0.445,0.78125,1.5625
802.0,71,4.5,12.941176470588236,44,14.0,25.49019607843137,13.7,11.0,-0.03515625,-0.0625,0.445,0.0,0.0
781.75,71,4.25,12.941176470588236,44,13.5,25.88235294117647,13.7,10.0,-0.02734375,-0.02734375,0.44,0.0,0.0
742.75,72,4.5,12.941176470588236,44,13.5,26.274509803921568,13.6,10.0,-0.00390625,-0.00390625,0.445,0.0,0.78125
737.25,72,4.75,12.941176470588236,44,12.5,27.058823529411764,13.6,10.0,0.02734375,0.00390625,0.445,0.78125,0.78125
711.5,72,4.5,12.549019607843137,44,11.0,27.45098039215686,13.6,10.0,0.0234375,0.0234375,0.445,1.5625,1.5625
697.5,72,3.75,12.549019607843137,44,14.0,27.058823529411764,13.6,10.0,0.015625,-0.01953125,0.445,1.5625,1.5625
696.25,72,4.5,12.941176470588236,44,12.5,27.84313725490196,13.6,8.0,-0.015625,-0.02734375,0.445,1.5625,0.78125
704.25,72,4.5,12.941176470588236,44,12.0,28.235294117647058,13.6,8.0,-0.0078125,0.01171875,0.44,1.5625,1.5625
711.0,72,4.75,12.941176470588236,44,9.0,29.019607843137255,13.6,7.0,0.04296875,0.0390625,0.445,2.34375,2.34375
708.0,72,4.25,12.941176470588236,44,10.5,28.627450980392158,13.7,7.0,0.04296875,0.03125,0.44,3.125,2.34375
886.0,72,12.0,16.07843137254902,44,18.0,45.490196078431374,13.6,8.0,-0.19140625,-0.10546875,0.445,0.78125,2.34375
1273.0,72,15.25,17.647058823529413,44,24.0,45.09803921568628,13.6,10.0,0.109375,0.05859375,0.445,6.25,6.25
1388.5,72,14.5,17.254901960784313,43,29.0,40.0,13.7,11.0,-0.0234375,-0.0859375,0.445,5.46875,3.90625
1406.75,72,12.0,16.470588235294116,43,34.5,35.294117647058826,13.7,12.0,-0.0625,-0.078125,0.445,4.6875,2.34375
1361.5,72,11.75,16.07843137254902,43,24.0,32.94117647058823,13.6,13.0,0.03515625,0.015625,0.44,5.46875,3.125
1289.0,72,9.0,14.901960784313726,43,16.5,29.019607843137255,13.7,13.0,-0.03515625,-0.03515625,0.445,4.6875,3.125
1276.75,72,7.75,14.509803921568627,43,44.0,24.313725490196077,13.6,13.0,-0.0546875,-0.0078125,0.445,3.90625,3.125
1089.25,72,6.75,14.117647058823529,43,34.5,26.666666666666668,13.6,15.0,0.0,0.0390625,0.44,3.90625,3.90625
947.75,72,5.25,12.941176470588236,43,25.5,25.49019607843137,13.6,15.0,0.0078125,0.0234375,0.44,4.6875,4.6875
913.5,72,5.0,13.333333333333334,43,18.5,25.098039215686274,13.7,15.0,-0.00390625,0.02734375,0.445,3.90625,5.46875
889.75,72,4.75,12.941176470588236,43,15.0,25.098039215686274,13.7,15.0,-0.00390625,0.015625,0.445,4.6875,5.46875
870.25,72,4.75,12.941176470588236,43,16.5,24.705882352941178,13.7,15.0,-0.04296875,-0.05078125,0.445,3.90625,4.6875
857.5,72,4.25,12.549019607843137,43,17.0,23.92156862745098,13.6,15.0,-0.06640625,-0.1015625,0.44,2.34375,3.125
836.75,72,4.5,12.549019607843137,43,17.0,23.529411764705884,13.6,15.0,-0.07421875,-0.09765625,0.445,1.5625,1.5625
837.25,72,4.25,12.549019607843137,43,18.0,22.745098039215687,13.6,15.0,-0.05859375,-0.078125,0.44,1.5625,0.78125
811.0,72,4.0,12.549019607843137,43,27.5,22.745098039215687,13.6,15.0,-0.0390625,-0.0625,0.445,0.78125,0.78125
823.25,72,4.25,12.549019607843137,43,30.5,22.352941176470587,13.7,15.0,-0.03125,-0.0546875,0.445,0.78125,0.0
815.25,72,4.0,12.549019607843137,43,30.5,22.352941176470587,13.6,13.0,-0.03125,-0.015625,0.445,0.78125,0.0
807.25,72,4.0,12.549019607843137,43,30.5,22.745098039215687,13.6,13.0,-0.01953125,-0.00390625,0.445,0.78125,0.0
808.0,72,4.25,12.549019607843137,43,29.0,23.137254901960784,13.7,13.0,0.0078125,0.01171875,0.44,0.78125,0.78125
809.25,72,4.0,12.549019607843137,43,18.5,23.137254901960784,13.6,13.0,0.00390625,0.03125,0.44,1.5625,1.5625
765.75,72,4.0,12.549019607843137,44,18.5,23.529411764705884,13.6,13.0,-0.0078125,0.01953125,0.44,0.78125,1.5625
773.75,72,4.0,12.549019607843137,44,15.5,23.92156862745098,13.7,13.0,0.0234375,0.03515625,0.44,1.5625,2.34375
767.75,72,4.25,12.549019607843137,44,12.5,24.705882352941178,13.6,13.0,0.0390625,0.015625,0.445,2.34375,2.34375
747.0,72,3.75,12.549019607843137,44,15.0,24.705882352941178,13.6,13.0,0.0,-0.0546875,0.44,2.34375,1.5625
735.25,72,3.75,12.549019607843137,44,17.0,24.313725490196077,13.6,12.0,-0.1015625,-0.12109375,0.44,0.78125,0.0
727.5,73,4.0,12.549019607843137,44,12.5,25.49019607843137,13.6,12.0,-0.07421875,-0.0625,0.44,0.0,-0.78125
722.5,73,4.0,12.549019607843137,44,11.0,25.88235294117647,13.6,12.0,-0.03125,0.00390625,0.445,0.0,0.0
717.75,73,4.0,12.549019607843137,44,28.5,25.098039215686274,13.7,12.0,-0.03125,-0.0234375,0.44,0.0,0.0
756.0,73,4.75,12.941176470588236,44,27.5,27.058823529411764,13.6,12.0,-0.0078125,0.00390625,0.44,0.0,0.0
772.0,73,5.5,13.333333333333334,44,27.0,29.41176470588235,13.7,12.0,0.0234375,0.04296875,0.445,0.78125,1.5625
793.25,73,6.0,14.117647058823529,44,27.0,32.15686274509804,13.7,12.0,0.07421875,0.0703125,0.445,3.125,3.125
930.0,73,8.0,14.901960784313726,43,22.5,34.90196078431372,13.7,12.0,0.0859375,0.1015625,0.445,4.6875,5.46875
1016.0,73,8.75,14.901960784313726,43,26.0,36.07843137254902,13.7,12.0,0.10546875,0.0859375,0.445,7.8125,7.8125
1061.25,73,9.0,14.901960784313726,43,28.5,34.90196078431372,13.7,12.0,0.0078125,-0.0234375,0.445,7.8125,7.03125
1075.25,73,8.75,14.509803921568627,43,29.0,33.333333333333336,13.6,12.0,0.0,-0.0078125,0.445,7.8125,7.03125
1047.25,73,8.0,14.509803921568627,43,28.5,32.549019607843135,13.7,12.0,0.01171875,-0.015625,0.445,7.8125,7.03125
1029.5,73,7.25,14.117647058823529,43,31.5,30.980392156862745,13.7,12.0,-0.00390625,0.0078125,0.445,7.8125,7.03125
1001.5,73,7.25,14.117647058823529,42,29.0,31.372549019607842,13.6,12.0,-0.015625,-0.0234375,0.44,7.8125,7.03125
993.0,73,7.25,14.117647058823529,42,29.0,31.372549019607842,13.6,12.0,-0.03515625,-0.04296875,0.445,7.03125,6.25
982.0,73,7.25,14.117647058823529,42,29.0,30.980392156862745,13.7,12.0,-0.0703125,-0.046875,0.44,6.25,5.46875
981.25,73,7.0,14.117647058823529,42,29.0,31.372549019607842,13.6,12.0,-0.046875,-0.0625,0.445,5.46875,4.6875
979.5,73,7.0,14.117647058823529,42,29.0,30.980392156862745,13.6,12.0,-0.0703125,-0.04296875,0.44,4.6875,3.90625
974.0,73,7.0,14.117647058823529,42,29.0,31.372549019607842,13.6,12.0,-0.06640625,-0.0546875,0.445,3.90625,3.125
983.25,74,7.0,14.117647058823529,42,29.0,31.372549019607842,13.6,12.0,-0.046875,-0.05078125,0.445,3.125,3.125
977.75,74,7.0,14.117647058823529,42,29.0,31.372549019607842,13.7,12.0,-0.03515625,-0.0390625,0.44,3.125,2.34375
979.5,74,7.0,14.117647058823529,42,29.0,31.372549019607842,13.7,12.0,-0.0546875,-0.0703125,0.445,2.34375,1.5625
977.75,74,7.0,14.117647058823529,42,29.0,31.372549019607842,13.6,12.0,-0.05859375,-0.046875,0.445,1.5625,1.5625
980.75,74,7.0,14.117647058823529,42,29.0,30.58823529411765,13.6,12.0,-0.03125,-0.01171875,0.445,1.5625,0.78125
945.25,74,6.25,13.72549019607843,42,29.0,29.80392156862745,13.6,12.0,-0.03125,-0.03515625,0.445,0.78125,0.78125
885.5,74,4.0,12.549019607843137,42,21.5,25.098039215686274,13.6,12.0,-0.1015625,-0.11328125,0.445,-0.78125,-0.78125
791.5,74,4.25,12.549019607843137,42,15.5,23.92156862745098,13.6,12.0,-0.16015625,-0.171875,0.44,-2.34375,-3.125
750.0,74,4.0,12.549019607843137,42,15.5,24.313725490196077,13.6,12.0,-0.1953125,-0.16796875,0.445,-4.6875,-4.6875
737.25,74,4.0,12.549019607843137,42,13.5,25.098039215686274,13.6,11.0,-0.12890625,-0.1171875,0.44,-5.46875,-5.46875
712.75,74,4.0,12.549019607843137,42,15.0,25.49019607843137,13.6,11.0,-0.06640625,-0.03515625,0.44,-5.46875,-5.46875
698.0,74,4.0,12.549019607843137,42,15.0,26.274509803921568,13.6,11.0,0.00390625,0.0546875,0.445,-4.6875,-3.90625
694.5,74,4.0,12.549019607843137,42,16.5,26.274509803921568,13.6,10.0,0.06640625,0.078125,0.445,-3.125,-2.34375
681.0,74,4.5,12.941176470588236,42,14.0,28.235294117647058,13.6,8.0,0.09375,0.08984375,0.445,-1.5625,-0.78125
676.25,74,4.5,12.941176470588236,42,10.5,29.41176470588235,13.6,6.0,0.10546875,0.1015625,0.44,0.0,0.78125
686.5,74,4.5,12.941176470588236,42,11.0,29.80392156862745,13.6,3.0,0.10546875,0.1015625,0.445,1.5625,2.34375
677.25,74,4.5,12.941176470588236,42,19.5,30.19607843137255,13.6,3.0,0.1015625,0.078125,0.445,3.125,3.125
684.0,75,4.5,12.941176470588236,42,7.5,31.372549019607842,13.6,3.0,0.08203125,0.0703125,0.445,4.6875,3.90625
680.5,75,4.5,12.941176470588236,42,9.0,31.764705882352942,13.6,3.0,0.015625,0.01171875,0.44,4.6875,3.90625
693.25,75,4.75,12.941176470588236,42,6.0,31.764705882352942,13.6,3.0,-0.046875,-0.0703125,0.445,3.125,2.34375
689.5,75,4.75,12.941176470588236,42,9.0,30.980392156862745,13.6,3.0,-0.06640625,-0.05078125,0.445,3.125,2.34375
687.25,75,4.75,12.941176470588236,42,9.5,30.980392156862745,13.6,3.0,-0.015625,0.0,0.445,3.125,2.34375
681.75,75,4.75,12.941176470588236,42,7.5,30.980392156862745,13.6,3.0,0.01171875,0.03125,0.445,3.90625,3.125
682.75,75,4.75,12.941176470588236,42,22.5,30.980392156862745,13.6,3.0,0.0390625,0.02734375,0.445,4.6875,3.90625
776.25,75,5.75,13.333333333333334,42,11.0,32.94117647058823,13.6,5.0,0.02734375,0.0390625,0.445,5.46875,4.6875
805.0,75,5.75,13.333333333333334,42,19.5,32.15686274509804,13.6,5.0,0.0234375,0.015625,0.44,5.46875,5.46875
831.75,75,6.75,14.117647058823529,42,24.5,33.333333333333336,13.6,5.0,0.0078125,0.015625,0.44,6.25,5.46875
899.5,75,7.0,14.117647058823529,42,16.5,34.11764705882353,13.6,6.0,0.015625,0.03125,0.445,6.25,6.25
935.0,75,8.25,14.901960784313726,42,24.0,35.68627450980392,13.6,6.0,0.015625,0.015625,0.445,7.03125,7.03125
1002.0,75,8.5,14.509803921568627,42,12.5,34.90196078431372,13.6,6.0,0.03515625,0.0234375,0.445,7.8125,7.8125
952.75,75,7.0,14.117647058823529,42,27.0,32.15686274509804,13.6,7.0,0.046875,0.0,0.445,8.59375,7.8125
980.75,75,8.75,15.294117647058824,42,23.0,36.470588235294116,13.6,7.0,0.0078125,0.01171875,0.445,9.375,7.8125
1070.5,75,7.0,14.117647058823529,42,30.5,30.58823529411765,13.6,7.0,-0.015625,-0.03125,0.445,8.59375,7.8125
941.0,75,5.75,13.333333333333334,42,30.0,27.45098039215686,13.6,7.0,-0.06640625,-0.046875,0.44,7.8125,7.03125
872.0,75,6.5,14.117647058823529,42,27.0,30.58823529411765,13.6,7.0,-0.05859375,-0.0625,0.44,7.03125,6.25
924.5,75,7.25,14.117647058823529,42,27.0,32.15686274509804,13.6,7.0,-0.08984375,-0.03125,0.445,5.46875,6.25
965.5,75,7.5,14.509803921568627,42,27.5,32.549019607843135,13.6,7.0,0.01171875,0.03125,0.445,6.25,7.03125
990.5,75,7.25,14.509803921568627,42,27.5,31.764705882352942,13.6,7.0,0.03515625,0.0078125,0.445,7.8125,7.03125
994.25,75,7.5,14.509803921568627,42,27.5,32.15686274509804,13.6,7.0,0.04296875,-0.01171875,0.44,8.59375,7.03125
997.25,75,6.75,13.72549019607843,42,15.5,30.19607843137255,13.6,7.0,0.01171875,0.00390625,0.445,8.59375,7.8125
891.0,75,5.25,13.333333333333334,42,6.5,29.019607843137255,13.6,7.0,-0.015625,-0.01171875,0.44,8.59375,7.8125
792.0,75,4.5,12.941176470588236,42,10.5,26.666666666666668,13.7,7.0,-0.1171875,-0.08984375,0.445,6.25,6.25
772.0,75,4.5,12.941176470588236,42,13.5,25.88235294117647,13.7,7.0,-0.16015625,-0.1171875,0.445,4.6875,4.6875
747.5,75,4.5,12.549019607843137,42,15.0,25.88235294117647,13.6,7.0,-0.1328125,-0.1015625,0.445,3.125,3.90625
718.25,75,4.25,12.549019607843137,42,13.5,27.058823529411764,13.6,6.0,-0.07421875,-0.046875,0.445,3.125,3.90625
697.5,75,4.25,12.549019607843137,42,13.5,27.84313725490196,13.5,5.0,-0.05859375,-0.078125,0.44,2.34375,2.34375
667.0,75,5.0,12.941176470588236,42,9.0,31.764705882352942,13.6,5.0,-0.07421875,-0.09375,0.445,1.5625,1.5625
692.5,75,4.5,12.941176470588236,42,10.5,30.58823529411765,13.6,5.0,-0.0546875,-0.02734375,0.44,1.5625,1.5625
745.75,75,5.75,14.117647058823529,42,19.5,32.94117647058823,13.6,3.0,-0.03125,-0.01171875,0.445,0.78125,1.5625
853.75,75,7.25,14.117647058823529,42,18.5,35.68627450980392,13.6,5.0,0.05859375,0.06640625,0.445,3.125,3.90625
958.25,75,10.0,15.294117647058824,42,19.5,39.6078431372549,13.6,6.0,0.1015625,0.09375,0.445,5.46875,6.25
1116.25,75,12.25,16.470588235294116,42,26.0,43.13725490196079,13.6,7.0,-0.0234375,-0.0703125,0.445,4.6875,3.90625
1268.25,76,13.5,17.254901960784313,42,28.5,41.1764705882353,13.6,8.0,0.02734375,0.015625,0.445,6.25,4.6875
1337.75,76,14.75,17.254901960784313,42,30.0,40.3921568627451,13.6,10.0,0.046875,0.01171875,0.445,7.8125,5.46875
1401.75,76,14.75,17.647058823529413,42,31.5,40.0,13.6,11.0,-0.02734375,-0.0859375,0.445,6.25,3.90625
1443.25,76,15.25,17.647058823529413,42,31.5,39.6078431372549,13.6,12.0,-0.046875,-0.046875,0.445,5.46875,2.34375
1475.75,76,15.5,17.647058823529413,41,32.0,38.8235294117647,13.7,13.0,-0.03515625,-0.05859375,0.445,4.6875,1.5625
1504.5,76,15.5,17.647058823529413,41,33.0,38.03921568627451,13.6,15.0,-0.015625,0.01171875,0.44,4.6875,2.34375
1538.5,76,16.25,17.647058823529413,41,33.0,38.431372549019606,13.6,15.0,-0.0234375,-0.01953125,0.44,3.90625,1.5625
1369.0,76,10.25,15.294117647058824,41,12.0,34.90196078431372,13.6,16.0,-0.04296875,-0.015625,0.44,3.125,0.78125
1102.25,76,6.75,14.117647058823529,41,18.0,28.627450980392158,13.6,16.0,-0.03125,-0.01171875,0.44,3.125,1.5625
1016.75,76,6.0,13.72549019607843,41,35.0,27.45098039215686,13.7,16.0,-0.07421875,0.00390625,0.445,1.5625,1.5625
969.75,76,6.25,13.72549019607843,41,33.0,27.45098039215686,13.7,15.0,-0.08984375,0.0,0.445,0.78125,1.5625
947.75,76,6.25,13.72549019607843,41,31.5,28.235294117647058,13.6,15.0,-0.03125,0.03515625,0.44,0.78125,2.34375
939.25,76,6.0,13.72549019607843,41,30.0,28.235294117647058,13.6,15.0,0.0,0.0234375,0.445,0.78125,3.125
922.75,77,6.0,13.72549019607843,41,28.5,29.019607843137255,13.7,13.0,0.02734375,0.015625,0.44,1.5625,3.125
905.75,77,7.25,14.117647058823529,41,24.5,31.372549019607842,13.6,13.0,0.046875,0.00390625,0.44,2.34375,3.125
1006.25,77,8.75,14.901960784313726,41,24.5,35.68627450980392,13.7,13.0,0.03515625,0.015625,0.445,3.125,3.90625
1121.75,77,9.75,15.686274509803921,41,29.0,35.294117647058826,13.6,13.0,0.0625,0.0234375,0.445,4.6875,4.6875
1158.25,77,10.25,15.686274509803921,41,31.5,34.90196078431372,13.6,13.0,0.0625,0.00390625,0.445,6.25,4.6875
1181.0,77,10.5,15.686274509803921,41,31.5,34.509803921568626,13.7,15.0,0.05078125,0.02734375,0.445,7.03125,5.46875
1189.5,77,10.25,15.686274509803921,41,31.5,34.11764705882353,13.7,15.0,0.0234375,-0.01171875,0.44,7.8125,5.46875
1195.0,77,10.25,15.686274509803921,41,31.5,34.11764705882353,13.7,15.0,0.01953125,-0.01171875,0.445,7.8125,5.46875
1194.25,77,8.75,14.901960784313726,41,32.0,31.764705882352942,13.7,15.0,-0.015625,0.0,0.445,7.8125,5.46875
1153.5,77,8.75,14.117647058823529,41,20.0,29.41176470588235,13.7,15.0,-0.02734375,-0.03515625,0.44,7.03125,5.46875
968.5,77,5.75,13.333333333333334,41,12.0,27.058823529411764,13.6,15.0,-0.01171875,0.0234375,0.44,7.03125,6.25
903.75,77,5.25,12.941176470588236,41,13.5,25.49019607843137,13.6,15.0,-0.10546875,-0.0234375,0.445,5.46875,5.46875
879.5,77,5.0,12.941176470588236,41,15.5,25.49019607843137,13.6,15.0,-0.16015625,-0.1171875,0.445,3.125,3.90625
839.75,77,4.75,12.941176470588236,41,15.0,25.49019607843137,13.6,13.0,-0.140625,-0.1171875,0.44,1.5625,2.34375
810.5,77,4.5,12.941176470588236,41,15.5,25.49019607843137,13.7,13.0,-0.140625,-0.1171875,0.44,0.0,1.5625
798.25,77,4.25,12.549019607843137,41,21.0,25.098039215686274,13.6,12.0,-0.08984375,-0.109375,0.445,0.0,0.0
787.25,77,4.75,13.72549019607843,41,26.0,27.84313725490196,13.7,12.0,-0.02734375,-0.05859375,0.44,0.0,0.0
864.75,78,7.0,14.117647058823529,41,22.5,32.94117647058823,13.6,12.0,0.03125,0.0546875,0.445,0.78125,1.5625
1008.75,78,9.25,15.294117647058824,41,21.5,38.03921568627451,13.6,12.0,0.05078125,0.09375,0.445,2.34375,3.90625
1138.25,78,10.75,15.686274509803921,41,28.5,37.64705882352941,13.6,12.0,0.046875,0.0078125,0.445,3.90625,4.6875
1182.25,78,11.75,16.07843137254902,41,30.0,38.03921568627451,13.7,13.0,0.0546875,0.015625,0.44,5.46875,5.46875
1199.25,78,10.25,15.686274509803921,41,31.5,34.11764705882353,13.6,13.0,0.03515625,-0.00390625,0.44,6.25,5.46875
1156.0,78,8.25,14.901960784313726,41,24.5,29.80392156862745,13.6,13.0,0.02734375,-0.02734375,0.445,7.03125,4.6875
985.0,78,5.25,12.941176470588236,40,20.0,25.49019607843137,13.6,13.0,0.03515625,0.015625,0.445,7.8125,5.46875
843.5,78,4.25,12.941176470588236,41,20.0,24.705882352941178,13.6,13.0,-0.078125,-0.0390625,0.445,6.25,4.6875
797.0,78,4.75,12.941176470588236,41,30.0,25.098039215686274,13.6,12.0,-0.2265625,-0.16015625,0.445,3.125,2.34375
784.25,78,4.5,12.941176470588236,41,18.5,25.49019607843137,13.6,12.0,-0.234375,-0.15234375,0.445,0.78125,0.78125
769.5,78,4.25,12.941176470588236,41,12.5,26.274509803921568,13.7,12.0,-0.13671875,-0.06640625,0.44,0.0,0.0
755.5,78,4.5,12.549019607843137,41,12.0,26.666666666666668,13.6,11.0,-0.0546875,-0.0234375,0.44,0.0,0.78125
740.25,78,4.25,12.549019607843137,41,12.0,27.058823529411764,13.6,11.0,-0.0234375,-0.01953125,0.445,0.0,0.0
706.0,78,4.25,12.549019607843137,41,17.0,26.666666666666668,13.6,10.0,-0.046875,-0.0546875,0.44,-0.78125,0.0
685.25,78,4.5,12.941176470588236,41,22.5,28.235294117647058,13.6,7.0,-0.03125,-0.03125,0.44,-0.78125,-0.78125
706.0,78,4.5,12.941176470588236,41,12.0,29.80392156862745,13.7,5.0,0.015625,0.0234375,0.44,0.0,0.0
708.5,78,4.75,12.941176470588236,41,8.0,30.58823529411765,13.7,5.0,0.05859375,0.046875,0.445,0.78125,1.5625
720.0,78,4.5,12.941176470588236,41,21.0,29.80392156862745,13.6,5.0,0.0390625,0.01171875,0.445,1.5625,1.5625
791.0,78,8.75,14.901960784313726,41,17.0,38.8235294117647,13.7,5.0,-0.01953125,-0.01953125,0.44,1.5625,1.5625
1016.75,78,10.5,15.686274509803921,41,21.0,41.1764705882353,13.7,6.0,0.0859375,0.078125,0.44,3.90625,3.125
1154.75,78,11.25,16.07843137254902,41,27.5,39.21568627450981,13.6,7.0,0.01171875,-0.03125,0.44,3.90625,3.125
1196.75,78,11.5,16.07843137254902,41,29.0,38.03921568627451,13.6,8.0,0.03515625,0.03515625,0.44,4.6875,3.90625
1240.0,78,9.5,15.294117647058824,40,21.5,32.15686274509804,13.7,10.0,0.01953125,0.015625,0.445,6.25,4.6875
1163.25,78,8.25,14.509803921568627,40,35.0,29.019607843137255,13.6,10.0,0.0234375,0.015625,0.44,7.03125,5.46875
1122.25,78,10.0,15.294117647058824,40,29.0,33.333333333333336,13.6,10.0,0.0,0.0078125,0.44,7.03125,5.46875
1201.0,78,10.75,15.686274509803921,40,33.0,34.11764705882353,13.6,11.0,-0.06640625,-0.05859375,0.44,5.46875,4.6875
1243.25,78,9.0,15.294117647058824,40,27.0,30.19607843137255,13.6,11.0,-0.03515625,-0.02734375,0.445,5.46875,4.6875
1187.5,79,7.5,14.509803921568627,40,29.0,26.666666666666668,13.6,11.0,0.0234375,-0.00390625,0.44,6.25,4.6875
1137.0,79,7.0,14.117647058823529,40,39.5,25.88235294117647,13.7,11.0,0.0078125,0.01171875,0.44,7.03125,5.46875
1113.25,79,7.25,14.117647058823529,40,38.0,26.274509803921568,13.7,11.0,-0.046875,0.01171875,0.44,6.25,5.46875
1074.75,79,5.75,13.333333333333334,40,14.0,23.137254901960784,13.6,11.0,0.00390625,0.0390625,0.445,6.25,6.25
990.5,79,4.5,12.941176470588236,40,17.0,22.352941176470587,13.6,10.0,0.04296875,0.04296875,0.445,7.03125,7.8125
880.0,79,4.5,12.549019607843137,40,18.5,23.92156862745098,13.6,8.0,-0.0546875,-0.06640625,0.445,5.46875,5.46875
778.0,79,4.5,12.549019607843137,40,26.0,23.92156862745098,13.6,8.0,-0.23828125,-0.26171875,0.445,2.34375,2.34375
742.75,79,4.5,12.941176470588236,40,17.0,25.88235294117647,13.6,7.0,-0.21484375,-0.19921875,0.445,0.0,0.0
744.0,79,4.5,12.941176470588236,40,12.0,27.058823529411764,13.6,6.0,-0.07421875,-0.0546875,0.44,-0.78125,0.0
712.25,79,4.5,12.549019607843137,40,13.5,27.45098039215686,13.6,6.0,-0.01171875,-0.00390625,0.445,0.0,0.78125
715.25,79,4.5,12.941176470588236,41,13.5,27.45098039215686,13.6,6.0,-0.01171875,-0.05859375,0.44,0.0,0.0
891.5,79,10.75,16.07843137254902,40,17.0,44.705882352941174,13.7,6.0,-0.203125,-0.16015625,0.44,-2.34375,-1.5625
1250.5,79,14.75,17.647058823529413,40,22.5,47.05882352941177,13.7,8.0,0.03515625,0.0390625,0.44,0.0,0.78125
1390.25,79,15.5,17.647058823529413,40,29.0,42.35294117647059,13.7,10.0,0.0625,0.00390625,0.445,3.125,2.34375
1435.5,79,15.75,17.647058823529413,39,31.5,40.0,13.6,12.0,0.02734375,-0.0234375,0.445,3.90625,1.5625
1473.25,79,14.5,17.254901960784313,39,32.0,37.64705882352941,13.6,13.0,-0.046875,-0.03515625,0.445,2.34375,0.78125
1470.75,79,13.5,16.862745098039216,39,34.5,34.90196078431372,13.7,15.0,-0.05078125,-0.0390625,0.445,2.34375,0.0
1485.5,79,14.0,16.862745098039216,39,34.5,34.509803921568626,13.7,16.0,-0.046875,-0.0234375,0.445,1.5625,0.0
1369.5,79,13.25,16.470588235294116,39,33.0,36.07843137254902,13.7,16.0,0.0,0.0234375,0.445,1.5625,0.78125
1300.5,80,12.25,16.470588235294116,39,32.0,36.07843137254902,13.6,17.0,0.01171875,0.0234375,0.445,2.34375,1.5625
1318.25,80,10.75,15.686274509803921,39,33.5,32.15686274509804,13.7,17.0,0.0,0.03515625,0.445,3.125,2.34375
1250.5,80,8.25,14.117647058823529,39,27.5,26.666666666666668,13.7,18.0,0.0078125,-0.0234375,0.44,3.90625,2.34375
1093.0,80,6.5,13.72549019607843,39,39.0,24.705882352941178,13.6,18.0,0.0234375,0.04296875,0.445,3.90625,3.125
1091.25,80,7.0,14.117647058823529,39,37.5,25.88235294117647,13.7,18.0,-0.05859375,-0.00390625,0.44,3.125,3.125
1090.5,80,7.0,14.117647058823529,39,37.5,25.88235294117647,13.7,18.0,-0.05078125,-0.00390625,0.445,2.34375,3.90625
1086.25,80,6.75,14.117647058823529,39,37.5,25.88235294117647,13.6,17.0,-0.00390625,0.01171875,0.44,3.125,3.90625
1055.25,80,5.5,13.333333333333334,39,21.0,23.137254901960784,13.6,17.0,0.01953125,0.03125,0.44,3.125,4.6875
1013.0,80,5.25,13.333333333333334,39,18.5,22.745098039215687,13.6,17.0,0.01953125,0.01171875,0.445,3.90625,5.46875
980.75,80,5.0,12.941176470588236,39,19.5,22.352941176470587,13.6,17.0,0.00390625,-0.01171875,0.445,4.6875,5.46875
950.25,80,4.5,12.549019607843137,39,21.0,21.568627450980394,13.6,16.0,-0.0625,-0.078125,0.445,3.125,3.90625
911.75,80,4.5,12.549019607843137,39,19.5,21.96078431372549,13.6,16.0,-0.15625,-0.18359375,0.445,0.78125,0.78125
875.0,81,4.75,12.549019607843137,39,18.0,22.745098039215687,13.6,15.0,-0.125,-0.1640625,0.445,-0.78125,-0.78125
822.75,81,4.25,12.549019607843137,40,15.5,23.137254901960784,13.6,13.0,-0.08203125,-0.0859375,0.445,-1.5625,-1.5625
776.25,81,4.25,12.549019607843137,40,17.0,23.529411764705884,13.6,12.0,-0.0546875,-0.07421875,0.44,-1.5625,-2.34375
725.0,81,4.0,12.549019607843137,40,15.5,24.313725490196077,13.6,10.0,-0.03515625,-0.0390625,0.445,-2.34375,-2.34375
670.75,81,4.0,12.941176470588236,40,27.0,25.098039215686274,13.6,8.0,0.0,0.0,0.44,-1.5625,-1.5625
669.5,81,5.75,13.333333333333334,40,0.0,35.294117647058826,13.6,6.0,0.03125,0.05078125,0.445,-0.78125,-0.78125
687.75,81,5.0,12.941176470588236,40,4.5,32.94117647058823,13.6,5.0,0.04296875,0.05078125,0.44,0.0,0.0
707.25,81,4.75,12.941176470588236,40,6.5,32.15686274509804,13.6,3.0,0.0234375,0.02734375,0.445,0.0,0.0
725.5,81,4.75,12.941176470588236,40,7.5,31.372549019607842,13.6,3.0,0.01171875,0.0078125,0.44,0.78125,0.78125
695.75,81,4.5,12.941176470588236,40,7.5,30.980392156862745,13.6,3.0,0.00390625,-0.0078125,0.445,0.78125,0.0
693.25,81,5.0,14.117647058823529,40,20.0,32.549019607843135,13.7,5.0,-0.015625,-0.03125,0.445,0.78125,0.0
855.0,81,8.25,14.509803921568627,40,18.0,36.86274509803921,13.6,6.0,0.01171875,0.0390625,0.44,0.78125,0.78125
1008.75,81,12.5,16.862745098039216,40,18.5,44.705882352941174,13.6,6.0,0.05859375,0.0390625,0.44,2.34375,1.5625
1263.25,81,15.0,17.647058823529413,39,25.5,44.31372549019608,13.6,8.0,0.00390625,0.04296875,0.445,2.34375,2.34375
1386.5,81,16.25,18.03921568627451,39,29.0,42.745098039215684,13.7,10.0,0.046875,0.03125,0.44,3.125,1.5625
1494.75,81,16.75,18.03921568627451,39,32.0,40.78431372549019,13.6,12.0,-0.08984375,-0.0859375,0.44,0.78125,0.0
1548.25,81,17.5,18.431372549019606,39,33.0,40.3921568627451,13.6,15.0,-0.03125,-0.015625,0.44,0.0,-0.78125
1578.75,81,16.25,18.03921568627451,39,33.0,37.64705882352941,13.6,16.0,-0.05859375,-0.02734375,0.44,0.0,-1.5625
1403.75,81,14.25,17.254901960784313,39,30.5,40.78431372549019,13.6,17.0,0.03515625,0.04296875,0.445,1.5625,0.0
1398.75,81,13.5,16.862745098039216,39,31.5,38.03921568627451,13.7,17.0,-0.01953125,-0.05859375,0.44,0.78125,-0.78125
1373.25,81,10.75,15.686274509803921,39,34.5,32.15686274509804,13.7,18.0,-0.03515625,-0.0234375,0.445,0.0,-0.78125
1256.5,81,8.75,14.901960784313726,39,37.5,28.627450980392158,13.7,20.0,-0.04296875,0.01171875,0.44,-0.78125,-0.78125
1208.25,81,8.25,14.901960784313726,39,37.5,27.84313725490196,13.7,20.0,0.015625,0.03125,0.445,0.0,0.78125
1201.75,81,9.25,15.294117647058824,39,36.0,29.41176470588235,13.7,20.0,0.02734375,0.03125,0.445,0.78125,1.5625
1226.75,81,10.0,15.294117647058824,39,34.5,30.58823529411765,13.7,20.0,0.04296875,0.0,0.445,1.5625,1.5625
1251.0,81,10.5,15.686274509803921,39,33.5,32.15686274509804,13.7,20.0,0.0,-0.0078125,0.445,2.34375,1.5625
1276.75,81,10.75,15.686274509803921,39,33.5,31.764705882352942,13.7,20.0,0.00390625,-0.0234375,0.445,2.34375,1.5625
1295.0,81,10.75,16.07843137254902,39,33.5,32.549019607843135,13.7,20.0,0.0,-0.01171875,0.445,2.34375,1.5625
1313.25,81,10.5,15.686274509803921,39,33.5,31.764705882352942,13.7,20.0,0.015625,-0.01953125,0.44,3.125,1.5625
1290.25,81,9.0,14.901960784313726,39,37.5,28.235294117647058,13.6,20.0,-0.01953125,-0.01953125,0.445,3.125,1.5625
1254.75,81,8.0,14.509803921568627,39,41.0,26.274509803921568,13.7,20.0,-0.03125,-0.03515625,0.445,2.34375,1.5625
1218.75,81,11.0,16.07843137254902,39,29.0,31.372549019607842,13.6,20.0,0.015625,0.03515625,0.44,2.34375,1.5625
1311.0,82,12.25,16.470588235294116,39,33.5,33.72549019607843,13.7,20.0,-0.0390625,-0.05078125,0.445,0.78125,0.78125
1353.75,82,12.0,16.07843137254902,39,34.5,32.15686274509804,13.6,20.0,-0.00390625,0.01171875,0.445,1.5625,1.5625
1306.75,82,9.75,15.294117647058824,39,36.0,28.627450980392158,13.7,20.0,0.015625,-0.00390625,0.445,1.5625,1.5625
1247.5,82,9.0,14.901960784313726,39,37.5,28.235294117647058,13.6,20.0,0.0078125,-0.02734375,0.445,2.34375,0.78125
1246.25,82,9.0,15.294117647058824,39,39.0,27.45098039215686,13.7,20.0,-0.02734375,0.00390625,0.445,2.34375,0.78125
1245.0,82,9.5,15.294117647058824,39,36.0,28.627450980392158,13.7,20.0,0.0,0.01171875,0.44,3.125,1.5625
1220.0,82,9.0,14.901960784313726,39,37.5,27.84313725490196,13.6,20.0,0.0078125,0.015625,0.445,3.125,1.5625
1226.0,82,8.75,14.901960784313726,39,36.0,29.019607843137255,13.6,20.0,-0.0234375,-0.03125,0.445,3.125,1.5625
1223.0,82,8.5,14.901960784313726,39,39.0,27.45098039215686,13.7,20.0,-0.0078125,0.00390625,0.445,3.125,1.5625
1220.0,82,8.25,14.509803921568627,39,37.5,27.45098039215686,13.7,18.0,-0.00390625,0.0,0.44,3.125,2.34375
1187.5,82,8.0,14.509803921568627,39,37.5,27.058823529411764,13.6,18.0,-0.02734375,-0.0234375,0.44,2.34375,2.34375
1177.25,82,7.75,14.509803921568627,39,37.5,26.274509803921568,13.6,18.0,-0.06640625,-0.0546875,0.44,1.5625,0.78125
1134.5,82,9.25,14.901960784313726,39,34.5,29.80392156862745,13.7,18.0,-0.00390625,-0.0078125,0.445,1.5625,0.78125
1142.5,83,7.5,14.117647058823529,39,36.0,26.666666666666668,13.7,18.0,-0.015625,-0.01171875,0.445,0.78125,0.78125
1110.75,83,7.25,14.117647058823529,39,36.0,26.666666666666668,13.7,18.0,-0.0078125,0.00390625,0.44,0.78125,0.78125
1090.0,83,6.75,13.72549019607843,39,36.0,25.88235294117647,13.7,17.0,-0.07421875,-0.01171875,0.44,0.0,0.78125
1047.25,83,6.0,13.333333333333334,39,22.5,24.705882352941178,13.6,17.0,-0.09375,-0.07421875,0.445,-1.5625,-0.78125
1013.0,83,5.5,13.333333333333334,39,18.0,23.137254901960784,13.7,17.0,-0.0546875,-0.046875,0.445,-2.34375,-0.78125
944.0,83,4.75,12.941176470588236,39,15.5,23.92156862745098,13.6,16.0,0.0,0.01953125,0.445,-1.5625,0.0
907.5,83,4.5,12.941176470588236,39,15.5,23.92156862745098,13.6,15.0,-0.05859375,-0.0859375,0.44,-3.125,-1.5625
865.25,83,4.5,12.549019607843137,39,18.5,23.529411764705884,13.6,15.0,-0.1640625,-0.19140625,0.44,-5.46875,-4.6875
819.0,83,4.5,12.549019607843137,39,15.5,24.705882352941178,13.6,13.0,-0.15625,-0.15625,0.445,-7.8125,-6.25
771.25,83,4.25,12.549019607843137,39,28.5,24.313725490196077,13.7,13.0,-0.125,-0.140625,0.44,-8.59375,-7.03125
772.5,83,4.75,12.941176470588236,39,21.5,25.88235294117647,13.7,12.0,-0.078125,-0.0859375,0.44,-8.59375,-7.8125
737.25,83,4.25,12.549019607843137,39,9.5,26.666666666666668,13.6,12.0,0.02734375,0.046875,0.44,-7.8125,-6.25
722.0,83,4.5,12.549019607843137,39,10.5,26.666666666666668,13.6,11.0,0.078125,0.0703125,0.445,-6.25,-4.6875
730.5,83,4.25,12.941176470588236,39,24.0,31.764705882352942,13.7,11.0,0.0703125,0.02734375,0.445,-5.46875,-4.6875
926.5,83,8.0,14.117647058823529,39,16.5,34.509803921568626,13.7,12.0,0.015625,0.01953125,0.445,-4.6875,-3.90625
999.0,83,10.25,15.686274509803921,39,18.5,37.254901960784316,13.6,12.0,0.125,0.1328125,0.445,-0.78125,0.0
1254.25,84,14.75,17.647058823529413,39,16.5,42.745098039215684,13.7,13.0,-0.05859375,-0.046875,0.445,-1.5625,-1.5625
1530.0,84,18.75,18.823529411764707,39,30.0,43.92156862745098,13.7,15.0,0.01953125,-0.0625,0.44,-1.5625,-3.125
1520.25,84,14.75,17.254901960784313,39,32.0,37.64705882352941,13.7,16.0,-0.01953125,-0.04296875,0.445,-2.34375,-4.6875
1320.75,84,14.0,16.862745098039216,39,30.0,40.0,13.7,17.0,0.0703125,0.0703125,0.44,0.0,-1.5625
1362.75,84,14.25,17.254901960784313,38,30.5,40.0,13.7,17.0,-0.0390625,-0.0234375,0.44,-0.78125,-1.5625
1404.25,84,14.5,17.254901960784313,38,31.5,39.21568627450981,13.7,18.0,-0.01171875,-0.03125,0.44,-0.78125,-2.34375
1441.0,84,15.0,17.647058823529413,38,31.5,38.8235294117647,13.7,20.0,0.01953125,0.0,0.445,0.0,-1.5625
1501.25,84,17.0,18.823529411764707,38,32.0,41.96078431372549,13.6,21.0,-0.00390625,0.03125,0.445,0.0,-1.5625
1579.5,84,19.75,19.215686274509803,38,30.5,44.705882352941174,13.6,21.0,-0.09375,-0.1015625,0.44,-2.34375,-3.90625
1625.75,84,20.75,19.607843137254903,38,29.0,44.31372549019608,13.7,22.0,-0.02734375,-0.03515625,0.445,-3.125,-4.6875
1658.75,84,20.5,19.607843137254903,38,30.5,44.31372549019608,13.7,23.0,-0.04296875,-0.02734375,0.445,-3.90625,-4.6875
1690.5,84,20.5,19.607843137254903,38,32.0,43.13725490196079,13.6,25.0,-0.0546875,0.0,0.445,-5.46875,-4.6875
1712.0,84,20.0,19.215686274509803,38,33.0,41.568627450980394,13.7,26.0,-0.0546875,-0.03515625,0.445,-6.25,-6.25
1555.0,84,18.25,18.823529411764707,38,32.0,43.13725490196079,13.7,26.0,-0.01171875,-0.0390625,0.445,-7.03125,-6.25
1532.5,84,17.75,18.823529411764707,38,31.5,43.92156862745098,13.6,27.0,0.03125,0.0234375,0.445,-5.46875,-5.46875
1548.25,84,17.75,18.823529411764707,37,31.5,43.529411764705884,13.7,27.0,0.015625,0.01953125,0.445,-4.6875,-5.46875
1553.75,84,18.5,18.823529411764707,37,31.5,43.92156862745098,13.6,28.0,0.046875,0.01171875,0.445,-3.125,-4.6875
1575.25,84,18.25,18.823529411764707,37,32.0,43.529411764705884,13.7,28.0,-0.0390625,-0.01171875,0.44,-3.90625,-4.6875
1583.25,84,18.75,18.823529411764707,37,32.0,43.529411764705884,13.7,30.0,-0.0546875,-0.046875,0.445,-5.46875,-5.46875
1582.5,84,18.25,18.823529411764707,37,32.0,43.13725490196079,13.7,30.0,0.0,-0.015625,0.44,-4.6875,-5.46875
1590.5,84,18.25,18.823529411764707,37,32.0,43.13725490196079,13.6,31.0,0.0078125,0.0078125,0.44,-4.6875,-5.46875
1602.0,84,18.25,18.823529411764707,37,34.5,41.96078431372549,13.7,31.0,0.0,0.01953125,0.445,-4.6875,-4.6875
1604.5,84,18.25,18.823529411764707,37,34.5,41.96078431372549,13.7,31.0,0.00390625,0.00390625,0.44,-3.90625,-4.6875
1616.0,84,18.5,18.823529411764707,37,34.5,41.96078431372549,13.7,32.0,-0.03125,-0.03515625,0.445,-3.90625,-4.6875
1623.5,84,18.75,18.823529411764707,37,34.5,41.96078431372549,13.7,32.0,-0.015625,-0.00390625,0.445,-3.90625,-4.6875
1632.0,84,18.0,18.431372549019606,37,34.5,40.78431372549019,13.7,33.0,-0.00390625,0.01953125,0.44,-3.90625,-3.90625
1621.5,84,15.75,17.647058823529413,37,35.0,36.86274509803921,13.7,33.0,0.01171875,0.01171875,0.445,-3.125,-3.90625
1555.0,85,13.5,16.470588235294116,37,37.5,31.372549019607842,13.7,33.0,-0.00390625,-0.01953125,0.445,-3.125,-3.90625
1414.0,85,7.0,13.72549019607843,37,21.0,21.176470588235293,13.6,33.0,0.0546875,0.0859375,0.445,-1.5625,-1.5625
1330.5,85,6.25,13.72549019607843,37,21.5,18.431372549019606,13.7,33.0,0.0078125,0.06640625,0.445,-1.5625,0.78125
1297.5,85,6.0,13.72549019607843,37,18.5,18.823529411764707,13.7,32.0,-0.01953125,0.015625,0.445,-1.5625,1.5625
1258.5,85,5.75,13.333333333333334,37,19.5,18.823529411764707,13.7,32.0,-0.03515625,-0.03515625,0.445,-2.34375,0.78125
1232.75,85,5.75,13.333333333333334,38,18.5,18.823529411764707,13.7,31.0,-0.03125,-0.015625,0.445,-3.125,0.78125
1190.75,85,5.75,13.333333333333334,38,18.0,19.215686274509803,13.7,30.0,0.0,0.0,0.44,-2.34375,0.78125
1151.5,85,5.5,13.333333333333334,38,20.0,19.607843137254903,13.7,30.0,0.015625,-0.01171875,0.44,-1.5625,0.78125
1149.25,86,5.25,13.333333333333334,38,23.0,19.215686274509803,13.6,28.0,0.015625,-0.0234375,0.44,-1.5625,0.78125
1137.0,86,5.25,12.941176470588236,38,25.5,18.823529411764707,13.7,28.0,0.015625,-0.00390625,0.445,-0.78125,0.78125
1113.75,86,5.25,12.941176470588236,38,27.0,19.215686274509803,13.7,27.0,0.01171875,-0.0078125,0.44,0.0,0.78125
1080.25,86,5.25,12.941176470588236,38,24.5,20.0,13.7,27.0,0.015625,0.0078125,0.44,0.0,1.5625
1055.75,86,5.0,12.941176470588236,38,24.5,19.607843137254903,13.6,27.0,-0.01171875,-0.0078125,0.44,0.0,0.78125
1040.0,86,4.75,12.941176470588236,38,24.5,20.0,13.6,26.0,-0.02734375,-0.01171875,0.445,0.0,0.78125
1008.75,86,4.5,12.941176470588236,38,24.5,20.0,13.7,26.0,-0.00390625,-0.0234375,0.44,0.0,0.78125
966.0,86,4.5,12.549019607843137,38,23.0,20.392156862745097,13.6,25.0,0.01171875,-0.03125,0.445,0.0,0.78125
919.75,86,4.5,12.549019607843137,38,33.0,21.176470588235293,13.6,25.0,-0.01171875,-0.03515625,0.44,0.0,0.0
974.0,86,8.5,14.901960784313726,38,22.5,30.58823529411765,13.7,25.0,0.0,0.02734375,0.445,0.0,1.5625
1182.75,86,13.0,16.862745098039216,38,19.5,39.21568627450981,13.7,25.0,-0.109375,-0.140625,0.44,-2.34375,-0.78125
1385.25,87,15.75,18.03921568627451,38,28.5,42.35294117647059,13.7,25.0,0.03125,0.04296875,0.44,-1.5625,0.0
1489.25,86,18.75,18.823529411764707,38,28.5,45.490196078431374,13.7,26.0,0.00390625,-0.03125,0.44,0.0,-0.78125
1575.75,87,24.0,20.784313725490197,37,24.0,51.76470588235294,13.6,26.0,-0.03515625,-0.03515625,0.445,-0.78125,-0.78125
1672.75,87,24.5,21.568627450980394,37,24.0,52.549019607843135,13.7,27.0,0.0390625,0.01953125,0.44,0.78125,0.0
1735.0,87,26.0,21.96078431372549,37,26.0,52.549019607843135,13.6,28.0,0.03125,0.01953125,0.445,2.34375,1.5625
1775.5,87,26.75,22.352941176470587,37,26.0,50.98039215686274,13.7,30.0,-0.00390625,0.0390625,0.44,3.125,3.90625
1821.25,87,27.0,22.745098039215687,37,27.0,50.588235294117645,13.7,32.0,0.03515625,0.02734375,0.44,4.6875,3.90625
1851.75,87,27.75,22.745098039215687,36,28.5,50.19607843137255,13.6,33.0,-0.03125,-0.01171875,0.445,3.125,3.125
1871.75,87,27.5,22.352941176470587,36,28.5,49.01960784313726,13.6,35.0,-0.0546875,-0.05078125,0.445,2.34375,0.78125
1871.75,87,25.75,21.568627450980394,36,29.0,46.666666666666664,13.6,36.0,0.0,-0.03125,0.445,2.34375,1.5625
1883.5,87,26.0,21.96078431372549,36,29.0,46.27450980392157,13.7,38.0,-0.0078125,-0.0234375,0.445,2.34375,0.78125
1893.75,87,25.5,21.568627450980394,36,30.0,45.09803921568628,13.7,40.0,-0.0234375,-0.02734375,0.445,1.5625,0.78125
1907.75,87,26.0,21.568627450980394,36,30.0,45.09803921568628,13.6,41.0,-0.0234375,-0.0234375,0.445,0.78125,0.78125
1929.75,87,25.75,21.176470588235293,36,30.5,44.31372549019608,13.6,41.0,-0.02734375,-0.0546875,0.445,0.0,-1.5625
1751.5,87,24.0,20.784313725490197,36,29.0,49.411764705882355,13.7,42.0,-0.07421875,-0.04296875,0.445,-2.34375,-2.34375
1664.25,87,22.75,20.392156862745097,36,29.0,49.411764705882355,13.7,43.0,-0.07421875,-0.0625,0.445,-4.6875,-4.6875
1657.0,87,22.75,20.392156862745097,36,29.0,49.80392156862745,13.7,45.0,0.0078125,0.02734375,0.445,-3.90625,-3.90625
1661.25,87,22.0,20.0,36,30.5,47.450980392156865,13.7,46.0,0.01171875,0.0234375,0.44,-3.125,-3.90625
1639.25,87,20.0,19.215686274509803,36,32.0,45.09803921568628,13.7,47.0,-0.05078125,-0.01953125,0.44,-3.90625,-3.90625
1606.25,87,18.75,18.823529411764707,36,33.0,43.13725490196079,13.7,48.0,0.01171875,-0.0078125,0.445,-3.90625,-3.90625
1590.5,87,16.5,18.03921568627451,36,33.5,40.3921568627451,13.7,50.0,0.015625,0.01953125,0.445,-3.90625,-3.125
1577.75,87,17.5,18.03921568627451,36,33.0,41.1764705882353,13.7,51.0,0.01953125,0.015625,0.44,-2.34375,-2.34375
1585.0,87,16.0,17.647058823529413,36,33.5,38.8235294117647,13.7,52.0,0.03515625,0.03125,0.445,-0.78125,-0.78125
1589.75,87,18.25,18.431372549019606,36,34.5,41.1764705882353,13.6,52.0,-0.0390625,-0.015625,0.44,-1.5625,-0.78125
1615.5,87,17.5,18.431372549019606,36,34.5,40.78431372549019,13.6,55.0,0.04296875,0.015625,0.44,0.78125,0.0
1640.5,87,17.75,18.03921568627451,36,35.0,38.8235294117647,13.7,56.0,-0.0078125,0.00390625,0.445,0.0,0.78125
1619.25,87,16.25,17.647058823529413,36,34.5,36.86274509803921,13.6,57.0,-0.046875,-0.0546875,0.445,0.0,0.0
1604.5,87,13.75,16.862745098039216,36,36.5,34.11764705882353,13.6,57.0,0.0,-0.03125,0.445,0.0,0.0
1586.75,87,11.25,16.07843137254902,36,39.5,29.41176470588235,13.7,60.0,-0.0234375,-0.015625,0.44,0.0,0.0
1555.0,87,9.0,14.901960784313726,36,30.0,25.098039215686274,13.7,60.0,0.0390625,0.046875,0.445,1.5625,1.5625
1376.75,87,6.75,13.72549019607843,36,20.0,21.96078431372549,13.6,60.0,0.01953125,0.0390625,0.445,1.5625,3.125
1127.25,87,5.25,12.941176470588236,36,18.0,20.392156862745097,13.7,61.0,0.0,0.05078125,0.44,1.5625,3.90625
1129.75,87,5.0,12.941176470588236,36,24.5,18.823529411764707,13.6,61.0,-0.03125,-0.015625,0.44,0.78125,3.90625
1138.25,87,5.0,12.941176470588236,36,26.0,18.823529411764707,13.6,61.0,-0.05859375,-0.01953125,0.445,0.0,3.125
1137.5,87,5.25,12.941176470588236,36,22.5,19.215686274509803,13.7,61.0,0.05859375,0.0625,0.445,1.5625,5.46875
1138.75,87,5.25,12.941176470588236,36,23.0,19.215686274509803,13.6,61.0,0.08984375,0.08203125,0.44,4.6875,7.03125
1141.75,87,5.25,12.941176470588236,36,24.0,19.215686274509803,13.6,61.0,0.08984375,0.078125,0.44,6.25,9.375
1125.25,87,5.25,12.941176470588236,37,23.0,19.607843137254903,13.7,60.0,0.0703125,0.0390625,0.44,7.8125,10.15625
1111.25,87,5.25,12.941176470588236,37,24.5,19.607843137254903,13.6,58.0,0.01171875,0.0078125,0.44,7.8125,10.15625
1088.25,87,5.0,12.941176470588236,37,26.0,19.607843137254903,13.6,57.0,-0.04296875,-0.0546875,0.44,7.03125,9.375
1058.25,87,4.75,12.941176470588236,37,24.0,20.0,13.6,55.0,-0.05859375,-0.078125,0.445,6.25,7.8125
1022.25,87,4.75,17.647058823529413,37,24.5,28.235294117647058,13.7,55.0,-0.03515625,-0.0234375,0.445,2.34375,4.6875
1763.25,87,43.5,34.509803921568626,36,0.5,77.25490196078431,13.7,53.0,0.03125,-0.00390625,0.44,0.0,3.125
2261.75,87,54.25,31.764705882352942,36,18.0,78.82352941176471,13.6,55.0,-0.234375,-0.08984375,0.445,0.0,0.0
2172.0,87,46.25,27.45098039215686,36,22.5,62.745098039215684,13.7,55.0,-0.234375,-0.19921875,0.445,-5.46875,-3.90625
1931.0,87,24.0,20.392156862745097,35,24.0,41.1764705882353,13.6,55.0,0.03125,-0.01953125,0.445,-3.90625,-3.90625
1577.75,87,11.75,15.686274509803921,35,9.5,31.372549019607842,13.7,55.0,-0.05078125,-0.046875,0.44,-3.90625,-3.90625
1354.75,87,6.75,13.72549019607843,36,11.0,22.745098039215687,13.6,53.0,0.015625,0.02734375,0.445,-3.125,-2.34375
1340.25,87,6.25,13.72549019607843,36,14.0,19.215686274509803,13.7,53.0,-0.02734375,0.0,0.44,-3.90625,-2.34375
1210.75,87,5.75,13.333333333333334,36,3.5,19.607843137254903,13.6,52.0,-0.02734375,-0.01953125,0.44,-3.90625,-2.34375
1126.5,87,5.25,12.941176470588236,36,10.5,19.607843137254903,13.7,51.0,-0.11328125,-0.109375,0.44,-6.25,-4.6875
1148.0,87,5.5,13.333333333333334,36,15.0,19.607843137254903,13.6,50.0,-0.12890625,-0.08984375,0.445,-7.8125,-5.46875
1146.75,87,5.75,13.333333333333334,36,14.0,19.607843137254903,13.6,48.0,0.03125,0.02734375,0.445,-6.25,-4.6875
1141.75,87,5.5,13.333333333333334,36,18.0,19.607843137254903,13.6,47.0,0.04296875,0.04296875,0.445,-5.46875,-3.125
1133.25,87,5.5,13.333333333333334,36,21.0,20.0,13.6,45.0,0.046875,0.03515625,0.445,-4.6875,-2.34375
1095.5,87,5.25,12.941176470588236,36,25.5,19.607843137254903,13.6,43.0,0.03515625,0.0234375,0.445,-3.125,-1.5625
1039.25,88,5.0,12.941176470588236,36,24.0,20.392156862745097,13.6,41.0,0.015625,0.0,0.44,-3.125,-2.34375
980.0,88,5.0,12.941176470588236,36,21.5,20.784313725490197,13.6,40.0,0.0,-0.01953125,0.445,-3.125,-2.34375
942.75,88,4.75,12.549019607843137,36,18.0,21.568627450980394,13.6,38.0,0.01171875,0.0,0.445,-2.34375,-2.34375
913.5,88,4.25,12.549019607843137,36,20.0,20.784313725490197,13.6,37.0,0.0,-0.01953125,0.44,-2.34375,-2.34375
892.75,88,4.25,12.549019607843137,36,21.5,20.392156862745097,13.6,37.0,-0.03125,-0.01953125,0.44,-3.125,-2.34375
865.25,88,4.0,12.156862745098039,36,20.0,20.784313725490197,13.6,36.0,-0.06640625,-0.03515625,0.445,-3.90625,-3.125
819.0,88,3.75,12.156862745098039,37,19.5,21.176470588235293,13.6,36.0,-0.08203125,-0.05859375,0.44,-5.46875,-3.90625
800.0,88,3.5,12.156862745098039,37,30.5,21.568627450980394,13.6,35.0,-0.109375,-0.09375,0.44,-6.25,-4.6875
1035.0,88,14.0,17.254901960784313,37,15.5,45.490196078431374,13.6,33.0,-0.13671875,-0.02734375,0.44,-9.375,-6.25
1395.75,88,24.25,20.784313725490197,36,15.5,55.294117647058826,13.7,33.0,0.0859375,0.0703125,0.445,-4.6875,-2.34375
1636.25,88,30.5,24.313725490196077,36,10.5,60.78431372549019,13.6,32.0,0.09765625,0.08984375,0.445,0.0,0.78125
1958.5,88,39.0,26.666666666666668,36,21.5,65.09803921568627,13.7,32.0,-0.04296875,0.00390625,0.445,0.78125,2.34375
2065.25,88,44.0,28.235294117647058,36,20.0,68.62745098039215,13.7,33.0,-0.02734375,0.00390625,0.44,-0.78125,3.125
2116.5,88,46.5,29.41176470588235,35,19.5,71.76470588235294,13.6,35.0,-0.01171875,0.0078125,0.445,-1.5625,3.90625
2166.5,88,48.5,29.80392156862745,35,19.5,72.54901960784314,13.6,36.0,-0.02734375,-0.046875,0.445,-2.34375,3.125
2191.0,88,47.25,29.80392156862745,35,21.5,70.58823529411765,13.7,37.0,-0.00390625,0.0078125,0.445,-0.78125,3.90625
2227.0,88,47.0,29.80392156862745,34,23.0,69.80392156862744,13.7,38.0,-0.0078125,-0.0390625,0.445,-1.5625,2.34375
2269.75,88,49.25,29.80392156862745,34,22.5,70.58823529411765,13.7,40.0,-0.03515625,-0.0390625,0.445,-2.34375,0.78125
2293.0,88,48.75,29.41176470588235,34,23.0,70.98039215686275,13.7,42.0,-0.00390625,-0.0625,0.445,-3.125,-0.78125
2305.25,88,49.75,29.41176470588235,33,22.5,71.37254901960785,13.7,43.0,-0.02734375,-0.0078125,0.445,-4.6875,-1.5625
2329.5,88,49.5,29.41176470588235,33,23.0,70.58823529411765,13.7,45.0,0.015625,0.0,0.44,-3.90625,-0.78125
2351.0,88,50.0,29.80392156862745,33,24.0,70.58823529411765,13.6,46.0,0.01171875,0.03515625,0.445,-3.125,0.78125
2393.75,88,51.75,30.19607843137255,33,21.0,71.37254901960785,13.6,47.0,0.02734375,0.015625,0.44,-1.5625,1.5625
2426.75,88,51.25,30.58823529411765,33,19.5,71.76470588235294,13.7,50.0,0.01953125,0.0,0.44,-0.78125,2.34375
2468.25,88,54.0,31.764705882352942,33,19.5,73.72549019607843,13.7,51.0,0.0,0.03515625,0.445,0.78125,2.34375
2531.5,88,57.5,32.94117647058823,33,19.5,75.68627450980392,13.7,52.0,0.0,-0.0078125,0.445,0.78125,3.125
2587.75,88,59.0,33.72549019607843,33,19.5,76.47058823529412,13.6,53.0,-0.0390625,0.01953125,0.445,0.78125,3.90625
2634.25,88,58.5,33.72549019607843,33,21.0,76.47058823529412,13.6,56.0,-0.03125,-0.0234375,0.445,0.78125,3.90625
2663.5,88,59.75,33.333333333333336,33,20.0,76.86274509803921,13.6,57.0,-0.0390625,-0.02734375,0.445,0.0,2.34375
2686.0,88,58.5,32.549019607843135,33,21.0,74.11764705882354,13.7,58.0,-0.03125,-0.0234375,0.445,-0.78125,0.78125
2600.5,88,57.5,31.764705882352942,33,12.0,75.68627450980392,13.6,61.0,0.0390625,0.0078125,0.44,-1.5625,1.5625
2299.0,88,55.75,31.764705882352942,33,17.0,78.82352941176471,13.7,62.0,-0.140625,-0.06640625,0.44,-7.8125,-2.34375
2303.25,88,54.25,32.15686274509804,32,18.0,78.03921568627452,13.6,63.0,0.015625,0.015625,0.445,-7.03125,-2.34375
2315.0,88,55.5,32.549019607843135,32,18.0,78.03921568627452,13.6,65.0,0.03125,-0.05078125,0.44,-6.25,-1.5625
2328.25,88,53.5,31.764705882352942,32,18.5,74.90196078431373,13.7,66.0,-0.0078125,-0.046875,0.445,-4.6875,-2.34375
2320.5,88,51.25,30.58823529411765,32,19.5,72.94117647058823,13.6,67.0,-0.0546875,-0.07421875,0.445,-6.25,-3.90625
2316.75,88,50.25,29.41176470588235,32,20.0,69.41176470588235,13.6,68.0,-0.015625,-0.046875,0.44,-8.59375,-4.6875
2276.5,88,45.0,27.45098039215686,32,22.5,63.92156862745098,13.7,70.0,0.03515625,-0.03515625,0.445,-6.25,-7.03125
2211.25,88,38.25,25.88235294117647,32,15.5,60.0,13.6,70.0,0.03515625,0.00390625,0.445,-6.25,-5.46875
1990.25,88,35.25,24.705882352941178,32,24.5,57.64705882352941,13.6,71.0,0.05859375,0.04296875,0.445,-3.90625,-3.90625
1957.25,88,35.5,25.098039215686274,33,25.5,58.8235294117647,13.7,71.0,0.02734375,0.01953125,0.44,-0.78125,-2.34375
1962.75,88,33.5,23.92156862745098,33,26.0,55.68627450980392,13.6,72.0,-0.0234375,-0.02734375,0.44,-2.34375,-3.90625
1918.25,88,28.0,22.352941176470587,33,29.0,50.98039215686274,13.7,72.0,0.0078125,-0.0078125,0.44,-1.5625,-3.125
1453.75,88,21.0,20.392156862745097,33,25.5,56.07843137254902,13.7,73.0,0.02734375,-0.0078125,0.44,-0.78125,-3.90625
1429.25,88,21.75,21.176470588235293,33,25.5,58.431372549019606,13.6,73.0,0.05859375,0.0546875,0.44,-0.78125,-2.34375
1463.0,89,22.75,21.568627450980394,33,24.5,58.8235294117647,13.6,73.0,0.05078125,0.03515625,0.44,1.5625,0.78125
1494.0,89,23.25,21.96078431372549,33,25.5,58.8235294117647,13.7,75.0,0.046875,-0.0390625,0.44,4.6875,-0.78125
1505.0,89,23.5,21.96078431372549,33,24.5,59.21568627450981,13.7,75.0,-0.01171875,-0.03125,0.445,1.5625,1.5625
1509.25,89,23.5,21.568627450980394,33,25.5,58.03921568627451,13.6,75.0,-0.046875,0.0234375,0.445,1.5625,1.5625
1512.25,89,23.75,21.568627450980394,33,25.5,58.03921568627451,13.6,76.0,0.01171875,-0.03125,0.44,4.6875,0.0
1516.0,89,23.0,21.568627450980394,33,15.5,56.07843137254902,13.6,76.0,-0.078125,-0.02734375,0.445,1.5625,1.5625
1403.75,89,11.0,15.686274509803921,33,5.0,35.68627450980392,13.7,76.0,0.0,0.015625,0.44,2.34375,2.34375
1405.5,89,7.25,14.117647058823529,33,12.0,21.568627450980394,13.7,76.0,-0.20703125,-0.1171875,0.445,-1.5625,-1.5625
1392.75,89,6.75,14.117647058823529,33,44.0,19.215686274509803,13.7,75.0,-0.12890625,-0.109375,0.445,-5.46875,-2.34375
1396.25,89,8.25,14.509803921568627,33,46.5,21.568627450980394,13.7,75.0,-0.109375,-0.15234375,0.445,-6.25,-6.25
1387.75,89,8.0,14.509803921568627,33,48.0,21.568627450980394,13.6,75.0,-0.05078125,-0.03515625,0.445,-6.25,-6.25
1379.25,90,7.75,14.509803921568627,33,48.0,21.176470588235293,13.7,73.0,0.0390625,0.02734375,0.445,-6.25,-3.90625
1371.25,90,8.0,14.509803921568627,33,48.0,21.176470588235293,13.6,73.0,0.03515625,0.03515625,0.445,-3.90625,-4.6875
1369.5,90,7.75,14.117647058823529,33,48.0,21.176470588235293,13.7,73.0,0.04296875,0.0390625,0.445,-3.125,-3.90625
1364.5,90,7.75,14.117647058823529,33,48.0,21.568627450980394,13.7,72.0,0.04296875,0.00390625,0.445,-2.34375,-1.5625
1347.0,90,7.5,14.117647058823529,33,48.0,21.568627450980394,13.6,72.0,0.02734375,0.0078125,0.445,0.0,-0.78125
1336.0,90,7.75,14.117647058823529,33,48.0,21.568627450980394,13.6,71.0,0.00390625,0.0234375,0.445,0.78125,-1.5625
1331.0,90,7.75,14.117647058823529,34,48.0,21.568627450980394,13.6,71.0,-0.00390625,0.01171875,0.445,-0.78125,0.0
1327.5,90,7.5,14.117647058823529,34,48.0,21.96078431372549,13.7,71.0,0.03125,-0.00390625,0.445,0.0,0.78125
1318.75,90,9.25,14.901960784313726,34,41.0,23.92156862745098,13.6,71.0,-0.0234375,-0.0234375,0.44,0.78125,-1.5625
1314.5,90,11.0,15.686274509803921,34,35.0,28.627450980392158,13.6,70.0,-0.0703125,-0.0546875,0.445,-1.5625,-0.78125
1309.75,90,12.0,16.07843137254902,34,33.5,33.333333333333336,13.7,70.0,-0.00390625,-0.03125,0.445,0.0,-0.78125
1307.25,90,11.75,16.07843137254902,34,33.0,34.11764705882353,13.7,70.0,0.0390625,0.03515625,0.445,1.5625,-0.78125
1298.75,90,11.75,16.07843137254902,34,33.0,34.11764705882353,13.7,70.0,0.02734375,0.02734375,0.445,0.78125,1.5625
1293.25,90,11.5,16.07843137254902,34,33.0,34.11764705882353,13.7,70.0,0.01953125,0.0078125,0.445,3.125,0.78125
1292.5,90,11.75,16.07843137254902,34,33.0,34.509803921568626,13.7,68.0,-0.01953125,0.00390625,0.445,3.125,0.78125
1289.0,90,11.75,16.07843137254902,34,33.0,34.509803921568626,13.7,68.0,-0.015625,0.0078125,0.445,1.5625,2.34375
1288.25,90,11.75,16.07843137254902,34,33.0,34.509803921568626,13.7,68.0,-0.00390625,-0.01953125,0.445,2.34375,1.5625
1289.0,90,11.5,16.07843137254902,34,33.0,34.509803921568626,13.7,68.0,-0.015625,0.0078125,0.44,1.5625,2.34375
1279.25,90,11.75,16.07843137254902,34,32.0,34.509803921568626,13.6,68.0,0.0,-0.03515625,0.445,0.78125,2.34375
1275.5,90,11.75,16.07843137254902,34,32.0,34.509803921568626,13.7,68.0,-0.0078125,-0.0234375,0.445,3.125,0.78125
1271.25,90,11.5,16.07843137254902,34,32.0,34.90196078431372,13.6,68.0,-0.04296875,0.015625,0.44,0.78125,2.34375
1270.75,90,11.25,15.686274509803921,34,32.0,34.509803921568626,13.7,68.0,-0.0078125,-0.01171875,0.445,0.78125,2.34375
1269.5,90,9.0,14.901960784313726,34,34.5,29.80392156862745,13.6,67.0,0.00390625,0.0,0.445,3.125,1.5625
1261.5,90,8.25,14.509803921568627,34,39.0,26.666666666666668,13.7,67.0,0.01953125,0.046875,0.445,3.90625,3.125
1261.5,90,8.0,14.509803921568627,34,41.0,25.88235294117647,13.6,67.0,0.03125,0.04296875,0.445,3.90625,5.46875
1256.0,90,8.25,14.509803921568627,34,41.0,25.49019607843137,13.6,67.0,0.0078125,0.0,0.44,5.46875,3.90625
1243.75,90,7.5,14.117647058823529,34,42.5,24.313725490196077,13.6,66.0,-0.01171875,0.0078125,0.445,5.46875,3.90625
1239.5,90,7.25,14.117647058823529,34,44.0,22.745098039215687,13.6,66.0,0.01171875,-0.01171875,0.445,3.90625,5.46875
1237.0,90,6.75,13.72549019607843,34,46.5,21.96078431372549,13.6,66.0,-0.015625,0.0078125,0.445,5.46875,4.6875
1225.5,90,6.25,13.72549019607843,34,46.5,20.392156862745097,13.6,65.0,-0.04296875,-0.02734375,0.445,3.125,5.46875
1217.5,90,6.0,13.333333333333334,34,30.5,19.215686274509803,13.6,65.0,-0.06640625,-0.05859375,0.44,1.5625,3.90625
1212.0,90,6.0,13.333333333333334,34,19.5,19.215686274509803,13.7,65.0,-0.0703125,-0.03125,0.445,2.34375,2.34375
1199.25,90,5.75,13.333333333333334,34,15.0,19.215686274509803,13.6,65.0,-0.01171875,0.0234375,0.445,2.34375,3.125
1198.0,90,5.75,13.333333333333334,34,15.5,19.215686274509803,13.6,63.0,-0.00390625,-0.0078125,0.445,0.78125,4.6875
1179.75,90,5.75,13.333333333333334,35,18.0,19.215686274509803,13.7,63.0,-0.0234375,-0.046875,0.445,2.34375,2.34375
1173.5,90,5.5,13.333333333333334,35,19.5,18.823529411764707,13.6,62.0,-0.0703125,-0.0859375,0.445,0.78125,0.78125
1165.0,90,5.5,13.333333333333334,35,20.0,19.215686274509803,13.6,62.0,-0.06640625,-0.0546875,0.445,-1.5625,0.78125
1149.25,90,5.5,12.941176470588236,35,23.0,19.215686274509803,13.6,61.0,-0.0234375,-0.05859375,0.445,0.0,0.78125
1130.75,90,5.25,12.941176470588236,35,25.5,18.823529411764707,13.6,60.0,-0.0078125,0.0078125,0.44,0.0,0.0
1118.75,90,5.25,12.941176470588236,35,25.5,19.215686274509803,13.6,60.0,0.02734375,0.01171875,0.445,-0.78125,1.5625
1122.25,90,5.25,12.941176470588236,35,24.5,19.215686274509803,13.7,60.0,0.01171875,-0.0234375,0.445,0.0,1.5625
1103.5,90,5.0,12.941176470588236,35,25.5,19.215686274509803,13.7,58.0,-0.0234375,-0.01171875,0.445,0.78125,0.0
1100.25,90,5.5,13.333333333333334,35,35.0,20.0,13.7,58.0,-0.01953125,-0.00390625,0.445,-0.78125,1.5625
1096.75,90,10.5,15.686274509803921,35,22.5,32.549019607843135,13.6,57.0,-0.015625,0.0234375,0.445,-1.5625,0.78125
1337.25,90,14.5,17.254901960784313,35,28.5,38.8235294117647,13.7,58.0,-0.125,-0.0859375,0.445,-2.34375,-3.125
1417.75,90,15.0,17.254901960784313,35,31.5,38.8235294117647,13.7,58.0,0.0703125,0.01171875,0.445,0.78125,-1.5625
1440.25,90,15.0,17.254901960784313,34,31.5,38.8235294117647,13.7,58.0,0.0390625,0.03515625,0.445,0.0,0.78125
1442.75,90,15.5,17.647058823529413,34,31.5,38.8235294117647,13.7,58.0,0.0234375,-0.0234375,0.445,2.34375,1.5625
1454.25,90,14.75,17.254901960784313,34,32.0,38.431372549019606,13.6,58.0,0.01953125,-0.03125,0.445,3.125,0.0
1445.25,90,14.5,17.254901960784313,34,32.0,37.64705882352941,13.6,57.0,-0.0546875,-0.03125,0.445,0.0,0.0
1428.75,90,14.25,16.862745098039216,34,32.0,37.254901960784316,13.7,58.0,-0.0078125,-0.0234375,0.44,0.78125,-1.5625
1416.0,90,13.75,16.862745098039216,34,32.0,36.470588235294116,13.7,58.0,0.00390625,-0.01171875,0.445,0.78125,-1.5625
1386.0,90,11.75,16.07843137254902,34,34.5,33.333333333333336,13.6,58.0,0.0,0.0078125,0.445,0.0,0.78125
1342.0,90,11.75,16.07843137254902,34,33.5,34.11764705882353,13.6,58.0,0.01953125,0.01171875,0.445,0.78125,1.5625
1333.5,90,11.5,16.07843137254902,34,34.5,33.333333333333336,13.6,57.0,-0.02734375,-0.015625,0.44,1.5625,0.0
1326.25,90,11.5,16.07843137254902,34,33.5,33.333333333333336,13.7,57.0,-0.01171875,0.02734375,0.445,0.78125,0.78125
1326.75,90,11.75,16.07843137254902,34,34.5,33.333333333333336,13.7,57.0,-0.02734375,0.0,0.44,0.78125,2.34375
1323.75,90,11.75,16.07843137254902,34,34.5,33.333333333333336,13.7,57.0,-0.01953125,-0.046875,0.44,1.5625,0.0
1361.5,90,13.25,16.862745098039216,34,31.5,36.86274509803921,13.6,57.0,-0.08984375,-0.05078125,0.44,-1.5625,-0.78125
1392.75,90,13.75,16.862745098039216,34,32.0,36.86274509803921,13.7,57.0,-0.03125,-0.00390625,0.445,-1.5625,0.0
1414.0,90,14.75,17.254901960784313,33,31.5,38.8235294117647,13.6,57.0,0.0234375,0.02734375,0.44,0.78125,-0.78125
1444.5,90,15.0,17.254901960784313,33,31.5,38.431372549019606,13.6,57.0,0.01171875,0.03125,0.445,2.34375,0.0
1450.75,90,15.25,17.647058823529413,33,31.5,38.8235294117647,13.6,57.0,-0.01953125,0.0078125,0.445,0.78125,1.5625
1461.0,90,15.0,17.647058823529413,33,31.5,38.8235294117647,13.6,57.0,-0.01953125,-0.015625,0.445,0.0,1.5625
1422.0,90,12.0,16.07843137254902,33,24.0,34.11764705882353,13.7,57.0,-0.04296875,-0.07421875,0.445,0.78125,-1.5625
1308.5,90,11.0,15.686274509803921,33,21.0,32.549019607843135,13.7,57.0,-0.02734375,-0.0078125,0.44,-0.78125,0.0
1260.25,90,9.25,14.901960784313726,33,21.5,30.19607843137255,13.6,57.0,0.0078125,0.0,0.445,0.0,0.0
1228.0,90,8.75,14.901960784313726,33,36.0,29.019607843137255,13.7,57.0,-0.00390625,0.015625,0.445,1.5625,-0.78125
1203.5,90,8.75,14.901960784313726,34,37.5,28.627450980392158,13.6,57.0,-0.0234375,0.03125,0.44,0.0,1.5625
1183.25,90,8.0,14.509803921568627,34,37.5,27.45098039215686,13.7,57.0,0.0,-0.0234375,0.44,0.0,1.5625
1181.5,90,8.25,14.509803921568627,33,37.5,27.84313725490196,13.7,56.0,-0.046875,-0.02734375,0.445,0.0,0.0
1165.75,90,7.75,14.509803921568627,34,36.0,27.45098039215686,13.6,56.0,-0.05078125,-0.03125,0.445,-1.5625,0.78125
