RPM,COOLANT_TEMP,MAF,THROTTLE_POS,INTAKE_TEMP,TIMING_ADVANCE,ENGINE_LOAD,ELM_VOLTAGE,SPEED,O2_S1_WR_CURRENT,O2_S5_WR_CURRENT,O2_B2S2,SHORT_FUEL_TRIM_1,SHORT_FUEL_TRIM_2
2006.0,93,36.0,25.49019607843137,39,23.0,58.8235294117647,13.4,40.0,-0.15234375,-0.05859375,0.595,-6.25,-4.6875
1950.5,93,28.0,21.568627450980394,39,22.5,48.627450980392155,13.5,42.0,0.03125,0.01953125,0.59,-3.90625,-1.5625
1634.5,93,24.0,21.176470588235293,39,27.0,53.72549019607843,13.4,43.0,0.02734375,-0.0078125,0.595,0.0,-0.78125
1644.25,93,25.25,21.568627450980394,39,27.0,55.294117647058826,13.5,45.0,0.046875,0.01953125,0.59,1.5625,-0.78125
1676.0,93,25.25,21.568627450980394,39,27.0,54.509803921568626,13.5,45.0,0.0078125,-0.0234375,0.59,0.78125,-0.78125
1668.5,93,24.25,21.176470588235293,39,27.0,53.72549019607843,13.4,46.0,-0.01953125,-0.0078125,0.59,0.78125,1.5625
1671.0,93,23.25,20.784313725490197,39,27.5,51.76470588235294,13.4,47.0,-0.0078125,-0.015625,0.59,0.0,0.78125
1651.0,93,22.75,20.392156862745097,39,28.5,49.01960784313726,13.5,47.0,0.0,0.0,0.595,0.78125,-1.5625
1607.5,93,20.5,19.607843137254903,39,29.0,47.450980392156865,13.4,48.0,0.02734375,-0.02734375,0.595,0.78125,-1.5625
1591.0,93,20.0,19.607843137254903,39,27.5,47.84313725490196,13.5,48.0,-0.015625,0.0078125,0.595,-0.78125,0.0
1591.75,93,20.0,19.215686274509803,39,29.0,46.27450980392157,13.4,50.0,0.0078125,0.015625,0.595,0.0,0.78125
1555.0,93,17.25,18.431372549019606,39,32.0,43.13725490196079,13.4,50.0,0.0078125,0.046875,0.595,0.78125,2.34375
1520.75,93,16.75,18.431372549019606,39,31.5,42.35294117647059,13.4,51.0,0.05859375,0.02734375,0.595,4.6875,2.34375
1523.25,93,19.25,19.215686274509803,39,27.5,46.666666666666664,13.5,51.0,-0.1015625,-0.140625,0.595,2.34375,-1.5625
1606.25,93,20.25,20.0,39,27.5,48.23529411764706,13.5,51.0,-0.046875,0.05078125,0.595,-0.78125,0.0
1705.75,93,26.0,22.352941176470587,39,24.0,55.68627450980392,13.5,52.0,-0.01171875,0.0625,0.595,0.78125,0.78125
1800.5,93,28.5,23.529411764705884,39,24.5,55.294117647058826,13.4,53.0,0.0703125,-0.04296875,0.59,6.25,0.78125
1885.75,93,33.25,25.098039215686274,40,24.0,59.21568627450981,13.5,55.0,-0.046875,-0.0078125,0.595,3.90625,0.0
1918.75,93,31.75,24.313725490196077,40,25.5,55.68627450980392,13.5,56.0,-0.01171875,-0.01953125,0.595,3.125,0.0
1909.0,93,29.5,23.137254901960784,40,27.0,52.94117647058823,13.5,56.0,-0.0234375,0.01171875,0.595,2.34375,1.5625
1851.0,93,24.5,21.568627450980394,40,29.0,47.450980392156865,13.5,57.0,-0.0390625,0.00390625,0.595,2.34375,1.5625
1810.75,93,25.5,21.96078431372549,40,28.5,49.01960784313726,13.4,57.0,0.0234375,0.03125,0.595,6.25,3.125
1842.0,93,26.25,21.568627450980394,40,28.5,48.627450980392155,13.4,58.0,0.0078125,-0.04296875,0.595,5.46875,0.78125
1749.75,93,22.0,20.0,40,25.5,47.84313725490196,13.5,58.0,-0.1796875,-0.0625,0.6,-1.5625,-1.5625
1455.0,93,10.75,15.294117647058824,40,8.0,35.294117647058826,13.4,60.0,-0.19921875,-0.140625,0.6,-4.6875,-3.90625
1096.0,93,6.5,13.72549019607843,40,6.5,27.84313725490196,13.3,58.0,0.01171875,0.0390625,0.6,-3.125,-3.125
1075.25,93,6.0,13.72549019607843,39,11.0,24.705882352941178,13.5,58.0,0.01171875,0.05859375,0.6,-2.34375,-1.5625
1066.75,93,6.5,13.72549019607843,39,13.5,24.705882352941178,13.4,58.0,-0.02734375,0.00390625,0.6,-3.90625,-0.78125
1050.25,93,6.5,13.72549019607843,39,15.0,25.49019607843137,13.3,57.0,-0.01171875,0.01171875,0.6,-3.125,0.0
1032.5,93,6.5,13.72549019607843,39,15.0,26.274509803921568,13.3,56.0,-0.0078125,0.015625,0.6,-2.34375,-0.78125
1024.75,93,5.75,13.333333333333334,39,18.5,24.705882352941178,13.4,55.0,0.01171875,0.015625,0.6,-3.125,-0.78125
1084.5,93,5.75,13.333333333333334,39,13.5,22.352941176470587,13.4,55.0,0.00390625,0.00390625,0.6,-3.125,0.78125
1206.5,93,5.5,13.333333333333334,39,21.5,18.823529411764707,13.4,53.0,0.00390625,-0.0078125,0.6,-1.5625,0.0
1210.75,93,5.5,13.333333333333334,39,27.5,18.823529411764707,13.4,53.0,0.02734375,0.046875,0.605,0.0,1.5625
1199.75,93,5.75,13.333333333333334,39,24.5,19.215686274509803,13.4,52.0,0.01171875,0.0078125,0.6,-1.5625,2.34375
1174.75,93,5.75,13.333333333333334,39,21.5,19.607843137254903,13.4,52.0,-0.01171875,-0.0546875,0.6,-1.5625,1.5625
1148.0,93,5.5,13.333333333333334,39,22.5,19.607843137254903,13.4,51.0,-0.01953125,-0.06640625,0.6,-1.5625,0.78125
1129.75,93,5.5,13.333333333333334,39,24.5,19.607843137254903,13.4,50.0,-0.02734375,-0.03515625,0.6,-0.78125,-0.78125
1088.25,93,4.75,12.941176470588236,39,23.0,20.0,13.4,48.0,0.02734375,-0.015625,0.6,-0.78125,-1.5625
1091.25,93,7.25,14.509803921568627,39,30.0,25.49019607843137,13.4,48.0,-0.04296875,-0.0546875,0.6,-2.34375,0.0
1372.5,93,12.5,15.686274509803921,39,1.5,36.86274509803921,13.5,48.0,0.02734375,0.01953125,0.6,-1.5625,0.78125
1149.75,93,6.5,13.333333333333334,39,5.0,25.88235294117647,13.4,47.0,0.046875,0.01171875,0.6,0.78125,1.5625
1116.25,93,4.75,12.941176470588236,39,29.0,20.0,13.5,45.0,-0.0546875,-0.05859375,0.595,-0.78125,-0.78125
1030.75,93,5.5,13.333333333333334,39,21.5,21.568627450980394,13.5,43.0,0.01171875,0.015625,0.595,0.0,0.0
982.0,93,5.0,12.941176470588236,39,21.5,21.96078431372549,13.4,42.0,0.01171875,0.0078125,0.595,-0.78125,1.5625
946.0,93,4.75,12.941176470588236,39,21.0,22.745098039215687,13.4,41.0,-0.05078125,-0.07421875,0.595,-2.34375,0.0
896.5,93,4.5,12.941176470588236,39,22.5,23.529411764705884,13.4,37.0,-0.140625,-0.140625,0.595,-3.125,-3.125
850.0,93,4.75,12.941176470588236,39,21.5,25.098039215686274,13.4,36.0,-0.0859375,-0.1015625,0.6,-3.90625,-4.6875
814.75,93,5.0,12.941176470588236,39,18.0,26.274509803921568,13.4,35.0,-0.01953125,0.0,0.595,-4.6875,-2.34375
798.25,93,4.75,12.941176470588236,39,16.5,26.666666666666668,13.4,33.0,-0.01171875,0.0,0.595,-3.125,-2.34375
779.25,93,5.0,12.941176470588236,39,17.0,27.058823529411764,13.4,32.0,-0.01953125,0.00390625,0.595,-3.90625,-3.125
755.0,93,5.0,12.941176470588236,39,19.5,28.235294117647058,13.4,30.0,0.0,0.00390625,0.595,-3.125,-3.125
718.75,93,5.0,12.941176470588236,39,11.0,30.58823529411765,13.3,30.0,0.046875,0.03125,0.595,-3.90625,-0.78125
717.75,93,4.75,12.941176470588236,39,10.5,31.372549019607842,13.4,28.0,-0.01953125,-0.03125,0.59,-2.34375,-1.5625
703.5,93,4.75,12.941176470588236,39,21.5,31.764705882352942,13.3,21.0,-0.03515625,-0.02734375,0.59,-3.125,-3.125
598.0,93,8.5,14.117647058823529,39,-5.5,49.80392156862745,13.4,18.0,-0.15625,-0.21875,0.59,-4.6875,-6.25
704.25,94,6.0,13.72549019607843,39,2.0,41.96078431372549,13.4,17.0,-0.00390625,0.04296875,0.595,-6.25,-3.125
711.5,94,6.0,13.72549019607843,39,8.0,39.6078431372549,13.4,17.0,0.11328125,0.1015625,0.59,-1.5625,-0.78125
741.5,94,7.25,14.901960784313726,39,15.5,41.96078431372549,13.4,17.0,0.08203125,0.0859375,0.59,0.78125,-0.78125
949.5,94,14.5,18.03921568627451,39,10.5,56.07843137254902,13.5,18.0,-0.01953125,0.03515625,0.58,-0.78125,-0.78125
1306.75,94,19.25,19.607843137254903,39,15.0,54.90196078431372,13.5,18.0,0.0703125,0.06640625,0.58,1.5625,4.6875
1547.0,94,29.75,24.705882352941178,39,12.0,64.31372549019608,13.5,21.0,-0.09765625,-0.0625,0.58,0.0,3.90625
1894.5,94,39.0,28.235294117647058,39,16.5,65.09803921568627,13.4,23.0,0.03125,-0.015625,0.58,1.5625,3.125
2025.0,94,40.5,28.627450980392158,39,18.5,64.31372549019608,13.4,26.0,-0.0234375,-0.0390625,0.58,-0.78125,3.125
2100.0,94,41.25,28.627450980392158,40,19.5,64.31372549019608,13.4,28.0,-0.04296875,-0.02734375,0.58,-1.5625,1.5625
2153.25,94,40.25,27.84313725490196,40,19.5,62.35294117647059,13.4,31.0,0.00390625,0.00390625,0.58,-0.78125,0.0
2233.25,94,43.0,27.45098039215686,40,22.5,64.31372549019608,13.4,35.0,-0.1484375,-0.1875,0.58,-6.25,-6.25
2262.5,94,40.25,25.49019607843137,41,24.5,59.21568627450981,13.5,37.0,0.01953125,0.00390625,0.58,-3.90625,-5.46875
2257.0,93,34.25,23.92156862745098,41,25.5,50.588235294117645,13.5,38.0,-0.09765625,-0.01171875,0.58,-7.8125,-6.25
1901.0,93,24.5,19.607843137254903,42,31.5,40.0,13.4,40.0,-0.00390625,0.0390625,0.58,-7.03125,-4.6875
1674.0,93,11.25,15.294117647058824,42,16.5,27.058823529411764,13.4,40.0,0.01171875,-0.046875,0.58,-4.6875,-7.03125
1555.75,93,7.5,14.117647058823529,42,18.5,19.607843137254903,13.4,40.0,0.09375,0.08984375,0.58,-0.78125,-3.125
1589.75,93,7.5,14.117647058823529,42,25.5,17.647058823529413,13.4,40.0,0.03515625,0.05078125,0.58,-0.78125,-0.78125
1559.25,93,7.75,14.117647058823529,42,23.0,18.03921568627451,13.5,38.0,-0.0703125,-0.05078125,0.58,-3.125,-1.5625
1555.75,93,28.5,21.176470588235293,42,16.5,47.450980392156865,13.5,40.0,-0.40625,-0.45703125,0.58,0.0,0.0
2002.5,93,42.5,28.235294117647058,42,16.5,75.68627450980392,13.4,40.0,0.0546875,0.1796875,0.575,2.34375,8.59375
2310.0,93,63.25,38.8235294117647,42,18.0,86.66666666666667,13.3,43.0,-0.07421875,-0.11328125,0.59,-4.6875,6.25
2403.5,93,61.25,35.68627450980392,42,15.0,85.49019607843137,13.4,46.0,-0.00390625,0.0390625,0.58,-3.90625,5.46875
2457.75,93,62.5,36.86274509803921,42,15.0,85.49019607843137,13.5,48.0,0.01953125,-0.03125,0.535,-0.78125,7.03125
2218.5,93,59.5,36.86274509803921,42,12.5,89.41176470588235,13.4,50.0,0.00390625,-0.04296875,0.595,-6.25,4.6875
2222.75,93,60.75,38.8235294117647,42,15.5,89.01960784313725,13.4,52.0,0.0546875,0.05078125,0.595,-5.46875,7.8125
2106.75,93,57.75,37.64705882352941,42,8.0,90.19607843137256,13.4,53.0,-0.09375,0.03125,0.61,-7.8125,4.6875
2165.5,93,57.25,38.03921568627451,42,16.5,89.01960784313725,13.5,56.0,0.0390625,0.0234375,0.605,-5.46875,7.03125
2185.5,93,57.75,38.431372549019606,42,16.5,89.41176470588235,13.4,57.0,-0.03125,-0.02734375,0.61,-5.46875,7.03125
2190.5,93,58.5,38.03921568627451,42,15.5,88.62745098039215,13.3,58.0,-0.01171875,0.015625,0.61,-6.25,7.8125
2186.75,93,59.0,38.431372549019606,42,16.5,89.41176470588235,13.4,61.0,0.0234375,0.046875,0.615,-6.25,6.25
2198.25,92,57.75,38.8235294117647,42,16.5,89.41176470588235,13.5,62.0,0.0546875,-0.04296875,0.62,-5.46875,6.25
2203.75,92,59.25,38.03921568627451,42,16.5,89.01960784313725,13.4,63.0,-0.0546875,-0.046875,0.62,-6.25,5.46875
2201.5,92,57.5,38.03921568627451,42,16.5,88.23529411764706,13.5,65.0,-0.00390625,0.0234375,0.62,-6.25,6.25
2213.5,93,57.25,38.03921568627451,42,17.0,88.62745098039215,13.5,66.0,-0.06640625,-0.05078125,0.625,-6.25,6.25
2214.75,93,59.0,39.6078431372549,42,17.0,89.01960784313725,13.5,68.0,-0.0078125,0.01953125,0.63,-4.6875,7.03125
2268.5,93,63.25,43.13725490196079,41,17.0,92.15686274509804,13.4,70.0,-0.046875,-0.0625,0.635,-5.46875,4.6875
2308.75,93,64.25,43.92156862745098,41,17.0,93.33333333333333,13.4,71.0,-0.0703125,0.03125,0.64,-6.25,3.90625
2321.0,93,62.25,44.31372549019608,40,18.0,93.33333333333333,13.5,73.0,-0.078125,-0.05859375,0.64,-7.8125,4.6875
2322.25,93,63.25,43.92156862745098,40,18.0,92.15686274509804,13.4,75.0,0.03125,0.0390625,0.64,-5.46875,5.46875
2332.75,93,63.0,44.705882352941174,39,18.0,92.94117647058823,13.4,77.0,-0.0546875,-0.00390625,0.645,-6.25,3.90625
2352.25,93,65.75,45.09803921568628,39,18.0,92.15686274509804,13.5,78.0,0.0390625,0.0234375,0.645,-4.6875,5.46875
2356.5,93,64.0,41.568627450980394,39,19.5,89.41176470588235,13.5,80.0,0.0078125,0.00390625,0.645,-4.6875,6.25
2349.0,93,61.0,41.568627450980394,39,13.5,89.80392156862744,13.5,81.0,-0.02734375,-0.01171875,0.655,-6.25,3.90625
1992.75,93,53.25,38.8235294117647,39,11.0,90.19607843137256,13.5,82.0,0.0546875,0.08203125,0.655,-3.125,9.375
1990.25,93,53.25,40.3921568627451,39,12.0,90.19607843137256,13.4,83.0,-0.00390625,0.046875,0.665,-1.5625,10.15625
1981.0,93,55.0,40.3921568627451,39,12.5,88.62745098039215,13.4,85.0,-0.03125,-0.0234375,0.67,-3.125,9.375
1994.5,93,54.25,39.6078431372549,39,12.5,89.80392156862744,13.5,86.0,-0.05859375,-0.15234375,0.68,-3.90625,8.59375
1975.5,93,53.25,39.6078431372549,39,12.0,89.80392156862744,13.4,87.0,-0.00390625,-0.0859375,0.68,-3.90625,7.8125
1964.0,93,52.0,37.64705882352941,38,10.5,88.62745098039215,13.4,88.0,0.03515625,0.01171875,0.68,-1.5625,7.8125
1867.0,93,48.5,38.431372549019606,38,8.0,95.29411764705883,13.5,90.0,0.01953125,-0.08984375,0.69,0.0,6.25
1795.0,93,49.25,39.21568627450981,38,9.5,91.76470588235294,13.4,91.0,-0.0546875,-0.0234375,0.7,0.0,0.0
1678.25,93,15.75,17.254901960784313,38,10.5,34.509803921568626,13.5,91.0,-0.328125,-0.4609375,0.695,0.0,0.0
1679.5,93,9.5,14.901960784313726,38,16.5,21.568627450980394,13.5,90.0,-0.3515625,-0.2734375,0.69,0.0,0.0
1679.5,93,9.0,14.901960784313726,39,5.0,19.215686274509803,13.5,90.0,-0.2265625,-0.203125,0.695,0.0,0.0
1666.75,93,8.5,14.509803921568627,39,-2.5,18.431372549019606,13.5,88.0,1.27734375,1.18359375,0.7,0.0,0.0
1655.75,93,8.25,14.509803921568627,39,-2.5,18.03921568627451,13.4,88.0,2.25390625,2.171875,0.675,0.0,0.0
1648.5,93,8.0,14.509803921568627,39,-2.5,18.03921568627451,13.5,88.0,2.234375,2.53125,0.475,0.0,0.0
1629.5,93,8.0,14.509803921568627,39,-2.5,18.03921568627451,13.5,87.0,2.3125,2.30859375,0.435,0.0,0.0
1618.5,93,8.0,14.509803921568627,39,-2.5,17.647058823529413,13.5,87.0,2.5,2.2421875,0.425,0.0,0.0
1611.75,93,7.75,14.117647058823529,39,-2.5,18.03921568627451,13.5,86.0,2.48046875,2.359375,0.42,0.0,0.0
1597.75,93,8.0,14.117647058823529,39,-3.0,18.03921568627451,13.5,85.0,2.5078125,2.3046875,0.41,0.0,0.0
1584.25,93,7.75,14.117647058823529,39,-3.0,18.03921568627451,13.5,85.0,2.515625,2.26171875,0.405,0.0,0.0
1577.75,93,7.75,14.117647058823529,39,-3.0,18.03921568627451,13.4,85.0,2.2421875,2.625,,0.0,0.0
1553.75,93,7.5,14.117647058823529,39,-3.0,18.03921568627451,13.4,83.0,2.359375,2.44921875,0.395,0.0,0.0
1544.75,93,10.75,17.647058823529413,39,25.5,41.1764705882353,13.5,85.0,-0.18359375,-0.7109375,0.39,0.0,0.0
1856.0,93,31.0,23.137254901960784,39,24.5,53.333333333333336,13.5,83.0,-0.1484375,-0.17578125,0.385,0.0,0.0
1614.75,93,27.0,22.352941176470587,39,22.5,58.03921568627451,13.5,83.0,0.00390625,-0.015625,0.385,3.90625,2.34375
1564.75,93,25.75,22.745098039215687,39,21.0,60.78431372549019,13.5,85.0,-0.08203125,-0.0859375,0.465,3.125,0.78125
1573.25,93,14.25,16.862745098039216,39,8.0,38.8235294117647,13.5,85.0,-0.28515625,-0.27734375,0.655,-2.34375,-4.6875
1569.75,93,9.25,14.901960784313726,39,45.5,24.705882352941178,13.5,83.0,-0.17578125,-0.08203125,0.665,-3.90625,-3.90625
1575.75,93,11.5,16.07843137254902,39,41.0,26.666666666666668,13.5,85.0,-0.15234375,-0.19921875,0.675,-3.125,-3.125
1657.0,93,13.25,16.862745098039216,39,41.0,29.019607843137255,13.5,83.0,-0.0625,-0.1015625,0.68,-0.78125,-3.125
1631.25,93,13.75,16.862745098039216,39,39.0,30.980392156862745,13.5,83.0,-0.0546875,-0.07421875,0.68,1.5625,-1.5625
1643.5,93,14.75,17.254901960784313,39,37.5,32.15686274509804,13.4,83.0,-0.10546875,-0.11328125,0.68,1.5625,-0.78125
1638.0,93,15.0,17.254901960784313,39,37.5,32.549019607843135,13.4,83.0,-0.08984375,0.03125,0.675,3.125,0.0
1641.0,93,15.0,17.254901960784313,39,37.5,32.549019607843135,13.5,83.0,-0.12109375,-0.01953125,0.67,2.34375,-0.78125
1643.0,93,14.75,17.254901960784313,39,37.5,32.94117647058823,13.4,83.0,-0.109375,-0.01953125,0.665,1.5625,-0.78125
1640.5,93,14.75,17.254901960784313,39,38.0,32.94117647058823,13.4,83.0,0.0078125,0.00390625,0.67,1.5625,0.78125
1638.0,93,15.0,17.254901960784313,39,38.0,32.94117647058823,13.4,83.0,0.0,-0.01171875,0.67,1.5625,0.78125
1641.75,93,15.25,17.254901960784313,39,38.0,33.333333333333336,13.5,83.0,0.02734375,-0.0234375,0.67,3.125,0.78125
1633.75,93,14.75,17.254901960784313,39,38.0,33.333333333333336,13.5,83.0,0.0,-0.04296875,0.665,3.125,-0.78125
1627.0,93,14.5,17.254901960784313,39,38.0,32.549019607843135,13.4,83.0,0.0078125,0.015625,0.665,2.34375,-0.78125
1635.0,93,14.75,17.254901960784313,39,38.0,32.94117647058823,13.5,83.0,-0.0234375,0.01953125,0.665,2.34375,1.5625
1631.25,93,14.75,17.254901960784313,39,38.0,33.333333333333336,13.5,83.0,-0.00390625,-0.05078125,0.665,1.5625,0.78125
1630.0,93,15.0,17.254901960784313,39,38.0,32.94117647058823,13.4,83.0,-0.015625,-0.0234375,0.665,3.125,-0.78125
1568.5,93,14.5,17.254901960784313,39,36.0,34.11764705882353,13.4,83.0,0.0,0.02734375,0.665,2.34375,1.5625
1558.75,93,14.5,16.862745098039216,39,36.5,34.11764705882353,13.5,83.0,-0.0234375,-0.01953125,0.665,1.5625,0.78125
1560.0,93,12.75,16.470588235294116,39,17.0,31.372549019607842,13.4,83.0,-0.01171875,-0.01953125,0.665,1.5625,0.78125
1542.25,93,7.5,14.117647058823529,39,21.5,20.392156862745097,13.4,83.0,-0.015625,-0.015625,0.66,2.34375,-0.78125
1523.25,93,7.25,14.117647058823529,39,9.0,18.03921568627451,13.5,80.0,-0.09765625,0.0,0.66,0.0,0.0
1467.25,93,7.0,14.117647058823529,39,-4.0,18.823529411764707,13.4,76.0,0.4296875,0.5546875,0.66,0.0,0.0
1405.0,93,6.75,13.72549019607843,39,-4.5,18.823529411764707,13.4,73.0,1.91796875,1.93359375,0.645,0.0,0.0
1378.75,93,6.25,13.72549019607843,39,-4.0,18.03921568627451,13.4,73.0,2.40234375,2.59375,0.415,0.0,0.0
1368.25,93,10.0,16.470588235294116,39,33.0,26.666666666666668,13.5,75.0,1.91015625,1.9375,0.405,0.0,0.0
1587.5,93,26.5,21.96078431372549,38,13.5,55.68627450980392,13.5,73.0,-0.6015625,-0.35546875,0.39,0.0,0.0
2113.0,93,58.25,38.8235294117647,38,12.0,86.27450980392157,13.4,75.0,-0.06640625,-0.05859375,0.39,0.0,10.15625
2403.5,93,63.5,41.568627450980394,38,14.0,89.80392156862744,13.4,76.0,-0.3046875,-0.12109375,0.59,-3.125,10.15625
2349.0,93,64.5,43.13725490196079,38,13.5,91.37254901960785,13.5,78.0,-0.0078125,-0.03515625,0.69,-2.34375,10.9375
2353.5,93,64.0,45.09803921568628,38,13.5,91.76470588235294,13.4,80.0,-0.06640625,-0.0546875,0.71,-2.34375,10.9375
2370.5,93,65.5,45.88235294117647,37,13.5,91.76470588235294,13.4,82.0,-0.1640625,-0.12890625,0.73,-2.34375,11.71875
2374.25,93,65.0,45.490196078431374,37,14.0,91.37254901960785,13.4,85.0,-0.11328125,-0.11328125,0.74,-2.34375,11.71875
2393.75,93,66.25,45.490196078431374,37,14.0,91.76470588235294,13.5,86.0,-0.15625,-0.15234375,0.745,-3.125,10.9375
2379.75,93,65.0,45.490196078431374,37,14.0,91.37254901960785,13.4,87.0,-0.109375,-0.03515625,0.745,-3.125,10.15625
2395.0,93,66.0,45.490196078431374,37,14.0,91.76470588235294,13.5,90.0,-0.0390625,-0.06640625,0.745,-2.34375,10.15625
2388.25,93,62.5,45.490196078431374,37,6.0,94.50980392156863,13.5,91.0,-0.07421875,-0.30078125,0.76,-7.03125,3.125
1927.25,92,47.25,33.333333333333336,37,13.5,81.17647058823529,13.4,92.0,0.07421875,-0.43359375,0.745,0.0,0.0
1733.25,92,11.0,15.686274509803921,37,14.0,26.666666666666668,13.5,92.0,-0.39453125,-0.546875,0.755,0.0,0.0
1705.25,92,9.25,14.901960784313726,37,15.0,20.0,13.4,91.0,-0.38671875,-0.39453125,0.755,0.0,0.0
1674.75,92,9.0,14.509803921568627,37,-2.5,18.823529411764707,13.5,88.0,-0.15234375,-0.234375,0.76,0.0,0.0
1616.0,92,8.25,14.509803921568627,37,-3.0,18.823529411764707,13.5,85.0,1.6640625,1.9609375,0.755,0.0,0.0
1549.0,92,8.0,14.117647058823529,37,-3.0,18.431372549019606,13.3,81.0,2.2734375,2.15234375,0.74,0.0,0.0
1491.0,92,7.5,14.117647058823529,37,-4.0,18.823529411764707,13.4,77.0,2.1484375,2.17578125,0.45,0.0,0.0
1395.75,92,6.75,13.72549019607843,37,-4.5,18.823529411764707,13.4,72.0,2.1328125,2.1875,0.42,0.0,0.0
1329.25,92,6.25,13.72549019607843,37,-5.5,18.823529411764707,13.3,68.0,2.234375,2.55078125,0.405,0.0,0.0
1176.75,92,6.0,12.941176470588236,37,28.5,22.352941176470587,13.4,66.0,2.2109375,2.42578125,0.395,0.0,0.0
897.75,93,5.75,13.72549019607843,38,-7.5,31.372549019607842,13.4,63.0,0.40234375,0.10546875,0.385,0.0,0.0
877.5,93,7.0,14.117647058823529,38,-4.0,33.72549019607843,13.4,60.0,-0.2734375,-0.32421875,0.37,0.0,0.0
1029.0,93,7.5,14.117647058823529,38,4.5,30.58823529411765,13.4,56.0,-0.29296875,-0.22265625,0.36,0.0,0.0
1258.5,93,7.75,14.117647058823529,38,9.5,24.313725490196077,13.4,53.0,-0.1875,-0.15625,0.355,0.0,0.78125
1279.25,93,6.75,14.117647058823529,38,24.5,21.176470588235293,13.4,50.0,-0.06640625,-0.08984375,0.35,3.125,3.125
1203.5,93,7.0,14.117647058823529,38,18.5,22.352941176470587,13.5,47.0,-0.078125,-0.10546875,0.35,5.46875,5.46875
1275.5,93,7.0,13.72549019607843,38,19.5,19.607843137254903,13.3,45.0,-0.1953125,-0.1484375,0.345,5.46875,6.25
1616.0,93,48.5,29.80392156862745,38,12.0,63.92156862745098,13.5,43.0,-0.0546875,0.12890625,0.34,8.59375,10.9375
2280.25,93,47.75,36.86274509803921,38,17.0,69.80392156862744,13.4,46.0,-0.19140625,-0.1953125,0.605,4.6875,5.46875
2380.25,93,51.25,37.64705882352941,38,18.5,76.47058823529412,13.4,48.0,-0.16796875,-0.19140625,0.695,0.0,3.125
2473.75,93,56.5,37.254901960784316,38,19.5,69.80392156862744,13.4,51.0,-0.28515625,-0.3984375,0.71,-2.34375,-2.34375
2231.25,93,18.25,17.647058823529413,38,27.5,28.627450980392158,13.5,50.0,-0.265625,-0.3671875,0.74,-15.625,0.0
2132.5,93,62.0,36.07843137254902,38,15.0,80.3921568627451,13.4,50.0,0.1015625,0.20703125,0.635,1.5625,7.8125
2479.0,93,64.75,39.6078431372549,38,12.0,87.45098039215686,13.5,52.0,-0.09375,0.00390625,0.69,0.0,7.03125
2519.5,93,64.0,38.431372549019606,38,15.5,87.45098039215686,13.4,52.0,-0.0390625,-0.09765625,0.72,0.0,7.8125
2557.75,93,68.75,43.92156862745098,39,16.5,91.37254901960785,13.4,55.0,-0.14453125,-0.09375,0.735,-3.125,7.8125
2536.0,93,66.25,46.27450980392157,39,17.0,91.37254901960785,13.5,56.0,-0.08203125,-0.03125,0.74,-0.78125,9.375
2562.25,92,63.5,35.68627450980392,39,16.5,80.3921568627451,13.4,58.0,-0.0625,-0.1015625,0.74,-2.34375,2.34375
2415.75,92,27.25,20.784313725490197,39,16.5,40.78431372549019,13.4,58.0,-0.28125,-0.51171875,0.755,-17.1875,-19.53125
2266.0,92,13.5,16.470588235294116,39,19.5,20.0,13.5,56.0,0.0078125,0.03515625,0.75,0.78125,1.5625
2350.25,92,54.25,29.80392156862745,39,9.0,62.35294117647059,13.4,56.0,-0.29296875,-0.23046875,0.76,0.0,0.0
2334.5,92,29.25,21.568627450980394,39,21.0,41.1764705882353,13.5,55.0,-0.16796875,-0.203125,0.765,-2.34375,-1.5625
2236.75,92,36.5,28.627450980392158,39,17.0,69.80392156862744,13.4,55.0,-0.41796875,0.203125,0.76,3.125,9.375
2583.0,92,68.0,41.568627450980394,39,18.0,74.11764705882354,13.4,55.0,-0.36328125,-0.22265625,0.755,-0.78125,0.78125
2270.5,92,18.5,18.03921568627451,39,15.5,29.80392156862745,13.5,52.0,-0.22265625,-0.390625,0.765,-14.0625,-17.1875
1994.0,92,10.0,15.294117647058824,39,22.5,17.254901960784313,13.5,48.0,0.08984375,0.1328125,0.76,-10.15625,-11.71875
1779.0,92,56.25,29.80392156862745,39,12.0,62.745098039215684,13.4,48.0,-0.140625,-0.2109375,0.76,0.0,2.34375
2336.25,92,57.0,33.72549019607843,39,7.5,81.17647058823529,13.4,47.0,-0.203125,-0.11328125,0.75,0.0,0.0
2427.75,92,59.25,35.68627450980392,39,15.0,83.52941176470588,13.3,50.0,-0.01953125,0.078125,0.655,1.5625,10.15625
2608.0,92,69.25,42.745098039215684,39,17.0,89.80392156862744,13.5,52.0,-0.109375,-0.078125,0.755,-3.125,7.8125
2454.0,92,65.25,44.31372549019608,39,15.5,90.98039215686275,13.5,55.0,-0.04296875,-0.06640625,0.765,-2.34375,9.375
2503.5,92,65.5,41.1764705882353,39,16.5,87.45098039215686,13.5,56.0,-0.06640625,-0.1796875,0.765,-5.46875,-1.5625
2291.75,92,21.5,18.823529411764707,39,16.5,32.94117647058823,13.4,57.0,-0.21875,-0.42578125,0.78,-18.75,-20.3125
2249.75,92,12.25,16.07843137254902,39,18.5,19.215686274509803,13.4,56.0,0.11328125,0.1640625,0.775,-13.28125,-15.625
2210.5,92,11.5,16.07843137254902,39,8.0,18.03921568627451,13.4,55.0,0.140625,0.1640625,0.775,0.0,0.0
2167.75,92,11.5,15.686274509803921,39,0.5,17.647058823529413,13.5,53.0,1.63671875,2.08984375,0.77,0.0,0.0
2119.75,92,10.5,15.686274509803921,39,0.0,16.862745098039216,13.5,52.0,2.3984375,2.30859375,0.445,0.0,0.0
2074.5,92,10.0,15.294117647058824,39,1.5,16.470588235294116,13.5,51.0,1.796875,1.640625,0.395,0.0,0.0
2034.25,92,12.5,16.470588235294116,39,50.0,20.0,13.5,51.0,0.03515625,-0.04296875,0.365,0.0,0.0
2020.75,92,9.75,15.294117647058824,40,27.0,16.07843137254902,13.4,50.0,-0.08984375,-0.11328125,0.35,0.78125,0.78125
1986.0,92,9.75,15.294117647058824,40,12.5,16.07843137254902,13.5,50.0,-0.11328125,-0.15625,0.335,3.125,1.5625
1958.5,92,9.75,15.294117647058824,40,12.0,16.470588235294116,13.5,48.0,-0.203125,-0.1875,0.32,2.34375,1.5625
1918.75,92,9.5,14.901960784313726,40,12.5,16.470588235294116,13.4,48.0,-0.19140625,-0.16796875,0.305,1.5625,1.5625
1873.75,92,9.0,14.901960784313726,40,14.0,16.470588235294116,13.4,46.0,-0.234375,-0.265625,0.295,0.0,-0.78125
1776.0,92,8.5,14.509803921568627,40,17.0,17.254901960784313,13.5,45.0,-0.24609375,-0.21875,0.285,-0.78125,-1.5625
1663.0,92,8.0,14.509803921568627,40,19.5,17.647058823529413,13.4,42.0,-0.17578125,-0.2109375,0.285,-0.78125,-1.5625
1567.75,92,7.5,14.117647058823529,40,21.0,18.03921568627451,13.4,40.0,-0.1875,-0.2265625,0.28,-0.78125,-2.34375
1473.25,92,7.0,14.117647058823529,40,23.0,18.03921568627451,13.4,37.0,-0.1953125,-0.1796875,0.275,-0.78125,-1.5625
1380.0,92,6.5,13.72549019607843,40,24.5,18.823529411764707,13.3,36.0,-0.15625,-0.125,0.275,0.0,0.0
1298.75,92,6.0,13.72549019607843,40,30.0,18.431372549019606,13.4,35.0,-0.18359375,-0.15234375,0.275,0.0,0.78125
1247.5,92,6.0,13.333333333333334,40,27.5,18.431372549019606,13.5,35.0,-0.1875,-0.19140625,0.275,0.78125,1.5625
1212.75,93,6.0,13.72549019607843,40,24.5,18.823529411764707,13.4,35.0,-0.203125,-0.19140625,0.275,0.78125,1.5625
1192.5,93,6.0,13.72549019607843,40,19.5,19.607843137254903,13.4,35.0,-0.1875,-0.1796875,0.28,0.78125,1.5625
1160.25,93,5.75,13.333333333333334,40,18.0,19.607843137254903,13.4,35.0,-0.1953125,-0.1875,0.335,0.78125,1.5625
1130.25,93,5.5,13.333333333333334,40,20.0,19.607843137254903,13.5,35.0,-0.23046875,-0.23046875,0.525,0.78125,0.78125
1406.25,93,6.75,14.117647058823529,40,10.5,18.431372549019606,13.4,35.0,-0.1953125,-0.18359375,0.685,0.78125,2.34375
1365.75,93,6.5,13.72549019607843,40,11.0,18.823529411764707,13.4,35.0,-0.23828125,-0.1875,0.7,0.0,2.34375
1382.25,93,6.5,13.72549019607843,40,14.0,18.431372549019606,13.4,35.0,-0.28515625,-0.2421875,0.72,-2.34375,0.78125
1397.0,93,6.75,13.72549019607843,40,12.5,18.823529411764707,13.5,35.0,-0.19140625,-0.203125,0.735,-1.5625,0.78125
1398.75,93,6.75,13.72549019607843,40,12.5,18.823529411764707,13.4,35.0,-0.1640625,-0.20703125,0.74,-0.78125,0.78125
1401.75,93,7.0,13.72549019607843,40,12.5,18.431372549019606,13.4,35.0,-0.171875,-0.1953125,0.745,0.0,0.78125
1416.0,93,10.75,15.686274509803921,40,33.5,26.666666666666668,13.5,36.0,-0.109375,-0.11328125,0.745,-3.125,-2.34375
1541.0,93,16.25,17.647058823529413,40,24.5,37.64705882352941,13.5,36.0,-0.1328125,-0.22265625,0.75,-5.46875,-7.8125
1593.0,93,16.0,17.254901960784313,40,36.0,35.294117647058826,13.4,37.0,0.07421875,0.078125,0.74,-3.125,-3.125
1486.0,93,8.75,14.901960784313726,40,13.5,27.45098039215686,13.4,37.0,0.11328125,0.09765625,0.74,2.34375,0.0
1486.0,93,7.25,14.117647058823529,40,21.0,19.215686274509803,13.5,38.0,-0.0390625,0.01953125,0.735,3.125,0.78125
1513.5,93,7.0,14.117647058823529,40,24.5,17.647058823529413,13.5,38.0,-0.15625,-0.01953125,0.735,-0.78125,-1.5625
1545.25,93,7.75,14.117647058823529,40,22.5,18.431372549019606,13.5,38.0,-0.1484375,-0.0703125,0.735,-3.90625,-3.90625
1530.0,93,7.75,14.117647058823529,40,24.0,18.03921568627451,13.5,38.0,-0.02734375,-0.0390625,0.735,-5.46875,-3.125
1524.0,93,7.25,14.117647058823529,40,22.5,18.823529411764707,13.4,37.0,0.015625,-0.0078125,0.735,-4.6875,-3.125
1448.75,93,6.75,13.72549019607843,40,25.5,18.431372549019606,13.4,35.0,-0.02734375,-0.0625,0.73,-3.90625,-3.90625
1378.0,93,6.75,13.72549019607843,40,30.0,18.431372549019606,13.4,33.0,0.02734375,0.04296875,0.73,-3.125,-3.90625
1217.0,93,6.0,13.333333333333334,40,32.0,19.215686274509803,13.4,32.0,0.05078125,0.0546875,0.73,-3.125,-0.78125
1137.0,93,6.5,13.72549019607843,40,23.0,21.176470588235293,13.5,32.0,0.05078125,0.03125,0.725,-1.5625,0.0
1110.0,93,5.25,13.333333333333334,40,18.5,21.568627450980394,13.5,32.0,0.0078125,0.01171875,0.725,0.0,-0.78125
1098.0,93,5.25,13.333333333333334,40,30.5,19.607843137254903,13.5,32.0,-0.0625,-0.0234375,0.725,-1.5625,-0.78125
1157.75,93,16.75,18.03921568627451,41,19.5,42.745098039215684,13.5,32.0,-0.046875,-0.16015625,0.725,-3.90625,-0.78125
1489.75,93,16.75,18.03921568627451,41,29.0,40.78431372549019,13.5,32.0,0.03515625,-0.05859375,0.725,-3.125,-2.34375
1397.5,93,11.5,16.470588235294116,41,34.5,34.509803921568626,13.4,32.0,0.0859375,0.0546875,0.725,1.5625,-1.5625
1401.75,93,13.75,16.862745098039216,41,33.5,36.86274509803921,13.5,32.0,0.00390625,0.00390625,0.72,2.34375,-1.5625
1424.5,93,14.5,17.254901960784313,41,32.0,38.03921568627451,13.5,32.0,0.0,-0.0234375,0.72,0.78125,0.0
1482.5,93,23.75,21.96078431372549,41,14.0,60.78431372549019,13.4,32.0,-0.109375,0.0078125,0.725,1.5625,4.6875
2015.75,93,56.75,39.21568627450981,41,13.5,88.62745098039215,13.5,35.0,-0.296875,0.015625,0.705,0.0,7.8125
2321.0,93,60.5,35.294117647058826,41,17.0,81.96078431372548,13.4,38.0,-0.078125,-0.0078125,0.71,-3.125,6.25
2396.0,93,64.5,41.96078431372549,42,17.0,91.37254901960785,13.4,41.0,0.03515625,0.03515625,0.72,-4.6875,5.46875
2412.5,93,45.25,28.235294117647058,42,19.5,68.23529411764706,13.4,43.0,-0.296875,-0.48828125,0.73,-10.9375,-7.8125
2213.5,93,42.5,26.666666666666668,42,20.0,63.92156862745098,13.5,45.0,0.07421875,0.046875,0.72,-4.6875,-3.90625
2204.5,93,41.0,26.666666666666668,42,21.5,63.529411764705884,13.4,46.0,0.046875,0.01953125,0.71,-3.125,-3.125
2147.0,93,21.0,18.823529411764707,42,14.0,32.94117647058823,13.4,47.0,-0.19140625,-0.25,0.725,-10.9375,-13.28125
1833.25,93,8.5,14.509803921568627,42,24.0,18.431372549019606,13.5,46.0,-0.23046875,-0.1484375,0.725,-16.40625,-15.625
1838.25,93,8.75,14.901960784313726,42,19.5,16.470588235294116,13.4,46.0,0.12109375,0.1171875,0.725,0.78125,1.5625
1940.75,93,40.0,25.49019607843137,42,19.5,59.6078431372549,13.4,46.0,-0.09765625,-0.08984375,0.73,0.0,0.0
2160.0,93,35.75,24.705882352941178,43,13.5,54.11764705882353,13.5,47.0,0.046875,-0.03515625,0.725,0.0,-2.34375
1920.75,93,40.0,28.627450980392158,43,13.5,66.27450980392157,13.4,48.0,-0.0078125,0.1171875,0.71,3.125,8.59375
2187.5,93,22.0,19.215686274509803,43,15.5,31.764705882352942,13.4,48.0,-0.3125,-0.47265625,0.74,0.0,0.0
1876.0,93,8.75,14.901960784313726,43,23.0,19.215686274509803,13.4,47.0,-0.37890625,-0.34765625,0.74,-6.25,-8.59375
1818.75,93,8.5,14.509803921568627,43,16.5,17.254901960784313,13.4,46.0,-0.01953125,0.046875,0.74,-7.8125,-7.03125
1777.75,93,8.75,14.901960784313726,43,19.5,16.862745098039216,13.4,43.0,0.0546875,0.04296875,0.74,-5.46875,-3.90625
1713.75,93,8.25,14.509803921568627,43,20.0,17.647058823529413,13.4,42.0,0.05859375,0.01171875,0.74,-3.90625,-3.125
1680.25,93,7.75,14.509803921568627,43,24.5,17.254901960784313,13.5,42.0,-0.03125,-0.03515625,0.735,-2.34375,-4.6875
1471.5,93,9.0,14.901960784313726,43,43.5,21.568627450980394,13.4,41.0,0.01953125,0.03125,0.735,-1.5625,-3.90625
1461.75,93,18.25,18.431372549019606,43,23.0,39.6078431372549,13.5,41.0,-0.18359375,-0.28515625,0.74,-9.375,-8.59375
1773.5,93,23.75,20.784313725490197,43,24.5,48.627450980392155,13.5,41.0,0.16015625,0.125,0.735,-3.125,-2.34375
1516.0,93,21.0,20.392156862745097,43,25.5,52.549019607843135,13.5,41.0,0.12890625,0.0546875,0.735,3.125,-0.78125
1627.75,93,24.75,21.96078431372549,43,24.0,56.07843137254902,13.4,42.0,-0.09375,-0.06640625,0.735,-0.78125,-3.125
1649.75,93,24.0,21.568627450980394,43,25.5,54.509803921568626,13.4,42.0,-0.01953125,0.0078125,0.735,-0.78125,0.0
1639.25,93,23.75,21.176470588235293,44,26.0,53.72549019607843,13.4,43.0,-0.01953125,-0.0078125,0.735,-1.5625,0.0
1625.75,93,24.0,21.176470588235293,44,26.0,53.72549019607843,13.4,43.0,-0.015625,-0.03125,0.735,-0.78125,-3.90625
1586.25,93,17.5,17.647058823529413,44,14.0,38.03921568627451,13.4,45.0,-0.08984375,-0.08984375,0.735,-3.125,-6.25
1121.75,93,6.75,13.72549019607843,44,7.5,31.372549019607842,13.4,43.0,0.0234375,0.0546875,0.735,-3.90625,-4.6875
1061.25,93,6.0,13.72549019607843,44,14.0,25.49019607843137,13.5,43.0,-0.0546875,-0.04296875,0.735,-5.46875,-3.90625
1031.25,93,8.25,16.07843137254902,44,19.5,31.372549019607842,13.5,42.0,-0.0859375,0.0078125,0.735,-5.46875,-4.6875
1124.25,93,25.5,21.96078431372549,44,12.5,65.49019607843137,13.4,42.0,-0.24609375,-0.64453125,0.74,0.0,0.78125
1895.0,93,48.75,35.68627450980392,44,10.5,87.05882352941177,13.4,43.0,-0.140625,-0.08984375,0.735,0.0,3.125
2166.5,93,59.75,38.431372549019606,44,15.0,87.84313725490196,13.5,45.0,-0.23828125,-0.1171875,0.735,-7.8125,0.0
1917.0,93,23.0,19.607843137254903,45,28.5,43.92156862745098,13.4,46.0,-0.1953125,-0.3671875,0.74,0.0,0.0
1483.0,93,20.25,20.0,45,19.5,51.372549019607845,13.4,45.0,-0.046875,-0.1640625,0.745,0.0,0.0
1633.25,93,29.25,23.92156862745098,45,15.0,63.529411764705884,13.5,46.0,-0.02734375,-0.04296875,0.745,0.0,-2.34375
1801.75,93,31.5,23.92156862745098,45,21.5,59.21568627450981,13.4,46.0,-0.01171875,0.0078125,0.74,-0.78125,-0.78125
1770.0,93,27.75,22.352941176470587,45,26.0,55.294117647058826,13.4,46.0,-0.0859375,-0.06640625,0.745,-3.90625,-2.34375
1653.25,93,24.0,20.784313725490197,45,27.5,50.98039215686274,13.4,46.0,-0.0390625,-0.0546875,0.745,-5.46875,-4.6875
1614.75,93,21.75,20.784313725490197,45,26.0,52.15686274509804,13.4,47.0,0.0234375,-0.03125,0.745,-3.90625,-7.03125
1622.25,93,24.0,21.176470588235293,45,25.5,53.72549019607843,13.4,47.0,0.0078125,-0.04296875,0.745,-3.90625,-7.03125
1651.5,93,24.0,21.176470588235293,45,26.0,52.549019607843135,13.5,47.0,-0.02734375,-0.05859375,0.745,-3.90625,-7.03125
1654.5,93,20.5,19.607843137254903,45,30.5,45.09803921568628,13.4,47.0,-0.06640625,-0.02734375,0.745,-7.03125,-6.25
1522.0,93,12.0,16.07843137254902,45,15.0,34.90196078431372,13.5,47.0,-0.02734375,-0.09765625,0.745,-7.8125,-7.8125
1188.25,93,7.25,14.117647058823529,45,11.0,27.84313725490196,13.4,46.0,-0.00390625,0.05859375,0.745,-5.46875,-7.03125
1135.75,93,5.75,13.333333333333334,45,17.0,23.137254901960784,13.4,46.0,0.0390625,0.07421875,0.745,-3.90625,-5.46875
1076.5,93,5.75,13.333333333333334,45,25.5,22.745098039215687,13.4,42.0,0.01171875,0.03515625,0.745,-5.46875,-3.125
991.0,93,6.0,13.72549019607843,45,21.0,25.098039215686274,13.4,40.0,0.015625,0.03515625,0.745,-3.90625,-2.34375
922.75,93,5.75,13.333333333333334,45,15.0,27.058823529411764,13.4,37.0,0.0390625,0.0546875,0.745,-2.34375,-2.34375
901.25,93,5.5,13.333333333333334,45,14.0,26.666666666666668,13.4,37.0,0.0,0.015625,0.745,-3.90625,-2.34375
863.0,93,4.75,12.941176470588236,45,15.0,26.666666666666668,13.4,36.0,-0.0078125,-0.02734375,0.745,-3.90625,-0.78125
798.75,93,4.75,12.941176470588236,45,19.5,26.666666666666668,13.5,35.0,-0.0703125,-0.13671875,0.745,-5.46875,-3.125
766.5,94,4.75,12.941176470588236,45,17.0,28.235294117647058,13.3,35.0,-0.06640625,-0.09375,0.745,-4.6875,-5.46875
758.0,94,5.0,13.333333333333334,45,13.5,29.41176470588235,13.4,33.0,-0.01171875,0.01953125,0.75,-4.6875,-4.6875
755.0,94,5.0,12.941176470588236,45,11.0,30.58823529411765,13.4,33.0,0.01171875,0.00390625,0.745,-5.46875,-3.125
796.5,94,14.0,17.254901960784313,45,11.0,49.01960784313726,13.4,35.0,-0.30078125,-0.328125,0.745,-10.9375,-7.8125
1341.5,94,24.25,23.529411764705884,45,9.5,67.05882352941177,13.5,33.0,0.08203125,0.06640625,0.75,-5.46875,-6.25
1649.0,94,38.25,34.11764705882353,45,14.0,72.94117647058823,13.4,35.0,0.140625,0.10546875,0.725,1.5625,2.34375
1912.0,94,41.25,35.294117647058826,45,15.0,71.37254901960785,13.5,36.0,-0.04296875,-0.01171875,0.735,-1.5625,3.125
1946.25,94,41.0,35.294117647058826,45,15.5,71.37254901960785,13.4,37.0,-0.04296875,-0.0546875,0.735,-2.34375,0.78125
1946.25,95,41.75,35.68627450980392,45,15.0,71.76470588235294,13.5,38.0,-0.0546875,-0.0703125,0.74,-1.5625,0.78125
1963.5,94,45.5,35.68627450980392,45,15.0,80.7843137254902,13.5,40.0,-0.15234375,-0.0859375,0.74,-6.25,-1.5625
2200.75,95,58.75,39.6078431372549,45,13.5,91.37254901960785,13.4,42.0,-0.16015625,0.08984375,0.755,-7.03125,3.125
2219.75,94,62.25,41.1764705882353,45,14.0,90.98039215686275,13.4,45.0,-0.10546875,-0.01953125,0.765,-5.46875,7.03125
2248.5,95,60.5,41.96078431372549,45,15.0,91.37254901960785,13.4,46.0,-0.1015625,-0.1875,0.79,-5.46875,7.8125
2288.75,94,64.5,43.529411764705884,46,15.0,93.33333333333333,13.4,48.0,-0.13671875,-0.15625,0.81,-5.46875,6.25
2168.5,94,61.0,43.92156862745098,46,12.0,96.47058823529412,13.4,50.0,-0.3515625,-0.3203125,0.82,-8.59375,3.125
2235.0,94,62.25,44.705882352941174,47,13.5,95.29411764705883,13.4,52.0,-0.18359375,-0.15234375,0.815,-7.03125,6.25
2253.25,94,62.75,45.09803921568628,47,14.0,94.11764705882354,13.5,55.0,-0.1796875,-0.1328125,0.815,-6.25,6.25
2278.25,94,64.25,45.09803921568628,47,15.0,94.11764705882354,13.5,56.0,-0.15234375,-0.2109375,0.82,0.0,0.0
1801.0,94,10.25,15.686274509803921,47,29.0,32.549019607843135,13.5,57.0,-0.86328125,-1.12109375,0.85,0.0,0.0
1669.75,94,39.25,32.15686274509804,47,10.5,78.43137254901961,13.5,58.0,0.03515625,0.1484375,0.81,0.78125,5.46875
2158.75,94,58.75,41.1764705882353,47,14.0,92.94117647058823,13.4,60.0,-0.28125,0.0390625,0.805,-7.8125,5.46875
2223.5,94,59.0,41.96078431372549,47,14.0,93.33333333333333,13.5,61.0,-0.01953125,-0.09765625,0.815,-7.03125,6.25
2239.25,94,56.0,34.509803921568626,47,16.5,83.13725490196079,13.3,63.0,-0.01953125,-0.1328125,0.8,-6.25,1.5625
2081.75,94,35.25,23.92156862745098,47,24.5,51.76470588235294,13.4,65.0,-0.13671875,-0.3984375,0.815,0.0,0.0
1516.5,94,8.75,14.901960784313726,47,12.0,29.80392156862745,13.5,65.0,-0.4375,-0.70703125,0.815,0.0,0.0
1192.5,94,7.0,14.117647058823529,46,15.0,23.92156862745098,13.5,65.0,-0.35546875,-0.40625,0.815,0.0,0.0
1206.0,94,6.0,13.72549019607843,46,18.0,20.784313725490197,13.4,66.0,-0.2265625,-0.1796875,0.815,-3.125,-4.6875
1279.75,94,20.25,19.215686274509803,46,13.5,51.76470588235294,13.4,66.0,-0.23828125,-0.12890625,0.825,-9.375,-5.46875
1738.25,94,34.0,25.49019607843137,46,14.0,66.27450980392157,13.5,66.0,0.06640625,0.11328125,0.81,-2.34375,0.0
1817.0,94,40.0,29.80392156862745,46,8.0,89.80392156862744,13.5,68.0,0.11328125,0.12890625,0.79,3.125,5.46875
1646.5,94,44.5,35.68627450980392,46,9.5,93.72549019607843,13.4,70.0,-0.06640625,0.00390625,0.795,-3.90625,3.125
2109.75,94,60.0,40.3921568627451,46,15.0,90.58823529411765,13.5,72.0,0.046875,-0.05859375,0.785,-5.46875,7.03125
2282.5,94,61.25,41.96078431372549,46,15.0,92.15686274509804,13.4,75.0,-0.03125,0.01953125,0.79,-4.6875,8.59375
2302.0,94,60.25,38.431372549019606,46,15.5,88.23529411764706,13.4,76.0,-0.03125,0.07421875,0.785,-3.125,7.8125
2346.75,94,65.25,43.92156862745098,46,16.5,93.33333333333333,13.5,78.0,-0.0390625,-0.12890625,0.8,-5.46875,5.46875
2359.0,95,65.5,45.09803921568628,45,16.5,92.94117647058823,13.4,82.0,0.03515625,0.05078125,0.79,-5.46875,6.25
2059.75,95,56.25,43.92156862745098,45,12.0,94.50980392156863,13.4,83.0,-0.03125,-0.08984375,0.815,-6.25,4.6875
2033.5,95,57.25,43.529411764705884,45,12.5,92.94117647058823,13.5,86.0,-0.078125,-0.02734375,0.815,-4.6875,9.375
2070.75,95,58.25,43.92156862745098,45,12.5,94.90196078431373,13.4,87.0,-0.23828125,-0.203125,0.835,-8.59375,7.03125
2097.75,95,58.5,43.92156862745098,45,12.5,94.50980392156863,13.4,88.0,-0.10546875,-0.0625,0.83,-7.8125,6.25
2094.5,95,58.5,44.31372549019608,45,12.5,94.11764705882354,13.4,90.0,-0.0703125,-0.17578125,0.84,-6.25,6.25
2050.0,95,56.0,43.529411764705884,45,13.5,91.76470588235294,13.4,91.0,-0.1328125,-0.1484375,0.84,-5.46875,7.8125
2019.0,95,57.0,43.529411764705884,45,13.5,92.15686274509804,13.4,93.0,-0.1328125,-0.1953125,0.85,-4.6875,7.8125
2010.25,95,55.5,43.13725490196079,44,12.5,90.98039215686275,13.4,95.0,-0.078125,-0.0625,0.85,-3.125,8.59375
1943.75,95,54.5,42.745098039215684,44,12.0,92.54901960784314,13.5,95.0,-0.0703125,-0.14453125,0.855,-2.34375,7.8125
1880.25,95,37.25,27.058823529411764,44,17.0,58.431372549019606,13.5,96.0,-0.265625,-0.73828125,0.87,0.0,0.0
1777.25,95,11.0,15.686274509803921,43,15.0,23.92156862745098,13.5,95.0,-0.34765625,-0.4765625,0.87,0.0,0.0
1774.25,95,9.5,15.294117647058824,43,12.0,19.215686274509803,13.5,95.0,-0.23828125,-0.1953125,0.865,0.0,0.0
1755.25,95,9.25,14.901960784313726,43,-1.0,18.431372549019606,13.4,93.0,-0.09765625,-0.0234375,0.865,0.0,0.0
1743.75,95,8.25,14.509803921568627,43,-1.5,18.03921568627451,13.4,92.0,1.91015625,1.91796875,0.855,0.0,0.0
1713.25,95,8.5,14.509803921568627,43,-2.5,17.647058823529413,13.4,91.0,2.125,2.47265625,0.815,0.0,0.0
1679.0,95,8.5,14.509803921568627,43,-2.5,18.03921568627451,13.4,88.0,2.19140625,2.55078125,0.395,0.0,0.0
1636.25,95,7.75,14.509803921568627,43,-2.5,18.03921568627451,13.4,86.0,2.50390625,2.23046875,0.355,0.0,0.0
1563.5,95,7.75,14.117647058823529,43,-3.0,18.03921568627451,13.4,81.0,2.33984375,2.40625,0.33,0.0,0.0
1798.0,95,9.0,14.901960784313726,43,0.0,16.07843137254902,13.4,78.0,2.359375,2.51953125,0.3,0.0,0.0
1895.0,96,9.5,14.901960784313726,43,-1.0,17.254901960784313,13.4,75.0,2.50390625,2.63671875,0.27,0.0,0.0
1785.25,96,9.0,14.901960784313726,43,-1.5,17.647058823529413,13.4,70.0,2.48046875,2.43359375,0.255,0.0,0.0
1582.5,96,8.0,14.117647058823529,43,-4.0,19.607843137254903,13.5,67.0,2.5,2.2890625,0.24,0.0,0.0
1234.0,96,6.0,13.72549019607843,43,42.5,19.215686274509803,13.4,66.0,0.6171875,0.5546875,0.225,0.0,0.0
1608.25,96,9.25,15.294117647058824,43,48.5,19.607843137254903,13.5,66.0,-0.08984375,-0.07421875,0.215,0.0,0.0
1627.75,96,8.0,14.509803921568627,43,26.0,18.431372549019606,13.4,66.0,-0.109375,-0.1328125,0.215,0.0,0.0
1501.25,96,7.25,14.117647058823529,43,0.5,19.215686274509803,13.4,65.0,-0.08203125,-0.14453125,0.21,0.0,0.0
1109.5,96,5.5,13.333333333333334,43,1.5,20.784313725490197,13.5,63.0,0.5546875,0.7890625,0.21,0.0,0.0
1105.75,96,6.25,13.72549019607843,43,3.5,22.745098039215687,13.4,62.0,0.01171875,-0.05859375,0.19,0.0,0.0
1234.5,96,6.75,14.117647058823529,43,11.0,21.176470588235293,13.4,61.0,-0.15625,-0.0703125,0.19,0.0,0.0
1423.75,96,7.0,14.117647058823529,43,26.0,18.823529411764707,13.5,60.0,-0.01953125,0.0625,0.19,0.0,0.0
1407.25,96,6.75,14.117647058823529,43,27.0,18.431372549019606,13.4,60.0,0.03125,0.08203125,0.19,0.78125,3.90625
1379.25,96,6.75,14.117647058823529,43,26.0,18.823529411764707,13.5,58.0,0.03125,0.0234375,0.185,3.125,3.125
1373.25,96,6.25,13.72549019607843,43,30.5,18.431372549019606,13.4,57.0,-0.09375,-0.03515625,0.185,1.5625,1.5625
1359.75,96,9.0,14.901960784313726,43,39.5,22.352941176470587,13.4,57.0,-0.03125,-0.01171875,0.19,0.0,2.34375
1536.75,96,20.0,18.823529411764707,43,21.5,45.09803921568628,13.5,57.0,-0.3359375,-0.40625,0.19,-8.59375,-8.59375
1621.0,96,20.0,19.215686274509803,43,33.0,43.92156862745098,13.5,57.0,0.140625,0.1171875,0.2,-0.78125,-2.34375
1618.0,96,19.75,19.215686274509803,43,32.0,45.09803921568628,13.4,58.0,0.0859375,0.03125,0.2,1.5625,-3.125
1799.75,96,38.25,27.058823529411764,43,14.0,69.80392156862744,13.5,58.0,0.0625,0.15234375,0.19,3.125,5.46875
2136.0,96,46.75,29.80392156862745,43,18.0,72.94117647058823,13.5,60.0,-0.14453125,-0.01953125,0.19,-1.5625,5.46875
2048.75,95,41.5,28.235294117647058,43,18.5,69.01960784313725,13.5,61.0,0.0078125,0.03515625,0.205,-1.5625,3.125
1724.0,95,31.5,24.313725490196077,43,15.0,65.09803921568627,13.5,62.0,-0.08984375,-0.26171875,0.21,-2.34375,-6.25
1499.5,95,23.75,22.352941176470587,43,20.0,62.35294117647059,13.4,63.0,-0.0390625,-0.0390625,0.22,-3.90625,-7.8125
1389.0,95,21.0,20.784313725490197,44,23.0,60.0,13.5,63.0,-0.0625,-0.01953125,0.225,-6.25,-6.25
1178.5,95,18.0,20.0,44,20.0,62.745098039215684,13.5,63.0,-0.01171875,0.01171875,0.225,-6.25,-3.90625
1197.5,95,19.0,20.0,44,21.0,63.92156862745098,13.4,63.0,0.0390625,0.00390625,0.225,-2.34375,-5.46875
1204.75,95,19.75,20.784313725490197,44,20.0,63.92156862745098,13.5,65.0,-0.00390625,0.046875,0.225,-2.34375,-3.90625
1210.75,95,20.0,20.784313725490197,44,18.5,65.49019607843137,13.5,65.0,-0.08984375,0.015625,0.225,-5.46875,-1.5625
1215.0,95,20.0,20.784313725490197,44,19.5,64.31372549019608,13.5,65.0,0.0,-0.01171875,0.23,-4.6875,-2.34375
1224.75,95,20.0,20.784313725490197,44,19.5,64.31372549019608,13.5,66.0,0.03125,-0.03515625,0.235,-0.78125,-3.125
1232.25,95,20.25,20.392156862745097,44,20.0,63.13725490196079,13.5,66.0,-0.03515625,-0.02734375,0.235,-1.5625,-4.6875
1245.5,95,20.0,20.784313725490197,44,20.0,62.745098039215684,13.4,66.0,-0.05859375,0.01953125,0.24,-3.90625,-1.5625
1248.75,96,19.0,20.0,44,21.5,60.3921568627451,13.5,67.0,-0.0234375,-0.01953125,0.24,-4.6875,-2.34375
1255.25,96,19.25,19.607843137254903,44,24.0,55.68627450980392,13.5,67.0,0.03515625,-0.125,0.245,-3.125,-5.46875
1557.0,96,12.5,15.686274509803921,44,15.0,34.90196078431372,13.4,66.0,-0.1875,-0.1640625,0.265,-7.8125,-10.15625
1236.5,96,7.5,14.117647058823529,44,13.5,25.88235294117647,13.5,67.0,0.1171875,0.1796875,0.27,-3.125,-3.125
1246.25,96,6.0,13.72549019607843,44,21.5,20.392156862745097,13.5,67.0,0.09375,0.05859375,0.27,-1.5625,-0.78125
1240.0,96,6.0,13.72549019607843,44,30.0,18.823529411764707,13.5,66.0,0.0,0.02734375,0.27,-2.34375,0.0
1231.5,96,5.75,13.72549019607843,44,29.0,18.823529411764707,13.5,66.0,-0.03515625,0.0234375,0.27,-1.5625,-0.78125
1226.0,96,6.0,13.72549019607843,44,23.0,19.215686274509803,13.5,66.0,-0.00390625,0.0234375,0.27,-2.34375,1.5625
1218.75,96,5.75,13.72549019607843,45,24.0,19.215686274509803,13.4,65.0,0.015625,-0.00390625,0.265,-1.5625,1.5625
1206.5,96,5.25,13.333333333333334,45,25.5,18.823529411764707,13.5,65.0,0.0,-0.05078125,0.26,-0.78125,0.78125
1081.5,96,5.75,13.333333333333334,45,33.0,21.176470588235293,13.5,63.0,-0.05859375,-0.0625,0.26,-1.5625,-1.5625
1017.25,96,5.75,13.333333333333334,45,17.0,23.92156862745098,13.4,63.0,-0.00390625,0.0,0.26,-2.34375,0.0
989.75,96,5.25,13.333333333333334,45,15.5,23.92156862745098,13.4,62.0,0.02734375,0.02734375,0.26,-1.5625,0.78125
972.75,96,4.75,12.941176470588236,45,21.0,22.745098039215687,13.4,62.0,0.01171875,0.0,0.255,0.0,-0.78125
944.0,96,5.0,12.941176470588236,45,21.5,22.745098039215687,13.4,61.0,-0.03125,-0.07421875,0.255,-2.34375,-0.78125
1078.25,96,5.0,12.941176470588236,45,16.5,20.0,13.4,60.0,-0.0078125,0.0,0.255,-2.34375,0.0
1117.5,96,5.25,13.333333333333334,45,21.0,19.607843137254903,13.5,60.0,0.02734375,0.03515625,0.255,0.0,0.78125
1112.5,96,5.0,12.941176470588236,45,23.0,19.607843137254903,13.5,60.0,-0.03125,-0.02734375,0.255,0.0,-0.78125
1105.75,96,5.0,13.333333333333334,45,30.5,19.607843137254903,13.4,58.0,-0.01171875,-0.05078125,0.255,0.0,-1.5625
936.25,96,5.5,13.333333333333334,45,21.0,23.92156862745098,13.4,58.0,0.02734375,0.00390625,0.255,-0.78125,0.0
917.25,96,5.25,13.72549019607843,45,32.0,25.098039215686274,13.5,58.0,0.0,0.01171875,0.255,-0.78125,0.78125
1082.75,96,8.75,14.901960784313726,45,21.0,31.372549019607842,13.5,58.0,0.0234375,0.0625,0.255,0.78125,1.5625
1077.25,96,6.75,13.72549019607843,45,4.5,28.627450980392158,13.5,57.0,0.0546875,0.03515625,0.26,3.125,2.34375
995.25,96,5.0,12.941176470588236,45,17.0,23.137254901960784,13.4,57.0,-0.046875,-0.1015625,0.26,0.78125,0.78125
948.25,96,5.0,13.333333333333334,45,19.5,23.137254901960784,13.5,57.0,-0.2109375,-0.22265625,0.26,-3.125,-2.34375
928.75,96,5.0,12.941176470588236,45,19.5,23.92156862745098,13.5,57.0,-0.140625,-0.05859375,0.26,-5.46875,-2.34375
910.0,96,5.0,12.941176470588236,45,32.0,23.92156862745098,13.5,57.0,-0.07421875,-0.06640625,0.26,-4.6875,-4.6875
971.0,96,11.0,15.686274509803921,45,17.0,36.07843137254902,13.4,57.0,-0.0859375,-0.00390625,0.26,-7.03125,-4.6875
1200.5,96,16.5,18.03921568627451,45,14.0,47.84313725490196,13.5,56.0,0.05078125,0.04296875,0.265,-3.90625,-1.5625
1408.0,96,20.75,19.607843137254903,45,15.5,51.76470588235294,13.5,57.0,0.10546875,0.0859375,0.27,2.34375,2.34375
1544.0,96,22.75,20.784313725490197,45,14.0,54.509803921568626,13.5,57.0,-0.03515625,-0.07421875,0.275,1.5625,-0.78125
1610.0,96,26.0,21.568627450980394,45,15.0,57.254901960784316,13.4,57.0,0.015625,0.0234375,0.28,0.0,0.0
1671.75,96,27.25,23.137254901960784,45,15.5,59.21568627450981,13.5,58.0,-0.03515625,0.03125,0.295,0.0,2.34375
1730.25,96,29.5,23.529411764705884,45,16.5,59.6078431372549,13.5,58.0,-0.01953125,-0.0078125,0.33,-1.5625,1.5625
1752.75,96,30.25,23.92156862745098,45,15.5,60.0,13.5,60.0,-0.01953125,-0.04296875,0.41,-0.78125,0.0
1766.75,96,29.75,23.529411764705884,45,18.0,58.431372549019606,13.5,61.0,-0.0390625,-0.05078125,0.53,-1.5625,-2.34375
1774.75,96,29.5,23.137254901960784,45,19.5,57.254901960784316,13.5,61.0,-0.0234375,0.00390625,0.64,-3.90625,-3.125
1694.75,96,23.5,20.0,45,20.0,48.627450980392155,13.4,62.0,-0.125,-0.15234375,0.695,-8.59375,-7.8125
1413.5,96,10.5,14.901960784313726,45,6.0,32.549019607843135,13.5,62.0,0.05859375,0.08203125,0.69,-6.25,-7.03125
1145.5,96,6.75,14.117647058823529,45,7.5,25.49019607843137,13.5,62.0,0.08203125,0.09765625,0.675,-3.125,-4.6875
1044.25,96,6.0,13.72549019607843,45,19.5,23.137254901960784,13.5,62.0,0.01953125,0.0234375,0.665,-4.6875,-2.34375
1177.25,96,17.75,18.431372549019606,45,17.0,46.27450980392157,13.5,62.0,-0.1171875,-0.11328125,0.68,-7.03125,-3.90625
1471.5,96,20.0,19.215686274509803,45,22.5,49.411764705882355,13.5,62.0,0.11328125,0.015625,0.68,-0.78125,-4.6875
1572.75,96,22.25,20.392156862745097,45,22.5,52.15686274509804,13.4,62.0,0.02734375,0.015625,0.67,1.5625,-3.125
1629.0,96,23.5,20.784313725490197,45,24.5,51.76470588235294,13.5,63.0,0.0,0.015625,0.665,0.78125,-0.78125
1638.75,96,22.0,20.392156862745097,45,27.0,49.80392156862745,13.5,63.0,-0.05078125,-0.015625,0.68,-0.78125,0.0
1602.75,96,19.5,18.823529411764707,45,30.0,45.09803921568628,13.4,65.0,-0.00390625,-0.08984375,0.675,0.78125,-2.34375
1500.0,96,15.0,17.647058823529413,45,32.0,40.0,13.5,65.0,0.015625,0.02734375,0.68,1.5625,-2.34375
1429.25,96,14.0,16.862745098039216,45,32.0,37.254901960784316,13.5,65.0,-0.03515625,0.0,0.68,0.0,-0.78125
1369.0,96,12.75,16.470588235294116,45,33.0,36.470588235294116,13.5,65.0,0.02734375,0.0390625,0.67,0.78125,0.78125
1343.75,96,11.5,16.07843137254902,45,24.0,34.509803921568626,13.4,65.0,0.03515625,0.04296875,0.665,3.125,0.78125
1259.0,96,8.0,14.509803921568627,45,39.0,27.058823529411764,13.4,65.0,0.01171875,0.015625,0.665,3.90625,0.78125
1256.0,95,8.5,14.901960784313726,45,39.0,26.666666666666668,13.5,65.0,-0.07421875,-0.0390625,0.665,1.5625,1.5625
1270.0,96,12.5,16.862745098039216,45,25.5,36.07843137254902,13.5,65.0,-0.11328125,-0.1875,0.68,0.0,-1.5625
1352.5,95,13.25,16.862745098039216,45,33.0,36.86274509803921,13.4,65.0,-0.01953125,0.03515625,0.68,0.0,-1.5625
1355.5,95,13.0,16.470588235294116,45,33.0,36.86274509803921,13.4,65.0,0.02734375,-0.00390625,0.675,0.0,-0.78125
1303.0,95,9.25,14.901960784313726,45,15.0,30.58823529411765,13.4,65.0,0.04296875,-0.015625,0.675,1.5625,-0.78125
1224.25,96,7.0,14.117647058823529,45,12.0,26.274509803921568,13.5,65.0,0.0,0.015625,0.67,2.34375,-1.5625
1222.5,95,5.75,13.72549019607843,45,23.0,20.392156862745097,13.5,65.0,-0.109375,-0.05078125,0.67,0.0,-3.125
1175.5,96,6.0,13.72549019607843,45,21.5,20.392156862745097,13.5,65.0,-0.14453125,-0.05859375,0.67,-4.6875,-2.34375
1151.5,96,6.0,13.333333333333334,45,19.5,20.784313725490197,13.4,65.0,-0.11328125,-0.0234375,0.67,-6.25,-2.34375
1129.75,96,5.5,13.333333333333334,45,22.5,20.784313725490197,13.5,65.0,-0.09375,-0.046875,0.665,-6.25,-3.90625
1091.75,95,5.25,13.333333333333334,45,23.0,20.0,13.5,65.0,-0.05859375,-0.03515625,0.67,-7.03125,-4.6875
1060.0,96,5.0,12.941176470588236,45,25.5,20.0,13.4,65.0,-0.01171875,-0.02734375,0.67,-8.59375,-3.90625
1035.0,96,5.0,12.941176470588236,45,26.0,20.392156862745097,13.4,63.0,-0.03515625,-0.0546875,0.67,-8.59375,-4.6875
1015.5,96,5.0,12.941176470588236,45,24.5,20.784313725490197,13.5,63.0,-0.0078125,-0.01953125,0.675,-7.8125,-6.25
1001.5,96,4.75,12.941176470588236,45,23.0,21.568627450980394,13.4,63.0,0.03125,0.0,0.675,-6.25,-5.46875
969.75,96,4.75,12.941176470588236,45,21.0,22.352941176470587,13.4,62.0,0.05078125,0.03125,0.67,-6.25,-3.125
957.0,96,4.5,12.941176470588236,45,24.5,21.96078431372549,13.4,61.0,-0.01953125,-0.04296875,0.67,-7.03125,-3.90625
932.0,96,5.0,12.941176470588236,45,23.0,22.745098039215687,13.4,60.0,-0.03125,-0.03515625,0.675,-6.25,-5.46875
905.75,96,5.0,12.941176470588236,45,21.0,23.92156862745098,13.4,58.0,0.03515625,0.05078125,0.675,-4.6875,-3.90625
883.75,96,4.75,12.941176470588236,45,18.5,24.313725490196077,13.5,58.0,0.06640625,0.04296875,0.665,-4.6875,-1.5625
891.0,96,4.25,12.549019607843137,45,20.0,23.529411764705884,13.5,58.0,0.01953125,-0.0234375,0.67,-3.90625,-1.5625
893.5,96,5.25,13.72549019607843,45,28.5,25.88235294117647,13.4,58.0,-0.0078125,0.01171875,0.67,-3.125,-1.5625
1144.25,96,11.0,16.470588235294116,45,18.0,38.431372549019606,13.5,58.0,0.02734375,0.0625,0.67,-1.5625,-0.78125
1284.75,96,15.0,17.647058823529413,45,16.5,43.92156862745098,13.4,58.0,0.109375,0.109375,0.67,0.78125,3.90625
1370.0,96,11.25,15.686274509803921,45,21.5,35.68627450980392,13.4,58.0,0.078125,0.05859375,0.665,3.90625,6.25
1136.25,96,7.0,14.117647058823529,45,8.0,26.666666666666668,13.5,60.0,0.02734375,0.00390625,0.665,6.25,5.46875
1085.75,96,5.75,13.333333333333334,45,17.0,22.745098039215687,13.4,58.0,-0.046875,-0.07421875,0.665,5.46875,3.90625
1060.0,96,5.5,13.333333333333334,45,21.0,21.96078431372549,13.5,58.0,-0.171875,-0.1171875,0.665,2.34375,1.5625
1021.0,96,5.25,12.941176470588236,45,21.5,21.96078431372549,13.5,58.0,-0.08984375,-0.0234375,0.66,-0.78125,3.125
962.5,96,4.75,12.941176470588236,45,21.0,22.745098039215687,13.4,58.0,-0.06640625,-0.06640625,0.66,-1.5625,1.5625
927.0,96,4.75,12.941176470588236,45,18.5,23.529411764705884,13.5,58.0,-0.11328125,-0.16796875,0.66,-2.34375,-2.34375
996.0,96,12.5,16.470588235294116,45,15.5,40.3921568627451,13.4,58.0,-0.046875,-0.09765625,0.68,-3.125,-3.125
1265.75,96,14.5,17.254901960784313,45,23.0,42.35294117647059,13.5,58.0,0.109375,0.14453125,0.675,0.0,3.125
1364.0,96,22.25,20.392156862745097,45,12.5,54.11764705882353,13.5,60.0,0.01171875,0.015625,0.67,3.125,4.6875
1638.0,96,28.25,23.529411764705884,45,12.5,60.78431372549019,13.5,60.0,-0.015625,0.05859375,0.68,3.90625,3.125
1748.0,96,30.5,24.313725490196077,45,15.5,60.78431372549019,13.5,61.0,-0.04296875,-0.01953125,0.675,3.125,3.125
1762.5,96,25.5,21.568627450980394,45,17.0,54.11764705882353,13.5,62.0,-0.0859375,-0.0625,0.685,-0.78125,2.34375
1654.5,96,21.0,20.0,45,18.0,50.19607843137255,13.5,63.0,0.0,-0.03125,0.69,-0.78125,2.34375
1591.0,96,21.75,19.607843137254903,45,18.0,50.19607843137255,13.4,63.0,0.015625,-0.02734375,0.685,1.5625,0.0
1580.75,96,20.0,18.823529411764707,45,24.0,46.27450980392157,13.5,65.0,-0.08984375,-0.16796875,0.7,-2.34375,-3.90625
1510.0,96,16.75,18.03921568627451,45,30.5,41.568627450980394,13.4,65.0,0.05859375,0.03125,0.695,-0.78125,-2.34375
1462.25,95,16.5,18.03921568627451,45,31.5,41.96078431372549,13.4,66.0,0.0859375,0.01953125,0.69,1.5625,1.5625
1463.5,95,16.0,18.03921568627451,45,32.0,41.96078431372549,13.5,66.0,0.05859375,0.03515625,0.69,3.125,3.90625
1465.25,95,15.25,17.647058823529413,45,32.0,40.78431372549019,13.5,66.0,0.0,-0.02734375,0.685,5.46875,2.34375
1431.75,95,13.5,16.470588235294116,45,32.0,36.470588235294116,13.4,67.0,-0.01953125,0.00390625,0.685,3.90625,2.34375
1292.5,95,8.25,14.509803921568627,45,13.5,29.019607843137255,13.5,67.0,0.04296875,0.0390625,0.685,4.6875,4.6875
1240.75,95,7.0,14.117647058823529,45,16.5,22.745098039215687,13.4,67.0,-0.0390625,-0.05078125,0.685,4.6875,3.125
1170.5,95,5.5,13.333333333333334,45,3.0,20.784313725490197,13.4,67.0,-0.09765625,-0.0625,0.685,3.125,1.5625
915.5,95,6.5,13.72549019607843,45,-1.0,29.019607843137255,13.4,67.0,-0.10546875,-0.046875,0.685,1.5625,0.78125
916.0,95,5.75,13.333333333333334,45,4.5,29.019607843137255,13.4,66.0,-0.1953125,-0.15234375,0.685,-3.125,0.0
1029.0,95,6.25,13.72549019607843,45,10.5,26.666666666666668,13.5,66.0,-0.09765625,-0.03515625,0.685,-4.6875,-0.78125
1124.25,95,7.0,14.117647058823529,45,12.0,24.705882352941178,13.4,66.0,0.03125,0.03125,0.685,-1.5625,-0.78125
1128.5,95,6.0,13.72549019607843,45,18.5,22.352941176470587,13.5,66.0,0.0859375,0.0625,0.685,-0.78125,2.34375
1117.5,95,5.5,13.333333333333334,45,24.0,21.568627450980394,13.5,66.0,0.03515625,0.015625,0.68,0.78125,3.125
1101.0,95,5.5,13.333333333333334,45,22.5,21.568627450980394,13.4,66.0,-0.02734375,-0.09375,0.68,0.78125,0.78125
1082.0,95,5.5,13.333333333333334,45,21.5,21.96078431372549,13.5,66.0,-0.0546875,-0.0234375,0.685,0.0,-0.78125
1040.5,95,4.75,12.941176470588236,45,23.0,21.568627450980394,13.4,65.0,-0.04296875,-0.0234375,0.68,0.0,-0.78125
982.5,95,5.0,12.941176470588236,45,27.0,21.96078431372549,13.4,63.0,-0.02734375,-0.08203125,0.685,-1.5625,-0.78125
925.75,95,5.25,13.333333333333334,45,20.0,23.92156862745098,13.4,62.0,0.0078125,0.0,0.68,-1.5625,-0.78125
917.75,95,5.25,12.941176470588236,45,15.5,24.313725490196077,13.4,62.0,0.0234375,0.046875,0.68,0.78125,-0.78125
914.25,95,5.0,12.941176470588236,45,18.5,23.92156862745098,13.5,62.0,0.0,0.03125,0.68,0.78125,0.0
919.75,95,4.75,12.941176470588236,45,21.5,23.137254901960784,13.5,62.0,-0.05078125,-0.04296875,0.68,-1.5625,0.78125
922.75,95,4.75,12.941176470588236,45,23.0,23.137254901960784,13.4,62.0,-0.01953125,-0.01953125,0.68,-1.5625,0.0
923.25,95,4.75,12.941176470588236,45,21.5,23.137254901960784,13.5,62.0,0.015625,0.01171875,0.68,0.78125,-0.78125
928.25,95,7.0,15.686274509803921,45,23.0,29.41176470588235,13.5,62.0,0.03125,0.03125,0.68,1.5625,0.78125
1376.25,95,19.0,19.215686274509803,45,13.5,49.411764705882355,13.4,62.0,-0.04296875,0.06640625,0.685,0.0,2.34375
1513.0,95,21.0,20.0,45,15.0,52.15686274509804,13.4,63.0,0.04296875,0.046875,0.68,3.125,4.6875
1593.0,95,22.5,20.392156862745097,45,15.5,51.372549019607845,13.5,65.0,-0.0234375,-0.01953125,0.685,3.90625,3.90625
1614.25,95,23.5,20.392156862745097,45,17.0,52.549019607843135,13.5,65.0,-0.01953125,-0.01953125,0.685,3.125,1.5625
1645.5,95,23.25,20.392156862745097,45,18.0,50.98039215686274,13.4,66.0,-0.06640625,-0.015625,0.685,0.78125,2.34375
1647.25,95,23.5,20.392156862745097,45,18.0,51.372549019607845,13.5,67.0,-0.015625,-0.0234375,0.685,0.78125,2.34375
1655.25,95,22.75,20.392156862745097,45,18.5,50.19607843137255,13.5,67.0,-0.01171875,-0.0078125,0.69,2.34375,0.78125
1655.75,95,23.25,20.784313725490197,45,19.5,50.98039215686274,13.4,68.0,-0.04296875,-0.05078125,0.69,1.5625,-0.78125
1683.25,95,24.5,20.784313725490197,45,21.5,51.76470588235294,13.5,70.0,-0.05078125,-0.03515625,0.695,-0.78125,0.0
1707.0,95,25.25,21.176470588235293,45,22.5,52.15686274509804,13.4,70.0,0.01171875,0.00390625,0.695,1.5625,0.78125
1706.5,95,23.0,20.392156862745097,45,28.5,47.450980392156865,13.5,70.0,-0.06640625,-0.109375,0.7,-0.78125,-3.90625
1647.25,95,20.5,18.823529411764707,44,33.0,43.92156862745098,13.4,71.0,-0.00390625,-0.00390625,0.695,-2.34375,-3.125
1521.5,94,14.25,16.862745098039216,44,21.5,35.68627450980392,13.4,71.0,0.01953125,0.01171875,0.695,-0.78125,-0.78125
1328.5,94,8.25,14.509803921568627,44,10.5,27.058823529411764,13.4,70.0,-0.00390625,0.0078125,0.69,0.78125,-1.5625
1294.5,94,6.75,13.72549019607843,44,9.0,20.784313725490197,13.5,70.0,-0.03125,-0.01953125,0.69,0.0,-1.5625
1082.0,94,5.5,13.72549019607843,44,3.0,21.568627450980394,13.4,68.0,0.0,0.0234375,0.685,-0.78125,0.78125
932.0,94,6.5,13.72549019607843,44,0.0,27.058823529411764,13.5,67.0,-0.0234375,0.0,0.69,-1.5625,0.78125
1008.25,94,6.25,13.72549019607843,44,5.0,26.666666666666668,13.5,67.0,0.0,0.03125,0.685,0.0,0.0
1141.75,94,8.75,14.901960784313726,44,32.0,27.45098039215686,13.5,66.0,0.015625,0.04296875,0.685,0.78125,1.5625
1276.0,94,8.75,14.901960784313726,44,35.0,28.235294117647058,13.5,65.0,0.01953125,-0.01171875,0.69,0.78125,2.34375
1281.5,94,10.25,15.686274509803921,44,33.0,30.980392156862745,13.5,65.0,0.04296875,0.00390625,0.685,2.34375,2.34375
1273.75,94,10.75,15.686274509803921,44,34.5,32.15686274509804,13.5,65.0,0.05859375,-0.03125,0.685,4.6875,1.5625
1292.0,94,13.0,16.470588235294116,44,32.0,36.470588235294116,13.5,63.0,0.01953125,-0.01171875,0.685,6.25,1.5625
1325.0,94,11.0,15.686274509803921,44,21.5,33.333333333333336,13.4,63.0,0.015625,0.01171875,0.685,6.25,1.5625
1201.75,94,7.5,14.509803921568627,44,12.0,27.058823529411764,13.4,63.0,0.0546875,0.04296875,0.685,6.25,4.6875
1182.25,94,6.25,13.72549019607843,44,16.5,22.745098039215687,13.5,63.0,-0.03515625,0.01171875,0.685,5.46875,5.46875
1145.0,94,6.25,13.72549019607843,44,19.5,21.568627450980394,13.5,63.0,-0.125,-0.03515625,0.685,4.6875,3.125
1136.25,94,10.75,17.254901960784313,44,18.5,37.254901960784316,13.5,63.0,-0.0859375,0.00390625,0.685,2.34375,0.78125
1422.5,94,22.0,20.392156862745097,44,12.0,53.72549019607843,13.4,62.0,-0.0078125,0.04296875,0.69,1.5625,3.125
1633.75,94,23.0,20.392156862745097,44,15.5,51.76470588235294,13.4,63.0,0.0,0.0234375,0.69,1.5625,3.125
1597.25,94,17.25,17.647058823529413,44,9.0,40.78431372549019,13.5,63.0,-0.09375,-0.0859375,0.69,0.78125,0.0
1366.5,94,13.5,17.647058823529413,44,24.5,41.1764705882353,13.5,65.0,0.0,0.0546875,0.685,2.34375,1.5625
1517.75,94,24.75,21.568627450980394,43,11.0,55.68627450980392,13.4,65.0,-0.00390625,-0.0234375,0.69,0.78125,2.34375
1608.75,94,19.25,18.823529411764707,43,20.0,44.31372549019608,13.4,66.0,-0.04296875,-0.00390625,0.69,0.0,2.34375
1494.0,94,11.0,15.686274509803921,43,18.5,33.72549019607843,13.5,65.0,-0.07421875,-0.06640625,0.69,0.0,0.0
1240.75,93,7.0,14.117647058823529,43,18.5,23.92156862745098,13.5,66.0,-0.03515625,-0.0078125,0.685,-0.78125,0.78125
1246.25,94,6.75,13.333333333333334,43,40.5,21.176470588235293,13.5,66.0,0.03125,-0.03125,0.685,-0.78125,1.5625
1240.75,93,8.0,14.509803921568627,43,37.5,27.84313725490196,13.3,67.0,0.00390625,-0.015625,0.685,-0.78125,0.78125
1419.5,93,18.25,18.823529411764707,43,19.5,44.705882352941174,13.5,67.0,-0.10546875,-0.1328125,0.695,-1.5625,-1.5625
1497.0,93,13.25,16.07843137254902,43,14.0,34.509803921568626,13.4,68.0,0.07421875,-0.0234375,0.69,2.34375,-1.5625
1248.0,93,7.0,14.117647058823529,43,13.5,24.313725490196077,13.5,68.0,0.109375,0.0859375,0.69,6.25,2.34375
1287.0,93,6.25,13.72549019607843,43,8.0,19.215686274509803,13.3,70.0,-0.04296875,0.0078125,0.69,3.90625,3.125
1299.25,93,6.0,13.72549019607843,43,-4.5,18.431372549019606,13.5,70.0,0.11328125,0.0703125,0.685,0.0,0.0
1323.0,93,15.75,17.647058823529413,43,22.5,36.470588235294116,13.4,70.0,0.1875,0.109375,0.685,0.0,0.0
1490.25,93,18.75,18.823529411764707,43,21.5,44.705882352941174,13.5,71.0,-0.19140625,-0.23828125,0.69,-1.5625,-3.125
1577.0,93,16.5,17.254901960784313,43,33.5,36.470588235294116,13.5,72.0,0.05859375,0.04296875,0.69,1.5625,-2.34375
1457.5,93,11.25,16.07843137254902,43,36.0,31.764705882352942,13.5,73.0,0.03125,0.01953125,0.685,3.90625,0.0
1433.0,93,12.5,16.862745098039216,43,36.0,32.549019607843135,13.4,73.0,-0.0078125,0.0078125,0.685,3.125,1.5625
1497.75,93,18.75,18.823529411764707,43,23.0,44.705882352941174,13.4,75.0,-0.16015625,-0.19140625,0.69,0.0,-3.90625
1628.25,93,22.0,20.0,43,24.5,47.450980392156865,13.5,75.0,0.06640625,0.0546875,0.69,2.34375,-2.34375
1381.75,93,18.0,19.215686274509803,42,20.0,51.372549019607845,13.5,75.0,0.08984375,0.11328125,0.69,6.25,0.78125
1400.0,93,15.75,18.03921568627451,42,29.0,45.09803921568628,13.5,75.0,-0.125,-0.05078125,0.685,2.34375,0.78125
1406.25,93,16.25,18.03921568627451,42,30.5,43.92156862745098,13.5,76.0,-0.0234375,-0.03125,0.685,3.90625,0.0
1413.5,93,16.0,18.03921568627451,42,30.5,42.745098039215684,13.4,76.0,0.00390625,0.0234375,0.685,4.6875,0.78125
1416.0,93,16.25,18.03921568627451,42,30.5,43.529411764705884,13.4,76.0,0.0234375,0.03125,0.685,3.90625,3.125
1423.75,93,14.5,17.254901960784313,42,13.5,40.0,13.5,76.0,-0.07421875,-0.0703125,0.68,2.34375,1.5625
1422.0,93,8.25,14.509803921568627,42,15.5,23.529411764705884,13.5,76.0,-0.12890625,-0.01171875,0.685,-0.78125,1.5625
1414.0,93,7.0,14.117647058823529,42,7.5,19.215686274509803,13.4,76.0,-0.08203125,-0.03125,0.685,-0.78125,-0.78125
1404.25,93,6.5,13.72549019607843,42,-4.0,18.431372549019606,13.4,75.0,0.1953125,0.29296875,0.68,0.0,0.0
1397.0,93,14.5,20.784313725490197,42,19.5,43.529411764705884,13.4,73.0,0.79296875,0.6640625,0.43,0.0,0.0
1756.5,93,36.25,26.274509803921568,42,14.0,66.27450980392157,13.4,75.0,-0.18359375,-0.21484375,0.73,0.0,0.0
1779.75,93,36.5,27.45098039215686,42,14.0,75.68627450980392,13.5,76.0,0.0234375,0.05078125,0.71,3.90625,3.90625
1406.75,93,13.5,16.862745098039216,42,10.5,44.705882352941174,13.5,76.0,-0.44921875,-0.48046875,0.75,0.0,0.0
1414.75,93,8.0,16.470588235294116,42,23.0,32.15686274509804,13.4,76.0,-0.29296875,-0.20703125,0.745,0.0,0.0
1624.75,93,19.75,19.215686274509803,42,24.5,44.705882352941174,13.5,76.0,-0.2734375,-0.34375,0.755,-3.90625,-4.6875
1810.25,93,36.5,27.45098039215686,42,15.0,67.45098039215686,13.5,76.0,0.14453125,0.2265625,0.735,6.25,7.03125
1780.25,93,46.25,33.333333333333336,42,10.5,86.66666666666667,13.4,77.0,-0.04296875,-0.07421875,0.685,4.6875,10.15625
1853.0,93,44.5,32.94117647058823,42,13.5,82.3529411764706,13.4,77.0,-0.046875,-0.05859375,0.72,0.0,8.59375
1844.25,93,44.75,32.15686274509804,42,13.5,81.96078431372548,13.5,78.0,0.0234375,0.03125,0.705,1.5625,9.375
1873.0,93,47.75,34.90196078431372,42,12.5,84.70588235294117,13.5,80.0,-0.0546875,-0.05078125,0.725,0.78125,10.15625
1849.75,93,46.75,34.90196078431372,42,12.0,86.27450980392157,13.5,81.0,-0.015625,-0.05859375,0.73,0.78125,7.8125
1796.25,93,39.25,28.627450980392158,42,15.0,76.07843137254902,13.5,82.0,-0.1328125,-0.17578125,0.74,-3.125,-2.34375
1528.75,93,18.5,18.03921568627451,42,16.5,49.411764705882355,13.5,82.0,-0.26953125,-0.5234375,0.75,0.0,0.0
1525.25,93,9.5,14.901960784313726,42,18.0,26.666666666666668,13.5,82.0,-0.5390625,-0.59765625,0.755,0.0,0.0
1505.5,93,7.5,14.117647058823529,42,24.5,19.607843137254903,13.5,81.0,-0.453125,-0.4609375,0.755,-2.34375,-3.90625
1499.5,93,7.5,14.117647058823529,42,6.5,18.823529411764707,13.4,80.0,-0.29296875,-0.21484375,0.755,-7.8125,-7.8125
1470.25,93,7.25,14.117647058823529,42,-4.0,19.215686274509803,13.4,77.0,0.19140625,0.79296875,0.75,0.0,0.0
1419.5,93,6.75,13.72549019607843,42,-4.5,18.823529411764707,13.4,73.0,1.859375,1.9375,0.74,0.0,0.0
1345.75,93,6.75,13.72549019607843,42,-4.5,19.215686274509803,13.5,70.0,1.9609375,2.4609375,0.48,0.0,0.0
1290.25,93,6.25,13.72549019607843,42,-5.5,18.823529411764707,13.4,67.0,2.0390625,2.46875,0.425,0.0,0.0
1094.25,93,5.75,12.941176470588236,42,30.5,21.176470588235293,13.4,52.0,-0.109375,-0.1328125,0.365,1.5625,1.5625
991.0,93,7.0,14.117647058823529,42,13.5,30.19607843137255,13.4,51.0,-0.1015625,-0.07421875,0.36,3.125,3.90625
963.0,93,6.25,13.72549019607843,42,12.5,30.19607843137255,13.5,50.0,-0.22265625,-0.2265625,0.355,2.34375,2.34375
944.0,93,6.25,13.72549019607843,42,13.5,29.019607843137255,13.5,50.0,-0.2890625,-0.25390625,0.35,0.78125,1.5625
937.5,93,6.25,13.72549019607843,42,12.5,29.019607843137255,13.4,48.0,-0.2265625,-0.19140625,0.345,0.78125,2.34375
913.0,93,6.0,13.333333333333334,42,13.5,28.627450980392158,13.4,48.0,-0.21484375,-0.171875,0.345,0.78125,2.34375
925.25,93,15.75,17.647058823529413,42,12.0,49.01960784313726,13.5,48.0,-0.2734375,-0.3671875,0.34,-1.5625,-1.5625
1345.0,93,21.0,20.392156862745097,42,12.5,58.03921568627451,13.5,48.0,0.05078125,0.0390625,0.35,2.34375,3.125
1576.5,93,35.0,29.80392156862745,42,8.0,74.11764705882354,13.5,48.0,-0.08984375,-0.02734375,0.465,1.5625,4.6875
1864.5,93,41.75,35.68627450980392,42,15.0,70.98039215686275,13.5,48.0,-0.1484375,-0.14453125,0.66,0.78125,4.6875
1935.25,93,41.5,36.470588235294116,42,15.0,70.98039215686275,13.5,51.0,-0.13671875,-0.1015625,0.705,0.0,3.90625
1938.25,93,41.5,36.86274509803921,42,15.0,71.37254901960785,13.5,51.0,-0.0390625,-0.14453125,0.735,-0.78125,2.34375
1999.5,93,45.75,37.64705882352941,42,17.0,76.47058823529412,13.4,52.0,-0.01953125,-0.04296875,0.735,1.5625,3.125
2073.25,93,51.75,39.6078431372549,42,16.5,81.56862745098039,13.5,53.0,-0.11328125,-0.1484375,0.74,0.78125,3.125
2139.25,93,55.0,40.78431372549019,42,15.5,83.52941176470588,13.4,55.0,-0.15234375,-0.0234375,0.74,-1.5625,2.34375
2174.5,93,53.0,35.294117647058826,42,17.0,80.0,13.4,56.0,-0.09375,-0.109375,0.735,-3.90625,-0.78125
2047.5,93,40.5,26.274509803921568,42,21.0,64.70588235294117,13.5,57.0,0.00390625,-0.11328125,0.74,-6.25,-7.03125
1796.75,93,30.0,23.137254901960784,42,24.5,58.03921568627451,13.5,58.0,0.05859375,0.015625,0.735,-3.125,-1.5625
1715.5,93,23.25,20.392156862745097,42,27.5,50.588235294117645,13.4,58.0,-0.1796875,-0.16796875,0.74,-7.03125,-7.03125
1571.5,93,15.75,16.862745098039216,42,13.5,39.21568627450981,13.5,58.0,0.04296875,-0.015625,0.74,-7.03125,-7.8125
1110.0,93,7.25,14.117647058823529,42,4.5,31.372549019607842,13.4,57.0,0.05078125,0.06640625,0.735,-3.90625,-7.03125
1071.0,93,6.0,13.72549019607843,42,14.0,25.098039215686274,13.5,57.0,-0.03125,0.04296875,0.735,-4.6875,-6.25
1048.5,93,5.75,13.333333333333334,42,21.0,23.92156862745098,13.5,56.0,-0.03125,0.00390625,0.735,-6.25,-4.6875
1018.0,93,5.75,14.901960784313726,42,24.5,28.627450980392158,13.5,56.0,0.01953125,0.0234375,0.735,-5.46875,-2.34375
1185.25,93,13.5,17.647058823529413,43,18.5,43.529411764705884,13.5,56.0,-0.0703125,-0.16015625,0.73,-3.90625,-6.25
1363.5,93,19.0,19.215686274509803,43,20.0,49.411764705882355,13.4,55.0,0.0703125,0.05078125,0.73,0.0,-3.125
1491.5,93,20.75,20.0,43,21.5,50.588235294117645,13.5,55.0,0.04296875,0.0546875,0.73,0.78125,0.78125
1522.75,93,21.0,20.392156862745097,43,16.5,50.588235294117645,13.4,56.0,0.0546875,0.015625,0.725,3.90625,0.0
1366.5,93,9.25,14.901960784313726,43,3.5,36.07843137254902,13.4,55.0,-0.0546875,-0.00390625,0.725,2.34375,0.0
1060.75,93,15.0,17.647058823529413,43,16.5,45.09803921568628,13.5,55.0,0.0078125,0.03515625,0.725,0.0,-1.5625
1445.75,93,27.75,23.529411764705884,43,12.0,63.13725490196079,13.5,55.0,-0.015625,0.0078125,0.725,-2.34375,-0.78125
1849.75,93,47.75,36.470588235294116,43,11.0,85.88235294117646,13.4,55.0,0.07421875,0.1171875,0.535,0.0,9.375
2164.25,93,60.0,40.0,43,15.0,91.37254901960785,13.5,57.0,-0.0859375,-0.0625,0.73,-6.25,7.8125
2204.5,93,60.0,41.568627450980394,43,15.0,92.54901960784314,13.5,58.0,-0.0390625,-0.05078125,0.74,-3.125,10.9375
2229.0,93,61.25,42.745098039215684,43,15.5,92.15686274509804,13.4,60.0,-0.09375,-0.078125,0.755,-2.34375,10.9375
2283.25,93,61.75,44.31372549019608,,15.5,92.15686274509804,13.4,61.0,-0.01953125,-0.0703125,0.765,-3.90625,8.59375
2272.25,93,62.25,42.35294117647059,43,16.5,91.37254901960785,13.5,62.0,-0.015625,0.04296875,0.755,-3.90625,8.59375
2261.75,93,62.75,41.96078431372549,43,16.5,90.98039215686275,13.5,63.0,0.01953125,-0.0078125,0.75,-3.125,8.59375
2269.75,93,59.0,40.3921568627451,42,17.0,88.62745098039215,13.4,65.0,0.03125,0.01953125,0.75,-3.125,9.375
2265.5,93,61.25,40.3921568627451,42,17.0,88.62745098039215,13.5,67.0,-0.015625,-0.01953125,0.75,-4.6875,8.59375
2263.75,93,60.5,37.64705882352941,42,17.0,85.09803921568627,13.4,68.0,-0.05078125,-0.08984375,0.745,-5.46875,6.25
2222.75,93,55.25,34.11764705882353,42,18.0,81.96078431372548,13.4,70.0,-0.00390625,-0.05078125,0.74,-3.90625,6.25
2204.5,93,53.25,33.333333333333336,42,18.0,79.2156862745098,13.5,70.0,-0.00390625,-0.0078125,0.74,-3.125,5.46875
2192.25,93,51.5,33.72549019607843,42,18.0,80.7843137254902,13.5,71.0,-0.015625,0.03515625,0.73,-3.125,7.03125
2214.25,93,52.75,33.72549019607843,42,18.0,80.0,13.4,72.0,-0.03515625,-0.03515625,0.73,-3.90625,6.25
2213.5,93,53.5,32.94117647058823,42,18.5,78.82352941176471,13.5,73.0,-0.0234375,-0.01171875,0.735,-3.125,3.90625
2176.5,93,34.5,22.745098039215687,42,13.5,49.01960784313726,13.5,73.0,-0.15625,-0.53125,0.74,0.0,0.0
1348.25,93,8.0,14.509803921568627,41,9.5,29.80392156862745,13.4,73.0,-0.515625,-0.6015625,0.755,0.0,0.0
1347.0,93,6.75,13.72549019607843,42,9.0,20.0,13.4,72.0,-0.33203125,-0.31640625,0.755,-4.6875,-5.46875
1334.0,93,6.25,13.72549019607843,42,-4.5,18.823529411764707,13.4,70.0,-0.28125,-0.15625,0.755,0.0,0.0
1287.75,93,6.25,13.72549019607843,42,-5.5,19.215686274509803,13.5,67.0,1.5546875,1.6484375,0.75,0.0,0.0
1231.0,93,6.0,13.333333333333334,42,-5.5,19.215686274509803,13.4,65.0,1.91015625,2.203125,0.74,0.0,0.0
1176.0,93,5.75,13.333333333333334,42,-6.0,20.0,13.5,62.0,2.0,2.40234375,0.445,0.0,0.0
1126.5,93,5.25,13.333333333333334,42,-6.0,20.0,13.5,58.0,2.16015625,2.4453125,0.415,0.0,0.0
935.5,93,5.25,12.941176470588236,42,23.0,25.49019607843137,13.3,57.0,2.21875,2.25390625,0.395,0.0,0.0
831.25,93,6.0,13.72549019607843,42,-10.0,36.07843137254902,13.4,56.0,0.2109375,-0.01953125,0.38,0.0,0.0
1016.0,93,8.0,14.509803921568627,42,0.0,35.294117647058826,13.5,56.0,-0.296875,-0.234375,0.37,0.0,0.0
1472.75,93,38.75,32.15686274509804,42,9.0,76.47058823529412,13.5,56.0,-0.125,0.05078125,0.365,0.78125,3.125
1904.75,93,50.75,44.705882352941174,42,8.0,85.09803921568627,13.5,56.0,-0.14453125,-0.12890625,0.505,0.0,3.125
2207.5,93,66.5,79.2156862745098,42,13.5,99.6078431372549,13.4,57.0,-0.390625,-0.05859375,0.74,-3.125,5.46875
2340.5,93,68.5,86.27450980392157,41,15.0,100.0,13.5,60.0,-0.21875,-0.1953125,0.77,-5.46875,9.375
2361.25,93,62.0,41.96078431372549,41,17.0,90.58823529411765,13.4,61.0,-0.37109375,0.0234375,0.785,-2.34375,13.28125
2283.25,93,63.0,43.13725490196079,41,15.5,92.15686274509804,13.5,62.0,-0.2421875,-0.140625,0.8,-3.125,13.28125
2298.5,93,63.0,44.705882352941174,40,15.5,92.54901960784314,13.5,65.0,-0.17578125,-0.1953125,0.81,-3.125,11.71875
2321.75,93,65.5,45.490196078431374,40,16.5,92.54901960784314,13.5,66.0,-0.1484375,-0.14453125,0.805,-3.125,10.15625
2334.5,93,63.25,45.490196078431374,40,16.5,92.15686274509804,13.5,67.0,-0.109375,-0.125,0.81,-2.34375,10.9375
2338.75,93,63.25,45.490196078431374,39,16.5,92.54901960784314,13.5,68.0,-0.12890625,-0.1171875,0.805,-3.125,10.9375
2347.25,93,65.25,45.490196078431374,39,16.5,92.15686274509804,13.4,71.0,-0.1328125,-0.15625,0.81,-3.90625,8.59375
2357.0,93,63.0,45.490196078431374,39,17.0,90.58823529411765,13.4,72.0,-0.07421875,-0.1171875,0.805,-2.34375,11.71875
2368.75,93,61.75,45.490196078431374,39,18.0,90.58823529411765,13.5,73.0,-0.1015625,-0.09765625,0.805,-0.78125,13.28125
2387.5,93,63.5,45.490196078431374,39,15.0,89.80392156862744,13.5,75.0,-0.125,-0.140625,0.81,-1.5625,11.71875
2393.75,93,65.25,45.490196078431374,39,14.0,90.58823529411765,13.5,76.0,-0.109375,-0.0703125,0.81,-1.5625,11.71875
2369.75,93,64.25,45.490196078431374,39,13.5,90.58823529411765,13.5,77.0,-0.13671875,-0.109375,0.815,-1.5625,12.5
2388.25,93,64.5,45.490196078431374,39,13.5,90.19607843137256,13.5,78.0,-0.1171875,-0.1328125,0.815,-0.78125,12.5
2391.75,93,63.75,45.490196078431374,39,14.0,90.58823529411765,13.4,81.0,-0.08984375,-0.1328125,0.815,-1.5625,11.71875
2410.25,93,64.25,45.88235294117647,38,13.5,90.98039215686275,13.5,82.0,-0.16015625,-0.1640625,0.82,-2.34375,11.71875
2420.5,93,66.25,45.88235294117647,38,14.0,90.19607843137256,13.4,83.0,-0.13671875,-0.14453125,0.82,-1.5625,10.9375
2437.0,93,65.5,45.88235294117647,38,14.0,90.19607843137256,13.4,85.0,-0.125,-0.1171875,0.82,-0.78125,11.71875
2454.0,93,66.25,45.88235294117647,38,14.0,91.76470588235294,13.5,86.0,-0.18359375,-0.17578125,0.825,-1.5625,10.9375
2464.5,93,66.5,45.88235294117647,38,14.0,91.37254901960785,13.5,87.0,-0.1875,-0.265625,0.825,-1.5625,11.71875
2467.5,93,65.75,45.88235294117647,38,14.0,90.58823529411765,13.5,88.0,-0.12890625,-0.08203125,0.82,0.0,11.71875
2498.0,93,74.0,87.05882352941177,38,15.0,99.2156862745098,13.4,90.0,-0.265625,-0.33984375,0.85,-6.25,6.25
2545.75,93,74.25,86.27450980392157,38,15.0,99.2156862745098,13.4,91.0,-0.28515625,-0.25,0.84,-3.90625,7.03125
2564.5,93,73.5,86.27450980392157,38,15.5,98.43137254901961,13.4,92.0,-0.328125,-0.32421875,0.86,-3.125,7.8125
2571.25,93,73.0,86.27450980392157,37,15.0,99.2156862745098,13.5,93.0,-0.3828125,-0.44140625,0.86,-3.90625,7.03125
2592.0,93,75.5,86.27450980392157,37,15.0,99.2156862745098,13.4,95.0,-0.40625,-0.4375,0.865,-3.90625,7.03125
2603.75,93,75.75,86.27450980392157,37,16.5,98.43137254901961,13.4,96.0,-0.37109375,-0.37109375,0.865,-3.125,7.03125
2613.5,93,74.25,86.27450980392157,37,15.5,99.2156862745098,13.5,97.0,-0.38671875,-0.42578125,0.87,-3.125,7.03125
2631.75,93,74.75,86.27450980392157,37,15.5,99.2156862745098,13.5,98.0,-0.47265625,-0.421875,0.875,-2.34375,7.03125
2644.5,93,76.0,86.27450980392157,37,16.5,98.82352941176471,13.4,100.0,-0.40234375,-0.375,0.875,-0.78125,7.8125
2663.5,93,74.5,86.27450980392157,37,17.0,98.82352941176471,13.5,102.0,-0.3828125,-0.40234375,0.875,-0.78125,7.8125
2673.75,93,78.5,86.27450980392157,37,17.0,98.82352941176471,13.6,102.0,-0.37890625,-0.40234375,0.88,-0.78125,7.8125
2686.0,93,77.5,86.27450980392157,37,16.5,99.2156862745098,13.6,103.0,-0.37890625,-0.4375,0.88,-0.78125,7.8125
2709.25,93,77.5,86.27450980392157,37,17.0,99.2156862745098,13.5,105.0,-0.375,-0.37890625,0.88,0.0,7.8125
2706.25,94,79.5,86.27450980392157,37,17.0,98.82352941176471,13.6,106.0,-0.3671875,-0.390625,0.885,0.78125,8.59375
2720.75,94,76.5,86.27450980392157,37,18.0,98.43137254901961,13.6,107.0,-0.38671875,-0.3671875,0.885,0.78125,7.8125
2733.0,94,78.0,86.27450980392157,37,18.0,98.82352941176471,13.6,108.0,-0.4140625,-0.37890625,0.885,0.0,8.59375
2749.5,94,79.5,86.27450980392157,37,18.0,98.43137254901961,13.6,110.0,-0.39453125,-0.390625,0.89,0.0,8.59375
2765.5,94,80.5,86.27450980392157,37,18.5,98.43137254901961,13.6,111.0,-0.42578125,-0.35546875,0.895,-0.78125,7.03125
2773.25,94,77.75,86.27450980392157,36,18.5,97.6470588235294,13.6,112.0,-0.34765625,-0.30078125,0.89,0.78125,8.59375
2793.5,94,81.75,86.27450980392157,36,18.5,97.6470588235294,13.6,113.0,-0.42578125,-0.62109375,0.895,-0.78125,7.03125
2374.25,94,17.5,17.254901960784313,36,7.5,29.80392156862745,13.6,113.0,-0.5625,-0.77734375,0.9,-13.28125,-14.0625
2059.75,94,11.75,16.07843137254902,37,8.0,19.607843137254903,13.6,112.0,0.015625,0.06640625,0.895,0.0,0.0
1901.0,94,10.5,15.294117647058824,37,-1.5,18.823529411764707,13.5,110.0,1.6015625,1.5,0.89,0.0,0.0
1677.75,94,9.0,14.509803921568627,37,-2.5,19.607843137254903,13.5,107.0,2.2890625,2.046875,0.875,0.0,0.0
1531.25,94,7.75,14.117647058823529,37,-4.0,18.823529411764707,13.6,103.0,2.34375,2.12890625,0.52,0.0,0.0
1381.75,94,6.75,13.72549019607843,37,-4.5,19.607843137254903,13.6,98.0,2.3515625,2.46484375,0.345,0.0,0.0
1211.5,94,6.0,13.333333333333334,38,-5.5,19.215686274509803,13.6,96.0,2.34375,2.16796875,0.29,0.0,0.0
1029.0,94,5.0,12.941176470588236,38,0.0,20.392156862745097,13.6,92.0,1.5078125,1.46875,0.255,0.0,0.0
1259.0,95,6.25,13.72549019607843,38,5.0,19.215686274509803,13.6,86.0,-0.07421875,-0.16796875,0.225,0.0,0.0
1413.5,95,6.75,13.72549019607843,38,17.0,18.03921568627451,13.6,81.0,-0.3203125,-0.19921875,0.215,0.0,0.0
1419.5,95,7.0,14.117647058823529,38,15.5,19.215686274509803,13.6,76.0,-0.19921875,-0.109375,0.205,0.0,0.0
1345.75,95,6.5,13.72549019607843,38,19.5,18.823529411764707,13.6,73.0,-0.12890625,-0.08203125,0.2,1.5625,2.34375
1329.75,95,50.25,27.45098039215686,38,8.0,69.41176470588235,13.5,73.0,-0.375,0.015625,0.21,1.5625,3.90625
2182.0,95,57.0,38.431372549019606,38,13.5,89.80392156862744,13.6,75.0,-0.28515625,-0.17578125,0.45,0.0,2.34375
1921.75,95,51.0,38.8235294117647,38,11.0,89.01960784313725,13.6,76.0,-0.0703125,0.06640625,0.71,-0.78125,13.28125
1926.75,96,52.75,41.1764705882353,38,12.0,90.98039215686275,13.5,77.0,-0.08984375,-0.109375,0.775,0.0,14.84375
1920.75,96,22.5,19.607843137254903,37,16.5,49.01960784313726,13.6,77.0,-0.390625,-1.05078125,0.805,0.0,0.0
1445.75,96,8.5,14.901960784313726,38,9.0,27.84313725490196,13.6,77.0,-0.14453125,-0.359375,0.81,0.0,0.0
1433.5,96,7.0,14.117647058823529,38,13.5,20.392156862745097,13.6,75.0,-0.07421875,-0.25,0.81,-0.78125,-0.78125
1381.0,96,7.0,14.117647058823529,38,-2.5,20.0,13.6,71.0,-0.015625,-0.11328125,0.81,0.0,0.0
1281.5,96,6.5,13.72549019607843,38,-5.5,19.607843137254903,13.6,66.0,1.59765625,1.76171875,0.8,0.0,0.0
1170.5,96,6.0,13.333333333333334,38,-6.0,20.0,13.6,61.0,2.13671875,2.2890625,0.79,0.0,0.0
1047.75,96,6.0,13.72549019607843,38,0.0,22.352941176470587,13.6,55.0,1.34765625,0.86328125,0.38,0.0,0.0
1007.0,96,6.25,13.72549019607843,38,1.5,23.137254901960784,13.6,50.0,-0.09375,-0.1484375,0.305,0.0,0.0
1216.25,96,6.5,13.72549019607843,38,8.0,21.176470588235293,13.6,47.0,-0.25,-0.16015625,0.26,0.0,0.0
1041.25,96,6.25,13.72549019607843,38,18.5,23.92156862745098,13.6,43.0,-0.19140625,-0.1328125,0.24,0.0,0.0
1019.75,96,5.75,13.333333333333334,38,15.0,24.705882352941178,13.5,40.0,-0.15625,-0.1328125,0.225,0.78125,0.78125
962.5,96,5.5,13.333333333333334,38,12.5,25.098039215686274,13.6,38.0,-0.14453125,-0.0859375,0.215,1.5625,3.125
1065.5,96,5.0,12.941176470588236,39,12.0,20.0,13.6,37.0,-0.1796875,-0.15625,0.21,2.34375,3.90625
1194.25,96,5.5,13.333333333333334,39,17.0,18.823529411764707,13.6,36.0,-0.23046875,-0.2421875,0.205,1.5625,2.34375
1159.5,96,5.5,13.333333333333334,39,20.0,19.607843137254903,13.6,35.0,-0.22265625,-0.25,0.205,0.78125,1.5625
1229.75,96,24.25,21.568627450980394,39,12.0,52.549019607843135,13.6,35.0,-0.3125,-0.27734375,0.21,-4.6875,-1.5625
1771.0,96,27.5,20.392156862745097,39,7.5,50.588235294117645,13.6,35.0,0.00390625,-0.05078125,0.215,3.125,2.34375
1639.25,96,18.0,21.176470588235293,39,16.5,56.07843137254902,13.6,36.0,-0.015625,-0.06640625,0.225,4.6875,6.25
1786.25,96,18.75,18.823529411764707,38,-2.5,45.490196078431374,13.6,36.0,-0.34375,-0.3828125,0.27,0.0,0.0
1552.0,96,42.0,31.764705882352942,38,-4.0,67.45098039215686,13.6,35.0,0.10546875,0.046875,0.41,3.90625,3.90625
1830.25,96,29.0,29.80392156862745,38,-1.5,63.13725490196079,13.6,35.0,-0.12109375,-0.14453125,0.705,0.0,0.0
1641.0,96,12.25,15.686274509803921,38,7.5,31.372549019607842,13.6,35.0,-0.48046875,-0.546875,0.765,-6.25,0.0
1427.5,96,40.5,30.19607843137255,38,11.0,77.25490196078431,13.6,36.0,0.1015625,0.1875,0.675,3.125,7.03125
2277.0,96,61.0,40.3921568627451,38,17.0,88.62745098039215,13.6,40.0,-0.10546875,0.0546875,0.695,0.0,9.375
2401.0,96,64.5,42.35294117647059,38,17.0,89.41176470588235,13.6,41.0,-0.13671875,-0.14453125,0.76,-3.125,10.15625
2429.75,96,66.0,44.31372549019608,38,14.0,90.19607843137256,13.6,43.0,-0.140625,-0.1171875,0.77,-1.5625,11.71875
2535.25,96,68.0,46.666666666666664,37,11.0,90.98039215686275,13.6,46.0,-0.09375,-0.13671875,0.78,-1.5625,10.15625
2576.75,96,68.0,45.09803921568628,37,16.5,90.19607843137256,13.5,47.0,-0.10546875,-0.17578125,0.79,0.0,10.9375
2619.5,96,70.5,47.05882352941177,37,16.5,90.98039215686275,13.6,50.0,-0.13671875,-0.171875,0.805,0.78125,10.15625
2705.0,96,71.25,48.23529411764706,37,16.5,91.76470588235294,13.6,53.0,-0.0703125,-0.15625,0.815,3.125,10.9375
2772.0,96,72.75,48.627450980392155,37,17.0,90.58823529411765,13.5,57.0,-0.1171875,-0.171875,0.825,3.90625,10.15625
2852.0,96,79.0,49.01960784313726,36,18.0,91.37254901960785,13.5,60.0,-0.203125,-0.1796875,0.835,3.125,9.375
2911.75,96,80.0,50.588235294117645,36,15.5,94.90196078431373,13.6,63.0,-0.1171875,-0.26171875,0.855,3.125,8.59375
3031.0,96,83.5,86.27450980392157,36,18.0,99.2156862745098,13.6,67.0,-0.234375,-0.29296875,0.875,1.5625,5.46875
3137.0,96,88.25,85.88235294117646,36,18.5,98.82352941176471,13.6,71.0,-0.296875,-0.33984375,0.88,3.125,6.25
3211.0,96,96.25,86.27450980392157,36,19.5,100.0,13.6,73.0,-0.36328125,-0.37890625,0.89,2.34375,5.46875
3292.0,96,96.75,86.27450980392157,36,21.0,100.0,13.6,77.0,-0.30859375,-0.38671875,0.895,1.5625,4.6875
3378.25,96,101.5,86.27450980392157,36,21.0,100.0,13.6,80.0,-0.3671875,-0.4296875,0.895,1.5625,4.6875
3510.5,96,107.25,86.27450980392157,36,23.0,100.0,13.6,83.0,-0.44140625,-0.39453125,0.895,0.78125,4.6875
3591.25,96,107.5,86.27450980392157,36,23.0,100.0,13.6,86.0,-0.390625,-0.38671875,0.895,2.34375,6.25
3689.5,96,106.0,86.27450980392157,36,17.0,100.0,13.6,88.0,-0.4921875,-0.5390625,0.91,2.34375,4.6875
2832.5,96,83.75,86.27450980392157,36,9.0,98.03921568627452,13.6,91.0,-0.4921875,-0.38671875,0.9,-2.34375,2.34375
2868.5,96,82.25,86.27450980392157,36,14.0,98.82352941176471,13.6,93.0,-0.421875,-0.37890625,0.905,-1.5625,1.5625
2904.5,96,81.5,86.27450980392157,36,15.5,98.03921568627452,13.6,95.0,-0.33984375,-0.44921875,0.905,0.0,3.125
2938.0,96,82.0,86.27450980392157,36,17.0,98.03921568627452,13.6,97.0,-0.4453125,-0.3984375,0.9,-0.78125,3.125
2921.75,96,81.75,86.27450980392157,36,18.0,98.82352941176471,13.5,98.0,-0.36328125,-0.42578125,0.91,0.0,3.125
2965.0,96,85.0,86.27450980392157,36,18.0,98.43137254901961,13.6,101.0,-0.453125,-0.4375,0.905,0.0,3.125
2993.0,96,83.5,86.27450980392157,36,18.0,97.6470588235294,13.5,102.0,-0.3671875,-0.35546875,0.905,0.0,3.90625
3016.25,96,84.5,86.27450980392157,36,18.5,97.6470588235294,13.6,105.0,-0.46875,-0.390625,0.905,0.78125,3.125
3042.5,96,87.25,86.27450980392157,36,18.5,98.43137254901961,13.6,106.0,-0.390625,-0.40625,0.905,0.78125,3.90625
3079.75,96,87.75,86.27450980392157,35,21.0,98.82352941176471,13.5,107.0,-0.4453125,-0.44921875,0.91,0.0,3.125
3096.75,96,88.75,86.27450980392157,35,17.0,99.6078431372549,13.6,110.0,-0.4296875,-0.4375,0.915,0.0,3.125
3123.0,96,88.5,86.27450980392157,35,18.0,98.82352941176471,13.6,111.0,-0.390625,-0.38671875,0.91,0.78125,3.90625
3136.5,97,90.75,86.27450980392157,35,18.0,99.2156862745098,13.6,113.0,-0.39453125,-0.39453125,0.91,1.5625,3.90625
3166.5,97,90.75,86.27450980392157,35,18.0,99.6078431372549,13.5,115.0,-0.375,-0.421875,0.91,0.78125,3.125
3190.25,97,91.25,86.27450980392157,35,18.0,100.0,13.6,116.0,-0.41015625,-0.421875,0.91,0.78125,3.125
3208.0,97,92.0,86.27450980392157,35,18.0,100.0,13.5,118.0,-0.40234375,-0.38671875,0.91,0.78125,2.34375
3225.5,97,98.5,86.27450980392157,35,18.0,100.0,13.6,120.0,-0.421875,-0.421875,0.915,0.0,2.34375
3261.0,97,93.0,86.27450980392157,35,18.5,100.0,13.6,121.0,-0.4140625,-0.4609375,0.92,0.0,2.34375
3280.5,97,91.25,86.27450980392157,35,18.5,100.0,13.6,122.0,-0.453125,-0.4453125,0.915,0.78125,3.125
3313.5,97,95.75,86.27450980392157,35,17.0,100.0,13.6,123.0,-0.44921875,-0.421875,0.915,0.0,2.34375
3348.25,97,98.25,86.27450980392157,35,17.0,100.0,13.5,125.0,-0.40625,-0.3984375,0.915,0.0,2.34375
3378.25,97,97.25,44.31372549019608,35,3.0,79.6078431372549,13.6,126.0,-0.66015625,-0.96484375,0.93,-11.71875,-11.71875
3083.25,97,19.75,18.823529411764707,35,6.0,21.96078431372549,13.6,125.0,0.078125,0.10546875,0.915,0.0,0.0
2976.0,97,17.25,18.03921568627451,36,3.5,20.392156862745097,13.5,123.0,2.18359375,2.203125,0.895,0.0,0.0
2922.25,97,16.75,17.647058823529413,36,3.5,19.215686274509803,13.5,122.0,2.40625,2.43359375,0.29,0.0,0.0
2879.5,97,16.0,17.647058823529413,36,3.5,18.823529411764707,13.6,120.0,2.44140625,2.46484375,0.175,0.0,0.0
2819.75,97,15.25,17.254901960784313,36,3.5,18.823529411764707,13.6,116.0,2.46484375,2.48046875,0.13,0.0,0.0
2698.25,97,14.5,16.862745098039216,36,3.5,18.431372549019606,13.5,112.0,2.44140625,2.54296875,0.11,0.0,0.0
2585.25,97,14.0,16.470588235294116,36,3.5,18.03921568627451,13.6,108.0,2.4296875,2.44140625,0.1,0.0,0.0
2485.75,97,13.0,16.470588235294116,36,3.0,17.647058823529413,13.6,105.0,2.46875,2.42578125,0.095,0.0,0.0
2392.5,98,12.25,16.07843137254902,36,2.0,17.254901960784313,13.6,100.0,2.390625,2.54296875,0.09,0.0,0.0
2272.25,97,11.75,15.686274509803921,36,0.5,16.862745098039216,13.5,96.0,2.48828125,2.40625,0.085,0.0,0.0
2145.75,98,10.75,15.294117647058824,36,0.0,16.470588235294116,13.5,92.0,2.4296875,2.48828125,0.08,0.0,0.0
2030.0,97,10.0,15.294117647058824,37,0.0,16.470588235294116,13.6,88.0,2.46484375,2.3984375,0.08,0.0,0.0
1883.5,97,9.25,14.901960784313726,37,-1.0,16.470588235294116,13.5,83.0,2.53515625,2.66015625,0.08,0.0,0.0
1730.75,97,8.5,14.509803921568627,37,-2.5,18.03921568627451,13.5,77.0,2.28515625,2.625,0.075,0.0,0.0
1478.75,97,7.25,14.117647058823529,37,-4.0,18.823529411764707,13.6,71.0,2.2734375,2.359375,0.075,0.0,0.0
1197.5,97,6.0,13.333333333333334,37,0.0,20.0,13.5,66.0,2.31640625,2.03515625,0.075,0.0,0.0
1168.75,97,6.0,13.333333333333334,37,2.0,20.0,13.6,60.0,0.14453125,0.0546875,0.08,0.0,0.0
1258.5,97,6.25,13.72549019607843,37,8.0,19.607843137254903,13.5,56.0,-0.19921875,-0.18359375,0.09,0.0,0.0
1289.5,97,6.25,13.72549019607843,37,16.5,19.215686274509803,13.5,52.0,-0.21484375,-0.1171875,0.095,0.0,0.0
1261.5,97,6.25,13.72549019607843,37,19.5,19.215686274509803,13.6,52.0,-0.09765625,-0.01953125,0.105,0.78125,1.5625
1265.25,97,6.0,13.72549019607843,37,24.0,18.823529411764707,13.5,52.0,-0.06640625,-0.0390625,0.11,3.90625,4.6875
1237.0,97,5.75,13.333333333333334,37,28.5,18.431372549019606,13.6,52.0,-0.1328125,-0.12109375,0.11,4.6875,5.46875
1387.75,97,40.75,29.019607843137255,37,9.0,68.62745098039215,13.6,53.0,-0.17578125,0.078125,0.125,1.5625,4.6875
2213.0,97,59.75,39.21568627450981,37,13.5,87.84313725490196,13.5,56.0,-0.28515625,0.0,0.32,0.0,6.25
2343.75,97,62.25,41.568627450980394,36,16.5,88.23529411764706,13.6,58.0,-0.15234375,-0.0859375,0.67,-3.90625,8.59375
2415.75,98,63.75,43.529411764705884,36,17.0,89.80392156862744,13.6,62.0,-0.08984375,-0.08984375,0.74,-3.125,10.15625
2424.75,97,67.0,45.88235294117647,36,14.0,91.76470588235294,13.6,63.0,-0.17578125,-0.21484375,0.775,-3.125,9.375
2486.5,97,65.75,46.27450980392157,36,15.5,90.98039215686275,13.6,66.0,-0.0859375,-0.13671875,0.795,-2.34375,9.375
2538.25,97,66.75,46.666666666666664,36,16.5,90.58823529411765,13.6,68.0,-0.03125,-0.1171875,0.81,-0.78125,9.375
2551.75,97,67.75,46.666666666666664,36,16.5,90.98039215686275,13.6,70.0,-0.15625,-0.140625,0.83,-1.5625,8.59375
2529.25,97,67.5,46.666666666666664,36,14.0,91.37254901960785,13.6,72.0,-0.23828125,-0.1796875,0.86,-3.90625,7.03125
2285.75,97,61.25,45.09803921568628,36,13.5,91.37254901960785,13.6,73.0,-0.0625,-0.078125,0.865,-3.90625,7.03125
2269.75,97,62.5,45.09803921568628,36,15.0,91.37254901960785,13.6,75.0,-0.22265625,-0.1875,0.88,-3.90625,8.59375
2328.25,97,62.75,45.490196078431374,35,16.5,90.58823529411765,13.6,75.0,-0.05078125,-0.078125,0.88,-3.125,8.59375
2358.25,97,65.0,45.490196078431374,35,16.5,89.80392156862744,13.6,76.0,-0.12109375,-0.09375,0.88,-2.34375,7.8125
2106.25,97,57.25,44.31372549019608,35,13.5,90.58823529411765,13.6,76.0,-0.10546875,-0.1171875,0.885,-3.125,7.8125
2050.75,97,57.75,43.92156862745098,35,14.0,91.76470588235294,13.6,76.0,-0.19140625,-0.109375,0.89,-3.90625,7.8125
1923.0,97,53.25,42.745098039215684,35,12.0,93.72549019607843,13.6,76.0,-0.05859375,-0.15625,0.89,0.0,9.375
1834.0,97,49.75,41.96078431372549,35,11.0,93.33333333333333,13.6,76.0,-0.1796875,-0.20703125,0.895,0.78125,10.15625
1797.25,97,49.0,41.568627450980394,36,10.5,94.90196078431373,13.6,76.0,-0.15234375,-0.2265625,0.9,0.78125,7.03125
1736.25,97,48.75,41.1764705882353,36,9.5,98.03921568627452,13.6,77.0,-0.15234375,-0.171875,0.9,0.0,0.0
1451.25,97,10.25,15.686274509803921,36,30.5,40.78431372549019,13.6,77.0,-0.6484375,-0.91015625,0.91,0.0,0.0
1434.25,97,8.25,14.509803921568627,36,21.5,23.137254901960784,13.6,76.0,-0.4765625,-0.42578125,0.915,0.0,0.0
1431.25,97,7.25,14.117647058823529,36,18.0,20.784313725490197,13.6,76.0,-0.2578125,-0.16796875,0.91,-3.125,-1.5625
1370.75,97,7.0,14.117647058823529,36,-1.5,20.0,13.5,71.0,-0.171875,-0.0390625,0.91,0.0,0.0
1304.25,97,6.25,13.72549019607843,36,-5.5,19.607843137254903,13.6,68.0,0.9609375,1.27734375,0.905,0.0,0.0
1260.25,97,6.25,13.72549019607843,36,-5.5,19.215686274509803,13.6,67.0,1.99609375,1.97265625,0.89,0.0,0.0
1266.25,97,29.25,21.96078431372549,36,13.5,53.72549019607843,13.6,67.0,-0.8828125,-0.96875,0.825,0.0,0.0
1690.0,97,29.25,23.529411764705884,36,21.0,57.254901960784316,13.6,67.0,-0.265625,-0.234375,0.825,-0.78125,-0.78125
1651.0,98,30.75,24.313725490196077,36,18.5,65.09803921568627,13.6,67.0,-0.078125,-0.11328125,0.815,1.5625,0.0
1267.5,98,11.75,16.07843137254902,36,1.5,44.31372549019608,13.5,67.0,-0.10546875,-0.1171875,0.825,1.5625,0.0
1256.5,98,7.5,14.117647058823529,36,4.5,27.058823529411764,13.6,67.0,-0.140625,-0.12109375,0.83,2.34375,0.78125
1245.0,98,6.75,13.72549019607843,36,12.5,21.176470588235293,13.5,66.0,-0.140625,-0.109375,0.825,3.125,3.125
1230.25,98,5.75,13.333333333333334,36,20.0,19.215686274509803,13.6,65.0,-0.296875,-0.25390625,0.825,0.78125,1.5625
1198.0,98,5.75,13.333333333333334,36,22.5,18.823529411764707,13.6,63.0,-0.3671875,-0.29296875,0.825,-2.34375,0.0
1167.5,99,5.75,13.333333333333334,36,21.0,19.215686274509803,13.6,61.0,-0.25390625,-0.12109375,0.825,-3.125,-2.34375
1129.0,99,5.5,13.333333333333334,36,23.0,20.0,13.5,60.0,-0.15234375,0.0,0.825,-3.125,-1.5625
1002.75,99,5.0,12.941176470588236,37,33.0,21.96078431372549,13.6,56.0,-0.01171875,0.0234375,0.825,-3.125,-0.78125
909.25,99,5.25,12.941176470588236,37,19.5,24.313725490196077,13.6,53.0,-0.0078125,0.015625,0.825,-3.125,-0.78125
883.75,99,4.75,12.941176470588236,37,14.0,25.098039215686274,13.6,53.0,-0.03125,0.0,0.82,-3.90625,-1.5625
971.5,99,20.5,20.0,37,11.0,66.27450980392157,13.6,52.0,-0.3828125,-0.4609375,0.82,0.0,0.0
1804.0,99,41.0,32.549019607843135,36,13.5,69.01960784313725,13.6,53.0,0.08203125,0.140625,0.805,3.90625,6.25
2063.5,99,44.0,36.07843137254902,36,17.0,69.01960784313725,13.6,55.0,0.0,0.0,0.805,3.125,5.46875
2107.5,99,44.0,36.470588235294116,36,17.0,68.62745098039215,13.5,56.0,0.0,-0.01953125,0.8,2.34375,4.6875
1954.75,99,40.25,36.07843137254902,36,15.5,70.98039215686275,13.5,57.0,-0.12109375,-0.10546875,0.805,-0.78125,3.125
1878.5,99,41.0,36.470588235294116,36,16.5,73.33333333333333,13.6,58.0,-0.07421875,0.02734375,0.795,-0.78125,3.125
1937.75,99,43.0,32.94117647058823,36,17.0,74.11764705882354,13.6,60.0,-0.01171875,-0.0234375,0.8,-0.78125,0.0
1948.0,99,42.5,30.19607843137255,36,17.0,73.33333333333333,13.6,61.0,-0.0234375,-0.03125,0.795,-0.78125,0.0
1972.5,99,42.0,29.41176470588235,36,18.0,72.15686274509804,13.6,62.0,-0.0078125,-0.00390625,0.795,-1.5625,0.78125
1959.0,99,42.25,29.019607843137255,36,18.5,71.76470588235294,13.6,63.0,-0.03515625,0.0390625,0.79,-2.34375,1.5625
1958.0,99,40.75,29.019607843137255,36,18.5,72.15686274509804,13.6,65.0,0.05078125,0.03515625,0.79,0.0,1.5625
1956.0,99,40.0,27.058823529411764,36,19.5,65.88235294117646,13.6,66.0,-0.05078125,-0.12890625,0.79,-3.90625,-3.90625
1826.75,99,29.25,23.137254901960784,36,24.5,57.254901960784316,13.6,67.0,-0.03125,-0.0703125,0.795,-5.46875,-4.6875
1762.5,99,29.0,23.137254901960784,36,21.0,57.254901960784316,13.6,67.0,0.01953125,0.03125,0.79,-3.125,-1.5625
1776.5,99,30.5,23.529411764705884,36,20.0,58.03921568627451,13.6,68.0,0.046875,0.015625,0.79,0.78125,-1.5625
1803.5,99,29.5,23.529411764705884,36,21.0,56.86274509803921,13.6,68.0,-0.0234375,-0.03125,0.785,0.78125,-1.5625
1817.5,99,29.0,23.529411764705884,36,21.0,56.07843137254902,13.6,70.0,-0.0390625,-0.01171875,0.79,-1.5625,-0.78125
1832.75,99,30.5,23.529411764705884,36,21.0,55.68627450980392,13.6,71.0,-0.0078125,-0.03515625,0.79,-2.34375,-1.5625
1838.25,99,31.0,23.529411764705884,36,21.0,55.68627450980392,13.6,71.0,0.03125,-0.0546875,0.79,0.0,-3.90625
1854.75,99,30.25,23.529411764705884,36,21.0,55.294117647058826,13.6,72.0,0.015625,-0.05859375,0.79,0.0,-3.90625
1876.0,99,31.25,23.529411764705884,36,21.0,55.68627450980392,13.6,72.0,-0.015625,-0.03125,0.785,-1.5625,-2.34375
1893.25,99,31.25,23.529411764705884,36,21.0,55.68627450980392,13.6,73.0,0.00390625,0.02734375,0.785,-2.34375,-1.5625
1900.0,99,31.0,23.92156862745098,36,21.5,55.68627450980392,13.6,75.0,-0.0078125,0.04296875,0.785,0.0,-2.34375
1920.0,99,31.0,23.529411764705884,36,21.5,54.509803921568626,13.6,75.0,-0.015625,0.0078125,0.785,0.0,-2.34375
1933.5,99,30.75,23.529411764705884,36,23.0,53.333333333333336,13.6,76.0,-0.015625,-0.015625,0.785,-1.5625,-1.5625
1950.5,99,32.0,23.529411764705884,36,23.0,53.72549019607843,13.5,76.0,-0.02734375,0.04296875,0.78,-1.5625,-0.78125
1961.5,99,31.75,23.529411764705884,36,23.0,52.94117647058823,13.6,77.0,-0.015625,-0.05078125,0.785,0.78125,-1.5625
1978.0,99,31.25,23.529411764705884,36,23.0,52.94117647058823,13.6,77.0,-0.01171875,-0.0078125,0.78,1.5625,-2.34375
1987.25,99,31.75,23.529411764705884,36,23.0,52.549019607843135,13.6,78.0,-0.0546875,0.0234375,0.78,0.0,-0.78125
2011.0,99,31.75,23.137254901960784,36,24.0,52.15686274509804,13.6,80.0,-0.046875,-0.0078125,0.78,1.5625,-2.34375
2033.0,99,32.75,23.529411764705884,36,24.0,51.76470588235294,13.5,80.0,0.01953125,0.0,0.78,1.5625,-1.5625
2046.5,99,32.5,23.137254901960784,36,24.5,51.76470588235294,13.6,81.0,-0.05859375,-0.03125,0.78,-0.78125,-3.125
2056.75,99,31.25,22.745098039215687,36,26.0,50.588235294117645,13.6,81.0,-0.015625,0.03515625,0.78,-1.5625,-0.78125
2006.75,99,12.5,15.686274509803921,36,13.5,20.784313725490197,13.6,81.0,-0.06640625,-0.07421875,0.78,0.78125,-0.78125
1961.5,99,9.75,14.901960784313726,36,11.0,16.862745098039216,13.6,76.0,0.03515625,0.01171875,0.78,0.78125,-1.5625
1815.0,99,9.0,14.901960784313726,36,-1.5,16.862745098039216,13.6,71.0,-0.05078125,0.40625,0.78,0.0,0.0
1652.0,99,8.5,14.509803921568627,36,-2.5,18.03921568627451,13.6,65.0,2.01171875,2.359375,0.755,0.0,0.0
1333.0,99,6.75,13.333333333333334,36,-1.5,20.0,13.5,58.0,2.06640625,1.8671875,0.32,0.0,0.0
1152.25,99,6.25,13.333333333333334,36,0.5,21.176470588235293,13.5,53.0,0.08203125,-0.05859375,0.235,0.0,0.0
1139.5,99,6.0,13.72549019607843,36,6.5,21.568627450980394,13.6,48.0,-0.29296875,-0.2890625,0.19,0.0,0.0
1118.0,99,6.5,13.72549019607843,36,7.5,22.745098039215687,13.6,46.0,-0.375,-0.32421875,0.175,0.0,0.0
