RPM,COOLANT_TEMP,MAF,THROTTLE_POS,INTAKE_TEMP,TIMING_ADVANCE,ENGINE_LOAD,ELM_VOLTAGE,SPEED,O2_S1_WR_CURRENT,O2_S5_WR_CURRENT,O2_B2S2,SHORT_FUEL_TRIM_1,SHORT_FUEL_TRIM_2
1281.0,94,6.25,13.72549019607843,46,12.5,19.607843137254903,13.6,68.0,-0.1796875,-0.23046875,0.445,3.125,4.6875
1210.25,94,5.75,13.333333333333334,46,12.5,18.823529411764707,13.6,68.0,-0.2578125,-0.26171875,0.445,1.5625,3.125
1206.0,94,5.75,13.333333333333334,46,14.0,18.823529411764707,13.5,68.0,-0.15234375,-0.171875,0.445,3.125,3.125
1221.75,94,5.75,13.333333333333334,46,10.5,18.431372549019606,13.6,68.0,-0.14453125,-0.1171875,0.445,3.90625,5.46875
1279.25,94,6.25,13.72549019607843,46,14.0,18.823529411764707,13.6,68.0,-0.19921875,-0.1875,0.445,3.90625,5.46875
1281.0,94,6.5,13.72549019607843,46,13.5,19.215686274509803,13.6,68.0,-0.18359375,-0.17578125,0.445,3.90625,5.46875
1282.75,94,6.0,13.72549019607843,46,14.0,18.823529411764707,13.6,68.0,-0.19921875,-0.20703125,0.445,3.90625,5.46875
1270.0,94,6.0,13.72549019607843,46,14.0,19.215686274509803,13.6,68.0,-0.1875,-0.234375,0.445,3.90625,5.46875
1230.25,94,6.0,13.72549019607843,46,10.5,19.215686274509803,13.6,70.0,-0.21875,-0.21484375,0.445,3.90625,4.6875
1224.75,94,5.75,13.333333333333334,46,11.0,19.215686274509803,13.6,68.0,-0.27734375,-0.27734375,0.445,2.34375,3.125
1243.25,94,23.0,20.0,46,16.5,47.05882352941177,13.6,70.0,-0.40234375,-0.4140625,0.445,-4.6875,-5.46875
1762.5,94,29.5,23.137254901960784,46,18.0,57.64705882352941,13.7,71.0,0.06640625,0.0234375,0.445,2.34375,-1.5625
1338.5,94,22.25,22.352941176470587,45,18.5,63.529411764705884,13.6,71.0,0.04296875,0.08203125,0.445,7.03125,3.90625
1345.75,94,23.5,22.352941176470587,45,18.0,64.70588235294117,13.6,72.0,-0.109375,-0.11328125,0.445,7.03125,3.125
1408.0,94,23.5,22.745098039215687,45,19.5,63.92156862745098,13.6,73.0,-0.1328125,-0.10546875,0.45,5.46875,2.34375
1408.0,94,23.25,22.352941176470587,45,20.0,62.35294117647059,13.6,75.0,-0.11328125,-0.11328125,0.45,3.90625,1.5625
1432.25,94,23.0,22.352941176470587,45,21.5,61.1764705882353,13.6,76.0,-0.06640625,-0.06640625,0.445,2.34375,0.0
1420.25,94,23.25,22.352941176470587,45,21.5,61.1764705882353,13.6,77.0,0.02734375,-0.0078125,0.445,1.5625,1.5625
1444.5,94,22.75,21.96078431372549,45,22.5,60.3921568627451,13.6,77.0,-0.046875,-0.04296875,0.45,0.0,-0.78125
1456.25,94,23.75,22.352941176470587,44,21.0,61.568627450980394,13.6,78.0,-0.04296875,-0.05078125,0.45,0.78125,-3.125
1483.0,94,25.0,23.137254901960784,44,21.5,63.13725490196079,13.6,80.0,0.015625,0.015625,0.45,1.5625,-2.34375
1558.0,94,27.0,23.529411764705884,44,21.0,62.745098039215684,13.6,81.0,-0.06640625,-0.0078125,0.45,0.0,-3.90625
1524.5,94,23.0,21.176470588235293,44,25.5,56.86274509803921,13.6,81.0,-0.109375,-0.0703125,0.445,-4.6875,-5.46875
1519.75,94,11.75,15.686274509803921,44,10.5,32.94117647058823,13.6,82.0,-0.0078125,0.03515625,0.445,-4.6875,-5.46875
1520.75,94,8.0,14.509803921568627,44,15.0,20.392156862745097,13.6,82.0,0.00390625,0.015625,0.45,-2.34375,-4.6875
1519.0,94,7.75,14.117647058823529,44,5.0,18.823529411764707,13.6,81.0,0.0390625,0.046875,0.445,-1.5625,0.0
1516.5,93,7.5,14.117647058823529,45,-4.0,18.823529411764707,13.6,81.0,0.4140625,0.234375,0.45,0.0,0.0
1504.5,93,7.25,14.117647058823529,45,-4.0,18.431372549019606,13.6,81.0,1.96484375,2.3515625,0.445,0.0,0.0
1489.25,93,7.0,14.117647058823529,45,-3.0,18.03921568627451,13.6,80.0,2.3515625,2.18359375,0.45,0.0,0.0
1472.0,93,7.25,14.117647058823529,45,-4.0,18.431372549019606,13.6,78.0,2.328125,2.53515625,0.445,0.0,0.0
1455.0,93,7.0,14.117647058823529,45,-4.0,18.431372549019606,13.6,77.0,2.51953125,2.25390625,0.445,0.0,0.0
1431.75,93,7.0,14.117647058823529,45,-4.0,18.823529411764707,13.6,76.0,2.54296875,2.19921875,0.44,0.0,0.0
1405.0,93,6.75,13.72549019607843,45,-4.5,18.823529411764707,13.5,73.0,2.1953125,2.69921875,0.445,0.0,0.0
1350.5,93,6.5,13.72549019607843,45,-4.5,18.431372549019606,13.6,71.0,2.47265625,2.40234375,0.445,0.0,0.0
1323.0,93,6.25,13.72549019607843,45,-1.5,20.784313725490197,13.6,71.0,2.4375,2.4375,0.445,0.0,0.0
960.0,93,5.0,13.333333333333334,45,-2.5,23.92156862745098,13.6,71.0,0.82421875,0.21875,0.445,0.0,0.0
1116.25,93,5.75,13.333333333333334,45,5.0,20.784313725490197,13.5,71.0,-0.0625,-0.09375,0.445,0.0,0.0
1227.25,93,6.0,13.72549019607843,45,13.5,18.823529411764707,13.6,71.0,-0.1484375,-0.12890625,0.445,0.0,0.0
1293.75,93,6.0,13.72549019607843,45,18.0,18.823529411764707,13.6,71.0,-0.0859375,-0.00390625,0.445,0.0,0.78125
1309.75,93,6.25,13.72549019607843,45,31.5,21.96078431372549,13.6,72.0,-0.046875,0.0078125,0.445,3.125,3.125
1873.0,93,51.25,36.86274509803921,45,8.0,83.92156862745098,13.6,73.0,-0.125,-0.0703125,0.445,3.125,6.25
2014.75,93,53.25,39.21568627450981,44,12.0,89.01960784313725,13.6,75.0,-0.171875,0.109375,0.445,3.125,11.71875
1836.5,93,49.5,40.0,43,10.5,92.15686274509804,13.6,77.0,-0.09765625,-0.06640625,0.45,4.6875,16.40625
1911.0,93,52.5,42.35294117647059,42,10.5,94.50980392156863,13.6,78.0,-0.0703125,-0.0859375,0.45,3.125,16.40625
1873.75,93,53.25,42.745098039215684,42,11.0,93.33333333333333,13.6,81.0,-0.109375,-0.15625,0.45,3.90625,15.625
1829.75,93,50.5,42.35294117647059,42,10.5,94.11764705882354,13.6,83.0,-0.22265625,-0.23828125,0.45,3.90625,15.625
1809.5,93,52.25,42.35294117647059,42,9.0,96.47058823529412,13.6,85.0,-0.2421875,-0.2734375,0.45,3.125,14.0625
1742.5,93,48.5,41.568627450980394,41,7.5,97.6470588235294,13.6,87.0,-0.12890625,-0.1796875,0.45,2.34375,10.9375
1719.25,93,48.25,41.1764705882353,41,6.5,98.82352941176471,13.6,88.0,-0.1796875,-0.140625,0.46,0.0,7.8125
1658.75,93,47.25,40.3921568627451,41,6.5,98.82352941176471,13.6,90.0,-0.171875,-0.1953125,0.45,0.0,6.25
1694.75,93,47.25,40.78431372549019,40,7.5,98.03921568627452,13.6,92.0,-0.09765625,-0.11328125,0.45,2.34375,9.375
1728.5,93,49.0,41.568627450980394,40,7.5,98.82352941176471,13.6,93.0,-0.22265625,-0.1328125,0.45,-0.78125,7.8125
1762.0,93,49.5,41.1764705882353,40,9.0,96.47058823529412,13.6,96.0,-0.1015625,-0.140625,0.46,-0.78125,7.8125
1804.75,93,49.25,40.78431372549019,40,10.5,92.94117647058823,13.6,97.0,-0.0390625,-0.03515625,0.46,1.5625,10.9375
1833.25,93,49.25,40.3921568627451,40,11.0,92.15686274509804,13.6,100.0,-0.01171875,0.02734375,0.46,2.34375,11.71875
1867.0,93,50.25,41.96078431372549,39,11.0,91.76470588235294,13.6,101.0,-0.04296875,0.05859375,0.45,0.0,13.28125
1886.5,93,49.25,41.1764705882353,39,12.0,90.19607843137256,13.6,102.0,-0.00390625,0.01171875,0.46,0.78125,11.71875
1920.0,93,16.5,17.647058823529413,39,9.5,32.94117647058823,13.6,103.0,-0.3984375,-0.71484375,0.46,0.0,0.0
1904.25,93,11.5,16.07843137254902,40,8.0,20.392156862745097,13.6,103.0,-0.29296875,-0.28125,0.46,0.0,0.0
1923.75,93,11.0,15.686274509803921,41,-1.0,18.431372549019606,13.6,103.0,-0.0703125,-0.046875,0.46,0.0,0.0
1918.75,93,10.0,15.294117647058824,41,-1.0,17.647058823529413,13.6,103.0,2.265625,2.1015625,0.46,0.0,0.0
1921.75,93,10.0,15.294117647058824,42,-1.5,17.254901960784313,13.6,103.0,2.4609375,2.34765625,0.445,0.0,0.0
1917.5,93,9.75,14.901960784313726,42,-1.0,16.862745098039216,13.6,102.0,2.40234375,2.41796875,0.45,0.0,0.0
1906.5,93,9.25,14.901960784313726,42,-1.0,16.470588235294116,13.6,102.0,2.41796875,2.50390625,0.445,0.0,0.0
1883.5,93,9.25,14.901960784313726,42,-1.0,16.470588235294116,13.6,101.0,2.4453125,2.40234375,0.445,0.0,0.0
1870.5,93,9.5,14.901960784313726,42,-1.0,16.862745098039216,13.6,100.0,2.4921875,2.42578125,0.445,0.0,0.0
1851.0,93,9.25,14.901960784313726,42,-1.0,16.470588235294116,13.6,100.0,2.54296875,2.3203125,0.445,0.0,0.0
1848.0,93,9.0,14.901960784313726,42,-1.0,16.470588235294116,13.6,98.0,2.53125,2.33203125,0.45,0.0,0.0
1828.0,93,8.75,14.901960784313726,42,-1.0,16.470588235294116,13.6,98.0,2.50390625,2.65234375,0.445,0.0,0.0
1814.5,93,8.75,14.901960784313726,42,-1.0,16.470588235294116,13.6,97.0,2.56640625,2.35546875,0.445,0.0,0.0
1781.0,92,8.75,14.509803921568627,42,-1.5,16.862745098039216,13.6,93.0,2.41796875,2.60546875,0.445,0.0,0.0
1716.75,92,8.25,14.509803921568627,42,-2.5,17.254901960784313,13.6,90.0,2.578125,2.3046875,0.445,0.0,0.0
1641.75,92,8.0,14.509803921568627,42,-2.5,17.647058823529413,13.5,86.0,2.30078125,2.671875,0.445,0.0,0.0
1584.25,92,7.75,14.117647058823529,42,-3.0,18.03921568627451,13.6,83.0,2.32421875,2.7109375,0.445,0.0,0.0
1537.25,92,7.25,14.117647058823529,42,-3.0,18.03921568627451,13.6,81.0,2.3203125,2.7109375,0.445,0.0,0.0
1478.25,92,7.25,14.117647058823529,42,-5.5,20.392156862745097,13.6,77.0,2.45703125,2.3828125,0.445,0.0,0.0
971.0,92,5.25,12.941176470588236,43,1.5,20.392156862745097,13.6,75.0,1.40234375,1.07421875,0.445,0.0,0.0
1152.25,92,5.5,13.333333333333334,43,8.0,18.823529411764707,13.6,72.0,0.05078125,0.0,0.445,0.0,0.0
1186.5,92,5.5,13.333333333333334,43,10.5,18.823529411764707,13.6,71.0,-0.04296875,-0.04296875,0.445,0.0,0.0
1203.5,92,5.5,13.333333333333334,43,12.0,18.823529411764707,13.6,71.0,-0.03125,-0.01171875,0.44,0.0,0.0
1225.5,92,5.75,13.333333333333334,43,12.0,18.823529411764707,13.6,70.0,-0.01171875,0.01171875,0.445,2.34375,3.125
1219.25,92,5.75,13.333333333333334,43,12.0,18.823529411764707,13.6,70.0,-0.0390625,-0.03515625,0.445,6.25,6.25
1239.0,92,5.75,13.333333333333334,44,17.0,18.431372549019606,13.6,70.0,-0.1796875,-0.21875,0.445,6.25,5.46875
1424.5,91,18.75,18.431372549019606,43,20.0,43.92156862745098,13.6,70.0,-0.375,-0.40625,0.445,-0.78125,-3.125
1737.0,92,29.5,23.529411764705884,43,21.5,55.68627450980392,13.6,70.0,0.08203125,0.07421875,0.445,7.03125,3.90625
1891.25,91,31.25,23.529411764705884,42,23.0,54.11764705882353,13.6,71.0,-0.125,-0.1171875,0.445,7.03125,4.6875
1808.25,91,29.25,23.92156862745098,42,19.5,60.78431372549019,13.6,71.0,-0.10546875,-0.01953125,0.445,8.59375,7.03125
1480.5,91,36.75,32.549019607843135,42,5.0,93.33333333333333,13.6,72.0,-0.328125,-0.25390625,0.45,3.125,6.25
1878.0,91,49.0,37.254901960784316,42,11.0,89.01960784313725,13.6,73.0,0.04296875,0.0625,0.46,2.34375,10.9375
1798.5,91,49.75,39.21568627450981,41,11.0,92.54901960784314,13.6,75.0,-0.11328125,-0.0390625,0.47,1.5625,11.71875
1785.75,91,49.75,40.3921568627451,40,10.5,95.68627450980392,13.6,76.0,0.00390625,-0.08203125,0.47,0.78125,11.71875
1732.0,91,48.25,41.1764705882353,40,8.0,98.82352941176471,13.6,77.0,-0.06640625,-0.05078125,0.47,1.5625,9.375
1688.0,91,48.25,40.78431372549019,40,6.5,100.0,13.7,78.0,-0.11328125,-0.1015625,0.47,-0.78125,5.46875
1598.5,91,45.0,43.13725490196079,39,5.0,100.0,13.6,80.0,-0.09765625,-0.15625,0.47,-0.78125,3.90625
1494.0,91,41.75,87.05882352941177,39,3.5,100.0,13.6,80.0,-0.27734375,-0.30078125,0.475,-0.78125,3.125
1509.25,91,42.0,86.27450980392157,39,3.5,100.0,13.6,81.0,-0.32421875,-0.375,0.475,-0.78125,3.125
1530.75,91,43.25,86.27450980392157,39,4.5,100.0,13.6,82.0,-0.4375,-0.33984375,0.475,-3.125,2.34375
1546.0,91,45.25,86.27450980392157,39,4.5,100.0,13.6,83.0,-0.42578125,-0.38671875,0.475,-2.34375,2.34375
1557.0,91,46.25,86.27450980392157,39,6.0,100.0,13.6,85.0,-0.34375,-0.37890625,0.475,-2.34375,3.125
1572.25,91,46.75,86.27450980392157,39,5.0,100.0,13.6,85.0,-0.41796875,-0.4921875,0.475,-3.125,2.34375
1597.25,91,47.75,86.27450980392157,39,6.5,100.0,13.6,86.0,-0.3828125,-0.44140625,0.475,-2.34375,3.90625
1608.25,91,48.0,86.27450980392157,39,8.0,100.0,13.6,86.0,-0.265625,-0.390625,0.48,0.0,5.46875
1620.25,91,48.25,86.27450980392157,39,7.5,100.0,13.6,87.0,-0.38671875,-0.3671875,0.48,-0.78125,5.46875
1643.5,91,48.25,86.27450980392157,39,7.5,100.0,13.6,88.0,-0.359375,-0.38671875,0.48,-0.78125,4.6875
1649.75,91,48.75,86.27450980392157,39,7.5,100.0,13.6,88.0,-0.37890625,-0.3125,0.485,0.0,5.46875
1663.75,91,49.25,86.27450980392157,39,7.5,100.0,13.6,90.0,-0.39453125,-0.33984375,0.485,0.0,5.46875
1668.0,91,49.5,86.27450980392157,39,7.5,100.0,13.6,90.0,-0.3828125,-0.5078125,0.485,-0.78125,5.46875
1677.0,91,48.75,86.27450980392157,39,8.0,100.0,13.6,91.0,-0.3203125,-0.359375,0.485,0.0,7.03125
1689.25,91,50.0,86.27450980392157,39,8.0,100.0,13.6,91.0,-0.47265625,-0.42578125,0.49,0.0,6.25
1701.0,91,50.75,86.27450980392157,39,8.0,100.0,13.6,92.0,-0.41015625,-0.38671875,0.49,0.0,6.25
1708.25,92,49.75,86.27450980392157,39,8.0,100.0,13.6,92.0,-0.41796875,-0.3125,0.495,0.0,5.46875
1718.0,92,49.0,86.27450980392157,39,9.0,100.0,13.7,92.0,-0.44921875,-0.390625,0.495,0.0,6.25
1720.5,92,50.5,86.27450980392157,39,9.0,100.0,13.6,93.0,-0.3359375,-0.3515625,0.495,0.0,7.03125
1732.0,92,52.75,86.27450980392157,38,9.0,100.0,13.6,93.0,-0.3828125,-0.3515625,0.5,-0.78125,7.03125
1738.75,92,51.5,86.27450980392157,38,9.0,100.0,13.6,93.0,-0.4296875,-0.40625,0.5,0.0,7.8125
1755.25,92,52.25,86.27450980392157,38,9.0,100.0,13.6,95.0,-0.4609375,-0.3125,0.505,0.0,8.59375
1757.75,92,51.0,86.27450980392157,38,9.5,100.0,13.6,95.0,-0.50390625,-0.42578125,0.505,-0.78125,8.59375
1768.75,92,53.0,86.27450980392157,38,9.5,100.0,13.5,95.0,-0.39453125,-0.42578125,0.505,0.0,3.90625
1759.5,92,13.75,16.07843137254902,38,9.5,30.19607843137255,13.6,95.0,-0.49609375,-0.60546875,0.51,0.0,0.0
1721.0,92,9.75,15.294117647058824,39,7.5,20.784313725490197,13.6,92.0,-0.41015625,-0.3359375,0.51,0.0,0.0
1693.5,92,9.25,14.901960784313726,39,-2.5,19.607843137254903,13.6,90.0,-0.2265625,-0.23828125,0.51,0.0,0.0
1644.25,92,8.5,14.509803921568627,39,-2.5,19.215686274509803,13.6,86.0,2.0,1.8046875,0.51,0.0,0.0
1561.25,92,8.0,14.117647058823529,39,-3.0,18.823529411764707,13.6,81.0,2.109375,2.4609375,0.505,0.0,0.0
1477.5,92,7.25,14.117647058823529,39,-4.0,18.823529411764707,13.6,76.0,2.44140625,2.16796875,0.47,0.0,0.0
1381.0,92,7.0,13.72549019607843,39,-4.5,18.823529411764707,13.6,72.0,2.21875,2.40625,0.465,0.0,0.0
1296.25,92,6.25,13.72549019607843,40,-5.5,18.823529411764707,13.5,66.0,2.375,2.20703125,0.46,0.0,0.0
1170.5,92,5.75,12.941176470588236,40,20.0,21.568627450980394,13.6,61.0,2.25,2.38671875,0.46,0.0,0.0
904.5,93,5.25,13.333333333333334,40,-3.0,25.49019607843137,13.6,55.0,0.30859375,0.25390625,0.46,0.0,0.0
965.5,93,5.75,13.333333333333334,41,3.5,25.098039215686274,13.6,51.0,-0.16796875,-0.21484375,0.45,0.0,0.0
963.0,93,5.75,13.333333333333334,41,6.5,25.49019607843137,13.6,47.0,-0.2421875,-0.2109375,0.445,0.0,0.0
918.5,93,5.5,13.333333333333334,41,12.5,25.88235294117647,13.6,45.0,-0.296875,-0.23046875,0.445,0.0,0.0
878.75,93,4.75,12.941176470588236,41,12.5,25.098039215686274,13.6,43.0,-0.23046875,-0.1875,0.445,0.0,0.0
916.0,93,4.75,12.941176470588236,42,14.0,22.745098039215687,13.6,42.0,-0.24609375,-0.1875,0.44,-0.78125,0.78125
1045.5,93,4.5,12.941176470588236,42,21.0,20.0,13.6,40.0,-0.12890625,-0.1015625,0.44,0.78125,2.34375
1000.75,93,4.5,12.941176470588236,42,21.5,20.392156862745097,13.6,38.0,-0.1796875,-0.23828125,0.445,0.78125,1.5625
958.75,93,4.75,12.941176470588236,42,16.5,21.176470588235293,13.6,37.0,-0.23046875,-0.26171875,0.44,0.0,0.78125
913.5,93,4.25,12.549019607843137,42,15.5,20.784313725490197,13.6,36.0,-0.28515625,-0.296875,0.44,-0.78125,-0.78125
885.5,93,4.0,12.549019607843137,42,30.5,20.784313725490197,13.6,35.0,-0.265625,-0.28515625,0.44,-1.5625,-2.34375
1101.5,93,7.5,14.117647058823529,42,-6.0,39.21568627450981,13.6,33.0,-0.3046875,-0.1796875,0.435,-3.125,-3.90625
852.5,93,4.5,12.941176470588236,42,-1.5,28.627450980392158,13.5,31.0,0.0,0.0234375,0.44,0.78125,0.78125
780.0,93,3.75,12.156862745098039,42,7.5,25.098039215686274,13.6,30.0,-0.17578125,-0.1953125,0.44,0.78125,0.0
830.0,93,22.25,20.392156862745097,42,4.5,64.31372549019608,13.6,28.0,-0.67578125,-0.52734375,0.47,0.0,0.0
1718.0,93,36.0,30.980392156862745,42,12.5,67.84313725490196,13.6,30.0,-0.00390625,0.0078125,0.5,3.90625,6.25
1921.25,93,36.5,28.627450980392158,41,15.0,64.31372549019608,13.6,30.0,-0.15625,-0.19921875,0.515,0.78125,2.34375
1843.25,93,31.0,24.705882352941178,40,15.5,59.6078431372549,13.6,31.0,-0.0234375,-0.06640625,0.52,0.0,0.0
1760.75,93,30.25,24.313725490196077,40,16.5,60.3921568627451,13.6,32.0,-0.04296875,-0.046875,0.515,-1.5625,-1.5625
1768.0,93,31.25,24.313725490196077,39,19.5,59.6078431372549,13.6,32.0,0.0390625,0.00390625,0.515,0.0,0.0
1791.75,93,30.75,24.313725490196077,39,21.0,59.6078431372549,13.6,32.0,-0.015625,-0.01171875,0.515,-0.78125,0.0
1806.0,93,32.0,24.705882352941178,39,21.5,59.21568627450981,13.6,33.0,-0.0234375,0.01171875,0.515,-0.78125,0.78125
1834.0,93,33.25,24.705882352941178,39,21.5,59.6078431372549,13.6,35.0,0.0078125,-0.01171875,0.52,1.5625,0.78125
1842.5,93,33.0,25.098039215686274,39,21.5,60.3921568627451,13.6,35.0,-0.02734375,-0.03515625,0.515,0.78125,0.0
1855.25,93,33.75,25.098039215686274,39,21.5,60.0,13.6,36.0,-0.00390625,-0.00390625,0.52,-0.78125,0.78125
1861.5,93,33.5,25.098039215686274,39,22.5,60.0,13.6,36.0,0.01953125,0.03515625,0.52,0.0,1.5625
1862.75,93,33.75,25.098039215686274,39,22.5,60.3921568627451,13.6,37.0,-0.00390625,-0.04296875,0.52,0.0,0.0
1855.25,93,33.25,25.098039215686274,39,22.5,60.0,13.6,37.0,-0.00390625,-0.02734375,0.52,0.78125,-0.78125
1856.5,93,32.75,25.098039215686274,39,22.5,60.3921568627451,13.6,38.0,-0.0078125,-0.02734375,0.52,-1.5625,-1.5625
1865.75,93,33.25,25.098039215686274,39,22.5,59.6078431372549,13.6,38.0,-0.01171875,0.01953125,0.52,-1.5625,0.0
1862.75,93,33.0,24.705882352941178,39,22.5,59.6078431372549,13.6,40.0,-0.01953125,-0.00390625,0.525,-1.5625,-0.78125
1862.75,93,33.0,24.705882352941178,39,22.5,59.21568627450981,13.6,40.0,0.01171875,0.00390625,0.525,-0.78125,-2.34375
1859.0,93,30.25,23.92156862745098,39,22.5,56.07843137254902,13.6,41.0,-0.02734375,-0.08203125,0.53,-2.34375,-4.6875
1786.25,93,26.0,21.96078431372549,39,25.5,51.372549019607845,13.6,41.0,-0.08984375,-0.0546875,0.53,-7.03125,-7.03125
1687.5,93,23.5,20.784313725490197,39,25.5,49.80392156862745,13.6,41.0,-0.0234375,0.0078125,0.53,-6.25,-7.03125
1666.75,93,24.25,21.176470588235293,39,24.0,52.549019607843135,13.6,41.0,0.02734375,0.05078125,0.53,-3.90625,-5.46875
1695.5,93,25.5,21.96078431372549,39,24.0,53.333333333333336,13.6,41.0,0.03515625,0.00390625,0.53,-2.34375,-6.25
1730.75,93,25.75,21.96078431372549,39,24.5,52.94117647058823,13.6,41.0,0.0234375,0.03515625,0.525,0.0,-4.6875
1738.75,93,26.25,22.352941176470587,39,24.5,52.549019607843135,13.7,42.0,-0.0234375,0.03125,0.53,-1.5625,-2.34375
1755.75,93,27.0,22.352941176470587,39,24.0,54.11764705882353,13.6,42.0,-0.03515625,-0.015625,0.535,-1.5625,-3.125
1768.75,93,28.0,23.529411764705884,39,23.0,56.470588235294116,13.6,42.0,0.02734375,0.0234375,0.535,1.5625,-2.34375
1864.5,93,36.0,25.49019607843137,39,20.0,62.35294117647059,13.6,42.0,-0.03515625,-0.046875,0.54,0.0,-1.5625
1920.0,93,35.5,25.49019607843137,39,20.0,60.0,13.6,43.0,-0.03125,-0.04296875,0.54,-2.34375,0.0
1890.25,93,30.25,23.529411764705884,39,23.0,56.07843137254902,13.6,43.0,-0.0234375,-0.0234375,0.545,-3.125,-2.34375
1802.75,93,27.25,22.352941176470587,39,24.5,52.94117647058823,13.6,43.0,-0.01953125,-0.01953125,0.545,-3.125,-3.125
1770.0,93,26.75,21.96078431372549,39,25.5,51.372549019607845,13.6,45.0,0.03515625,-0.01171875,0.545,0.0,-3.90625
1769.25,93,27.5,22.745098039215687,39,25.5,52.549019607843135,13.6,45.0,0.04296875,-0.00390625,0.55,1.5625,-3.125
1795.0,93,28.25,23.137254901960784,39,24.5,52.549019607843135,13.6,45.0,0.03125,0.03125,0.54,1.5625,0.78125
1833.25,93,29.25,23.529411764705884,39,23.0,54.90196078431372,13.6,45.0,-0.01953125,-0.0078125,0.55,0.78125,0.0
1859.0,93,29.75,23.92156862745098,39,24.0,54.90196078431372,13.6,45.0,0.0078125,0.01953125,0.55,2.34375,0.78125
1860.75,93,30.0,23.92156862745098,39,24.5,53.72549019607843,13.6,46.0,0.03125,-0.0390625,0.555,2.34375,-1.5625
1841.25,93,28.0,21.96078431372549,39,27.5,48.627450980392155,13.6,46.0,-0.0859375,-0.0859375,0.555,0.0,-4.6875
1750.25,93,23.75,20.784313725490197,39,27.0,47.84313725490196,13.6,46.0,-0.0625,0.0,0.56,-3.125,-3.90625
1700.25,93,22.0,20.392156862745097,39,28.5,46.666666666666664,13.6,46.0,-0.0390625,-0.01171875,0.56,-4.6875,-4.6875
1649.0,94,14.0,16.07843137254902,39,9.0,34.11764705882353,13.6,45.0,0.05859375,0.01171875,0.56,-1.5625,-4.6875
1137.5,94,6.25,13.72549019607843,39,3.5,27.058823529411764,13.6,43.0,0.04296875,0.109375,0.565,0.0,-1.5625
1109.5,94,5.5,13.333333333333334,39,33.0,26.274509803921568,13.6,43.0,-0.046875,0.015625,0.565,-2.34375,0.0
1354.75,94,22.5,20.392156862745097,39,15.0,52.94117647058823,13.6,42.0,-0.109375,-0.10546875,0.57,-8.59375,-7.03125
1690.0,94,25.0,21.176470588235293,39,24.0,50.98039215686274,13.6,42.0,0.125,0.10546875,0.565,-0.78125,-2.34375
1677.75,94,23.75,21.176470588235293,39,26.0,50.98039215686274,13.6,42.0,0.07421875,0.03515625,0.565,2.34375,-1.5625
1698.5,94,25.5,21.96078431372549,39,26.0,52.15686274509804,13.6,42.0,-0.01953125,0.01171875,0.565,2.34375,-1.5625
1725.25,94,26.0,21.96078431372549,39,27.0,52.15686274509804,13.6,42.0,-0.03515625,0.00390625,0.565,0.0,0.78125
1750.25,95,27.25,22.745098039215687,39,26.0,54.509803921568626,13.7,42.0,-0.00390625,0.046875,0.565,0.78125,1.5625
1795.0,95,31.75,25.098039215686274,39,21.5,60.78431372549019,13.6,43.0,0.04296875,0.03515625,0.565,3.125,0.78125
2061.0,95,55.5,36.470588235294116,39,12.5,86.27450980392157,13.6,45.0,-0.1484375,-0.0546875,0.51,-4.6875,6.25
2247.75,95,55.75,35.68627450980392,39,15.0,82.3529411764706,13.6,46.0,0.0,-0.05859375,0.575,-7.8125,2.34375
2133.0,95,27.25,21.96078431372549,39,17.0,45.88235294117647,13.6,47.0,-0.12890625,-0.38671875,0.6,0.0,0.0
1416.0,95,7.25,14.117647058823529,39,5.0,27.058823529411764,13.7,46.0,-0.328125,-0.3671875,0.605,0.0,0.0
1148.0,95,5.75,13.333333333333334,39,14.0,20.784313725490197,13.6,45.0,-0.25390625,-0.2265625,0.605,-2.34375,-3.90625
1106.5,95,5.5,13.333333333333334,39,18.5,20.0,13.6,43.0,-0.13671875,-0.08984375,0.605,-4.6875,-4.6875
1096.0,95,17.0,19.215686274509803,39,17.0,41.568627450980394,13.6,42.0,-0.06640625,-0.08984375,0.6,-8.59375,-10.9375
1727.25,95,34.75,26.666666666666668,39,15.5,67.45098039215686,13.6,42.0,0.171875,0.17578125,0.6,-1.5625,-0.78125
1945.75,95,37.75,26.274509803921568,39,20.0,63.92156862745098,13.6,43.0,-0.03515625,0.0390625,0.59,0.0,2.34375
1979.25,95,43.0,28.627450980392158,39,19.5,70.98039215686275,13.6,43.0,-0.0625,0.1484375,0.55,0.78125,9.375
2174.0,96,61.0,41.568627450980394,39,16.5,89.01960784313725,13.6,46.0,0.01171875,-0.00390625,0.615,-5.46875,7.03125
2297.75,96,62.0,43.529411764705884,39,15.5,90.98039215686275,13.6,47.0,-0.04296875,0.05078125,0.62,-4.6875,6.25
2318.5,96,64.25,45.490196078431374,38,16.5,91.37254901960785,13.7,50.0,0.05078125,-0.01171875,0.625,-4.6875,6.25
2337.0,96,63.75,45.490196078431374,38,16.5,90.98039215686275,13.6,51.0,-0.02734375,-0.04296875,0.625,-3.90625,7.8125
2343.75,96,65.75,45.490196078431374,38,17.0,90.98039215686275,13.6,52.0,-0.05078125,0.01171875,0.63,-3.90625,7.8125
2360.75,96,64.5,45.490196078431374,38,14.0,90.58823529411765,13.6,53.0,-0.0234375,-0.0234375,0.635,-3.125,6.25
2371.0,96,65.5,45.88235294117647,38,14.0,90.58823529411765,13.6,56.0,0.03125,0.015625,0.635,-3.125,6.25
2395.5,96,64.25,45.88235294117647,38,14.0,90.58823529411765,13.6,57.0,-0.01953125,-0.0078125,0.64,-3.90625,7.03125
2390.5,96,64.0,45.490196078431374,38,15.5,90.19607843137256,13.6,58.0,-0.078125,-0.0625,0.64,-3.125,7.8125
2416.75,96,64.25,45.88235294117647,38,15.5,90.19607843137256,13.6,60.0,0.015625,0.04296875,0.64,-2.34375,7.03125
2428.5,96,64.5,45.88235294117647,38,15.5,90.19607843137256,13.6,61.0,0.0078125,0.01171875,0.645,-2.34375,7.03125
2428.5,96,64.25,45.88235294117647,38,15.5,89.80392156862744,13.6,63.0,-0.01953125,0.05078125,0.645,-1.5625,7.8125
2452.25,96,65.25,45.88235294117647,38,15.5,90.58823529411765,13.7,65.0,-0.05859375,-0.03125,0.645,-2.34375,7.8125
2478.5,96,68.25,45.88235294117647,38,17.0,90.19607843137256,13.6,66.0,0.0,-0.0234375,0.65,-1.5625,7.03125
2490.75,96,66.5,45.88235294117647,37,16.5,89.01960784313725,13.6,67.0,0.01953125,-0.0078125,0.645,0.0,8.59375
2529.25,96,68.75,45.88235294117647,37,18.0,89.41176470588235,13.6,68.0,0.046875,0.0234375,0.65,-1.5625,7.8125
2525.5,96,66.25,46.27450980392157,37,18.0,89.01960784313725,13.6,70.0,-0.0390625,-0.0390625,0.655,-1.5625,9.375
2482.25,96,64.75,45.88235294117647,37,16.5,90.19607843137256,13.6,71.0,-0.0859375,-0.02734375,0.66,-3.125,7.03125
2294.75,96,63.25,45.09803921568628,37,15.0,91.76470588235294,13.7,72.0,0.0546875,0.06640625,0.67,-5.46875,6.25
2294.75,96,63.0,45.09803921568628,37,15.0,91.37254901960785,13.6,73.0,0.01171875,0.0,0.675,-5.46875,6.25
2310.75,96,62.75,45.09803921568628,37,15.5,90.19607843137256,13.6,73.0,-0.02734375,0.01171875,0.675,-3.90625,7.8125
2330.25,96,61.75,45.09803921568628,37,15.5,90.19607843137256,13.6,75.0,-0.01171875,-0.02734375,0.685,-4.6875,7.03125
2352.25,96,62.25,45.490196078431374,37,15.0,89.80392156862744,13.6,76.0,-0.0078125,-0.0234375,0.69,-4.6875,6.25
2330.75,97,62.5,45.09803921568628,37,16.5,89.80392156862744,13.6,76.0,-0.0234375,-0.0546875,0.695,-3.90625,6.25
2313.75,97,64.0,45.09803921568628,37,15.0,90.98039215686275,13.6,77.0,-0.03125,0.015625,0.7,-6.25,5.46875
2288.75,97,62.75,45.09803921568628,37,15.0,90.58823529411765,13.6,78.0,-0.01953125,-0.0078125,0.7,-5.46875,6.25
2264.25,97,62.25,44.705882352941174,37,15.5,89.80392156862744,13.7,80.0,-0.01953125,-0.0078125,0.705,-4.6875,5.46875
2250.75,97,60.25,44.705882352941174,37,15.5,90.19607843137256,13.6,80.0,0.0,-0.02734375,0.705,-4.6875,6.25
2238.75,97,60.5,44.705882352941174,37,15.5,89.80392156862744,13.6,81.0,-0.01953125,-0.01953125,0.71,-5.46875,7.03125
2236.75,97,60.5,44.705882352941174,37,12.0,89.41176470588235,13.6,81.0,0.02734375,0.02734375,0.72,-3.90625,7.03125
2225.25,97,59.0,44.31372549019608,37,12.0,89.80392156862744,13.6,82.0,-0.0625,0.01953125,0.725,-3.90625,6.25
2215.5,97,61.25,44.31372549019608,37,12.0,89.01960784313725,13.6,82.0,-0.01953125,-0.02734375,0.735,-3.90625,7.03125
2223.5,98,59.5,44.31372549019608,37,12.0,90.98039215686275,13.6,82.0,-0.05078125,-0.06640625,0.74,-5.46875,5.46875
2205.75,98,61.0,44.31372549019608,37,12.0,90.19607843137256,13.6,83.0,0.00390625,0.03515625,0.74,-3.90625,7.03125
2230.0,98,60.75,44.705882352941174,37,12.0,89.41176470588235,13.6,85.0,0.0546875,0.015625,0.74,-4.6875,8.59375
2208.25,98,58.5,44.31372549019608,37,12.0,90.19607843137256,13.6,85.0,-0.0234375,-0.046875,0.75,-4.6875,6.25
2244.25,98,60.5,44.705882352941174,37,12.0,89.80392156862744,13.6,85.0,0.02734375,0.03125,0.75,-3.90625,7.03125
2252.0,99,60.25,44.705882352941174,37,13.5,89.80392156862744,13.6,86.0,-0.078125,-0.1171875,0.765,-4.6875,8.59375
2265.5,99,59.5,44.705882352941174,37,13.5,89.41176470588235,13.6,87.0,-0.0703125,-0.109375,0.775,-3.90625,7.8125
2280.25,99,67.25,76.07843137254902,37,10.5,98.03921568627452,13.6,87.0,-0.31640625,-0.27734375,0.8,-9.375,3.90625
2296.75,99,63.0,44.705882352941174,37,14.0,89.80392156862744,13.6,88.0,-0.26171875,-0.03125,0.795,-4.6875,8.59375
2272.75,99,66.0,74.11764705882354,37,11.0,97.25490196078431,13.6,88.0,-0.5,-0.47265625,0.815,-9.375,4.6875
2298.5,99,63.25,45.09803921568628,37,14.0,89.80392156862744,13.6,90.0,-0.0859375,-0.1328125,0.81,-3.90625,7.8125
2327.25,99,63.0,45.09803921568628,37,15.0,90.19607843137256,13.6,90.0,-0.23046875,-0.25390625,0.815,-5.46875,7.03125
2357.75,99,62.75,45.09803921568628,37,15.5,89.80392156862744,13.6,91.0,-0.19921875,-0.18359375,0.815,-6.25,5.46875
2365.0,99,62.75,45.490196078431374,37,15.5,89.41176470588235,13.6,91.0,-0.1640625,-0.1875,0.82,-4.6875,7.03125
2376.5,99,62.25,45.490196078431374,37,14.0,89.80392156862744,13.7,92.0,-0.15625,-0.08984375,0.815,-4.6875,7.03125
2388.75,99,64.25,45.490196078431374,37,14.0,89.41176470588235,13.6,92.0,-0.203125,-0.1171875,0.82,-4.6875,7.03125
2393.75,99,65.5,45.490196078431374,37,15.0,89.41176470588235,13.7,93.0,-0.14453125,-0.12109375,0.825,-4.6875,7.03125
2423.5,99,61.25,45.88235294117647,36,15.5,89.80392156862744,13.6,93.0,-0.1796875,-0.1484375,0.83,-5.46875,6.25
2412.0,99,65.0,45.490196078431374,36,15.0,90.19607843137256,13.7,95.0,-0.08203125,-0.09765625,0.83,-3.90625,6.25
2434.0,99,64.5,45.88235294117647,36,15.0,89.80392156862744,13.6,95.0,-0.2109375,-0.171875,0.83,-4.6875,6.25
2446.25,99,64.75,45.88235294117647,36,15.0,89.80392156862744,13.6,95.0,-0.12890625,-0.16796875,0.835,-3.90625,7.03125
2434.0,99,65.5,45.88235294117647,36,15.0,88.62745098039215,13.6,95.0,-0.10546875,-0.12890625,0.835,-3.125,7.8125
2466.25,99,63.5,45.88235294117647,36,15.5,89.01960784313725,13.6,96.0,-0.15234375,-0.1328125,0.835,-4.6875,7.03125
2467.5,99,63.25,45.88235294117647,36,15.5,89.80392156862744,13.6,96.0,-0.1953125,-0.16796875,0.84,-4.6875,6.25
2500.5,99,65.75,46.27450980392157,36,15.5,89.80392156862744,13.6,97.0,-0.17578125,-0.16796875,0.85,-5.46875,5.46875
2509.75,99,66.0,46.27450980392157,36,16.5,89.80392156862744,13.6,97.0,-0.1875,-0.1796875,0.85,-4.6875,5.46875
2490.0,99,65.5,45.88235294117647,36,17.0,89.01960784313725,13.6,97.0,-0.1328125,-0.11328125,0.84,-3.90625,7.03125
2527.25,99,65.0,46.27450980392157,36,17.0,90.19607843137256,13.6,98.0,-0.16796875,-0.15234375,0.855,-4.6875,6.25
2519.5,99,67.5,46.27450980392157,36,14.0,89.80392156862744,13.6,98.0,-0.1796875,-0.0390625,0.85,-3.125,7.8125
2529.75,99,56.75,30.58823529411765,36,17.0,61.1764705882353,13.6,98.0,-0.46875,-0.87890625,0.88,-11.71875,-11.71875
2428.5,99,15.25,17.254901960784313,36,12.0,23.137254901960784,13.6,97.0,-0.22265625,-0.0625,0.875,-15.625,-17.1875
2393.0,99,14.5,16.862745098039216,37,3.0,20.0,13.6,96.0,0.140625,0.14453125,0.87,0.0,0.0
2344.25,99,13.0,16.470588235294116,37,2.0,18.823529411764707,13.6,93.0,2.234375,2.2734375,0.84,0.0,0.0
2299.0,99,12.5,16.07843137254902,37,1.5,17.647058823529413,13.6,92.0,2.3359375,2.49609375,0.395,0.0,0.0
2240.5,99,11.5,15.686274509803921,37,0.5,17.254901960784313,13.6,90.0,2.40625,2.44921875,0.335,0.0,0.0
2195.25,99,11.0,15.686274509803921,38,0.5,16.862745098039216,13.6,87.0,2.4765625,2.58984375,0.285,0.0,0.0
2131.25,99,10.5,15.294117647058824,38,0.5,16.470588235294116,13.6,85.0,2.48828125,2.5703125,0.26,0.0,0.0
2086.75,99,9.75,15.294117647058824,38,0.0,16.07843137254902,13.6,82.0,2.42578125,2.5234375,0.24,0.0,0.0
1999.5,99,9.75,14.901960784313726,38,-1.0,16.07843137254902,13.6,78.0,2.4921875,2.40234375,0.225,0.0,0.0
1912.75,99,9.5,14.901960784313726,38,-1.0,16.862745098039216,13.5,76.0,2.515625,2.30859375,0.215,0.0,0.0
1672.75,99,8.25,14.509803921568627,38,-3.0,18.431372549019606,13.6,72.0,2.28125,2.67578125,0.205,0.0,0.0
1406.25,99,6.75,13.72549019607843,38,-4.5,19.215686274509803,13.6,68.0,2.546875,2.5,0.2,0.0,0.0
1235.25,99,5.75,13.333333333333334,38,-5.5,18.823529411764707,13.7,67.0,2.19140625,2.59375,0.19,0.0,0.0
1289.0,99,5.5,13.72549019607843,38,5.0,17.254901960784313,13.6,66.0,0.5546875,0.17578125,0.185,0.0,0.0
1457.5,99,7.25,14.117647058823529,39,9.5,17.647058823529413,13.6,65.0,-0.140625,-0.078125,0.18,0.0,0.0
1544.0,99,7.75,14.117647058823529,39,12.5,17.647058823529413,13.7,62.0,-0.27734375,-0.21875,0.185,0.0,0.0
1497.0,99,7.25,14.117647058823529,39,11.0,18.431372549019606,13.6,61.0,-0.1796875,-0.21484375,0.185,0.0,0.0
1479.25,99,7.25,14.117647058823529,39,10.5,18.431372549019606,13.6,60.0,-0.16796875,-0.14453125,0.185,0.78125,0.78125
1446.5,99,7.0,14.117647058823529,39,10.5,18.431372549019606,13.6,58.0,-0.16796875,-0.1796875,0.185,0.78125,1.5625
1414.0,99,6.5,13.72549019607843,39,11.0,18.431372549019606,13.6,57.0,-0.234375,-0.19140625,0.185,0.0,1.5625
1384.25,99,6.25,13.72549019607843,39,12.5,18.431372549019606,13.6,56.0,-0.1875,-0.1875,0.185,0.0,2.34375
1343.25,99,6.25,13.72549019607843,39,13.5,18.431372549019606,13.6,55.0,-0.22265625,-0.25,0.19,-0.78125,0.78125
1350.5,99,24.25,20.392156862745097,39,18.0,44.31372549019608,13.6,53.0,-0.4375,-0.546875,0.19,-7.8125,-7.8125
1765.0,99,31.0,23.92156862745098,38,16.5,57.64705882352941,13.6,53.0,0.125,0.046875,0.215,0.0,-1.5625
1936.0,99,32.5,23.92156862745098,38,23.0,54.90196078431372,13.6,53.0,0.0,-0.04296875,0.215,3.125,1.5625
1940.25,99,32.25,23.92156862745098,38,24.0,55.294117647058826,13.6,53.0,-0.12109375,-0.10546875,0.56,1.5625,1.5625
1788.75,99,29.25,23.529411764705884,38,22.5,58.03921568627451,13.6,53.0,-0.078125,-0.12109375,0.69,2.34375,0.78125
1710.75,99,27.75,23.137254901960784,38,23.0,57.64705882352941,13.6,53.0,-0.11328125,-0.12890625,0.73,1.5625,-0.78125
1712.5,99,27.75,22.745098039215687,38,22.5,58.03921568627451,13.6,53.0,-0.09375,-0.1171875,0.74,0.78125,-0.78125
1712.5,99,28.25,22.745098039215687,38,24.0,58.03921568627451,13.6,53.0,-0.0625,0.0,0.74,0.0,-0.78125
1747.25,99,31.25,24.313725490196077,38,21.5,60.3921568627451,13.6,55.0,0.03125,-0.015625,0.73,0.78125,1.5625
1770.5,99,31.25,24.705882352941178,38,21.0,61.96078431372549,13.6,55.0,0.0078125,-0.0390625,0.73,2.34375,1.5625
1763.25,99,32.5,25.098039215686274,37,21.0,63.529411764705884,13.6,55.0,-0.01953125,-0.04296875,0.725,0.78125,3.125
1766.25,99,33.0,25.49019607843137,37,20.0,64.31372549019608,13.6,55.0,-0.0234375,0.00390625,0.73,0.78125,3.125
1737.5,99,30.0,23.92156862745098,37,22.5,61.1764705882353,13.6,56.0,-0.02734375,-0.13671875,0.745,-1.5625,-0.78125
1670.5,99,28.25,23.137254901960784,37,23.0,60.0,13.6,56.0,-0.01953125,-0.078125,0.75,-1.5625,-4.6875
1600.25,99,23.5,20.784313725490197,37,25.5,53.72549019607843,13.6,56.0,-0.078125,-0.078125,0.75,-3.125,-6.25
1528.75,99,22.0,20.784313725490197,37,26.0,52.549019607843135,13.6,56.0,0.03125,0.0625,0.74,-2.34375,-2.34375
1552.0,99,23.0,20.784313725490197,37,26.0,53.333333333333336,13.7,56.0,0.00390625,-0.00390625,0.745,-1.5625,-1.5625
1575.75,99,24.75,21.568627450980394,37,24.5,57.64705882352941,13.6,56.0,-0.03125,-0.09375,0.75,-2.34375,-5.46875
1638.0,99,26.5,22.352941176470587,37,24.0,58.431372549019606,13.5,56.0,-0.00390625,0.0078125,0.745,-1.5625,-4.6875
1644.25,99,26.25,22.745098039215687,37,24.0,59.6078431372549,13.6,56.0,-0.0078125,0.0390625,0.74,-2.34375,-2.34375
1644.75,99,27.0,22.745098039215687,37,23.0,58.8235294117647,13.6,56.0,-0.0390625,0.0078125,0.745,-2.34375,-1.5625
1648.5,99,26.25,22.352941176470587,37,24.5,56.470588235294116,13.6,56.0,-0.015625,-0.05078125,0.745,-1.5625,-4.6875
1535.0,99,13.25,16.862745098039216,37,13.5,36.86274509803921,13.6,56.0,0.0078125,-0.015625,0.745,-0.78125,-3.90625
1370.0,99,7.25,14.117647058823529,38,11.0,23.137254901960784,13.6,55.0,-0.0390625,0.0234375,0.745,-2.34375,-1.5625
1340.25,99,6.5,13.72549019607843,38,15.5,19.215686274509803,13.6,53.0,-0.03515625,0.02734375,0.74,-3.125,0.0
1319.5,99,6.5,13.72549019607843,38,-1.5,19.215686274509803,13.6,52.0,0.015625,0.046875,0.74,0.0,0.0
1189.5,99,5.5,12.941176470588236,38,-2.5,20.784313725490197,13.7,51.0,0.734375,1.00390625,0.74,0.0,0.0
1110.0,99,5.0,12.941176470588236,38,9.5,19.215686274509803,13.6,50.0,-0.12890625,-0.1796875,0.74,0.0,0.0
1181.5,99,6.0,13.333333333333334,38,9.0,19.215686274509803,13.7,48.0,-0.2734375,-0.203125,0.74,0.0,0.0
1297.5,100,20.5,19.607843137254903,38,16.5,50.588235294117645,13.7,48.0,-0.40234375,-0.41015625,0.745,-2.34375,-3.125
1688.75,100,25.75,21.176470588235293,38,23.0,50.98039215686274,13.6,48.0,0.078125,0.0078125,0.75,-4.6875,-5.46875
1738.75,100,24.0,21.176470588235293,38,27.0,47.84313725490196,13.6,48.0,0.078125,0.09375,0.745,1.5625,1.5625
1737.0,100,24.25,21.176470588235293,38,27.0,48.23529411764706,13.6,48.0,0.00390625,0.0078125,0.745,2.34375,2.34375
1745.5,100,24.5,21.568627450980394,38,26.0,49.80392156862745,13.6,48.0,0.01953125,-0.015625,0.745,3.90625,0.0
1569.75,100,22.25,21.176470588235293,38,24.5,53.72549019607843,13.6,48.0,-0.12890625,-0.08203125,0.75,0.78125,-2.34375
1582.5,100,24.75,21.96078431372549,38,24.0,57.254901960784316,13.7,48.0,-0.06640625,-0.04296875,0.75,-3.125,-3.125
1594.75,100,25.0,21.568627450980394,38,24.5,57.254901960784316,13.6,48.0,0.01171875,0.0390625,0.75,-3.125,-1.5625
1601.5,100,24.75,21.96078431372549,38,25.5,58.03921568627451,13.6,50.0,0.0390625,-0.07421875,0.75,0.0,-3.90625
1621.5,100,26.75,23.137254901960784,38,23.0,60.78431372549019,13.6,50.0,-0.03515625,0.01953125,0.75,0.0,-2.34375
1653.25,100,30.0,24.313725490196077,37,21.0,64.31372549019608,13.6,50.0,-0.0078125,0.015625,0.745,0.0,0.0
1669.75,100,28.5,23.92156862745098,37,21.5,62.35294117647059,13.6,50.0,-0.0390625,-0.01953125,0.745,-1.5625,0.78125
1613.75,100,27.25,23.529411764705884,37,22.5,62.745098039215684,13.6,50.0,0.015625,-0.0703125,0.745,0.78125,-1.5625
1625.75,100,27.5,23.529411764705884,37,22.5,63.13725490196079,13.6,51.0,0.0,-0.0390625,0.745,0.78125,-1.5625
1637.5,100,29.0,23.92156862745098,37,21.5,62.745098039215684,13.6,51.0,-0.05078125,0.00390625,0.745,-1.5625,0.0
1649.75,100,29.0,24.313725490196077,37,21.0,63.92156862745098,13.6,51.0,-0.01171875,-0.01171875,0.745,-0.78125,0.0
1658.25,100,29.5,24.313725490196077,37,21.0,64.31372549019608,13.6,52.0,0.015625,0.01171875,0.745,0.0,1.5625
1681.5,100,29.75,24.313725490196077,37,21.0,63.92156862745098,13.6,52.0,0.0,-0.01953125,0.745,0.78125,0.0
1679.5,100,29.0,23.92156862745098,37,21.5,61.96078431372549,13.6,52.0,0.01171875,-0.0390625,0.745,0.78125,-1.5625
1651.0,100,28.25,23.92156862745098,37,21.5,61.96078431372549,13.6,52.0,-0.03125,0.0,0.745,-0.78125,0.78125
1669.25,100,29.25,23.92156862745098,37,22.5,61.96078431372549,13.6,53.0,-0.01953125,0.03125,0.745,-0.78125,0.78125
1674.75,100,28.75,23.92156862745098,37,21.5,62.35294117647059,13.6,53.0,-0.02734375,-0.015625,0.745,0.78125,0.78125
1676.5,100,28.25,22.745098039215687,37,24.0,59.6078431372549,13.6,53.0,-0.0390625,-0.15234375,0.75,-1.5625,-4.6875
1535.5,101,18.75,18.823529411764707,37,29.0,44.31372549019608,13.6,53.0,0.0078125,-0.015625,0.75,-2.34375,-5.46875
1427.5,101,15.25,17.647058823529413,37,30.5,42.745098039215684,13.6,53.0,0.03515625,0.03125,0.75,-2.34375,-2.34375
1405.5,101,15.0,17.647058823529413,38,30.5,40.78431372549019,13.7,52.0,0.03515625,0.03125,0.75,-1.5625,-0.78125
1398.75,101,14.75,17.254901960784313,38,30.5,40.3921568627451,13.6,52.0,0.0546875,0.015625,0.75,2.34375,-1.5625
1388.5,101,14.5,17.254901960784313,38,31.5,40.0,13.6,52.0,0.015625,-0.01953125,0.75,3.125,-0.78125
1375.0,101,13.5,16.862745098039216,38,31.5,38.431372549019606,13.6,51.0,-0.0390625,0.0234375,0.75,0.78125,0.78125
1345.0,101,12.5,16.470588235294116,38,33.0,36.07843137254902,13.6,51.0,-0.01171875,0.01171875,0.75,0.78125,1.5625
1322.5,101,12.5,16.470588235294116,38,32.0,36.07843137254902,13.6,51.0,0.015625,-0.0234375,0.75,3.125,0.0
1314.0,101,13.75,17.254901960784313,38,30.5,39.6078431372549,13.6,50.0,-0.0703125,-0.078125,0.75,1.5625,-2.34375
1396.25,101,18.0,18.823529411764707,38,23.0,48.23529411764706,13.6,50.0,-0.12890625,-0.046875,0.755,-3.125,-2.34375
1450.75,101,19.0,19.215686274509803,38,24.5,47.450980392156865,13.6,50.0,0.03515625,0.0703125,0.75,0.78125,0.78125
1483.75,102,18.75,19.607843137254903,38,24.5,47.450980392156865,13.6,48.0,0.03125,0.0234375,0.75,1.5625,1.5625
1466.0,102,20.5,20.392156862745097,38,23.0,51.372549019607845,13.6,48.0,0.00390625,0.03515625,0.75,2.34375,0.78125
1546.5,102,23.25,21.176470588235293,38,21.0,54.509803921568626,13.6,48.0,-0.0703125,-0.0625,0.755,1.5625,-3.125
1558.75,102,23.75,21.96078431372549,38,22.5,57.254901960784316,13.6,48.0,-0.06640625,0.02734375,0.755,-2.34375,-3.90625
1596.5,102,25.75,22.352941176470587,38,22.5,59.6078431372549,13.6,50.0,-0.0390625,0.0234375,0.755,-3.125,-2.34375
1587.5,102,26.75,22.745098039215687,37,23.0,61.568627450980394,13.6,50.0,-0.06640625,0.0,0.755,-3.90625,-2.34375
1609.25,102,27.25,23.137254901960784,37,22.5,61.96078431372549,13.6,50.0,0.0625,0.01953125,0.75,0.78125,-1.5625
1631.25,102,27.75,23.529411764705884,37,22.5,62.35294117647059,13.6,50.0,0.0078125,-0.03125,0.75,0.78125,-1.5625
1644.25,102,29.25,24.705882352941178,37,21.0,65.49019607843137,13.7,50.0,0.0234375,0.01953125,0.745,-0.78125,1.5625
1755.25,102,36.75,29.019607843137255,37,16.5,74.11764705882354,13.6,51.0,0.0234375,0.09375,0.725,1.5625,6.25
1799.75,102,44.5,34.11764705882353,37,9.0,86.66666666666667,13.6,51.0,-0.0546875,0.00390625,0.635,1.5625,7.8125
1823.0,102,45.0,35.294117647058826,37,9.0,85.88235294117646,13.6,52.0,-0.04296875,0.05859375,0.745,-1.5625,7.8125
1818.75,102,45.0,34.509803921568626,37,10.5,84.31372549019608,13.6,53.0,0.0546875,0.04296875,0.76,0.0,8.59375
1781.0,102,44.25,32.94117647058823,37,10.5,81.96078431372548,13.6,55.0,-0.05078125,-0.15234375,0.77,-2.34375,2.34375
1760.25,102,38.5,28.627450980392158,37,14.0,73.72549019607843,13.6,55.0,0.04296875,-0.0078125,0.77,0.0,1.5625
1770.0,102,37.5,28.627450980392158,37,14.0,72.54901960784314,13.7,56.0,0.015625,0.015625,0.75,0.78125,3.125
1775.5,102,37.5,28.235294117647058,37,14.0,72.54901960784314,13.6,56.0,-0.05078125,0.02734375,0.75,0.78125,3.90625
1786.25,102,36.5,27.84313725490196,37,15.5,70.98039215686275,13.6,57.0,0.015625,-0.015625,0.755,2.34375,3.90625
1788.25,102,36.25,27.84313725490196,37,17.0,69.01960784313725,13.6,57.0,0.015625,-0.02734375,0.755,1.5625,1.5625
1777.75,102,31.75,25.49019607843137,37,20.0,65.09803921568627,13.6,57.0,-0.07421875,-0.08203125,0.76,-1.5625,0.78125
1740.0,102,31.0,24.705882352941178,37,21.5,61.96078431372549,13.6,58.0,-0.03515625,0.0234375,0.755,-0.78125,1.5625
1734.0,102,30.0,23.92156862745098,37,23.0,60.0,13.6,58.0,0.0,-0.015625,0.755,0.78125,-0.78125
1734.0,102,29.25,23.92156862745098,37,22.5,60.3921568627451,13.7,58.0,-0.01171875,-0.02734375,0.755,0.0,-1.5625
1741.25,102,29.75,23.92156862745098,37,23.0,59.6078431372549,13.6,58.0,-0.01953125,0.0,0.755,-0.78125,-0.78125
1734.0,102,30.0,24.313725490196077,37,23.0,60.0,13.6,58.0,-0.015625,0.02734375,0.75,0.0,2.34375
1762.5,102,31.5,24.705882352941178,37,21.0,61.96078431372549,13.6,58.0,0.0390625,0.04296875,0.75,2.34375,0.78125
1774.75,102,33.0,25.49019607843137,37,20.0,63.92156862745098,13.6,60.0,-0.02734375,-0.02734375,0.75,1.5625,0.78125
1776.5,102,32.75,25.49019607843137,37,20.0,64.31372549019608,13.6,60.0,-0.0078125,0.01953125,0.745,0.0,3.125
1798.5,102,32.5,25.098039215686274,37,18.0,63.13725490196079,13.6,60.0,-0.03125,-0.03515625,0.75,0.0,2.34375
1791.25,102,30.0,24.313725490196077,37,19.5,58.8235294117647,13.6,60.0,-0.0625,-0.06640625,0.75,-1.5625,0.78125
1726.0,102,24.5,21.176470588235293,37,24.5,51.76470588235294,13.6,60.0,-0.09375,-0.1171875,0.755,-3.125,-6.25
1612.5,102,20.5,19.607843137254903,37,27.5,47.05882352941177,13.6,60.0,-0.015625,0.0078125,0.755,-3.125,-5.46875
1610.5,102,21.5,20.392156862745097,37,27.5,48.23529411764706,13.6,60.0,-0.01171875,0.03515625,0.755,-3.90625,-3.125
1634.5,102,24.25,21.568627450980394,37,24.0,54.11764705882353,13.6,60.0,-0.01953125,0.01171875,0.755,-3.125,-1.5625
1702.75,102,27.25,22.352941176470587,37,23.0,54.90196078431372,13.7,60.0,0.046875,0.01953125,0.755,0.0,-2.34375
1727.25,102,29.75,23.92156862745098,37,22.5,58.03921568627451,13.6,60.0,-0.00390625,-0.00390625,0.75,0.0,-0.78125
1775.5,102,32.25,24.705882352941178,37,21.0,60.78431372549019,13.7,60.0,0.01171875,-0.0625,0.735,0.78125,2.34375
1815.0,102,33.25,25.49019607843137,37,21.0,61.96078431372549,13.6,60.0,-0.01953125,0.0078125,0.74,0.78125,3.90625
1784.5,102,32.75,25.49019607843137,37,19.5,63.13725490196079,13.6,60.0,-0.05859375,-0.05078125,0.74,1.5625,0.78125
1738.25,102,25.75,21.96078431372549,37,26.0,53.72549019607843,13.6,60.0,-0.04296875,-0.13671875,0.75,-0.78125,-3.90625
1618.5,102,20.0,19.215686274509803,37,30.5,46.27450980392157,13.6,60.0,-0.0625,-0.015625,0.75,-5.46875,-3.90625
1577.0,102,18.25,18.823529411764707,37,31.5,43.13725490196079,13.6,60.0,-0.02734375,0.0,0.75,-4.6875,-3.90625
1563.0,102,17.75,18.823529411764707,37,32.0,43.13725490196079,13.6,58.0,0.01171875,-0.00390625,0.75,-2.34375,-3.125
1591.0,102,21.75,20.0,37,27.5,48.627450980392155,13.7,58.0,0.03125,-0.0234375,0.75,-1.5625,-3.90625
1625.25,102,23.0,20.784313725490197,37,27.0,51.372549019607845,13.6,58.0,0.01171875,-0.03515625,0.75,-2.34375,-1.5625
1632.5,102,22.75,20.784313725490197,37,27.5,50.588235294117645,13.6,58.0,-0.015625,0.01953125,0.75,-2.34375,-1.5625
1622.75,102,23.25,20.784313725490197,37,27.0,52.15686274509804,13.6,58.0,0.02734375,0.015625,0.75,-0.78125,-3.125
1629.0,102,27.75,22.745098039215687,37,22.5,58.431372549019606,13.6,58.0,0.03515625,0.01953125,0.75,0.0,-2.34375
1775.5,102,32.0,25.098039215686274,37,19.5,62.35294117647059,13.6,58.0,0.04296875,0.05078125,0.735,2.34375,1.5625
1832.25,102,36.25,26.666666666666668,37,19.5,65.88235294117646,13.6,58.0,0.03125,0.02734375,0.71,0.78125,4.6875
1820.5,102,36.75,27.058823529411764,37,18.0,69.41176470588235,13.6,60.0,-0.04296875,0.015625,0.69,0.78125,5.46875
1816.25,102,37.5,27.84313725490196,37,16.5,71.37254901960785,13.7,60.0,-0.0390625,-0.01171875,0.675,1.5625,5.46875
1770.5,102,37.25,27.84313725490196,37,16.5,70.98039215686275,13.6,60.0,0.01171875,-0.05078125,0.69,1.5625,3.125
1782.75,102,36.75,27.84313725490196,36,17.0,71.37254901960785,13.6,61.0,-0.015625,-0.05859375,0.7,0.0,4.6875
1781.0,102,36.5,27.84313725490196,36,17.0,70.58823529411765,13.6,61.0,-0.0234375,-0.00390625,0.71,0.0,3.90625
1791.75,102,37.0,27.84313725490196,36,14.0,70.98039215686275,13.7,61.0,0.02734375,-0.04296875,0.725,1.5625,3.125
1790.75,102,36.75,27.84313725490196,36,15.0,69.80392156862744,13.6,62.0,0.0078125,-0.02734375,0.705,1.5625,3.125
1813.75,102,38.5,28.235294117647058,36,15.0,70.58823529411765,13.6,62.0,-0.0234375,0.015625,0.695,0.0,4.6875
1842.0,102,38.5,29.019607843137255,36,14.0,72.94117647058823,13.6,63.0,-0.015625,0.01171875,0.685,0.0,5.46875
1832.75,102,40.0,29.41176470588235,36,13.5,73.33333333333333,13.6,63.0,-0.02734375,-0.0234375,0.69,0.78125,5.46875
1851.75,102,40.5,29.80392156862745,36,13.5,74.11764705882354,13.6,63.0,-0.0390625,-0.04296875,0.665,0.78125,4.6875
1884.0,102,41.75,30.19607843137255,36,14.0,73.72549019607843,13.6,65.0,-0.03125,-0.01171875,0.665,0.0,4.6875
1775.5,102,38.5,29.80392156862745,36,11.0,78.82352941176471,13.6,65.0,-0.046875,-0.0078125,0.68,-0.78125,4.6875
1724.0,102,39.5,30.19607843137255,36,10.5,79.6078431372549,13.7,65.0,-0.03125,-0.03515625,0.705,-0.78125,3.90625
1691.25,103,39.25,30.19607843137255,36,9.0,82.3529411764706,13.6,65.0,-0.04296875,-0.1640625,0.71,-2.34375,-1.5625
1234.0,102,27.0,30.980392156862745,36,7.5,85.09803921568627,13.6,65.0,-0.10546875,0.11328125,0.74,-3.125,-0.78125
1218.75,103,27.25,32.549019607843135,36,5.0,92.15686274509804,13.7,65.0,-0.07421875,0.0234375,0.705,-2.34375,0.78125
1220.0,103,29.25,34.509803921568626,36,6.5,92.54901960784314,13.6,66.0,-0.05859375,-0.02734375,0.725,-3.125,2.34375
1695.5,103,43.5,38.8235294117647,36,11.0,87.05882352941177,13.6,65.0,-0.0546875,-0.04296875,0.73,-0.78125,5.46875
1902.25,103,51.75,42.35294117647059,36,9.5,88.23529411764706,13.6,65.0,-0.15625,-0.0859375,0.77,-5.46875,4.6875
2174.0,103,47.75,30.19607843137255,36,16.5,72.54901960784314,13.6,65.0,0.0234375,-0.1015625,0.765,-5.46875,0.78125
2063.5,103,44.25,29.41176470588235,36,17.0,71.37254901960785,13.6,66.0,0.03125,0.04296875,0.75,-3.90625,1.5625
1697.75,103,36.75,29.41176470588235,36,12.0,78.82352941176471,13.7,66.0,0.04296875,-0.00390625,0.73,-0.78125,1.5625
1720.5,103,39.25,30.58823529411765,36,11.0,79.6078431372549,13.7,66.0,0.00390625,0.0,0.72,0.0,3.90625
1785.25,103,41.0,30.58823529411765,36,13.5,78.43137254901961,13.6,66.0,-0.01953125,0.0,0.705,-2.34375,5.46875
1787.5,103,40.5,30.980392156862745,36,12.5,78.82352941176471,13.6,66.0,-0.0078125,0.03515625,0.695,-2.34375,4.6875
1756.5,103,34.5,26.666666666666668,36,16.5,70.58823529411765,13.6,66.0,-0.07421875,-0.2265625,0.77,-4.6875,-3.90625
1568.5,103,30.0,25.88235294117647,36,15.5,71.76470588235294,13.6,66.0,0.0,-0.02734375,0.755,-3.90625,-4.6875
1557.5,103,32.75,27.058823529411764,36,14.0,77.25490196078431,13.6,65.0,-0.06640625,-0.0625,0.745,-4.6875,-4.6875
1658.75,103,37.25,29.41176470588235,36,9.5,81.56862745098039,13.6,65.0,-0.05859375,0.05078125,0.7,-5.46875,0.0
1639.25,103,39.25,31.372549019607842,36,7.5,88.62745098039215,13.6,65.0,-0.0390625,-0.01171875,0.68,-5.46875,0.0
1589.25,103,39.25,32.15686274509804,36,6.5,90.98039215686275,13.6,65.0,0.02734375,-0.05078125,0.725,-3.90625,-1.5625
1531.75,103,37.25,34.11764705882353,36,6.0,91.76470588235294,13.6,65.0,-0.0078125,-0.01171875,0.735,-4.6875,-3.125
1438.5,103,33.0,32.549019607843135,36,6.5,89.01960784313725,13.6,65.0,-0.05078125,-0.05078125,0.745,-6.25,-3.125
1303.5,103,28.25,32.15686274509804,36,6.5,87.84313725490196,13.7,65.0,-0.03125,0.03515625,0.73,-5.46875,-0.78125
1211.5,103,27.75,31.764705882352942,36,6.5,91.76470588235294,13.6,65.0,-0.07421875,-0.08203125,0.695,-3.125,-1.5625
1207.25,103,28.25,32.94117647058823,36,6.5,91.76470588235294,13.7,65.0,0.0078125,0.0078125,0.685,-2.34375,0.0
1211.5,103,28.5,32.94117647058823,36,6.5,92.15686274509804,13.6,63.0,-0.046875,0.0,0.7,-3.90625,0.78125
1193.0,103,27.75,33.72549019607843,36,6.0,94.11764705882354,13.6,63.0,-0.01953125,0.015625,0.71,-3.90625,1.5625
1197.5,103,28.25,33.72549019607843,36,6.5,94.11764705882354,13.7,65.0,0.0,-0.05859375,0.72,-1.5625,0.0
1384.25,103,34.0,36.07843137254902,36,8.0,89.41176470588235,13.7,63.0,-0.02734375,-0.046875,0.705,-2.34375,-0.78125
1528.25,103,39.0,36.86274509803921,36,7.5,94.11764705882354,13.6,63.0,-0.1015625,-0.07421875,0.735,-6.25,-2.34375
1455.0,103,36.0,36.07843137254902,36,8.0,92.94117647058823,13.6,63.0,-0.01171875,-0.0234375,0.735,-6.25,-3.90625
1263.25,104,26.5,33.333333333333336,36,6.5,89.80392156862744,13.6,63.0,0.05078125,0.0859375,0.72,-2.34375,0.0
1192.5,104,27.75,32.15686274509804,36,6.0,94.50980392156863,13.6,63.0,-0.00390625,-0.03515625,0.69,-2.34375,-2.34375
1199.25,104,27.75,33.333333333333336,36,6.0,94.11764705882354,13.7,63.0,-0.01171875,0.0390625,0.68,-3.125,-0.78125
1179.75,104,23.75,32.549019607843135,36,12.0,81.17647058823529,13.6,63.0,-0.0546875,-0.01953125,0.705,-3.125,-0.78125
1184.0,104,23.75,31.372549019607842,36,12.0,81.56862745098039,13.6,62.0,-0.078125,-0.05859375,0.725,-3.90625,-1.5625
1170.5,104,24.25,31.372549019607842,36,11.0,83.52941176470588,13.6,62.0,0.04296875,-0.05078125,0.725,-3.125,-2.34375
1154.75,104,24.5,31.372549019607842,36,7.5,83.92156862745098,13.7,62.0,0.0234375,0.02734375,0.72,-1.5625,-1.5625
1195.5,104,25.0,32.15686274509804,36,7.5,82.74509803921569,13.6,62.0,-0.0546875,-0.046875,0.725,-3.90625,-0.78125
1234.0,104,24.75,32.549019607843135,36,9.0,81.17647058823529,13.6,61.0,-0.02734375,0.05078125,0.725,-3.90625,0.0
1137.5,105,23.75,30.980392156862745,36,8.0,82.74509803921569,13.6,61.0,0.01171875,-0.01171875,0.72,-1.5625,0.0
1206.5,105,24.75,31.764705882352942,36,8.0,82.3529411764706,13.6,60.0,0.01171875,0.0546875,0.725,-2.34375,1.5625
1151.0,105,23.25,30.58823529411765,36,9.5,82.3529411764706,13.7,60.0,0.015625,-0.03515625,0.72,0.0,0.0
1443.25,105,30.0,34.90196078431372,36,10.5,78.03921568627452,13.7,58.0,0.046875,0.04296875,0.725,0.0,0.78125
1501.25,105,30.75,35.294117647058826,36,8.0,78.03921568627452,13.6,58.0,0.01953125,0.02734375,0.705,-0.78125,1.5625
1908.5,105,41.75,38.8235294117647,36,13.5,68.23529411764706,13.7,58.0,0.0703125,0.1015625,0.66,3.125,7.8125
2039.75,105,42.0,39.6078431372549,36,15.0,68.62745098039215,13.6,60.0,-0.0703125,-0.0390625,0.66,0.0,4.6875
2045.25,105,43.0,39.6078431372549,36,16.5,69.41176470588235,13.6,60.0,0.03515625,-0.046875,0.675,0.78125,3.125
2089.0,105,46.5,40.3921568627451,36,16.5,74.90196078431373,13.6,60.0,-0.078125,-0.07421875,0.725,-1.5625,1.5625
2161.25,105,52.25,41.96078431372549,36,14.0,80.0,13.6,61.0,-0.0703125,-0.078125,0.74,-0.78125,2.34375
2207.5,105,47.75,42.745098039215684,36,15.0,81.96078431372548,13.6,61.0,-0.06640625,0.01171875,0.73,0.0,4.6875
2237.5,105,55.25,43.13725490196079,36,15.0,83.52941176470588,13.6,62.0,-0.06640625,-0.0546875,0.745,-1.5625,3.90625
2278.25,105,56.75,43.529411764705884,36,14.0,86.27450980392157,13.6,62.0,-0.0859375,-0.109375,0.755,-3.90625,3.125
2281.25,105,57.75,43.92156862745098,36,13.5,88.23529411764706,13.6,63.0,-0.05859375,-0.05078125,0.765,-3.90625,3.90625
2304.0,105,59.5,44.705882352941174,36,15.5,91.37254901960785,13.7,63.0,0.0078125,0.046875,0.77,-7.03125,5.46875
2314.25,105,61.25,45.09803921568628,36,15.0,91.37254901960785,13.6,65.0,0.03125,0.03515625,0.775,-3.90625,7.8125
2309.5,105,60.75,44.31372549019608,36,15.5,90.19607843137256,13.6,66.0,0.03125,0.00390625,0.785,-3.90625,8.59375
2294.25,105,58.75,39.6078431372549,36,15.0,87.05882352941177,13.6,67.0,-0.09765625,-0.265625,0.785,-6.25,2.34375
2230.0,105,49.0,30.19607843137255,36,18.5,70.98039215686275,13.6,67.0,0.03515625,-0.0625,0.775,-5.46875,-3.125
2103.75,105,43.75,29.019607843137255,36,18.0,71.37254901960785,13.7,67.0,0.0,0.03515625,0.76,-4.6875,-1.5625
2086.0,105,43.5,29.41176470588235,36,18.0,71.76470588235294,13.6,67.0,0.0234375,0.0234375,0.75,-3.125,0.78125
2091.5,105,46.0,30.58823529411765,36,15.5,75.68627450980392,13.6,68.0,0.03125,0.0234375,0.74,-1.5625,2.34375
1715.0,105,44.75,36.86274509803921,36,9.0,89.01960784313725,13.6,68.0,-0.10546875,-0.02734375,0.77,-2.34375,7.03125
1791.25,105,48.5,39.21568627450981,36,13.5,89.01960784313725,13.6,68.0,-0.15625,0.01953125,0.79,-3.125,10.9375
2271.5,105,59.75,43.92156862745098,36,15.0,90.58823529411765,13.7,70.0,-0.0703125,-0.12890625,0.81,-3.90625,10.15625
2332.75,105,62.5,45.490196078431374,36,15.5,90.19607843137256,13.6,71.0,-0.125,-0.14453125,0.82,-3.125,10.15625
2346.0,105,61.75,45.490196078431374,36,15.5,90.19607843137256,13.6,72.0,-0.16796875,-0.171875,0.835,-3.125,10.15625
2361.25,105,62.5,45.490196078431374,36,16.5,89.41176470588235,13.7,75.0,-0.1015625,-0.15625,0.85,-3.125,10.15625
2373.5,105,61.5,45.490196078431374,36,16.5,90.19607843137256,13.6,76.0,-0.12109375,-0.19140625,0.865,-4.6875,8.59375
2387.5,105,61.25,45.490196078431374,36,16.5,89.80392156862744,13.6,78.0,-0.15625,-0.18359375,0.87,-3.90625,8.59375
2407.0,105,64.25,45.490196078431374,36,14.0,90.19607843137256,13.6,80.0,-0.15625,-0.1484375,0.87,-3.90625,9.375
2156.75,105,59.0,44.31372549019608,36,9.5,92.94117647058823,13.6,82.0,-0.30078125,-0.27734375,0.885,-7.8125,4.6875
2030.0,105,56.0,43.529411764705884,36,11.0,91.76470588235294,13.6,83.0,-0.09375,-0.078125,0.875,-4.6875,7.8125
2052.0,105,56.25,43.529411764705884,36,11.0,92.15686274509804,13.6,86.0,-0.16015625,-0.10546875,0.875,-6.25,8.59375
2075.0,105,57.0,43.529411764705884,36,11.0,92.15686274509804,13.6,87.0,-0.18359375,-0.08203125,0.875,-6.25,9.375
2090.25,105,58.0,43.92156862745098,36,12.0,91.37254901960785,13.6,88.0,-0.1328125,-0.11328125,0.885,-4.6875,9.375
2090.25,105,55.75,43.92156862745098,36,12.0,92.15686274509804,13.6,90.0,-0.140625,-0.19921875,0.885,-5.46875,7.8125
2062.75,105,56.75,43.529411764705884,36,12.0,92.15686274509804,13.6,91.0,-0.1484375,-0.1171875,0.885,-7.03125,7.8125
2009.75,105,54.75,43.13725490196079,35,12.5,90.19607843137256,13.6,93.0,-0.12890625,-0.05078125,0.88,-4.6875,9.375
1983.0,105,53.5,43.13725490196079,35,12.0,91.37254901960785,13.6,93.0,-0.1796875,-0.08984375,0.89,-3.90625,9.375
1940.75,105,52.0,42.745098039215684,35,11.0,91.37254901960785,13.6,95.0,-0.11328125,-0.14453125,0.89,-2.34375,10.15625
1940.25,105,54.0,42.745098039215684,35,12.0,91.37254901960785,13.6,96.0,-0.109375,-0.11328125,0.89,-3.125,10.15625
1893.75,105,49.75,42.35294117647059,35,11.0,91.37254901960785,13.6,97.0,-0.14453125,-0.1796875,0.895,-3.125,10.15625
1900.0,105,50.5,42.745098039215684,35,11.0,91.76470588235294,13.6,97.0,-0.1484375,-0.23828125,0.895,-3.125,10.15625
1818.0,105,48.0,41.568627450980394,35,10.5,93.33333333333333,13.7,98.0,-0.1796875,-0.26171875,0.895,-2.34375,8.59375
1846.75,105,50.25,41.96078431372549,35,10.5,92.54901960784314,13.6,100.0,-0.09765625,-0.234375,0.895,-3.125,9.375
1860.25,105,49.75,40.0,35,10.5,87.05882352941177,13.6,100.0,-0.17578125,-0.2421875,0.89,-6.25,7.03125
1871.75,105,43.5,30.58823529411765,35,10.5,60.78431372549019,13.7,101.0,-0.30078125,-0.97265625,0.9,-14.0625,-14.0625
1859.0,105,11.0,15.686274509803921,35,8.0,23.137254901960784,13.6,100.0,0.05859375,-0.0078125,0.895,-11.71875,-14.0625
1834.0,105,10.25,15.294117647058824,36,3.0,19.215686274509803,13.6,97.0,0.10546875,0.1796875,0.895,0.0,0.0
1787.5,105,9.75,14.901960784313726,36,-2.5,18.823529411764707,13.5,95.0,1.8671875,1.69140625,0.88,0.0,0.0
1759.5,105,9.25,14.901960784313726,36,-2.5,18.431372549019606,13.6,93.0,2.2421875,2.49609375,0.825,0.0,0.0
1725.25,105,8.75,14.509803921568627,36,12.0,19.215686274509803,13.6,92.0,2.421875,2.125,0.335,0.0,0.0
1809.0,105,40.5,27.058823529411764,36,15.0,67.45098039215686,13.6,93.0,-0.6875,-0.67578125,0.425,0.0,0.0
1935.25,105,47.75,32.94117647058823,36,12.5,81.17647058823529,13.6,93.0,-0.16015625,0.08984375,0.58,-0.78125,9.375
2115.25,105,54.25,40.0,36,15.0,88.62745098039215,13.6,95.0,-0.1015625,-0.06640625,0.77,-6.25,9.375
2178.75,105,58.5,42.35294117647059,36,15.5,88.62745098039215,13.7,96.0,0.0234375,-0.09375,0.8,-3.90625,10.15625
2204.5,105,58.25,44.31372549019608,35,15.5,89.41176470588235,13.6,97.0,-0.0234375,-0.0234375,0.82,-3.125,11.71875
2189.75,105,61.25,44.31372549019608,35,15.5,89.80392156862744,13.6,98.0,-0.140625,-0.171875,0.865,-3.90625,10.15625
2158.0,105,58.75,44.31372549019608,35,14.0,90.98039215686275,13.6,101.0,-0.07421875,-0.09765625,0.88,-4.6875,9.375
2108.75,105,56.5,43.92156862745098,35,15.0,89.80392156862744,13.6,101.0,-0.15234375,-0.09375,0.885,-3.125,10.15625
2071.5,105,57.0,43.92156862745098,35,13.5,90.98039215686275,13.6,102.0,-0.14453125,-0.140625,0.89,-5.46875,8.59375
2074.5,105,56.0,43.92156862745098,35,13.5,90.98039215686275,13.7,103.0,-0.140625,-0.19140625,0.895,-6.25,7.8125
2059.25,105,56.0,43.92156862745098,35,13.5,90.98039215686275,13.6,105.0,-0.16796875,-0.1640625,0.895,-5.46875,8.59375
2033.0,105,55.25,40.3921568627451,35,14.0,85.09803921568627,13.6,105.0,-0.1015625,-0.16796875,0.89,-6.25,6.25
1958.5,105,30.75,23.529411764705884,35,22.5,52.94117647058823,13.6,106.0,-0.078125,-0.44140625,0.895,-9.375,-10.9375
1954.25,105,11.0,16.07843137254902,35,16.5,22.745098039215687,13.6,103.0,0.01171875,-0.0234375,0.89,-8.59375,-11.71875
1928.0,105,11.25,15.686274509803921,35,7.5,18.823529411764707,13.6,103.0,0.08203125,0.16796875,0.885,-6.25,-4.6875
1912.75,105,10.0,15.294117647058824,36,-1.5,18.03921568627451,13.6,102.0,0.82421875,1.56640625,0.885,0.0,0.0
1884.75,105,9.75,15.294117647058824,36,-1.5,17.647058823529413,13.7,101.0,2.14453125,2.328125,0.86,0.0,0.0
1863.25,105,9.5,14.901960784313726,36,-1.0,17.254901960784313,13.7,100.0,2.28125,2.5703125,0.31,0.0,0.0
1838.25,105,9.25,14.901960784313726,36,-1.0,17.254901960784313,13.6,98.0,2.3203125,2.26953125,0.225,0.0,0.0
1812.5,105,9.25,14.901960784313726,36,-1.0,16.862745098039216,13.6,97.0,2.5,2.5703125,0.18,0.0,0.0
1791.25,105,8.75,14.901960784313726,36,-1.5,17.254901960784313,13.6,96.0,2.5078125,2.2734375,0.15,0.0,0.0
1774.25,105,8.5,14.509803921568627,36,-1.5,16.862745098039216,13.6,95.0,2.29296875,2.59375,0.135,0.0,0.0
1764.5,105,8.5,15.686274509803921,36,47.0,18.03921568627451,13.6,95.0,0.3125,0.32421875,0.125,0.0,0.0
1837.0,105,19.75,18.823529411764707,36,27.5,33.72549019607843,13.7,93.0,-0.37890625,-0.33203125,0.13,-1.5625,-1.5625
1869.5,105,19.0,18.823529411764707,36,33.5,34.11764705882353,13.6,93.0,-0.015625,-0.046875,0.135,0.78125,0.78125
1798.5,105,10.75,15.294117647058824,36,10.5,24.705882352941178,13.6,92.0,0.0,-0.01953125,0.14,4.6875,3.90625
1716.75,105,8.5,14.509803921568627,36,11.0,18.03921568627451,13.7,93.0,-0.25390625,-0.22265625,0.14,3.125,3.125
1736.25,105,8.75,14.509803921568627,36,-1.5,17.254901960784313,13.6,93.0,-0.16796875,0.3671875,0.14,0.0,0.0
1730.25,105,8.25,14.509803921568627,36,-1.5,17.647058823529413,13.6,92.0,2.09375,2.34765625,0.13,0.0,0.0
1718.0,105,8.0,14.509803921568627,36,-1.5,16.862745098039216,13.6,92.0,2.38671875,2.3046875,0.11,0.0,0.0
1705.75,105,8.25,14.509803921568627,36,-2.5,17.254901960784313,13.6,91.0,2.44921875,2.41015625,0.105,0.0,0.0
1697.75,105,8.25,14.509803921568627,36,-2.5,18.03921568627451,13.7,91.0,2.32421875,2.52734375,0.105,0.0,0.0
1669.75,105,29.75,21.568627450980394,36,19.5,45.88235294117647,13.7,91.0,-0.6953125,-0.65234375,0.11,0.0,0.0
1976.25,105,28.5,21.96078431372549,36,26.0,47.05882352941177,13.6,92.0,-0.046875,-0.1171875,0.12,1.5625,-1.5625
1708.75,105,25.5,21.568627450980394,36,24.0,52.94117647058823,13.6,92.0,-0.1015625,-0.06640625,0.135,2.34375,0.78125
1719.25,104,25.75,21.96078431372549,36,25.5,52.94117647058823,13.6,93.0,-0.07421875,-0.08203125,0.15,2.34375,1.5625
1735.0,104,26.25,21.96078431372549,36,24.5,53.333333333333336,13.6,93.0,-0.06640625,-0.125,0.415,3.125,0.78125
1742.5,104,26.0,22.352941176470587,36,24.5,52.549019607843135,13.6,93.0,-0.07421875,-0.08203125,0.685,3.125,1.5625
1760.25,104,26.75,21.96078431372549,36,25.5,52.15686274509804,13.6,95.0,-0.11328125,-0.09375,0.72,2.34375,1.5625
1768.0,104,26.75,22.352941176470587,36,25.5,52.15686274509804,13.6,95.0,-0.09375,-0.0859375,0.74,3.125,1.5625
1781.0,104,26.0,22.352941176470587,36,25.5,51.76470588235294,13.6,96.0,-0.09375,-0.06640625,0.745,3.125,1.5625
1790.0,103,27.0,22.745098039215687,36,26.0,52.15686274509804,13.6,96.0,-0.03125,-0.01171875,0.735,2.34375,2.34375
1794.25,103,27.75,22.745098039215687,36,27.0,50.98039215686274,13.7,97.0,0.0390625,-0.03515625,0.74,3.90625,1.5625
1804.0,103,27.0,22.745098039215687,36,27.0,51.76470588235294,13.7,97.0,-0.03515625,0.0,0.74,4.6875,1.5625
1823.0,103,27.75,22.745098039215687,36,27.5,51.76470588235294,13.6,98.0,-0.0390625,-0.0234375,0.74,2.34375,2.34375
1824.75,103,27.0,22.745098039215687,36,27.0,51.372549019607845,13.6,98.0,-0.0390625,-0.05078125,0.755,3.125,-0.78125
1838.25,103,27.75,22.745098039215687,36,27.5,50.588235294117645,13.6,98.0,-0.00390625,-0.00390625,0.75,2.34375,0.0
1846.25,103,26.5,21.96078431372549,35,29.0,48.627450980392155,13.7,100.0,-0.03125,-0.01171875,0.755,0.0,0.78125
1857.25,103,26.75,21.96078431372549,35,29.0,48.627450980392155,13.7,100.0,-0.0703125,-0.046875,0.755,-0.78125,-0.78125
1865.75,103,26.5,21.96078431372549,35,30.0,48.23529411764706,13.6,101.0,-0.015625,0.0,0.76,0.78125,-3.125
1876.75,103,26.0,21.568627450980394,35,30.0,46.666666666666664,13.6,101.0,-0.01953125,-0.06640625,0.76,0.0,-3.125
1882.75,103,26.0,21.96078431372549,35,30.0,46.666666666666664,13.6,101.0,-0.0625,-0.03515625,0.76,-2.34375,-2.34375
1889.5,103,25.0,21.568627450980394,35,28.5,46.666666666666664,13.6,102.0,-0.03125,0.00390625,0.76,-2.34375,-2.34375
1900.5,103,26.25,21.568627450980394,35,28.5,46.27450980392157,13.7,102.0,0.01171875,-0.0234375,0.765,-1.5625,-2.34375
1903.0,103,26.5,21.568627450980394,35,28.5,46.666666666666664,13.6,102.0,0.01171875,-0.046875,0.765,0.0,-3.90625
1909.0,102,25.25,21.568627450980394,35,28.5,45.88235294117647,13.6,103.0,-0.01953125,-0.05078125,0.765,-1.5625,-3.90625
1921.25,102,26.5,21.568627450980394,35,30.0,45.88235294117647,13.6,103.0,-0.078125,-0.00390625,0.765,-2.34375,-2.34375
1925.5,102,26.25,21.568627450980394,35,30.0,45.88235294117647,13.6,103.0,-0.046875,0.01171875,0.765,-3.125,-3.125
1934.75,102,26.0,21.568627450980394,35,30.0,45.88235294117647,13.7,105.0,0.03125,-0.0390625,0.77,-0.78125,-4.6875
1943.25,102,26.0,21.568627450980394,35,30.0,45.88235294117647,13.7,105.0,-0.01171875,-0.00390625,0.77,-1.5625,-4.6875
1948.75,102,26.5,21.568627450980394,35,30.0,45.88235294117647,13.7,105.0,-0.03515625,0.03125,0.77,-3.125,-3.90625
1958.5,102,26.5,21.568627450980394,35,30.5,45.88235294117647,13.6,105.0,-0.04296875,0.04296875,0.77,-3.125,-3.125
1961.0,102,26.75,21.568627450980394,35,30.5,45.09803921568628,13.6,106.0,-0.0078125,-0.0546875,0.77,-1.5625,-5.46875
1971.25,102,26.5,21.568627450980394,35,30.5,45.09803921568628,13.6,106.0,-0.01953125,-0.04296875,0.77,-3.125,-3.90625
1971.25,102,26.25,21.568627450980394,35,30.5,45.490196078431374,13.6,106.0,-0.02734375,-0.0078125,0.77,-3.125,-3.125
1976.25,102,27.0,21.568627450980394,35,30.5,44.705882352941174,13.6,106.0,0.01171875,0.01953125,0.77,-0.78125,-4.6875
1989.5,102,26.5,21.568627450980394,35,27.5,44.705882352941174,13.7,107.0,0.0234375,0.0,0.77,0.0,-3.90625
1987.75,102,26.5,21.568627450980394,35,27.5,45.09803921568628,13.7,107.0,-0.03125,-0.03515625,0.77,-2.34375,-3.125
1997.5,102,27.0,21.568627450980394,35,27.5,44.705882352941174,13.6,107.0,-0.03125,0.0078125,0.77,-3.125,-3.125
2005.0,102,26.75,21.568627450980394,35,28.5,44.705882352941174,13.7,108.0,-0.01953125,-0.00390625,0.77,-1.5625,-3.125
2011.5,102,27.0,21.568627450980394,35,28.5,44.705882352941174,13.6,108.0,-0.00390625,-0.0390625,0.775,-1.5625,-5.46875
2022.5,102,26.5,21.568627450980394,35,29.0,43.529411764705884,13.6,108.0,0.0234375,0.01953125,0.77,-1.5625,-4.6875
2025.75,102,26.5,21.568627450980394,35,28.5,43.92156862745098,13.7,110.0,-0.0234375,0.0234375,0.77,-2.34375,-3.125
2036.5,102,26.5,21.568627450980394,35,29.0,43.529411764705884,13.6,110.0,0.00390625,0.0,0.775,0.0,0.78125
2044.5,102,61.0,70.58823529411765,35,6.0,96.86274509803921,13.6,111.0,-0.22265625,-0.1640625,0.8,0.0,4.6875
2069.5,102,60.5,86.27450980392157,35,12.5,100.0,13.7,112.0,-0.3828125,-0.13671875,0.825,-5.46875,7.03125
2097.75,102,60.0,86.27450980392157,35,14.0,98.43137254901961,13.6,113.0,-0.2265625,-0.2109375,0.86,-3.90625,10.9375
2126.25,102,63.75,86.27450980392157,35,9.5,95.29411764705883,13.6,115.0,-0.40234375,-0.4921875,0.89,-7.8125,-2.34375
2123.25,101,10.25,15.686274509803921,35,12.0,19.215686274509803,13.6,115.0,-0.296875,-0.46484375,0.89,-10.15625,-10.15625
2121.5,101,11.0,15.686274509803921,35,2.0,17.254901960784313,13.6,113.0,0.05859375,0.078125,0.885,0.0,0.0
2115.25,101,10.75,15.686274509803921,35,0.0,16.862745098039216,13.6,113.0,1.953125,2.16015625,0.87,0.0,0.0
2102.5,101,10.75,15.294117647058824,35,0.0,16.470588235294116,13.6,113.0,2.41015625,2.3359375,0.43,0.0,0.0
2092.25,101,10.5,15.294117647058824,35,0.0,16.470588235294116,13.7,112.0,2.46484375,2.37109375,0.3,0.0,0.0
2088.0,101,10.5,16.862745098039216,35,24.0,54.509803921568626,13.6,113.0,-0.73046875,-0.59765625,0.235,0.0,0.0
2332.0,101,66.0,72.15686274509804,35,13.5,97.6470588235294,13.6,113.0,-0.59765625,-0.12109375,0.755,0.0,1.5625
2470.5,101,73.0,86.27450980392157,35,15.5,99.2156862745098,13.7,115.0,-0.34765625,-0.109375,0.785,-6.25,7.8125
2484.5,101,71.0,86.27450980392157,34,16.5,98.43137254901961,13.7,116.0,-0.21875,-0.23046875,0.83,-5.46875,7.8125
2476.75,100,72.5,86.27450980392157,34,16.5,98.03921568627452,13.7,118.0,-0.32421875,-0.3046875,0.88,-5.46875,7.8125
2453.5,100,71.25,86.27450980392157,34,15.5,97.6470588235294,13.6,118.0,-0.3203125,-0.40625,0.9,-5.46875,7.8125
2401.5,100,46.5,23.137254901960784,34,2.0,49.01960784313726,13.6,120.0,-0.453125,-1.21484375,0.915,-11.71875,-12.5
2214.25,100,11.5,16.07843137254902,34,10.5,18.03921568627451,13.6,120.0,-0.21875,-0.21875,0.91,0.0,0.0
2205.0,100,17.75,17.254901960784313,34,8.0,25.88235294117647,13.6,120.0,-0.2734375,-0.32421875,0.9,0.0,0.0
2554.75,100,73.25,72.94117647058823,34,12.0,96.07843137254902,13.6,121.0,-0.3203125,-0.1875,0.865,0.0,3.90625
2557.75,100,75.25,86.27450980392157,34,15.0,100.0,13.6,122.0,-0.47265625,-0.18359375,0.88,-6.25,4.6875
2556.0,100,75.5,86.27450980392157,33,15.5,99.2156862745098,13.6,123.0,-0.234375,-0.34765625,0.895,-5.46875,5.46875
2553.0,100,73.25,86.27450980392157,33,16.5,98.82352941176471,13.6,123.0,-0.37890625,-0.32421875,0.9,-5.46875,6.25
2526.0,100,63.5,41.568627450980394,33,16.5,87.05882352941177,13.7,125.0,-0.0546875,-0.0859375,0.885,-0.78125,10.9375
2507.25,100,65.5,43.92156862745098,33,16.5,89.01960784313725,13.6,126.0,-0.25390625,-0.29296875,0.895,-1.5625,10.15625
2512.0,99,66.75,46.666666666666664,33,18.0,90.19607843137256,13.6,127.0,-0.28125,-0.23046875,0.895,-3.125,10.15625
2512.0,99,67.0,46.27450980392157,33,16.5,89.80392156862744,13.6,128.0,-0.12890625,-0.23828125,0.89,-2.34375,10.15625
2510.75,99,67.0,46.27450980392157,33,14.0,89.01960784313725,13.6,130.0,-0.21484375,-0.17578125,0.89,-1.5625,10.15625
2523.75,99,66.5,46.666666666666664,33,14.0,89.80392156862744,13.7,130.0,-0.12890625,-0.1171875,0.885,-1.5625,10.15625
2532.25,99,67.25,46.27450980392157,33,14.0,89.01960784313725,13.6,131.0,-0.16796875,-0.16796875,0.885,-1.5625,10.15625
2530.5,99,67.25,46.27450980392157,33,14.0,89.01960784313725,13.6,132.0,-0.16015625,-0.1328125,0.88,-2.34375,10.15625
2545.0,99,66.0,46.27450980392157,33,14.0,89.41176470588235,13.7,133.0,-0.16015625,-0.14453125,0.88,-1.5625,10.15625
2564.5,99,68.5,46.666666666666664,33,14.0,89.80392156862744,13.6,135.0,-0.13671875,-0.125,0.88,-1.5625,9.375
2568.75,99,65.75,46.666666666666664,33,15.0,89.80392156862744,13.6,136.0,-0.1328125,-0.203125,0.89,-1.5625,7.8125
2553.0,99,35.75,22.745098039215687,33,5.0,45.09803921568628,13.6,136.0,-0.7734375,-1.22265625,0.91,-15.625,-17.1875
2526.0,99,15.75,17.647058823529413,33,4.5,21.568627450980394,13.7,135.0,0.09375,0.1328125,0.895,0.0,0.0
2497.5,99,14.75,16.862745098039216,33,3.0,19.607843137254903,13.6,135.0,2.29296875,2.26171875,0.88,0.0,0.0
2489.0,99,14.25,16.862745098039216,34,3.0,18.823529411764707,13.7,133.0,2.4296875,2.3828125,0.32,0.0,0.0
2470.5,99,13.25,16.470588235294116,34,3.0,18.431372549019606,13.7,133.0,2.45703125,2.4140625,0.215,0.0,0.0
2455.25,99,12.5,16.07843137254902,34,3.0,18.03921568627451,13.6,131.0,2.3984375,2.4921875,0.16,0.0,0.0
2414.5,99,12.25,16.07843137254902,35,2.0,17.254901960784313,13.6,128.0,2.4296875,2.5,0.135,0.0,0.0
2357.75,99,12.25,16.07843137254902,35,2.0,17.254901960784313,13.6,125.0,2.484375,2.41796875,0.12,0.0,0.0
2276.0,99,12.0,15.686274509803921,35,1.5,16.862745098039216,13.6,121.0,2.390625,2.484375,0.115,0.0,0.0
2206.25,99,11.0,15.686274509803921,35,0.5,16.862745098039216,13.6,116.0,2.46875,2.57421875,0.11,0.0,0.0
2116.5,99,10.75,15.294117647058824,35,0.0,16.470588235294116,13.6,112.0,2.51953125,2.5078125,0.105,0.0,0.0
2051.25,99,9.75,15.294117647058824,35,0.0,16.07843137254902,13.6,108.0,2.3828125,2.55859375,0.1,0.0,0.0
1966.5,99,9.75,14.901960784313726,35,-1.0,16.07843137254902,13.6,103.0,2.45703125,2.35546875,0.1,0.0,0.0
1901.75,99,9.25,14.901960784313726,35,-1.0,16.470588235294116,13.6,101.0,2.44921875,2.42578125,0.1,0.0,0.0
1856.5,99,9.0,14.901960784313726,35,-1.0,16.862745098039216,13.6,98.0,2.5390625,2.65234375,0.095,0.0,0.0
1806.0,99,8.75,14.509803921568627,35,-1.5,16.862745098039216,13.6,95.0,2.546875,2.3046875,0.095,0.0,0.0
1745.5,99,8.75,14.509803921568627,35,-1.5,17.254901960784313,13.6,92.0,2.453125,2.3671875,0.095,0.0,0.0
1571.5,99,8.0,14.117647058823529,35,-4.0,19.215686274509803,13.6,91.0,2.5625,2.2578125,0.095,0.0,0.0
1206.0,99,5.75,13.333333333333334,35,-6.0,19.607843137254903,13.6,90.0,2.48828125,2.26953125,0.095,0.0,0.0
1062.0,99,4.75,12.549019607843137,35,-2.5,19.607843137254903,13.7,88.0,2.25,2.3515625,0.095,0.0,0.0
1267.5,98,6.0,13.333333333333334,35,3.5,17.647058823529413,13.6,88.0,0.1328125,-0.078125,0.1,0.0,0.0
1501.25,98,7.5,14.117647058823529,35,13.5,17.647058823529413,13.6,88.0,-0.28125,-0.203125,0.105,0.0,0.0
1604.5,98,8.0,14.117647058823529,36,10.5,18.823529411764707,13.6,87.0,-0.25,-0.2109375,0.115,0.0,0.0
1559.25,98,7.5,14.117647058823529,36,10.5,18.431372549019606,13.6,86.0,-0.2734375,-0.32421875,0.115,-2.34375,-3.125
1525.25,98,7.25,14.117647058823529,36,12.0,18.03921568627451,13.6,85.0,-0.19140625,-0.14453125,0.12,-2.34375,-0.78125
1506.75,98,7.25,14.117647058823529,36,15.0,18.431372549019606,13.6,85.0,-0.1796875,-0.2265625,0.125,-1.5625,-1.5625
1647.25,98,15.5,19.215686274509803,36,31.5,37.254901960784316,13.7,85.0,-0.3671875,-0.44140625,0.13,-10.15625,-10.15625
1817.0,98,26.25,21.568627450980394,35,23.0,48.627450980392155,13.6,86.0,0.16796875,0.109375,0.14,2.34375,1.5625
1918.25,98,27.5,21.96078431372549,35,27.5,47.05882352941177,13.6,86.0,-0.0625,-0.10546875,0.15,5.46875,2.34375
1949.25,98,27.5,21.96078431372549,35,27.5,47.450980392156865,13.6,87.0,-0.12109375,-0.11328125,0.17,4.6875,1.5625
1943.25,98,27.75,21.96078431372549,35,27.0,52.549019607843135,13.7,87.0,-0.0703125,-0.1328125,0.505,3.125,0.78125
1627.0,98,16.25,17.254901960784313,35,10.5,37.254901960784316,13.6,87.0,-0.31640625,-0.265625,0.695,-3.90625,-3.90625
1622.75,97,8.0,14.509803921568627,35,11.0,20.784313725490197,13.7,87.0,-0.1875,-0.13671875,0.72,-4.6875,-3.90625
1636.25,97,8.25,14.509803921568627,35,6.0,18.03921568627451,13.6,87.0,-0.09765625,-0.11328125,0.73,0.0,0.0
1632.0,97,8.0,14.509803921568627,35,-2.5,18.03921568627451,13.6,87.0,0.66796875,1.46484375,0.725,0.0,0.0
1621.5,97,7.75,14.509803921568627,35,-2.5,18.03921568627451,13.7,87.0,2.1796875,2.24609375,0.485,0.0,0.0
1611.25,97,7.75,14.117647058823529,35,-2.5,18.03921568627451,13.6,86.0,2.45703125,2.2265625,0.255,0.0,0.0
1600.25,97,7.75,14.117647058823529,35,-3.0,18.03921568627451,13.6,86.0,2.4765625,2.265625,0.2,0.0,0.0
1585.0,97,7.75,14.117647058823529,35,-2.5,18.03921568627451,13.6,85.0,2.29296875,2.51171875,0.18,0.0,0.0
1570.25,97,8.0,14.117647058823529,35,-3.0,18.431372549019606,13.6,85.0,2.296875,2.59375,0.165,0.0,0.0
1574.0,97,7.75,14.117647058823529,35,-3.0,18.431372549019606,13.6,85.0,2.55078125,2.26953125,0.155,0.0,0.0
1565.5,97,7.25,14.117647058823529,35,-2.5,17.647058823529413,13.6,83.0,2.24609375,2.6796875,0.145,0.0,0.0
1558.75,97,7.25,14.117647058823529,35,-3.0,18.03921568627451,13.6,83.0,2.53515625,2.26953125,0.145,0.0,0.0
1551.5,97,7.25,14.117647058823529,35,-2.5,17.647058823529413,13.6,82.0,2.359375,2.6171875,0.14,0.0,0.0
1521.5,97,7.25,14.117647058823529,36,-3.0,18.03921568627451,13.6,81.0,2.328125,2.34375,0.14,0.0,0.0
1494.75,97,7.5,14.117647058823529,36,-4.0,19.215686274509803,13.5,80.0,2.30078125,2.375,0.14,0.0,0.0
1039.25,97,5.0,12.941176470588236,36,0.5,20.0,13.6,77.0,1.75390625,1.796875,0.14,0.0,0.0
1166.25,97,5.25,13.333333333333334,36,4.5,18.823529411764707,13.6,76.0,0.125,-0.08203125,0.14,0.0,0.0
1254.25,97,6.0,13.72549019607843,36,9.0,18.03921568627451,13.6,75.0,-0.2109375,-0.2109375,0.145,0.0,0.0
1325.5,97,6.0,13.72549019607843,36,14.0,18.431372549019606,13.6,75.0,-0.171875,-0.0625,0.145,0.0,0.0
1358.0,97,6.5,13.72549019607843,36,12.5,18.431372549019606,13.6,75.0,-0.16015625,-0.0390625,0.155,0.78125,2.34375
1356.75,97,6.5,13.72549019607843,36,11.0,18.823529411764707,13.7,76.0,-0.11328125,-0.12890625,0.155,2.34375,3.125
1363.5,97,6.75,13.72549019607843,36,12.0,18.823529411764707,13.6,76.0,-0.203125,-0.1796875,0.16,2.34375,3.90625
1372.5,97,6.75,13.72549019607843,36,12.0,18.431372549019606,13.7,76.0,-0.203125,-0.23046875,0.16,1.5625,3.125
1361.5,97,6.75,13.72549019607843,36,11.0,18.823529411764707,13.6,76.0,-0.1875,-0.203125,0.165,1.5625,3.125
1371.25,97,6.75,13.72549019607843,36,11.0,18.823529411764707,13.6,76.0,-0.22265625,-0.22265625,0.165,0.78125,2.34375
1383.0,97,6.75,13.72549019607843,36,11.0,18.823529411764707,13.6,76.0,-0.203125,-0.21484375,0.17,0.78125,2.34375
1370.75,97,6.75,13.72549019607843,36,10.5,18.823529411764707,13.6,76.0,-0.16015625,-0.16015625,0.175,1.5625,3.125
1367.75,97,6.25,13.72549019607843,36,12.0,18.431372549019606,13.6,76.0,-0.2578125,-0.28515625,0.175,0.0,0.78125
