RPM,COOLANT_TEMP,MAF,THROTTLE_POS,INTAKE_TEMP,TIMING_ADVANCE,ENGINE_LOAD,ELM_VOLTAGE,SPEED,O2_S1_WR_CURRENT,O2_S5_WR_CURRENT,O2_B2S2,SHORT_FUEL_TRIM_1,SHORT_FUEL_TRIM_2
1720.5,99,22.25,20.392156862745097,29,30.5,46.666666666666664,13.7,53.0,0.06640625,0.05078125,0.63,7.03125,3.90625
1806.5,99,24.75,21.568627450980394,29,30.5,47.05882352941177,13.6,55.0,-0.01953125,-0.05859375,0.635,6.25,3.125
1869.5,99,27.75,22.352941176470587,29,28.5,49.80392156862745,13.7,55.0,-0.08984375,-0.02734375,0.635,2.34375,2.34375
1947.5,99,32.0,23.92156862745098,29,25.5,54.90196078431372,13.6,56.0,-0.02734375,-0.0078125,0.635,1.5625,1.5625
2061.75,99,40.5,26.274509803921568,29,23.0,62.745098039215684,13.7,57.0,-0.03515625,-0.0859375,0.64,0.0,-0.78125
2096.5,99,39.25,25.88235294117647,29,24.5,60.3921568627451,13.7,58.0,-0.05078125,0.01171875,0.635,-1.5625,1.5625
2086.75,99,39.0,25.88235294117647,29,24.5,61.1764705882353,13.7,58.0,0.0390625,0.05078125,0.635,0.0,2.34375
2120.75,99,39.5,25.88235294117647,28,24.5,61.1764705882353,13.6,61.0,-0.0078125,-0.01953125,0.64,0.0,-0.78125
2106.25,99,37.0,25.098039215686274,28,23.0,57.64705882352941,13.6,61.0,0.00390625,-0.0625,0.64,0.0,-1.5625
2092.75,99,37.25,24.705882352941178,28,23.0,56.470588235294116,13.7,62.0,-0.03515625,0.00390625,0.64,-0.78125,-0.78125
2081.75,99,37.0,24.705882352941178,28,23.0,56.86274509803921,13.7,63.0,-0.046875,0.0234375,0.635,1.5625,0.78125
2103.25,99,38.0,25.098039215686274,28,24.0,58.03921568627451,13.6,65.0,0.00390625,-0.0234375,0.635,0.78125,-0.78125
2126.25,99,34.75,24.313725490196077,28,18.5,56.07843137254902,13.7,65.0,-0.0234375,-0.05859375,0.64,-1.5625,-3.125
1954.25,98,32.5,24.313725490196077,28,24.0,56.470588235294116,13.7,66.0,0.05078125,0.05078125,0.635,0.78125,0.78125
1934.0,99,34.0,24.705882352941178,28,22.5,58.8235294117647,13.7,66.0,-0.01953125,-0.0390625,0.635,1.5625,-0.78125
1972.5,98,37.0,25.88235294117647,28,21.0,63.13725490196079,13.7,67.0,-0.0234375,-0.02734375,0.64,0.0,-1.5625
2043.25,98,41.5,27.45098039215686,28,20.0,66.27450980392157,13.6,67.0,-0.03125,0.0234375,0.635,-2.34375,0.0
2071.5,98,42.25,27.84313725490196,28,20.0,66.66666666666667,13.7,68.0,0.04296875,0.015625,0.63,0.0,0.0
2069.0,98,40.5,26.666666666666668,28,21.5,63.92156862745098,13.7,70.0,-0.0625,-0.0625,0.63,-1.5625,-1.5625
2042.0,98,38.25,26.666666666666668,28,21.5,63.529411764705884,13.7,70.0,0.03125,0.02734375,0.635,-1.5625,0.0
2047.5,98,39.5,26.274509803921568,28,22.5,63.529411764705884,13.7,71.0,-0.0390625,0.01171875,0.64,-0.78125,-0.78125
2051.25,98,39.0,26.274509803921568,28,22.5,62.745098039215684,13.7,72.0,0.01171875,-0.0234375,0.63,0.0,-1.5625
2032.25,98,40.25,26.666666666666668,28,21.5,63.92156862745098,13.7,72.0,0.0390625,0.03125,0.625,0.0,0.78125
2056.75,98,40.25,26.666666666666668,28,21.5,63.92156862745098,13.6,73.0,-0.00390625,0.0078125,0.615,0.78125,0.0
2064.0,98,40.25,26.666666666666668,28,21.5,63.529411764705884,13.7,73.0,-0.01171875,0.015625,0.595,1.5625,0.78125
2080.5,98,39.5,26.666666666666668,28,21.5,63.529411764705884,13.7,75.0,-0.015625,0.03515625,0.595,0.0,1.5625
2077.0,98,40.0,26.666666666666668,28,22.5,63.13725490196079,13.7,75.0,-0.0546875,-0.015625,0.59,-0.78125,1.5625
2084.25,98,39.75,26.666666666666668,28,22.5,63.13725490196079,13.6,76.0,0.0,0.02734375,0.595,0.78125,0.78125
2093.5,98,40.5,26.274509803921568,28,23.0,62.745098039215684,13.7,77.0,-0.078125,-0.0390625,0.58,-0.78125,0.78125
2034.25,98,19.75,18.431372549019606,28,9.5,35.294117647058826,13.7,77.0,-0.11328125,-0.203125,0.6,-3.125,-7.8125
1451.25,98,7.25,13.72549019607843,28,9.0,24.705882352941178,13.6,77.0,-0.2890625,-0.1953125,0.61,-10.15625,-13.28125
1404.25,98,6.5,13.72549019607843,28,14.0,18.823529411764707,13.7,75.0,-0.1796875,0.0546875,0.615,-14.0625,-11.71875
1378.75,98,6.25,13.72549019607843,28,-1.0,17.647058823529413,13.6,72.0,0.03515625,0.0546875,0.615,0.0,0.0
1300.0,98,6.25,13.72549019607843,29,-5.5,18.823529411764707,13.7,67.0,1.4453125,1.79296875,0.59,0.0,0.0
1231.0,98,6.0,13.333333333333334,29,-4.5,18.431372549019606,13.6,65.0,1.875,2.34375,0.405,0.0,0.0
1184.5,99,5.75,13.333333333333334,29,-6.0,19.607843137254903,13.6,62.0,2.1015625,2.46875,0.4,0.0,0.0
1137.5,99,5.5,12.941176470588236,29,-6.0,19.607843137254903,13.6,58.0,2.08984375,2.54296875,0.395,0.0,0.0
1080.25,99,5.5,12.941176470588236,29,-4.0,20.392156862745097,13.7,56.0,2.1953125,2.3203125,0.395,0.0,0.0
949.0,99,4.5,12.941176470588236,29,2.0,21.176470588235293,13.7,53.0,0.87890625,0.234375,0.385,0.0,0.0
946.0,99,5.0,12.941176470588236,29,7.5,21.568627450980394,13.6,51.0,-0.18359375,-0.41796875,0.375,0.0,0.0
963.5,99,4.75,12.941176470588236,29,10.5,21.176470588235293,13.7,48.0,-0.39453125,-0.4453125,0.375,0.0,0.0
1129.75,99,5.0,13.333333333333334,29,13.5,18.823529411764707,13.6,47.0,-0.41015625,-0.44140625,0.365,0.0,0.0
1161.25,99,5.75,13.333333333333334,29,16.5,19.215686274509803,13.6,45.0,-0.265625,-0.25,0.365,0.0,0.0
1118.75,99,5.0,13.333333333333334,29,15.5,19.607843137254903,13.7,42.0,-0.2421875,-0.203125,0.36,-0.78125,0.0
1066.75,99,5.0,12.941176470588236,29,19.5,19.607843137254903,13.7,40.0,-0.2109375,-0.18359375,0.355,-0.78125,0.0
997.75,99,4.75,12.941176470588236,29,18.5,20.0,13.7,37.0,-0.19140625,-0.21875,0.355,0.0,0.0
942.25,99,4.5,12.549019607843137,29,16.5,21.176470588235293,13.6,36.0,-0.21875,-0.26953125,0.35,-0.78125,-1.5625
892.75,99,4.25,12.549019607843137,29,15.0,21.568627450980394,13.6,33.0,-0.2734375,-0.296875,0.35,-1.5625,-2.34375
838.0,99,4.0,12.549019607843137,29,14.0,21.96078431372549,13.6,31.0,-0.2734375,-0.30078125,0.35,-2.34375,-3.125
767.75,99,3.75,12.549019607843137,29,15.5,22.352941176470587,13.6,28.0,-0.27734375,-0.28515625,0.345,-3.125,-3.90625
740.25,99,3.75,12.549019607843137,29,13.5,22.745098039215687,13.7,26.0,-0.25390625,-0.234375,0.345,-3.125,-4.6875
767.0,99,4.0,12.549019607843137,29,10.5,22.745098039215687,13.7,25.0,-0.22265625,-0.203125,0.345,-3.125,-4.6875
804.25,99,4.0,12.156862745098039,30,8.0,21.96078431372549,13.6,22.0,-0.22265625,-0.203125,0.34,-3.90625,-3.90625
861.75,99,3.75,12.156862745098039,30,15.5,20.0,13.7,20.0,-0.23046875,-0.1953125,0.34,-3.90625,-3.90625
807.25,99,3.75,12.156862745098039,30,18.0,20.392156862745097,13.6,17.0,-0.203125,-0.1953125,0.34,-3.125,-3.90625
750.0,99,3.75,12.156862745098039,30,16.5,21.176470588235293,13.6,16.0,-0.203125,-0.22265625,0.34,-3.125,-4.6875
806.25,99,3.25,12.156862745098039,30,14.0,20.0,13.7,13.0,-0.19921875,-0.19921875,0.34,-3.125,-3.90625
757.25,99,3.25,12.156862745098039,30,27.0,19.215686274509803,13.6,12.0,-0.21875,-0.1796875,0.34,-3.90625,-3.90625
690.75,99,3.5,12.156862745098039,30,26.0,20.784313725490197,13.6,10.0,-0.18359375,-0.19921875,0.34,-3.125,-3.90625
614.0,99,6.25,13.72549019607843,30,4.5,31.372549019607842,13.6,8.0,-0.12890625,-0.1328125,0.34,-2.34375,-3.125
675.0,99,4.25,12.549019607843137,30,1.5,31.372549019607842,13.6,6.0,-0.16796875,-0.06640625,0.34,-1.5625,-1.5625
689.5,99,4.75,12.941176470588236,30,4.5,30.58823529411765,13.6,5.0,-0.171875,-0.125,0.34,-1.5625,-0.78125
693.75,100,4.5,12.941176470588236,30,5.0,30.19607843137255,13.6,3.0,-0.140625,-0.1484375,0.345,-0.78125,0.0
700.0,99,4.5,12.941176470588236,30,6.0,29.41176470588235,13.6,2.0,-0.1484375,-0.1796875,0.4,0.0,0.0
684.75,100,4.5,12.549019607843137,30,5.0,29.41176470588235,13.6,2.0,-0.17578125,-0.17578125,0.545,0.0,0.0
668.75,100,4.5,12.549019607843137,30,6.0,29.019607843137255,13.7,1.0,-0.19140625,-0.19140625,0.64,0.0,0.0
661.5,100,4.25,12.549019607843137,30,5.0,29.019607843137255,13.6,1.0,-0.17578125,-0.171875,0.66,0.78125,0.0
648.0,100,4.25,12.549019607843137,30,2.0,29.019607843137255,13.6,0.0,-0.203125,-0.19140625,0.665,0.78125,0.78125
615.0,100,4.0,12.549019607843137,30,3.5,29.019607843137255,13.6,0.0,-0.1796875,-0.18359375,0.67,0.78125,0.78125
612.75,100,4.0,12.549019607843137,30,3.5,29.019607843137255,13.7,0.0,-0.19921875,-0.21875,0.675,0.78125,0.0
609.0,100,4.0,12.549019607843137,30,3.5,29.019607843137255,13.6,0.0,-0.21875,-0.26171875,0.68,0.78125,-0.78125
601.75,100,4.0,12.549019607843137,30,3.5,29.019607843137255,13.7,0.0,-0.234375,-0.22265625,0.685,0.0,-0.78125
603.0,100,4.0,12.549019607843137,30,3.5,29.41176470588235,13.5,0.0,-0.25,-0.2109375,0.69,0.0,-0.78125
598.75,100,3.75,12.549019607843137,30,2.0,29.41176470588235,13.6,0.0,-0.21484375,-0.21484375,0.69,0.0,-0.78125
593.75,100,4.0,12.549019607843137,30,2.0,29.41176470588235,13.6,0.0,-0.20703125,-0.171875,0.69,0.0,0.0
605.25,100,3.75,12.549019607843137,30,6.0,29.019607843137255,13.7,0.0,-0.1953125,-0.13671875,0.69,0.0,0.78125
604.75,100,3.75,12.549019607843137,30,6.5,29.019607843137255,13.6,0.0,-0.10546875,-0.0546875,0.69,0.0,0.0
596.75,100,4.0,12.549019607843137,30,6.5,29.019607843137255,13.7,0.0,-0.02734375,0.0,0.69,-0.78125,0.0
593.75,100,3.75,12.549019607843137,30,6.5,29.019607843137255,13.7,0.0,0.03125,0.03125,0.685,0.0,0.78125
594.25,101,3.75,12.549019607843137,30,6.5,29.41176470588235,13.6,0.0,0.0546875,0.02734375,0.68,1.5625,0.78125
604.0,101,3.75,12.549019607843137,30,5.0,29.019607843137255,13.7,0.0,0.04296875,0.01171875,0.68,1.5625,1.5625
602.25,101,3.75,12.549019607843137,30,6.0,29.019607843137255,13.6,0.0,0.01953125,0.015625,0.675,2.34375,1.5625
597.5,101,3.75,12.549019607843137,30,6.0,29.019607843137255,13.6,0.0,0.0078125,0.02734375,0.67,2.34375,2.34375
598.0,101,4.0,12.549019607843137,30,5.0,29.41176470588235,13.6,0.0,0.01171875,0.0078125,0.67,3.125,1.5625
603.5,101,3.75,12.549019607843137,30,5.0,29.019607843137255,13.6,0.0,0.0,0.0,0.67,1.5625,2.34375
602.25,101,3.75,12.549019607843137,30,5.0,29.019607843137255,13.7,0.0,-0.015625,-0.0078125,0.67,3.125,2.34375
599.75,101,3.75,12.549019607843137,30,6.0,29.41176470588235,13.6,0.0,0.0,0.0,0.67,3.125,1.5625
602.25,101,3.75,12.549019607843137,30,5.0,29.019607843137255,13.7,0.0,-0.0078125,0.00390625,0.665,1.5625,2.34375
599.75,101,3.75,12.549019607843137,30,5.0,29.019607843137255,13.6,0.0,-0.01171875,-0.0234375,0.665,1.5625,2.34375
592.5,101,3.75,12.549019607843137,30,5.0,29.019607843137255,13.6,0.0,-0.015625,-0.02734375,0.665,3.125,0.78125
601.0,101,3.75,12.549019607843137,30,6.0,29.019607843137255,13.7,0.0,-0.03515625,-0.03125,0.665,0.78125,2.34375
600.5,101,3.75,12.156862745098039,30,5.0,29.019607843137255,13.6,0.0,-0.01953125,-0.015625,0.665,0.78125,1.5625
594.25,102,3.75,12.549019607843137,30,6.5,29.019607843137255,13.7,0.0,-0.00390625,-0.01171875,0.66,2.34375,0.78125
598.0,102,3.75,12.549019607843137,30,6.0,29.019607843137255,13.6,0.0,-0.015625,-0.00390625,0.66,2.34375,0.78125
596.75,102,3.75,12.549019607843137,30,5.0,29.019607843137255,13.7,0.0,-0.03125,0.0,0.66,0.78125,1.5625
601.0,102,3.75,12.549019607843137,30,6.5,29.019607843137255,13.6,0.0,-0.01953125,-0.02734375,0.66,2.34375,1.5625
593.25,102,3.75,12.549019607843137,30,6.0,29.019607843137255,13.7,0.0,-0.0078125,-0.015625,0.66,2.34375,0.0
603.5,102,3.75,12.549019607843137,30,5.0,29.019607843137255,13.6,0.0,-0.01171875,-0.01171875,0.66,0.78125,1.5625
601.0,102,3.75,12.549019607843137,30,6.0,29.019607843137255,13.6,0.0,-0.01953125,-0.0078125,0.66,2.34375,0.0
598.0,102,3.75,12.549019607843137,30,5.0,29.019607843137255,13.6,0.0,0.0,0.0,0.66,2.34375,0.0
598.0,102,3.75,12.549019607843137,30,5.0,29.41176470588235,13.6,0.0,0.0,-0.00390625,0.655,0.78125,1.5625
601.75,102,3.75,12.549019607843137,30,4.5,29.41176470588235,13.7,0.0,-0.00390625,-0.0078125,0.655,2.34375,1.5625
601.0,102,3.75,12.549019607843137,30,6.0,29.019607843137255,13.7,0.0,-0.04296875,-0.01171875,0.655,1.5625,0.0
600.5,102,3.75,12.549019607843137,30,5.0,29.019607843137255,13.6,0.0,-0.0390625,-0.01953125,0.655,0.0,0.78125
586.5,102,3.75,12.549019607843137,30,5.0,29.41176470588235,13.6,0.0,-0.01171875,-0.0078125,0.655,0.78125,0.78125
599.25,102,3.75,12.549019607843137,30,5.0,29.019607843137255,13.6,0.0,-0.015625,-0.00390625,0.655,1.5625,0.0
600.5,102,3.75,12.549019607843137,30,5.0,29.41176470588235,13.6,0.0,-0.00390625,0.0,0.65,0.78125,1.5625
595.0,102,3.75,12.549019607843137,30,6.0,29.41176470588235,13.7,0.0,-0.00390625,0.00390625,0.645,0.78125,1.5625
602.25,102,3.75,12.549019607843137,30,5.0,29.019607843137255,13.6,0.0,-0.0078125,0.0078125,0.645,2.34375,0.0
596.75,102,3.75,12.549019607843137,30,5.0,29.41176470588235,13.6,0.0,-0.015625,-0.0078125,0.645,1.5625,0.0
594.25,102,3.75,12.549019607843137,30,5.0,29.41176470588235,13.6,0.0,-0.015625,-0.01953125,0.645,0.0,0.78125
596.25,102,3.75,12.549019607843137,30,5.0,29.41176470588235,13.7,0.0,-0.02734375,-0.0234375,0.645,1.5625,-0.78125
591.25,102,3.75,12.549019607843137,30,5.0,29.41176470588235,13.6,0.0,-0.03515625,-0.01953125,0.645,1.5625,-0.78125
599.75,102,3.75,12.549019607843137,30,5.0,29.41176470588235,13.6,0.0,-0.03515625,-0.02734375,0.64,0.0,0.78125
585.25,102,3.75,12.156862745098039,30,5.0,29.41176470588235,13.6,0.0,-0.04296875,-0.0234375,0.64,0.78125,-1.5625
592.0,102,3.75,12.156862745098039,30,5.0,29.41176470588235,13.6,0.0,-0.0234375,-0.04296875,0.64,0.78125,-1.5625
598.75,102,3.75,12.156862745098039,30,5.0,29.41176470588235,13.7,0.0,-0.01953125,-0.046875,0.64,-0.78125,-0.78125
590.75,102,3.75,12.156862745098039,30,6.5,29.019607843137255,13.7,0.0,-0.03515625,-0.03125,0.64,0.0,-0.78125
588.75,102,3.75,12.156862745098039,30,6.0,29.41176470588235,13.7,0.0,-0.02734375,0.00390625,0.64,0.0,-1.5625
597.5,102,3.75,12.549019607843137,30,6.5,29.019607843137255,13.6,0.0,0.0,0.01171875,0.635,-0.78125,0.0
598.0,102,3.75,12.549019607843137,30,6.5,29.019607843137255,13.7,0.0,-0.01171875,0.0078125,0.635,-0.78125,0.0
593.25,102,3.75,12.549019607843137,30,6.5,29.41176470588235,13.7,0.0,0.0,0.0078125,0.635,0.78125,-1.5625
596.25,102,3.75,12.549019607843137,30,5.0,29.019607843137255,13.6,0.0,0.0234375,0.01953125,0.63,0.78125,-0.78125
601.0,102,3.75,12.549019607843137,30,6.0,29.019607843137255,13.7,0.0,0.00390625,0.01171875,0.63,0.0,-0.78125
593.25,102,3.75,12.549019607843137,30,6.0,29.41176470588235,13.6,0.0,0.00390625,-0.0078125,0.625,0.0,0.78125
593.25,102,3.75,12.549019607843137,30,6.0,29.41176470588235,13.7,0.0,-0.0078125,0.00390625,0.63,0.78125,-0.78125
601.75,102,3.75,12.549019607843137,30,5.0,29.41176470588235,13.6,0.0,-0.01953125,-0.0078125,0.625,0.0,-0.78125
593.25,102,3.75,12.549019607843137,30,6.0,29.41176470588235,13.6,0.0,0.0,-0.00390625,0.625,0.0,0.78125
604.0,102,3.75,12.549019607843137,30,5.0,29.41176470588235,13.6,0.0,-0.015625,-0.0078125,0.625,0.78125,-0.78125
601.75,102,3.75,12.549019607843137,30,5.0,29.019607843137255,13.6,0.0,-0.01171875,0.0,0.625,0.78125,-0.78125
588.75,102,3.75,12.549019607843137,30,5.0,29.41176470588235,13.6,0.0,0.01171875,0.0,0.625,0.0,0.78125
595.5,102,3.75,12.549019607843137,30,4.5,29.41176470588235,13.6,0.0,-0.01953125,-0.0078125,0.62,1.5625,-0.78125
599.75,102,3.75,12.549019607843137,30,5.0,29.41176470588235,13.6,0.0,-0.01171875,-0.0078125,0.62,0.0,-0.78125
587.75,102,3.75,12.156862745098039,30,5.0,29.41176470588235,13.7,0.0,-0.03125,-0.01171875,0.62,-0.78125,0.0
598.75,102,3.75,12.156862745098039,30,6.0,29.41176470588235,13.6,0.0,-0.03515625,-0.015625,0.615,0.78125,-1.5625
598.0,102,3.75,12.156862745098039,30,6.0,29.41176470588235,13.7,0.0,-0.01953125,-0.01171875,0.615,-0.78125,0.0
592.0,103,3.75,12.156862745098039,30,6.5,29.41176470588235,13.7,0.0,-0.015625,0.0,0.615,-0.78125,0.0
590.75,103,3.75,12.156862745098039,30,5.0,29.41176470588235,13.5,0.0,-0.015625,0.00390625,0.615,0.0,-0.78125
598.75,103,3.75,12.156862745098039,30,6.0,29.41176470588235,13.6,0.0,0.01171875,0.0078125,0.615,0.78125,-0.78125
595.0,103,3.75,12.156862745098039,30,6.0,29.41176470588235,13.7,0.0,0.0234375,0.00390625,0.615,0.0,0.78125
597.5,103,3.75,12.156862745098039,30,6.0,29.41176470588235,13.6,0.0,0.00390625,0.0078125,0.615,1.5625,-0.78125
602.25,103,3.75,12.156862745098039,30,6.0,29.41176470588235,13.6,0.0,0.015625,-0.0078125,0.61,1.5625,-0.78125
595.5,103,3.75,12.156862745098039,30,6.0,29.41176470588235,13.7,0.0,0.0,0.0,0.61,0.0,0.78125
599.75,103,3.75,12.156862745098039,30,5.0,29.41176470588235,13.6,0.0,0.00390625,-0.00390625,0.61,1.5625,-0.78125
603.5,103,3.75,12.549019607843137,30,6.0,29.019607843137255,13.6,0.0,0.0,-0.00390625,0.605,0.0,-0.78125
595.5,103,3.75,12.549019607843137,30,6.5,29.019607843137255,13.6,0.0,-0.0078125,-0.00390625,0.605,0.0,0.78125
598.75,103,3.75,12.156862745098039,30,6.0,29.41176470588235,13.7,0.0,-0.00390625,-0.00390625,0.605,0.0,0.78125
596.75,103,3.75,12.549019607843137,30,5.0,29.41176470588235,13.6,0.0,-0.0078125,0.0,0.605,1.5625,-0.78125
603.5,103,3.75,12.549019607843137,30,5.0,29.019607843137255,13.6,0.0,-0.02734375,-0.01171875,0.6,1.5625,-0.78125
587.0,103,3.75,12.156862745098039,30,6.0,29.41176470588235,13.6,0.0,-0.0234375,-0.03515625,0.605,0.0,0.0
596.75,103,3.75,12.549019607843137,30,6.0,29.41176470588235,13.7,0.0,-0.01171875,-0.0078125,0.605,-0.78125,0.0
596.25,103,3.75,12.156862745098039,30,4.5,29.80392156862745,13.6,0.0,-0.01171875,-0.01171875,0.6,0.78125,-0.78125
603.0,103,3.5,12.156862745098039,30,6.0,28.627450980392158,13.7,0.0,-0.01953125,-0.0390625,0.6,-0.78125,0.0
600.5,103,3.75,12.156862745098039,30,9.0,28.235294117647058,13.6,0.0,-0.08984375,-0.09375,0.6,-1.5625,-1.5625
601.0,103,3.75,12.156862745098039,30,6.5,28.627450980392158,13.7,0.0,-0.0859375,-0.05859375,0.6,-0.78125,-3.125
601.0,103,3.75,12.156862745098039,30,6.5,29.019607843137255,13.6,0.0,-0.015625,0.015625,0.6,-2.34375,-2.34375
598.0,103,3.75,12.156862745098039,30,6.0,29.019607843137255,13.6,1.0,0.01171875,0.03515625,0.6,-1.5625,-0.78125
593.25,103,3.75,12.156862745098039,30,5.0,29.019607843137255,13.7,0.0,0.04296875,0.05078125,0.595,0.78125,-1.5625
595.0,103,3.75,12.156862745098039,30,6.0,29.019607843137255,13.6,0.0,0.046875,0.04296875,0.595,1.5625,-0.78125
578.0,103,3.25,12.156862745098039,30,9.5,29.41176470588235,13.5,1.0,0.046875,0.0390625,0.595,0.0,1.5625
599.75,103,3.5,12.156862745098039,30,11.0,28.627450980392158,13.6,1.0,-0.02734375,-0.04296875,0.59,1.5625,0.78125
620.0,104,4.0,12.549019607843137,30,6.0,29.80392156862745,13.7,1.0,-0.05859375,-0.046875,0.595,0.78125,-1.5625
625.0,104,4.0,12.549019607843137,30,6.0,29.80392156862745,13.6,1.0,0.0,0.015625,0.59,-0.78125,0.78125
632.75,104,4.0,12.549019607843137,30,6.5,29.41176470588235,13.6,1.0,0.01953125,0.02734375,0.59,0.0,0.78125
635.25,104,3.75,12.549019607843137,30,5.0,29.80392156862745,13.6,1.0,0.015625,0.03125,0.59,1.5625,0.0
696.25,104,10.5,15.686274509803921,30,10.5,45.88235294117647,13.7,2.0,-0.078125,-0.18359375,0.59,-2.34375,-3.125
1230.25,104,16.75,18.431372549019606,30,15.0,50.588235294117645,13.8,5.0,0.0625,0.1015625,0.59,0.0,2.34375
1438.5,104,19.0,19.215686274509803,30,17.0,49.80392156862745,13.7,7.0,0.06640625,0.01953125,0.58,4.6875,3.90625
1529.5,104,20.5,19.215686274509803,30,18.0,49.411764705882355,13.6,11.0,-0.0703125,-0.06640625,0.58,2.34375,0.78125
1622.75,104,21.5,19.607843137254903,30,19.5,47.450980392156865,13.7,13.0,-0.0546875,-0.03125,0.58,0.78125,0.0
1734.5,104,23.5,20.392156862745097,30,19.5,47.450980392156865,13.7,16.0,-0.00390625,0.04296875,0.58,-0.78125,2.34375
1873.75,104,29.0,22.745098039215687,30,15.0,52.15686274509804,13.7,18.0,-0.00390625,-0.01171875,0.58,-0.78125,1.5625
1826.75,104,30.75,23.92156862745098,30,18.0,56.86274509803921,13.7,21.0,-0.03515625,-0.0703125,0.58,0.0,-0.78125
1872.5,104,34.0,25.88235294117647,30,17.0,58.8235294117647,13.7,23.0,-0.01171875,0.03515625,0.58,-1.5625,2.34375
2020.75,104,38.25,27.058823529411764,30,18.5,61.568627450980394,13.7,26.0,-0.03515625,-0.01953125,0.58,-0.78125,2.34375
2121.5,103,42.0,29.019607843137255,30,19.5,63.92156862745098,13.7,28.0,0.01171875,-0.015625,0.575,0.0,0.78125
2257.0,103,43.5,27.84313725490196,30,21.0,66.66666666666667,13.7,31.0,-0.12890625,-0.109375,0.58,-7.03125,-3.90625
2285.0,103,43.75,26.666666666666668,30,24.0,64.31372549019608,13.6,33.0,0.03125,0.0078125,0.58,-5.46875,-3.90625
2158.0,103,42.5,27.45098039215686,30,22.5,65.88235294117646,13.6,36.0,0.046875,0.01171875,0.575,-2.34375,-3.125
2174.5,103,43.0,27.84313725490196,30,22.5,65.88235294117646,13.7,38.0,0.015625,0.00390625,0.58,-0.78125,-0.78125
2227.75,103,44.25,28.235294117647058,30,22.5,66.66666666666667,13.6,41.0,-0.01171875,0.03515625,0.575,-0.78125,0.78125
2279.0,103,46.5,28.235294117647058,30,23.0,66.66666666666667,13.7,43.0,-0.046875,-0.00390625,0.58,-2.34375,0.0
2319.75,103,45.75,27.84313725490196,30,24.5,65.88235294117646,13.7,45.0,0.01953125,-0.00390625,0.58,-2.34375,-0.78125
2340.5,103,46.0,27.84313725490196,30,24.5,65.88235294117646,13.7,47.0,-0.03515625,0.0078125,0.575,-3.125,0.78125
2366.25,103,46.0,27.84313725490196,30,24.5,65.49019607843137,13.7,48.0,-0.03515625,0.00390625,0.58,-1.5625,0.78125
2153.75,103,42.75,27.45098039215686,30,22.5,66.27450980392157,13.7,50.0,-0.0625,-0.0625,0.58,-2.34375,-2.34375
2084.25,103,43.25,28.235294117647058,30,21.0,69.41176470588235,13.7,52.0,0.015625,0.01953125,0.58,-3.125,-0.78125
2118.5,103,43.25,28.235294117647058,30,21.5,68.23529411764706,13.7,53.0,-0.0234375,-0.04296875,0.58,-3.90625,0.0
2124.5,103,42.0,27.45098039215686,30,22.5,65.88235294117646,13.7,55.0,-0.02734375,0.0234375,0.58,-3.90625,-1.5625
2115.25,103,42.0,27.058823529411764,30,23.0,65.09803921568627,13.7,56.0,0.015625,-0.0234375,0.59,-1.5625,-3.125
2105.0,103,39.5,26.274509803921568,30,24.5,61.568627450980394,13.6,57.0,0.04296875,-0.0390625,0.59,-3.125,-3.125
2088.0,103,38.5,25.098039215686274,30,23.0,58.03921568627451,13.6,58.0,-0.03515625,-0.0625,0.595,-3.125,-3.125
2038.5,103,33.25,23.92156862745098,30,24.0,54.90196078431372,13.6,60.0,-0.01953125,0.0390625,0.6,-1.5625,-4.6875
2018.25,103,33.0,23.92156862745098,30,24.0,54.11764705882353,13.7,60.0,0.0234375,0.01953125,0.6,0.0,-3.125
2026.75,103,33.75,23.92156862745098,30,24.0,54.11764705882353,13.7,61.0,0.02734375,0.0,0.595,0.0,-0.78125
2034.25,103,33.5,23.92156862745098,30,18.5,54.509803921568626,13.7,61.0,-0.01171875,0.0546875,0.6,0.78125,0.78125
1893.25,103,29.25,22.745098039215687,30,26.0,52.15686274509804,13.7,62.0,0.01953125,-0.04296875,0.6,2.34375,-0.78125
1777.25,103,22.0,20.0,30,27.5,46.666666666666664,13.7,62.0,-0.06640625,-0.05859375,0.605,1.5625,-0.78125
1671.75,103,17.5,18.431372549019606,30,35.0,39.6078431372549,13.6,62.0,-0.0078125,0.04296875,0.605,0.78125,2.34375
1520.75,103,14.0,16.862745098039216,30,33.0,35.68627450980392,13.7,62.0,-0.05078125,-0.0234375,0.61,0.78125,1.5625
1357.25,103,6.75,13.72549019607843,30,17.0,23.529411764705884,13.7,62.0,0.05078125,0.0703125,0.61,2.34375,3.125
1150.5,103,5.5,13.333333333333334,30,15.5,20.0,13.7,62.0,0.01171875,0.09375,0.615,3.125,4.6875
1149.75,103,5.5,13.333333333333334,30,14.0,19.215686274509803,13.7,61.0,-0.0390625,-0.046875,0.615,1.5625,4.6875
1137.0,103,5.5,13.333333333333334,30,-5.5,19.215686274509803,13.7,61.0,-0.09375,-0.11328125,0.615,0.0,0.0
1125.25,103,5.5,12.941176470588236,30,-6.0,19.607843137254903,13.7,60.0,1.4296875,1.2890625,0.615,0.0,0.0
1110.75,104,5.25,12.941176470588236,30,-6.0,19.215686274509803,13.7,58.0,2.05078125,2.06640625,0.445,0.0,0.0
1111.25,104,7.0,14.117647058823529,30,30.0,23.529411764705884,13.7,57.0,1.6875,1.03125,0.425,0.0,0.0
1195.0,104,8.75,14.901960784313726,30,35.0,27.84313725490196,13.7,58.0,-0.09375,-0.21875,0.415,0.0,0.0
1192.5,104,8.5,14.901960784313726,30,35.0,28.627450980392158,13.7,57.0,-0.13671875,-0.1640625,0.415,0.0,0.0
1214.5,104,10.25,15.686274509803921,30,32.0,32.549019607843135,13.7,57.0,-0.08203125,-0.125,0.41,0.78125,0.0
1303.5,104,12.25,16.470588235294116,30,33.0,34.509803921568626,13.7,57.0,-0.1171875,-0.15234375,0.41,1.5625,0.0
1361.5,104,13.0,16.470588235294116,30,33.0,34.90196078431372,13.7,57.0,-0.11328125,-0.12890625,0.41,2.34375,0.0
1374.5,104,11.5,16.07843137254902,30,33.5,32.94117647058823,13.7,57.0,-0.1015625,-0.0859375,0.405,3.90625,0.78125
1324.25,104,11.0,15.686274509803921,30,33.0,32.549019607843135,13.7,56.0,-0.16796875,-0.1328125,0.405,3.125,1.5625
1293.25,104,9.25,14.901960784313726,30,35.0,29.019607843137255,13.7,56.0,-0.140625,-0.14453125,0.405,4.6875,1.5625
1223.0,104,11.0,15.686274509803921,30,32.0,32.549019607843135,13.7,56.0,-0.15625,-0.23828125,0.405,3.90625,0.78125
1307.25,104,12.0,16.07843137254902,30,33.0,34.11764705882353,13.7,56.0,-0.1875,-0.15625,0.415,2.34375,0.78125
1341.5,105,12.75,16.470588235294116,30,33.0,34.90196078431372,13.7,56.0,-0.0859375,-0.1015625,0.465,3.90625,1.5625
1355.5,104,12.5,16.470588235294116,30,32.0,34.90196078431372,13.7,56.0,-0.16796875,-0.15625,0.555,3.125,1.5625
1351.25,104,12.25,16.470588235294116,30,33.0,34.90196078431372,13.7,56.0,-0.125,-0.12109375,0.62,3.125,1.5625
1352.5,104,13.25,16.862745098039216,30,32.0,36.07843137254902,13.7,56.0,-0.15625,-0.15625,0.635,2.34375,0.78125
1386.5,104,13.5,16.862745098039216,30,31.5,36.86274509803921,13.7,56.0,-0.1796875,-0.1328125,0.645,2.34375,0.0
1405.0,104,14.75,17.254901960784313,30,31.5,38.8235294117647,13.7,56.0,-0.1328125,-0.1328125,0.655,1.5625,0.0
1433.5,104,14.75,17.254901960784313,30,30.5,38.8235294117647,13.7,56.0,-0.12109375,-0.10546875,0.66,1.5625,-0.78125
1453.0,104,15.25,17.647058823529413,30,30.5,38.8235294117647,13.6,56.0,-0.12109375,-0.09765625,0.66,1.5625,-0.78125
1459.25,104,15.5,17.647058823529413,30,30.5,39.6078431372549,13.7,56.0,-0.046875,0.0078125,0.66,3.125,0.0
1462.25,104,15.75,17.647058823529413,30,31.5,40.0,13.7,56.0,0.02734375,0.02734375,0.66,3.125,1.5625
1467.75,104,16.25,17.647058823529413,30,31.5,40.0,13.7,56.0,0.00390625,-0.0390625,0.655,3.125,0.78125
1480.5,104,16.0,17.647058823529413,30,31.5,40.3921568627451,13.6,56.0,0.0,0.0234375,0.65,3.90625,3.125
1481.75,104,15.75,18.03921568627451,30,32.0,40.0,13.7,56.0,0.00390625,0.00390625,0.65,5.46875,1.5625
1483.75,104,16.25,17.647058823529413,30,32.0,40.3921568627451,13.7,56.0,-0.0234375,-0.00390625,0.65,4.6875,1.5625
1487.25,104,16.0,17.647058823529413,30,32.0,40.0,13.7,56.0,-0.046875,0.0078125,0.65,3.125,1.5625
1487.25,104,16.0,17.647058823529413,30,32.0,40.0,13.7,56.0,-0.01953125,0.0,0.655,3.125,2.34375
1486.0,104,16.0,17.647058823529413,30,32.0,40.0,13.7,57.0,0.0,-0.00390625,0.65,5.46875,1.5625
1489.25,104,15.75,17.647058823529413,30,32.0,39.21568627450981,13.7,57.0,0.0,0.01171875,0.65,5.46875,2.34375
1482.5,104,15.25,17.254901960784313,30,31.5,38.431372549019606,13.7,57.0,-0.078125,-0.01171875,0.655,3.125,2.34375
1411.5,103,6.75,14.117647058823529,30,22.5,26.274509803921568,13.6,57.0,-0.0390625,0.05859375,0.66,3.125,3.125
1096.75,103,5.5,12.941176470588236,30,17.0,21.176470588235293,13.6,56.0,-0.00390625,0.03515625,0.655,3.90625,3.125
1069.75,103,5.25,12.941176470588236,30,18.0,20.0,13.7,56.0,-0.09765625,-0.0546875,0.655,2.34375,1.5625
1063.75,103,5.0,14.117647058823529,30,31.5,21.176470588235293,13.7,56.0,-0.109375,-0.09375,0.655,0.0,1.5625
1193.0,103,14.0,17.647058823529413,30,17.0,40.3921568627451,13.7,55.0,-0.1015625,-0.19921875,0.66,-0.78125,-2.34375
1420.75,103,18.75,18.823529411764707,30,21.5,46.666666666666664,13.7,56.0,0.046875,0.015625,0.66,0.78125,-0.78125
1578.75,103,20.75,19.607843137254903,30,18.5,48.627450980392155,13.7,56.0,0.0,0.0078125,0.655,-0.78125,0.78125
1604.0,103,22.0,20.0,30,18.5,49.80392156862745,13.7,56.0,-0.046875,0.0390625,0.655,-0.78125,1.5625
1639.25,103,22.5,20.392156862745097,30,19.5,49.01960784313726,13.7,56.0,0.0,0.0,0.65,0.0,0.0
1635.5,103,22.75,20.392156862745097,30,21.0,49.01960784313726,13.7,57.0,-0.02734375,-0.015625,0.655,-0.78125,0.0
1641.0,103,20.25,18.823529411764707,30,24.0,44.705882352941174,13.7,57.0,-0.06640625,-0.03125,0.655,-3.90625,0.0
1538.5,103,17.0,17.647058823529413,30,13.5,38.03921568627451,13.7,57.0,-0.0234375,-0.0703125,0.655,-2.34375,-1.5625
1301.75,103,8.0,14.117647058823529,30,1.5,27.45098039215686,13.7,57.0,-0.0546875,-0.0234375,0.66,-3.125,-3.125
1088.25,103,5.25,12.941176470588236,30,14.0,21.568627450980394,13.7,57.0,0.0234375,0.05078125,0.655,-3.90625,0.0
1062.5,103,5.25,12.941176470588236,30,17.0,20.0,13.6,57.0,0.02734375,0.00390625,0.655,-3.125,0.0
1058.25,103,4.75,12.941176470588236,30,21.5,19.607843137254903,13.7,56.0,-0.00390625,-0.04296875,0.65,-1.5625,-2.34375
1041.75,103,4.75,12.941176470588236,30,21.5,19.607843137254903,13.7,55.0,-0.0234375,-0.02734375,0.655,-2.34375,-3.125
1021.0,103,4.75,12.941176470588236,30,24.0,19.215686274509803,13.7,55.0,-0.03515625,-0.0546875,0.65,-3.90625,-2.34375
1027.75,103,4.75,12.941176470588236,30,24.5,19.215686274509803,13.7,55.0,0.0,-0.03125,0.655,-3.90625,-2.34375
1019.25,103,4.75,12.941176470588236,30,24.0,19.607843137254903,13.7,53.0,0.015625,0.0078125,0.65,-1.5625,-3.125
1016.75,103,4.75,12.941176470588236,30,23.0,19.607843137254903,13.7,53.0,0.015625,0.0078125,0.65,-1.5625,-3.125
1081.5,103,4.75,12.941176470588236,30,18.0,18.03921568627451,13.7,53.0,0.0078125,0.0,0.65,-2.34375,-1.5625
1315.75,103,7.5,14.509803921568627,30,39.5,20.392156862745097,13.7,53.0,0.03515625,0.046875,0.65,-1.5625,0.0
1377.5,103,9.25,14.901960784313726,30,36.5,24.313725490196077,13.7,52.0,0.015625,0.0546875,0.65,0.78125,0.0
1387.25,103,10.75,15.686274509803921,30,30.5,27.84313725490196,13.7,52.0,0.0078125,0.015625,0.645,2.34375,0.0
1416.5,103,11.0,15.686274509803921,30,29.0,29.41176470588235,13.7,52.0,0.0234375,0.0078125,0.645,1.5625,2.34375
1438.5,103,12.5,16.470588235294116,30,28.5,32.94117647058823,13.7,52.0,-0.0390625,-0.03125,0.645,2.34375,1.5625
1535.5,103,18.0,18.431372549019606,30,18.0,41.568627450980394,13.7,52.0,-0.05078125,-0.09765625,0.65,0.78125,-1.5625
1658.25,103,19.75,19.215686274509803,30,24.0,42.745098039215684,13.7,53.0,-0.015625,0.0234375,0.645,0.78125,0.0
1690.5,103,20.0,19.215686274509803,30,24.0,42.35294117647059,13.7,53.0,-0.04296875,0.02734375,0.64,-0.78125,2.34375
1684.5,103,19.25,18.823529411764707,30,25.5,41.96078431372549,13.7,55.0,-0.01953125,0.00390625,0.645,0.78125,1.5625
1717.5,103,21.25,19.607843137254903,30,21.0,43.529411764705884,13.7,55.0,0.02734375,-0.01171875,0.64,0.78125,0.0
1724.75,103,19.5,18.823529411764707,30,25.5,40.3921568627451,13.7,55.0,-0.0390625,0.0078125,0.64,-1.5625,1.5625
1677.75,103,18.5,18.431372549019606,30,27.0,39.21568627450981,13.7,56.0,-0.03515625,0.0078125,0.64,-3.125,0.78125
1666.25,103,17.75,18.03921568627451,30,31.5,37.254901960784316,13.7,56.0,-0.078125,-0.171875,0.645,-3.125,-5.46875
1627.0,103,16.25,17.254901960784313,30,34.5,34.90196078431372,13.7,56.0,0.01171875,-0.01953125,0.645,-3.125,-4.6875
1588.0,102,15.0,17.254901960784313,30,36.5,34.11764705882353,13.7,56.0,0.0078125,0.0234375,0.645,-2.34375,-2.34375
1578.75,102,14.75,17.254901960784313,30,36.5,34.509803921568626,13.6,57.0,0.015625,-0.03125,0.64,-1.5625,-1.5625
1572.25,102,14.25,16.862745098039216,30,37.5,32.94117647058823,13.7,57.0,0.0,-0.0546875,0.645,0.0,-3.90625
1570.25,102,14.25,16.470588235294116,30,39.0,30.58823529411765,13.7,57.0,-0.01171875,-0.046875,0.64,0.0,-3.90625
1497.75,102,7.25,14.117647058823529,30,20.0,21.96078431372549,13.7,57.0,-0.015625,0.0546875,0.64,-1.5625,-0.78125
1428.75,102,7.0,13.72549019607843,30,18.0,18.431372549019606,13.7,57.0,0.02734375,0.0703125,0.64,-0.78125,2.34375
1389.0,102,6.75,13.72549019607843,30,0.5,18.823529411764707,13.7,57.0,-0.05859375,-0.03515625,0.64,-0.78125,0.0
1359.75,102,9.25,14.901960784313726,30,35.0,22.352941176470587,13.7,56.0,-0.05078125,-0.0859375,0.635,-1.5625,-2.34375
1489.25,102,13.25,16.470588235294116,30,35.0,30.980392156862745,13.7,56.0,-0.1171875,-0.125,0.64,-5.46875,-4.6875
1533.0,102,14.5,16.862745098039216,30,36.5,33.72549019607843,13.7,56.0,0.04296875,0.0390625,0.64,-3.125,-3.125
1541.5,102,14.0,16.862745098039216,30,36.5,32.94117647058823,13.7,57.0,0.05078125,0.0234375,0.64,-0.78125,-1.5625
1555.75,102,13.75,16.862745098039216,30,36.5,32.94117647058823,13.7,57.0,0.046875,0.02734375,0.635,2.34375,-2.34375
1558.75,102,13.75,16.862745098039216,30,37.5,32.549019607843135,13.7,57.0,-0.015625,0.01171875,0.635,3.125,-1.5625
1560.0,102,13.5,16.862745098039216,30,38.0,31.764705882352942,13.7,57.0,-0.0546875,-0.02734375,0.635,0.78125,-0.78125
1567.25,102,14.0,16.862745098039216,30,37.5,32.15686274509804,13.7,57.0,0.01953125,0.01953125,0.635,0.78125,0.0
1572.25,102,14.0,16.862745098039216,30,37.5,32.549019607843135,13.7,58.0,0.0078125,-0.00390625,0.635,2.34375,-1.5625
1580.0,102,13.75,16.862745098039216,30,38.0,32.15686274509804,13.6,58.0,-0.01953125,0.0,0.63,2.34375,-1.5625
1586.75,102,14.0,16.862745098039216,30,38.0,31.764705882352942,13.7,58.0,-0.015625,0.02734375,0.635,0.78125,0.78125
1515.5,102,8.25,14.117647058823529,30,15.0,23.529411764705884,13.7,58.0,0.0390625,0.0546875,0.63,2.34375,2.34375
1464.75,102,7.25,14.117647058823529,30,17.0,18.431372549019606,13.7,58.0,0.0,0.02734375,0.63,3.90625,2.34375
1433.0,102,7.25,14.117647058823529,30,3.5,18.823529411764707,13.7,58.0,-0.125,-0.0390625,0.63,0.0,0.0
1302.25,102,6.25,13.72549019607843,30,-4.5,19.607843137254903,13.7,57.0,0.4296875,0.4296875,0.63,0.0,0.0
1158.25,102,5.0,12.941176470588236,30,5.0,18.03921568627451,13.7,57.0,0.29296875,0.05859375,0.625,0.0,0.0
1303.0,102,6.0,13.333333333333334,30,11.0,17.647058823529413,13.6,57.0,-0.25,-0.1796875,0.63,0.0,0.0
1384.25,102,6.75,13.72549019607843,30,13.5,18.431372549019606,13.7,57.0,-0.1953125,-0.0625,0.63,0.0,0.0
1370.75,102,6.75,13.72549019607843,30,13.5,18.431372549019606,13.6,56.0,-0.0390625,0.0,0.63,0.0,0.0
1361.0,102,6.75,13.72549019607843,30,12.5,18.823529411764707,13.7,56.0,-0.02734375,0.0078125,0.625,-1.5625,1.5625
1356.75,102,6.5,13.72549019607843,30,14.0,18.431372549019606,13.6,55.0,-0.015625,0.01171875,0.625,0.0,0.78125
1339.0,102,6.25,13.72549019607843,30,14.0,18.431372549019606,13.6,55.0,-0.0078125,-0.01171875,0.625,0.0,0.0
1340.75,102,6.5,13.72549019607843,30,13.5,18.431372549019606,13.7,55.0,0.0,-0.00390625,0.62,-0.78125,0.0
1334.75,102,6.5,13.72549019607843,30,13.5,18.431372549019606,13.6,53.0,0.0,0.00390625,0.62,-0.78125,1.5625
1306.75,102,6.5,13.72549019607843,30,14.0,18.823529411764707,13.7,53.0,0.01171875,0.0078125,0.62,0.0,2.34375
1303.5,102,6.5,13.72549019607843,30,14.0,18.823529411764707,13.7,51.0,0.00390625,0.00390625,0.62,1.5625,1.5625
1248.0,102,6.0,13.333333333333334,30,12.5,18.823529411764707,13.7,50.0,-0.00390625,0.01171875,0.62,1.5625,0.78125
1201.0,102,5.75,13.333333333333334,30,14.0,18.431372549019606,13.6,48.0,0.00390625,-0.0078125,,1.5625,0.78125
1184.0,102,5.75,13.333333333333334,30,13.5,19.215686274509803,13.6,47.0,0.0078125,0.01171875,0.615,0.78125,2.34375
1176.75,102,5.75,13.333333333333334,30,15.5,19.215686274509803,13.6,47.0,0.0,-0.0234375,0.615,2.34375,2.34375
1163.75,102,5.5,13.333333333333334,30,17.0,19.215686274509803,13.7,47.0,-0.01953125,-0.015625,0.61,1.5625,0.78125
1157.0,102,5.5,13.333333333333334,30,18.0,19.607843137254903,13.6,46.0,-0.00390625,-0.0078125,0.61,2.34375,0.78125
1155.25,102,5.5,13.333333333333334,30,18.0,19.215686274509803,13.7,46.0,-0.02734375,-0.01171875,0.615,0.0,2.34375
1153.5,102,5.25,13.333333333333334,30,18.0,19.215686274509803,13.7,46.0,0.0,-0.0234375,0.61,0.78125,1.5625
1143.0,102,5.5,13.333333333333334,30,18.0,19.607843137254903,13.7,46.0,-0.01171875,-0.015625,0.61,1.5625,0.0
1139.5,102,5.5,13.333333333333334,30,18.5,19.215686274509803,13.7,46.0,-0.02734375,-0.00390625,0.61,1.5625,0.0
1137.0,102,5.0,12.941176470588236,30,18.5,18.823529411764707,13.7,46.0,-0.046875,-0.046875,0.61,-0.78125,0.78125
1135.25,102,5.75,13.333333333333334,30,18.5,19.215686274509803,13.6,45.0,-0.0234375,-0.015625,0.605,-1.5625,0.0
1111.25,102,5.25,12.941176470588236,30,16.5,19.607843137254903,13.6,45.0,0.02734375,0.015625,0.605,0.78125,0.78125
1108.25,102,5.0,12.941176470588236,30,20.0,18.823529411764707,13.7,43.0,-0.04296875,-0.046875,0.605,0.0,-1.5625
1082.75,102,5.25,12.941176470588236,30,22.5,19.607843137254903,13.6,41.0,-0.015625,-0.01171875,0.605,-0.78125,0.0
991.0,102,5.0,12.941176470588236,30,21.0,21.176470588235293,13.6,35.0,0.03515625,0.05078125,0.6,0.0,1.5625
875.75,102,4.5,12.549019607843137,30,18.5,22.745098039215687,13.6,31.0,0.05078125,0.046875,0.6,2.34375,0.78125
823.25,102,4.25,12.549019607843137,30,15.5,23.529411764705884,13.7,31.0,0.04296875,0.0078125,0.6,3.125,0.78125
822.0,102,9.0,15.686274509803921,30,22.5,30.58823529411765,13.7,31.0,-0.0078125,-0.01953125,0.6,0.78125,1.5625
1124.75,102,14.75,17.647058823529413,30,15.5,46.666666666666664,13.7,32.0,-0.06640625,0.00390625,0.6,0.78125,-0.78125
1569.75,102,20.25,19.607843137254903,30,20.0,47.05882352941177,13.7,32.0,-0.04296875,-0.02734375,0.595,2.34375,0.78125
1731.5,102,22.75,20.0,30,21.5,45.88235294117647,13.7,33.0,0.00390625,0.01953125,0.59,0.78125,3.90625
1774.25,102,24.0,20.392156862745097,30,23.0,44.31372549019608,13.7,35.0,0.015625,0.015625,0.595,0.78125,3.90625
1807.25,102,23.25,20.392156862745097,30,24.5,43.13725490196079,13.7,37.0,-0.02734375,-0.01953125,0.59,1.5625,1.5625
1838.75,102,24.5,20.784313725490197,30,23.0,43.92156862745098,13.7,38.0,-0.015625,-0.0234375,0.595,0.78125,0.78125
1866.25,102,24.5,20.784313725490197,30,23.0,44.31372549019608,13.7,40.0,-0.03125,-0.0078125,0.59,-0.78125,2.34375
1901.0,102,25.25,20.784313725490197,30,23.0,43.92156862745098,13.7,41.0,-0.03515625,-0.0546875,0.59,-1.5625,1.5625
1893.75,102,25.5,20.784313725490197,30,20.0,47.450980392156865,13.7,42.0,-0.05078125,-0.06640625,0.59,-2.34375,-3.125
1661.75,102,22.75,20.0,29,27.0,48.23529411764706,13.7,43.0,-0.07421875,-0.08984375,0.59,-6.25,-3.90625
1651.0,102,22.25,20.0,29,30.0,47.05882352941177,13.7,43.0,0.05078125,0.06640625,0.59,-3.125,-2.34375
