RPM,COOLANT_TEMP,MAF,THROTTLE_POS,INTAKE_TEMP,TIMING_ADVANCE,ENGINE_LOAD,ELM_VOLTAGE,SPEED,O2_S1_WR_CURRENT,O2_S5_WR_CURRENT,O2_B1S2,O2_B2S2,SHORT_FUEL_TRIM_1,LONG_FUEL_TRIM_1,SHORT_FUEL_TRIM_2,LONG_FUEL_TRIM_2
1105.25,30,11.5,16.07843137254902,32,-2.5,42.35294117647059,13.5,0.0,0.015625,0.01953125,0.445,0.44,0.0,1.5625,0.0,-2.34375
1062.5,30,11.5,16.07843137254902,32,-2.5,43.529411764705884,13.6,0.0,0.015625,0.0234375,0.445,0.44,0.0,1.5625,0.0,-2.34375
1091.75,30,11.25,16.07843137254902,31,-2.5,42.745098039215684,13.6,0.0,-0.015625,0.0234375,0.445,0.445,0.0,1.5625,0.0,-2.34375
1090.0,30,11.0,15.686274509803921,31,-2.5,41.1764705882353,13.6,0.0,-0.1171875,-0.046875,0.445,0.44,0.0,1.5625,0.0,-2.34375
1066.25,30,11.25,15.686274509803921,31,-2.5,42.745098039215684,13.5,0.0,-0.25,-0.109375,0.445,0.44,0.0,1.5625,0.0,-2.34375
1068.0,30,11.25,15.686274509803921,31,-1.5,42.745098039215684,13.6,0.0,-0.4921875,-0.23046875,0.445,0.44,0.0,1.5625,0.0,-2.34375
1077.25,30,11.25,15.686274509803921,31,-2.5,42.745098039215684,13.6,0.0,-0.35546875,-0.40234375,0.445,0.44,0.0,1.5625,0.0,-2.34375
1079.0,31,11.25,16.07843137254902,31,-2.5,42.35294117647059,13.6,0.0,-0.3203125,-0.3125,0.445,0.445,0.0,1.5625,0.0,-2.34375
1069.25,31,11.0,15.686274509803921,31,-1.5,42.745098039215684,13.5,0.0,-0.28125,-0.2890625,0.445,0.445,0.0,1.5625,0.0,-2.34375
1076.5,31,11.5,16.07843137254902,31,-2.5,42.745098039215684,13.6,0.0,-0.25390625,-0.24609375,0.445,0.445,0.0,1.5625,0.0,-2.34375
1062.5,31,11.25,15.686274509803921,31,-1.5,43.529411764705884,13.6,0.0,-0.19140625,-0.23046875,0.445,0.44,-5.46875,1.5625,0.0,-2.34375
1072.25,31,11.25,16.07843137254902,31,-1.5,43.13725490196079,13.6,0.0,-0.1015625,-0.2109375,0.445,0.44,-7.8125,1.5625,-3.90625,-2.34375
1066.75,32,11.25,16.07843137254902,31,-1.0,43.92156862745098,13.6,0.0,-0.03125,-0.1171875,0.44,0.44,-7.8125,1.5625,-6.25,-2.34375
1079.5,32,11.75,16.07843137254902,31,-1.5,45.09803921568628,13.6,0.0,0.00390625,-0.015625,0.445,0.445,-5.46875,1.5625,-4.6875,-2.34375
1083.25,32,11.75,16.07843137254902,31,-1.5,45.09803921568628,13.6,0.0,-0.015625,-0.015625,0.445,0.44,-3.125,1.5625,-3.125,-2.34375
1082.75,32,12.0,16.07843137254902,31,-3.0,44.31372549019608,13.6,0.0,-0.03125,-0.03515625,0.44,0.44,-3.125,1.5625,-2.34375,-2.34375
1091.25,33,11.75,16.07843137254902,31,-2.5,43.529411764705884,13.6,0.0,-0.078125,-0.09765625,0.44,0.445,-3.90625,1.5625,-3.125,-2.34375
1070.5,33,11.5,16.07843137254902,31,-2.5,44.31372549019608,13.6,0.0,-0.046875,-0.06640625,0.44,0.44,-3.90625,1.5625,-3.90625,-2.34375
1070.5,33,11.5,16.07843137254902,31,-2.5,44.31372549019608,13.6,0.0,-0.0234375,-0.03125,0.44,0.44,-3.125,1.5625,-3.125,-2.34375
1044.75,33,11.5,16.07843137254902,31,-1.5,45.09803921568628,13.6,0.0,-0.01953125,-0.01953125,0.44,0.445,-2.34375,1.5625,-1.5625,-2.34375
1069.75,33,11.75,16.07843137254902,31,-2.5,45.09803921568628,13.6,0.0,-0.05078125,-0.0078125,0.44,0.44,-1.5625,1.5625,0.0,-2.34375
1080.75,33,11.75,16.07843137254902,31,-2.5,43.529411764705884,13.6,0.0,-0.0546875,-0.03515625,0.44,0.44,-0.78125,1.5625,0.0,-2.34375
1072.25,34,11.5,16.07843137254902,31,-3.0,44.705882352941174,13.6,0.0,-0.0703125,-0.0546875,0.44,0.44,-0.78125,1.5625,0.0,-2.34375
1087.5,34,11.25,16.07843137254902,31,-2.5,43.529411764705884,13.6,0.0,-0.06640625,-0.0390625,0.44,0.44,-0.78125,1.5625,0.0,-2.34375
1071.0,34,11.25,15.686274509803921,31,-3.0,43.13725490196079,13.6,0.0,-0.07421875,-0.0546875,0.44,0.445,-1.5625,1.5625,-0.78125,-2.34375
1048.5,35,11.25,15.686274509803921,31,-1.5,43.13725490196079,13.6,0.0,-0.04296875,-0.02734375,0.44,0.44,-1.5625,1.5625,-0.78125,-2.34375
1039.25,35,11.0,15.686274509803921,31,-1.5,43.13725490196079,13.6,0.0,-0.015625,-0.03515625,0.44,0.44,-0.78125,1.5625,0.78125,-2.34375
1052.0,35,11.25,15.686274509803921,31,-2.5,43.529411764705884,13.6,0.0,-0.0234375,-0.04296875,0.445,0.44,0.78125,1.5625,1.5625,-2.34375
1060.0,36,11.25,15.686274509803921,31,-2.5,43.13725490196079,13.6,0.0,-0.0546875,-0.05078125,0.44,0.445,0.78125,1.5625,1.5625,-2.34375
1053.25,36,11.0,15.686274509803921,31,-3.0,42.745098039215684,13.6,0.0,-0.0625,-0.0390625,0.44,0.44,0.78125,1.5625,1.5625,-2.34375
1041.75,36,11.0,15.686274509803921,31,-3.0,43.13725490196079,13.6,0.0,-0.05859375,-0.0390625,0.44,0.445,0.78125,1.5625,1.5625,-2.34375
1047.75,36,10.75,15.686274509803921,31,-3.0,43.13725490196079,13.6,0.0,-0.03125,-0.05859375,0.445,0.44,0.78125,1.5625,1.5625,-2.34375
1054.0,36,11.25,15.686274509803921,31,-3.0,43.13725490196079,13.5,0.0,-0.04296875,-0.0546875,0.44,0.44,1.5625,1.5625,1.5625,-2.34375
1042.25,36,10.75,15.686274509803921,31,-2.5,42.745098039215684,13.6,0.0,-0.046875,-0.05859375,0.44,0.44,1.5625,1.5625,1.5625,-2.34375
1043.0,37,10.75,15.686274509803921,31,-2.5,42.745098039215684,13.6,0.0,-0.03515625,-0.03515625,0.445,0.445,2.34375,1.5625,2.34375,-2.34375
1052.75,37,11.0,15.686274509803921,31,-3.0,43.529411764705884,13.6,0.0,-0.03515625,-0.04296875,0.44,0.445,2.34375,1.5625,2.34375,-2.34375
1026.0,37,10.75,15.686274509803921,31,-3.0,43.529411764705884,13.6,0.0,-0.0546875,-0.0390625,0.44,0.44,2.34375,1.5625,3.125,-2.34375
1030.75,38,11.25,15.686274509803921,31,-3.0,44.31372549019608,13.6,0.0,-0.0546875,-0.0390625,0.445,0.445,2.34375,1.5625,3.125,-2.34375
1032.5,38,11.0,15.686274509803921,31,-4.0,44.31372549019608,13.6,0.0,-0.046875,-0.0390625,0.44,0.44,3.125,1.5625,3.125,-2.34375
1026.5,38,11.0,15.686274509803921,31,-4.0,43.529411764705884,13.6,0.0,-0.046875,-0.0546875,0.445,0.445,2.34375,1.5625,3.125,-2.34375
1046.0,39,11.0,15.686274509803921,31,-3.0,43.92156862745098,13.6,0.0,-0.0703125,-0.0546875,0.44,0.445,1.5625,1.5625,2.34375,-2.34375
1038.0,39,11.0,15.686274509803921,31,-4.5,43.529411764705884,13.6,0.0,-0.0546875,-0.03515625,0.44,0.44,1.5625,1.5625,2.34375,-2.34375
1024.0,39,10.75,15.686274509803921,31,-4.0,43.529411764705884,13.6,0.0,-0.02734375,-0.0390625,0.445,0.44,1.5625,1.5625,2.34375,-2.34375
1032.5,39,10.75,15.686274509803921,31,-3.0,43.529411764705884,13.6,0.0,-0.02734375,-0.02734375,0.44,0.44,2.34375,1.5625,3.125,-2.34375
1028.25,39,10.75,15.686274509803921,31,-3.0,43.92156862745098,13.6,0.0,-0.0390625,-0.03125,0.44,0.44,2.34375,1.5625,3.125,-2.34375
1027.75,39,10.75,15.686274509803921,31,-3.0,43.529411764705884,13.6,0.0,-0.01953125,-0.046875,0.44,0.44,2.34375,1.5625,2.34375,-2.34375
1035.75,40,10.75,15.686274509803921,31,-3.0,42.745098039215684,13.6,0.0,-0.04296875,-0.015625,0.44,0.445,2.34375,1.5625,2.34375,-2.34375
1018.5,40,10.5,15.686274509803921,31,-3.0,43.13725490196079,13.6,0.0,-0.03125,-0.01171875,0.44,0.445,2.34375,1.5625,2.34375,-2.34375
1028.25,40,10.25,15.686274509803921,31,-3.0,42.35294117647059,13.6,0.0,-0.04296875,-0.03125,0.44,0.445,2.34375,1.5625,2.34375,-2.34375
1013.0,40,10.5,15.686274509803921,31,-4.0,42.745098039215684,13.6,0.0,-0.03515625,-0.01171875,0.44,0.44,2.34375,1.5625,3.125,-2.34375
1015.0,41,10.5,15.294117647058824,31,-3.0,42.35294117647059,13.6,0.0,-0.02734375,-0.01953125,0.44,0.44,1.5625,1.5625,3.125,-2.34375
1006.25,41,10.25,15.294117647058824,31,-3.0,42.745098039215684,13.6,0.0,-0.02734375,-0.015625,0.44,0.44,1.5625,1.5625,3.125,-2.34375
1019.75,41,10.5,15.686274509803921,31,-4.0,42.745098039215684,13.6,0.0,0.01171875,-0.01171875,0.44,0.44,2.34375,1.5625,3.125,-2.34375
1009.5,42,10.5,15.686274509803921,31,-3.0,43.13725490196079,13.6,0.0,-0.0078125,-0.01953125,0.44,0.445,3.125,1.5625,3.90625,-2.34375
1009.5,42,10.25,15.294117647058824,31,-3.0,42.35294117647059,13.6,0.0,-0.01953125,-0.0234375,0.44,0.44,2.34375,1.5625,3.125,-2.34375
1014.25,42,10.25,15.294117647058824,31,-4.0,42.35294117647059,13.6,0.0,-0.03515625,-0.015625,0.44,0.44,2.34375,1.5625,3.125,-2.34375
1011.25,42,10.25,15.294117647058824,31,-4.0,41.96078431372549,13.6,0.0,0.0078125,0.02734375,0.44,0.44,3.125,1.5625,4.6875,-2.34375
1005.0,42,10.25,15.294117647058824,31,-4.5,42.35294117647059,13.6,0.0,-0.0234375,-0.0078125,0.44,0.44,3.125,1.5625,4.6875,-2.34375
989.75,42,10.25,15.294117647058824,31,-4.5,42.745098039215684,13.6,0.0,-0.0390625,-0.0546875,0.44,0.44,2.34375,1.5625,3.90625,-2.34375
1014.25,43,10.25,15.294117647058824,31,-4.5,42.35294117647059,13.6,0.0,-0.00390625,-0.0234375,0.445,0.44,2.34375,1.5625,3.90625,-2.34375
997.25,43,10.25,15.294117647058824,31,-5.5,43.13725490196079,13.6,0.0,-0.01171875,-0.01953125,0.44,0.445,2.34375,1.5625,3.90625,-2.34375
993.0,43,10.0,15.294117647058824,31,-5.5,42.745098039215684,13.6,0.0,-0.0078125,-0.02734375,0.44,0.445,2.34375,1.5625,3.125,-2.34375
990.5,43,10.25,15.294117647058824,31,-5.5,43.13725490196079,13.6,0.0,-0.0078125,0.0078125,0.44,0.44,2.34375,1.5625,3.90625,-2.34375
999.0,44,10.25,15.294117647058824,31,-4.5,42.745098039215684,13.6,0.0,-0.02734375,-0.015625,0.44,0.44,2.34375,1.5625,3.90625,-2.34375
994.75,44,10.25,15.294117647058824,31,-5.5,43.13725490196079,13.6,0.0,-0.0078125,-0.0390625,0.44,0.44,2.34375,1.5625,3.90625,-2.34375
1000.75,44,10.25,15.294117647058824,31,-5.5,43.13725490196079,13.6,0.0,-0.01953125,-0.0078125,0.445,0.445,2.34375,1.5625,3.90625,-2.34375
990.5,45,10.25,15.294117647058824,31,-4.5,43.529411764705884,13.6,0.0,-0.0234375,-0.02734375,0.44,0.445,2.34375,1.5625,3.90625,-2.34375
991.75,45,10.5,15.686274509803921,31,-5.5,43.529411764705884,13.6,0.0,-0.01171875,0.0078125,0.445,0.445,2.34375,1.5625,3.90625,-2.34375
980.75,45,10.5,15.294117647058824,31,-5.5,44.31372549019608,13.6,0.0,-0.01171875,-0.046875,0.44,0.44,2.34375,1.5625,3.125,-2.34375
996.0,45,10.25,15.294117647058824,31,-4.5,43.92156862745098,13.6,0.0,-0.03125,-0.03125,0.44,0.44,1.5625,1.5625,1.5625,-2.34375
980.0,45,10.25,15.294117647058824,31,-4.0,43.529411764705884,13.6,0.0,-0.02734375,-0.015625,0.44,0.445,1.5625,1.5625,1.5625,-2.34375
993.5,45,10.25,15.294117647058824,31,-4.0,43.529411764705884,13.6,0.0,-0.0078125,-0.00390625,0.44,0.44,0.78125,1.5625,1.5625,-2.34375
994.25,45,10.25,15.294117647058824,31,-4.0,43.529411764705884,13.6,0.0,0.00390625,0.01171875,0.445,0.44,1.5625,1.5625,1.5625,-2.34375
993.0,45,10.0,15.294117647058824,31,-4.5,43.13725490196079,13.6,0.0,-0.015625,-0.00390625,0.44,0.445,1.5625,1.5625,2.34375,-2.34375
985.5,46,10.25,15.294117647058824,31,-4.0,43.13725490196079,13.6,0.0,0.00390625,0.01171875,0.445,0.44,1.5625,1.5625,3.125,-2.34375
977.75,46,10.0,15.294117647058824,31,-4.5,42.35294117647059,13.6,0.0,-0.01171875,-0.01953125,0.44,0.445,1.5625,1.5625,2.34375,-2.34375
985.5,46,10.0,15.294117647058824,31,-4.0,42.745098039215684,13.6,0.0,-0.01953125,-0.01171875,0.44,0.445,0.78125,1.5625,1.5625,-2.34375
991.75,47,10.0,15.294117647058824,31,-4.0,42.745098039215684,13.6,0.0,-0.01171875,-0.01171875,0.44,0.44,1.5625,1.5625,1.5625,-2.34375
962.5,47,9.75,15.294117647058824,31,-4.0,42.745098039215684,13.6,0.0,-0.01953125,0.00390625,0.44,0.445,0.78125,1.5625,1.5625,-2.34375
970.25,47,9.75,15.294117647058824,31,-4.0,42.35294117647059,13.6,0.0,-0.00390625,-0.015625,0.44,0.445,0.78125,1.5625,1.5625,-2.34375
964.75,47,9.75,15.294117647058824,31,-4.0,42.745098039215684,13.6,0.0,0.0,-0.00390625,0.44,0.44,0.78125,1.5625,1.5625,-2.34375
971.0,48,10.0,15.294117647058824,31,-4.5,42.745098039215684,13.6,0.0,-0.0078125,-0.015625,0.44,0.44,0.78125,1.5625,1.5625,-2.34375
974.0,48,9.5,14.901960784313726,31,-4.0,42.35294117647059,13.6,0.0,0.0,-0.01953125,0.445,0.44,0.78125,1.5625,1.5625,-2.34375
955.75,48,9.75,15.294117647058824,31,-4.0,42.35294117647059,13.6,0.0,-0.0234375,-0.00390625,0.44,0.44,0.78125,1.5625,1.5625,-2.34375
950.75,48,9.5,14.901960784313726,31,-4.0,42.745098039215684,13.6,0.0,-0.0078125,-0.00390625,0.44,0.445,0.78125,1.5625,1.5625,-2.34375
937.5,48,9.5,14.901960784313726,31,-4.5,43.13725490196079,13.6,0.0,0.00390625,-0.01171875,0.44,0.445,0.78125,1.5625,1.5625,-2.34375
950.75,48,9.5,14.901960784313726,31,-4.0,43.13725490196079,13.6,0.0,0.0,-0.0234375,0.44,0.445,0.78125,1.5625,1.5625,-2.34375
953.25,48,9.25,14.901960784313726,31,-3.0,41.568627450980394,13.6,0.0,-0.03515625,-0.03515625,0.44,0.445,0.0,1.5625,0.78125,-2.34375
960.0,49,9.0,14.901960784313726,31,-2.5,40.3921568627451,13.6,0.0,-0.046875,-0.0546875,0.44,0.445,-0.78125,1.5625,-0.78125,-2.34375
941.75,49,8.5,13.72549019607843,31,0.0,36.07843137254902,13.6,0.0,-0.046875,-0.03515625,0.44,0.44,-3.125,1.5625,-3.125,-2.34375
954.5,49,6.25,13.72549019607843,31,12.0,28.235294117647058,13.6,0.0,-0.16796875,-0.125,0.445,0.44,-8.59375,1.5625,-7.8125,-2.34375
900.75,49,6.0,13.333333333333334,31,17.0,28.235294117647058,13.6,0.0,-0.03125,-0.015625,0.44,0.44,-9.375,1.5625,-7.03125,-2.34375
874.0,50,6.0,13.333333333333334,31,15.0,29.019607843137255,13.6,0.0,0.03515625,0.05078125,0.44,0.44,-7.8125,1.5625,-5.46875,-2.34375
848.25,50,5.75,13.333333333333334,31,11.0,29.80392156862745,13.6,0.0,0.05859375,0.046875,0.44,0.44,-5.46875,1.5625,-3.90625,-2.34375
832.5,50,5.75,13.333333333333334,31,11.0,30.19607843137255,13.6,0.0,0.03125,0.03125,0.44,0.44,-3.90625,1.5625,-2.34375,-2.34375
820.25,50,5.5,13.333333333333334,31,10.5,29.80392156862745,13.6,0.0,0.015625,0.00390625,0.44,0.445,-3.125,1.5625,-1.5625,-2.34375
784.25,51,5.25,13.333333333333334,31,11.0,29.41176470588235,13.6,0.0,-0.015625,-0.0078125,0.44,0.44,-3.125,1.5625,-1.5625,-2.34375
761.5,51,5.0,12.941176470588236,31,9.5,29.019607843137255,13.6,0.0,-0.01953125,-0.01953125,0.445,0.44,-3.125,1.5625,-1.5625,-2.34375
732.25,51,4.75,12.941176470588236,31,11.0,29.019607843137255,13.6,0.0,0.0,-0.015625,0.44,0.44,-3.125,1.5625,-1.5625,-2.34375
705.5,51,4.75,12.941176470588236,31,9.0,29.80392156862745,13.6,0.0,0.03125,0.02734375,0.445,0.44,-2.34375,1.5625,-0.78125,-2.34375
691.5,51,4.5,12.941176470588236,31,9.0,30.19607843137255,13.6,0.0,0.0546875,0.02734375,0.445,0.44,-0.78125,1.5625,0.0,-2.34375
684.0,51,4.75,12.941176470588236,31,8.0,30.58823529411765,13.6,0.0,0.03125,0.015625,0.445,0.44,0.78125,1.5625,0.78125,-2.34375
696.25,51,4.75,12.941176470588236,31,6.5,30.58823529411765,13.6,0.0,0.01953125,0.01171875,0.445,0.44,1.5625,1.5625,1.5625,-2.34375
683.5,51,4.75,12.941176470588236,31,8.0,30.58823529411765,13.6,0.0,0.0078125,0.00390625,0.44,0.44,1.5625,1.5625,1.5625,-2.34375
693.25,51,4.75,12.941176470588236,31,7.5,29.80392156862745,13.6,0.0,-0.01171875,-0.03515625,0.44,0.445,1.5625,1.5625,1.5625,-2.34375
690.25,51,4.75,12.941176470588236,31,8.0,30.19607843137255,13.6,0.0,-0.0078125,-0.0078125,0.44,0.44,1.5625,1.5625,1.5625,-2.34375
686.5,51,4.75,12.941176470588236,31,8.0,30.19607843137255,13.6,0.0,-0.01171875,-0.01953125,0.44,0.445,1.5625,1.5625,0.78125,-2.34375
683.5,51,4.75,12.941176470588236,31,7.5,30.58823529411765,13.6,0.0,-0.015625,0.0,0.445,0.44,1.5625,1.5625,1.5625,-2.34375
684.0,51,4.75,12.941176470588236,31,8.0,30.19607843137255,13.6,0.0,-0.00390625,0.00390625,0.445,0.44,1.5625,1.5625,2.34375,-2.34375
690.75,51,4.75,12.941176470588236,31,8.0,30.19607843137255,13.6,0.0,-0.0078125,0.0,0.44,0.44,1.5625,1.5625,2.34375,-2.34375
683.5,52,4.75,12.941176470588236,31,7.5,30.58823529411765,13.6,0.0,0.0,-0.01171875,0.44,0.44,1.5625,1.5625,2.34375,-2.34375
687.25,52,4.75,12.941176470588236,31,7.5,30.19607843137255,13.6,0.0,0.0078125,0.0078125,0.445,0.44,2.34375,1.5625,2.34375,-2.34375
690.75,52,4.75,12.941176470588236,31,8.0,30.19607843137255,13.6,0.0,-0.01171875,-0.00390625,0.44,0.445,2.34375,1.5625,2.34375,-2.34375
682.75,52,4.75,12.941176470588236,31,8.0,30.19607843137255,13.6,0.0,-0.01171875,-0.01953125,0.44,0.44,2.34375,1.5625,2.34375,-2.34375
685.25,52,4.75,12.941176470588236,31,7.5,30.19607843137255,13.6,0.0,-0.00390625,-0.00390625,0.44,0.445,2.34375,1.5625,2.34375,-2.34375
688.25,52,4.75,12.941176470588236,31,8.0,30.19607843137255,13.6,0.0,-0.015625,0.0,0.44,0.44,2.34375,1.5625,2.34375,-2.34375
688.25,52,4.75,12.941176470588236,31,8.0,30.19607843137255,13.6,0.0,-0.0078125,-0.01171875,0.44,0.445,2.34375,1.5625,2.34375,-2.34375
691.5,53,4.75,12.941176470588236,31,7.5,30.19607843137255,13.7,0.0,-0.01171875,-0.015625,0.44,0.445,2.34375,1.5625,2.34375,-2.34375
671.75,53,4.5,12.941176470588236,31,6.5,30.58823529411765,13.6,0.0,0.00390625,0.00390625,0.445,0.44,3.125,1.5625,2.34375,-2.34375
675.5,53,4.75,12.941176470588236,31,6.0,30.980392156862745,13.6,0.0,0.0,0.0078125,0.445,0.44,3.125,1.5625,3.125,-2.34375
681.0,53,4.75,12.941176470588236,31,6.0,30.58823529411765,13.6,0.0,-0.015625,-0.00390625,0.44,0.44,3.125,1.5625,3.125,-2.34375
675.0,53,4.5,12.941176470588236,31,6.5,30.980392156862745,13.6,0.0,-0.00390625,0.0,0.445,0.44,3.125,1.5625,3.125,-2.34375
675.0,53,4.75,12.941176470588236,31,7.5,30.58823529411765,13.5,0.0,-0.015625,-0.00390625,0.445,0.44,3.125,1.5625,3.125,-2.34375
677.25,53,4.75,12.941176470588236,31,5.0,30.58823529411765,13.6,0.0,-0.015625,-0.015625,0.44,0.44,3.125,1.5625,3.125,-2.34375
671.75,53,4.75,12.941176470588236,31,6.0,30.58823529411765,13.6,0.0,-0.01171875,-0.01171875,0.445,0.445,3.125,1.5625,3.125,-2.34375
677.25,53,4.75,12.941176470588236,31,6.5,30.980392156862745,13.6,0.0,0.0,-0.0078125,0.44,0.44,3.125,1.5625,3.125,-2.34375
678.0,53,4.75,12.941176470588236,31,6.0,30.58823529411765,13.6,0.0,-0.0234375,-0.0078125,0.44,0.44,2.34375,1.5625,3.125,-2.34375
676.75,54,4.75,12.941176470588236,31,6.0,30.58823529411765,13.6,0.0,-0.01171875,-0.00390625,0.44,0.44,3.125,1.5625,3.125,-2.34375
676.75,54,4.75,12.941176470588236,31,6.0,30.980392156862745,13.6,0.0,0.0,0.0,0.445,0.44,3.125,1.5625,3.125,-2.34375
676.25,54,4.75,12.941176470588236,31,8.0,30.58823529411765,13.6,0.0,-0.00390625,-0.01171875,0.44,0.445,3.125,1.5625,3.125,-2.34375
676.25,54,4.75,12.941176470588236,31,6.5,30.980392156862745,13.6,0.0,-0.00390625,0.0078125,0.44,0.44,3.125,1.5625,3.125,-2.34375
676.75,54,4.75,12.941176470588236,31,6.5,30.980392156862745,13.6,0.0,-0.0078125,-0.0078125,0.44,0.445,3.125,1.5625,3.125,-2.34375
683.5,54,4.75,12.941176470588236,31,5.0,30.980392156862745,13.6,0.0,0.00390625,-0.0078125,0.44,0.445,3.125,1.5625,3.125,-2.34375
682.25,54,4.75,12.941176470588236,31,5.0,30.980392156862745,13.6,0.0,-0.015625,-0.00390625,0.44,0.445,3.125,1.5625,3.90625,-2.34375
674.25,54,4.75,12.941176470588236,31,6.5,30.58823529411765,13.6,0.0,-0.015625,-0.00390625,0.44,0.445,3.125,1.5625,3.125,-2.34375
668.75,54,4.75,12.941176470588236,31,6.0,30.980392156862745,13.6,0.0,0.0,-0.00390625,0.44,0.44,3.125,1.5625,3.125,-2.34375
677.25,54,4.75,12.941176470588236,31,6.0,30.58823529411765,13.6,0.0,-0.01171875,-0.01171875,0.44,0.44,3.125,1.5625,3.125,-2.34375
676.75,54,4.75,12.941176470588236,31,6.0,30.58823529411765,13.6,0.0,-0.0078125,-0.01171875,0.44,0.44,3.125,1.5625,3.125,-2.34375
671.25,54,4.5,12.941176470588236,31,6.5,30.19607843137255,13.6,0.0,-0.01953125,-0.03515625,0.44,0.445,3.125,1.5625,3.125,-2.34375
681.75,54,4.75,12.941176470588236,31,6.0,30.58823529411765,13.6,0.0,-0.01171875,-0.02734375,0.44,0.44,3.125,1.5625,2.34375,-2.34375
676.75,54,4.75,12.941176470588236,31,6.5,30.980392156862745,13.7,0.0,-0.0078125,0.01171875,0.445,0.445,3.125,1.5625,3.125,-2.34375
675.0,54,4.75,12.941176470588236,31,6.0,30.58823529411765,13.6,0.0,-0.00390625,0.0078125,0.445,0.44,3.125,1.5625,3.125,-2.34375
687.75,54,4.75,12.941176470588236,31,6.0,30.58823529411765,13.6,0.0,-0.01953125,-0.00390625,0.445,0.44,3.125,1.5625,3.125,-2.34375
676.25,54,4.75,12.941176470588236,31,5.0,30.58823529411765,13.6,0.0,-0.00390625,-0.01171875,0.44,0.445,3.125,1.5625,3.125,-2.34375
676.75,54,4.75,12.941176470588236,31,6.0,30.58823529411765,13.6,0.0,-0.01171875,-0.01953125,0.44,0.445,3.125,1.5625,3.125,-2.34375
674.25,55,4.75,12.941176470588236,31,4.5,30.58823529411765,13.6,0.0,-0.0078125,-0.01953125,0.44,0.44,3.125,1.5625,3.125,-2.34375
663.25,55,4.5,12.941176470588236,31,7.5,30.19607843137255,13.6,0.0,-0.02734375,-0.02734375,0.44,0.44,3.125,1.5625,2.34375,-2.34375
658.5,55,4.5,12.941176470588236,32,6.5,30.58823529411765,13.6,0.0,-0.0078125,-0.01171875,0.44,0.44,3.125,1.5625,2.34375,-2.34375
661.5,55,4.5,12.941176470588236,32,6.0,30.58823529411765,13.6,0.0,0.00390625,0.00390625,0.445,0.44,3.125,1.5625,3.125,-2.34375
670.0,55,4.75,12.941176470588236,31,5.0,30.980392156862745,13.6,0.0,0.0078125,0.015625,0.44,0.445,3.90625,1.5625,3.90625,-2.34375
664.0,55,4.75,12.941176470588236,31,5.0,31.372549019607842,13.6,0.0,0.0,-0.0078125,0.44,0.445,3.90625,1.5625,3.90625,-2.34375
674.25,55,4.75,12.941176470588236,32,5.0,30.980392156862745,13.6,0.0,-0.015625,-0.015625,0.44,0.44,3.90625,1.5625,3.90625,-2.34375
671.75,55,4.5,12.941176470588236,32,5.0,30.58823529411765,13.6,0.0,-0.00390625,-0.01953125,0.44,0.445,3.90625,1.5625,3.125,-2.34375
662.0,55,4.5,12.941176470588236,32,6.0,30.19607843137255,13.6,0.0,-0.02734375,-0.01953125,0.44,0.445,3.125,1.5625,3.125,-2.34375
664.5,56,4.5,12.941176470588236,32,6.0,30.19607843137255,13.6,0.0,-0.03125,-0.02734375,0.44,0.445,3.125,1.5625,2.34375,-2.34375
662.75,56,4.5,12.941176470588236,32,6.0,30.58823529411765,13.6,0.0,0.0078125,-0.0078125,0.44,0.445,3.125,1.5625,2.34375,-2.34375
668.25,56,4.5,12.941176470588236,32,6.0,30.58823529411765,13.6,0.0,-0.0078125,-0.00390625,0.445,0.44,3.125,1.5625,3.125,-2.34375
671.75,56,4.5,12.941176470588236,32,6.0,30.58823529411765,13.6,0.0,-0.0078125,-0.00390625,0.44,0.445,3.90625,1.5625,3.125,-2.34375
665.25,56,4.5,12.941176470588236,32,6.5,30.58823529411765,13.6,0.0,-0.00390625,0.00390625,0.445,0.44,3.90625,1.5625,3.125,-2.34375
666.5,56,4.5,12.941176470588236,32,5.0,30.19607843137255,13.6,0.0,-0.0078125,0.0,0.44,0.44,3.90625,1.5625,3.125,-2.34375
664.5,56,4.5,12.941176470588236,32,6.0,30.58823529411765,13.6,0.0,-0.01171875,-0.0234375,0.44,0.44,3.90625,1.5625,3.125,-2.34375
666.5,56,4.5,12.941176470588236,32,6.0,30.58823529411765,13.6,0.0,0.0,0.00390625,0.445,0.445,3.90625,1.5625,3.125,-2.34375
671.75,56,4.5,12.941176470588236,32,6.0,30.19607843137255,13.6,0.0,-0.00390625,-0.01953125,0.44,0.44,3.90625,1.5625,3.125,-2.34375
659.0,57,4.5,12.941176470588236,32,5.0,30.58823529411765,13.6,0.0,-0.01953125,-0.0078125,0.44,0.44,3.90625,1.5625,3.125,-2.34375
660.25,57,4.5,12.941176470588236,32,6.5,29.80392156862745,13.6,0.0,-0.0234375,-0.015625,0.44,0.445,3.90625,1.5625,3.125,-2.34375
651.75,57,4.5,12.941176470588236,32,6.5,30.19607843137255,13.6,0.0,-0.0078125,-0.0078125,0.44,0.44,3.90625,1.5625,3.125,-2.34375
653.5,57,4.5,12.941176470588236,32,5.0,30.58823529411765,13.6,0.0,-0.00390625,-0.00390625,0.44,0.44,3.90625,1.5625,3.125,-2.34375
665.75,57,4.5,12.941176470588236,32,5.0,30.19607843137255,13.6,0.0,-0.0078125,-0.0078125,0.44,0.44,3.90625,1.5625,3.125,-2.34375
649.25,57,4.5,12.941176470588236,32,6.0,30.58823529411765,13.6,0.0,-0.01171875,-0.015625,0.44,0.445,3.90625,1.5625,3.125,-2.34375
662.75,57,4.5,12.941176470588236,32,5.0,30.58823529411765,13.6,0.0,-0.01171875,-0.0078125,0.44,0.44,3.90625,1.5625,3.125,-2.34375
653.0,57,4.5,12.941176470588236,32,4.5,30.58823529411765,13.6,0.0,0.01171875,-0.0078125,0.44,0.445,3.90625,1.5625,3.125,-2.34375
665.25,57,4.5,12.941176470588236,32,5.0,30.19607843137255,13.6,0.0,-0.0078125,-0.0078125,0.44,0.445,3.90625,1.5625,3.125,-2.34375
658.5,57,4.5,12.941176470588236,32,6.0,30.19607843137255,13.6,0.0,-0.0078125,-0.03125,0.44,0.445,3.90625,1.5625,3.125,-2.34375
664.0,57,4.5,12.941176470588236,32,6.0,30.19607843137255,13.6,0.0,-0.015625,-0.0234375,0.44,0.44,3.90625,1.5625,2.34375,-2.34375
665.25,57,4.5,12.941176470588236,32,6.0,30.19607843137255,13.6,0.0,-0.02734375,-0.0078125,0.44,0.44,3.125,1.5625,3.125,-2.34375
660.25,57,4.5,12.941176470588236,32,5.0,30.19607843137255,13.5,0.0,-0.0078125,0.0,0.44,0.44,3.125,1.5625,3.125,-2.34375
654.75,57,4.5,12.941176470588236,32,6.0,30.19607843137255,13.7,0.0,0.0,-0.0078125,0.44,0.445,3.90625,1.5625,3.125,-2.34375
653.0,57,4.5,12.941176470588236,32,6.0,30.19607843137255,13.6,0.0,0.00390625,-0.00390625,0.44,0.44,3.90625,1.5625,3.125,-2.34375
645.0,57,4.5,12.941176470588236,32,6.5,30.58823529411765,13.6,0.0,-0.0078125,-0.00390625,0.44,0.44,3.90625,1.5625,3.125,-2.34375
661.0,57,4.5,12.941176470588236,32,6.0,30.58823529411765,13.6,0.0,-0.0078125,0.0,0.44,0.445,3.90625,1.5625,3.125,-2.34375
664.0,58,4.5,12.941176470588236,32,4.5,30.58823529411765,13.6,0.0,-0.00390625,-0.0078125,0.44,0.445,3.90625,1.5625,3.125,-2.34375
652.25,58,4.25,12.941176470588236,32,6.0,30.19607843137255,13.6,0.0,-0.01953125,-0.015625,0.445,0.44,3.90625,1.5625,3.125,-2.34375
657.75,58,4.5,12.941176470588236,32,6.5,30.19607843137255,13.6,0.0,-0.015625,-0.0234375,0.44,0.44,3.90625,1.5625,3.125,-2.34375
661.5,58,4.5,12.941176470588236,32,6.0,30.19607843137255,13.6,0.0,-0.0078125,-0.0078125,0.44,0.44,3.90625,1.5625,3.125,-2.34375
643.75,58,4.5,12.941176470588236,32,4.5,30.980392156862745,13.6,0.0,-0.01171875,0.0,0.445,0.44,3.90625,1.5625,3.125,-2.34375
664.0,58,4.5,12.941176470588236,32,5.0,30.58823529411765,13.6,0.0,-0.00390625,0.00390625,0.44,0.44,3.90625,1.5625,3.90625,-2.34375
665.75,58,4.5,12.941176470588236,32,6.0,30.58823529411765,13.6,0.0,-0.01171875,-0.0234375,0.44,0.445,3.90625,1.5625,3.125,-2.34375
661.5,58,4.5,12.941176470588236,32,5.0,30.19607843137255,13.6,0.0,0.0,-0.00390625,0.445,0.445,3.90625,1.5625,3.90625,-2.34375
652.25,58,4.5,12.941176470588236,32,5.0,30.58823529411765,13.6,0.0,-0.0234375,-0.01953125,0.44,0.445,3.90625,1.5625,3.125,-2.34375
661.5,58,4.25,12.941176470588236,32,6.5,30.19607843137255,13.6,0.0,-0.0078125,-0.01953125,0.44,0.44,3.90625,1.5625,3.125,-2.34375
655.5,59,4.5,12.941176470588236,32,5.0,30.19607843137255,13.6,0.0,-0.00390625,-0.01171875,0.44,0.445,3.90625,1.5625,3.125,-2.34375
651.75,59,4.25,12.549019607843137,32,6.0,29.80392156862745,13.6,0.0,-0.015625,-0.01953125,0.44,0.44,3.90625,1.5625,2.34375,-2.34375
639.0,59,4.5,12.941176470588236,32,6.0,30.19607843137255,13.7,0.0,-0.015625,-0.0078125,0.44,0.44,3.125,1.5625,2.34375,-2.34375
640.25,59,4.25,12.941176470588236,32,5.0,30.58823529411765,13.6,0.0,-0.00390625,0.0078125,0.44,0.44,3.90625,1.5625,3.125,-2.34375
654.25,59,4.5,12.941176470588236,32,5.0,30.19607843137255,13.6,0.0,-0.0078125,-0.0078125,0.44,0.44,3.90625,1.5625,3.125,-2.34375
652.25,59,4.5,12.941176470588236,32,5.0,30.19607843137255,13.6,0.0,-0.0078125,-0.01171875,0.44,0.445,3.90625,1.5625,3.125,-2.34375
632.75,59,4.5,12.941176470588236,32,4.5,30.58823529411765,13.6,0.0,-0.00390625,-0.015625,0.44,0.44,3.90625,1.5625,3.125,-2.34375
654.75,59,4.5,12.941176470588236,32,4.5,30.58823529411765,13.6,0.0,-0.01171875,-0.00390625,0.44,0.445,3.90625,1.5625,3.125,-2.34375
648.75,59,4.5,12.941176470588236,32,5.0,30.58823529411765,13.6,0.0,-0.00390625,-0.0078125,0.44,0.445,3.90625,1.5625,3.125,-2.34375
656.0,60,4.25,12.941176470588236,32,5.0,30.58823529411765,13.6,0.0,-0.015625,-0.01171875,0.44,0.44,3.90625,1.5625,3.125,-2.34375
648.0,60,4.25,12.549019607843137,32,4.5,30.19607843137255,13.6,0.0,-0.015625,-0.01171875,0.44,0.44,3.90625,1.5625,3.125,-2.34375
646.25,60,4.5,12.549019607843137,32,5.0,30.19607843137255,13.6,0.0,-0.01171875,-0.00390625,0.44,0.445,3.90625,1.5625,3.125,-2.34375
644.5,60,4.5,12.549019607843137,32,6.0,30.19607843137255,13.6,0.0,-0.01953125,-0.01953125,0.44,0.445,3.125,1.5625,3.125,-2.34375
646.75,60,4.5,12.941176470588236,32,6.0,30.19607843137255,13.5,0.0,-0.01171875,-0.01171875,0.44,0.44,3.125,1.5625,3.125,-2.34375
640.25,60,4.25,12.549019607843137,32,6.5,29.80392156862745,13.6,0.0,-0.00390625,-0.01953125,0.44,0.445,3.125,1.5625,3.125,-2.34375
648.75,60,4.25,12.549019607843137,32,6.5,29.80392156862745,13.6,0.0,-0.00390625,-0.01953125,0.44,0.44,3.125,1.5625,3.125,-2.34375
644.5,60,4.5,12.941176470588236,32,6.0,30.58823529411765,13.6,0.0,0.0078125,0.00390625,0.445,0.44,3.90625,1.5625,3.125,-2.34375
653.5,60,4.25,12.941176470588236,32,4.5,30.58823529411765,13.6,0.0,-0.01171875,-0.00390625,0.445,0.44,3.90625,1.5625,3.125,-2.34375
647.5,60,4.25,12.941176470588236,32,4.5,30.58823529411765,13.6,0.0,-0.0078125,-0.01953125,0.44,0.445,3.90625,1.5625,3.125,-2.34375
648.75,60,4.5,12.941176470588236,32,4.5,30.19607843137255,13.6,0.0,-0.02734375,-0.015625,0.44,0.445,3.125,1.5625,3.125,-2.34375
654.75,60,4.25,12.549019607843137,32,6.0,30.19607843137255,13.6,0.0,-0.015625,0.0,0.44,0.445,3.125,1.5625,3.125,-2.34375
640.25,60,4.25,12.549019607843137,32,6.5,29.80392156862745,13.6,0.0,0.0,-0.01171875,0.44,0.44,3.125,1.5625,3.125,-2.34375
650.5,60,4.25,12.549019607843137,32,6.0,29.80392156862745,13.6,0.0,-0.015625,-0.00390625,0.44,0.44,3.125,1.5625,3.125,-2.34375
653.5,60,4.25,12.549019607843137,32,6.0,30.19607843137255,13.6,0.0,-0.015625,-0.015625,0.44,0.445,3.125,1.5625,3.125,-2.34375
646.25,60,4.25,12.549019607843137,32,6.0,30.19607843137255,13.6,0.0,-0.0078125,-0.00390625,0.44,0.445,3.125,1.5625,3.125,-2.34375
643.25,60,4.25,12.549019607843137,32,5.0,30.19607843137255,13.6,0.0,-0.0078125,-0.00390625,0.44,0.44,3.125,1.5625,3.125,-2.34375
650.0,60,4.25,12.941176470588236,32,5.0,30.19607843137255,13.6,0.0,-0.00390625,-0.0078125,0.44,0.44,3.90625,1.5625,3.125,-2.34375
636.5,60,4.25,12.549019607843137,32,5.0,30.19607843137255,13.6,0.0,0.0,-0.01171875,0.445,0.445,3.90625,1.5625,3.125,-2.34375
648.0,60,4.25,12.549019607843137,32,6.0,30.19607843137255,13.6,0.0,-0.0078125,0.0,0.44,0.445,3.90625,1.5625,3.125,-2.34375
653.0,60,4.25,12.549019607843137,32,6.5,29.80392156862745,13.6,0.0,-0.02734375,-0.015625,0.44,0.445,3.125,1.5625,3.125,-2.34375
644.5,60,4.25,12.549019607843137,32,6.0,29.80392156862745,13.6,0.0,-0.00390625,-0.0078125,0.44,0.445,3.125,1.5625,3.125,-2.34375
640.25,61,4.25,12.549019607843137,32,6.0,29.80392156862745,13.6,0.0,0.00390625,-0.01171875,0.44,0.44,3.90625,1.5625,2.34375,-2.34375
637.75,61,4.25,12.549019607843137,32,5.0,30.19607843137255,13.6,0.0,-0.01953125,-0.0234375,0.44,0.44,3.90625,1.5625,2.34375,-2.34375
634.0,61,4.25,12.549019607843137,32,6.0,30.19607843137255,13.6,0.0,-0.0078125,-0.01171875,0.44,0.445,3.90625,1.5625,2.34375,-2.34375
634.0,61,4.25,12.549019607843137,32,5.0,30.19607843137255,13.6,0.0,-0.02734375,-0.01171875,0.44,0.44,3.125,1.5625,2.34375,-2.34375
635.75,61,4.25,12.549019607843137,32,4.5,30.19607843137255,13.5,0.0,-0.0078125,0.0,0.44,0.44,3.125,1.5625,2.34375,-2.34375
635.75,61,4.25,12.549019607843137,32,6.0,30.19607843137255,13.5,0.0,-0.015625,-0.01171875,0.44,0.445,3.125,1.5625,2.34375,-2.34375
630.25,61,4.25,12.549019607843137,32,5.0,30.19607843137255,13.7,0.0,-0.02734375,-0.01953125,0.445,0.44,3.125,1.5625,2.34375,-2.34375
641.25,61,4.25,12.549019607843137,32,5.0,30.19607843137255,13.6,0.0,-0.01171875,-0.0078125,0.445,0.44,3.125,1.5625,2.34375,-2.34375
640.25,61,4.25,12.549019607843137,32,4.5,30.19607843137255,13.6,0.0,-0.01171875,-0.01171875,0.44,0.44,3.125,1.5625,2.34375,-2.34375
640.25,61,4.25,12.549019607843137,32,4.5,29.80392156862745,13.7,0.0,-0.01953125,-0.02734375,0.44,0.44,2.34375,1.5625,2.34375,-2.34375
636.5,61,4.25,12.549019607843137,32,5.0,30.19607843137255,13.6,0.0,-0.015625,-0.01171875,0.44,0.445,2.34375,1.5625,2.34375,-2.34375
637.0,62,4.25,12.549019607843137,32,4.5,30.19607843137255,13.6,0.0,-0.0078125,-0.0078125,0.44,0.445,2.34375,1.5625,2.34375,-2.34375
631.5,62,4.25,12.549019607843137,32,6.0,30.19607843137255,13.5,0.0,-0.02734375,-0.01171875,0.445,0.44,2.34375,1.5625,1.5625,-2.34375
640.25,62,4.25,12.549019607843137,32,5.0,30.19607843137255,13.6,0.0,-0.0234375,-0.01953125,0.44,0.44,2.34375,1.5625,1.5625,-2.34375
634.75,62,4.25,12.549019607843137,32,5.0,30.19607843137255,13.6,0.0,-0.01171875,-0.0078125,0.44,0.44,2.34375,1.5625,1.5625,-2.34375
640.25,62,4.25,12.549019607843137,32,5.0,30.19607843137255,13.6,0.0,-0.00390625,-0.01171875,0.445,0.44,2.34375,1.5625,1.5625,-2.34375
635.25,62,4.25,12.549019607843137,32,4.5,29.80392156862745,13.6,0.0,-0.02734375,-0.0078125,0.445,0.44,1.5625,1.5625,1.5625,-2.34375
630.25,62,4.25,12.549019607843137,32,6.0,30.19607843137255,13.6,0.0,-0.0078125,-0.01171875,0.44,0.445,1.5625,1.5625,1.5625,-2.34375
636.5,62,4.25,12.549019607843137,32,5.0,30.19607843137255,13.6,0.0,-0.01953125,-0.01171875,0.44,0.445,1.5625,1.5625,1.5625,-2.34375
640.75,62,4.25,12.549019607843137,32,6.0,29.80392156862745,13.7,0.0,-0.01171875,-0.00390625,0.44,0.445,1.5625,1.5625,1.5625,-2.34375
641.25,62,4.25,12.549019607843137,32,5.0,30.19607843137255,13.6,0.0,-0.00390625,-0.00390625,0.44,0.44,1.5625,1.5625,1.5625,-2.34375
648.0,63,4.25,12.549019607843137,32,4.5,29.80392156862745,13.6,0.0,-0.01171875,-0.01953125,0.44,0.445,1.5625,1.5625,1.5625,-2.34375
631.0,63,4.25,12.549019607843137,32,5.0,30.19607843137255,13.6,0.0,-0.015625,-0.02734375,0.44,0.445,1.5625,1.5625,1.5625,-2.34375
630.25,63,4.25,12.549019607843137,32,4.5,30.19607843137255,13.6,0.0,-0.00390625,-0.0078125,0.44,0.445,1.5625,1.5625,1.5625,-2.34375
632.25,63,4.25,12.549019607843137,32,5.0,29.80392156862745,13.6,0.0,-0.0078125,-0.01171875,0.44,0.44,1.5625,1.5625,1.5625,-2.34375
643.75,63,4.25,12.549019607843137,32,5.0,29.80392156862745,13.6,0.0,-0.015625,-0.015625,0.44,0.44,1.5625,1.5625,1.5625,-2.34375
632.25,63,4.25,12.549019607843137,32,5.0,30.19607843137255,13.6,0.0,-0.00390625,-0.0078125,0.445,0.445,1.5625,1.5625,1.5625,-2.34375
640.25,63,4.25,12.549019607843137,32,5.0,29.80392156862745,13.5,0.0,0.00390625,-0.00390625,0.44,0.445,2.34375,1.5625,1.5625,-2.34375
640.25,63,4.25,12.549019607843137,32,5.0,29.80392156862745,13.6,0.0,-0.015625,-0.01171875,0.44,0.445,1.5625,1.5625,1.5625,-2.34375
635.75,63,4.25,12.549019607843137,32,4.5,29.80392156862745,13.6,0.0,-0.0078125,-0.0078125,0.44,0.445,1.5625,1.5625,1.5625,-2.34375
640.75,63,4.25,12.549019607843137,32,4.5,29.80392156862745,13.6,0.0,-0.00390625,-0.0078125,0.44,0.445,1.5625,1.5625,1.5625,-2.34375
639.5,63,4.25,12.549019607843137,32,3.5,29.80392156862745,13.6,0.0,-0.03515625,-0.0078125,0.44,0.44,1.5625,1.5625,1.5625,-2.34375
638.25,63,4.25,12.549019607843137,32,4.5,29.80392156862745,13.7,0.0,-0.03125,-0.01171875,0.44,0.445,0.78125,1.5625,0.78125,-2.34375
634.75,63,4.25,12.549019607843137,32,5.0,29.41176470588235,13.6,0.0,-0.00390625,-0.01953125,0.44,0.44,0.78125,1.5625,0.78125,-2.34375
638.25,63,4.25,12.549019607843137,32,6.5,29.41176470588235,13.6,0.0,-0.01171875,-0.00390625,0.44,0.44,0.78125,1.5625,0.78125,-2.34375
632.25,63,4.25,12.549019607843137,32,5.0,29.80392156862745,13.6,0.0,-0.0078125,-0.00390625,0.445,0.44,0.78125,1.5625,1.5625,-2.34375
638.25,63,4.25,12.549019607843137,32,5.0,30.19607843137255,13.6,0.0,0.0,0.0,0.44,0.445,1.5625,1.5625,1.5625,-2.34375
638.25,63,4.25,12.549019607843137,32,6.0,29.80392156862745,13.7,0.0,-0.00390625,-0.01171875,0.44,0.44,1.5625,1.5625,0.78125,-2.34375
641.25,63,4.25,12.549019607843137,32,4.5,29.80392156862745,13.6,0.0,-0.01171875,-0.00390625,0.44,0.445,1.5625,1.5625,0.78125,-2.34375
637.75,63,4.25,12.549019607843137,32,5.0,29.80392156862745,13.6,0.0,-0.0078125,-0.02734375,0.44,0.44,1.5625,1.5625,0.78125,-2.34375
640.25,63,4.25,12.549019607843137,32,4.5,29.80392156862745,13.6,0.0,-0.02734375,-0.015625,0.44,0.44,0.78125,1.5625,0.78125,-2.34375
626.75,63,4.25,12.549019607843137,32,6.0,29.80392156862745,13.7,0.0,-0.01171875,-0.00390625,0.44,0.44,0.78125,1.5625,0.78125,-2.34375
641.25,63,4.25,12.549019607843137,32,5.0,29.80392156862745,13.6,0.0,-0.0078125,-0.00390625,0.44,0.445,0.78125,1.5625,0.78125,-2.34375
626.75,63,4.25,12.549019607843137,32,4.5,29.80392156862745,13.6,0.0,-0.0078125,-0.00390625,0.44,0.44,0.78125,1.5625,0.78125,-2.34375
620.5,63,4.25,12.549019607843137,32,4.5,29.80392156862745,13.6,0.0,-0.015625,-0.015625,0.44,0.445,0.78125,1.5625,0.78125,-2.34375
631.5,64,4.25,12.549019607843137,32,5.0,29.80392156862745,13.6,0.0,-0.015625,-0.01953125,0.44,0.44,0.78125,1.5625,0.78125,-2.34375
622.5,64,4.25,12.549019607843137,32,5.0,30.19607843137255,13.6,0.0,-0.01171875,-0.0078125,0.44,0.44,0.78125,1.5625,0.78125,-2.34375
632.25,64,4.25,12.549019607843137,32,3.5,30.19607843137255,13.6,0.0,-0.01171875,-0.00390625,0.44,0.44,0.78125,1.5625,0.78125,-2.34375
622.5,64,4.25,12.549019607843137,32,5.0,30.19607843137255,13.6,0.0,-0.0078125,0.0,0.445,0.445,0.78125,1.5625,0.78125,-2.34375
634.75,64,4.25,12.549019607843137,32,4.5,30.19607843137255,13.6,0.0,-0.0234375,-0.00390625,0.44,0.44,0.0,1.5625,0.78125,-2.34375
630.25,64,4.25,12.549019607843137,32,5.0,30.19607843137255,13.6,0.0,-0.0078125,-0.01953125,0.44,0.44,0.0,1.5625,0.78125,-2.34375
617.5,64,4.25,12.549019607843137,32,3.5,30.19607843137255,13.6,0.0,-0.01171875,-0.015625,0.44,0.445,0.0,1.5625,0.78125,-2.34375
619.5,64,4.25,12.549019607843137,32,4.5,30.19607843137255,13.6,0.0,-0.00390625,-0.01953125,0.44,0.44,0.78125,1.5625,0.78125,-2.34375
629.25,64,4.25,12.549019607843137,32,4.5,30.19607843137255,13.6,0.0,0.0,-0.015625,0.44,0.44,0.78125,1.5625,0.78125,-2.34375
620.5,64,4.25,12.549019607843137,32,4.5,30.19607843137255,13.6,0.0,-0.0078125,-0.01171875,0.44,0.445,0.78125,1.5625,0.78125,-2.34375
628.5,64,4.25,12.549019607843137,32,5.0,30.19607843137255,13.6,0.0,0.0,0.0,0.44,0.44,0.78125,1.5625,0.78125,-2.34375
633.5,65,4.25,12.549019607843137,32,5.0,30.19607843137255,13.6,0.0,-0.00390625,-0.0078125,0.44,0.44,0.78125,1.5625,0.78125,-2.34375
633.5,65,4.25,12.549019607843137,32,4.5,30.19607843137255,13.6,0.0,-0.0078125,-0.015625,0.44,0.44,1.5625,1.5625,0.78125,-2.34375
631.5,65,4.25,12.549019607843137,32,4.5,29.80392156862745,13.7,0.0,-0.0078125,-0.01171875,0.44,0.44,1.5625,1.5625,0.78125,-2.34375
632.75,65,4.25,12.549019607843137,32,4.5,29.80392156862745,13.6,0.0,-0.02734375,-0.0078125,0.44,0.44,0.78125,1.5625,0.78125,-2.34375
621.75,65,4.25,12.549019607843137,32,4.5,30.19607843137255,13.6,0.0,-0.00390625,-0.01171875,0.44,0.44,0.78125,1.5625,0.78125,-2.34375
629.75,65,4.25,12.549019607843137,32,4.5,30.19607843137255,13.6,0.0,-0.01171875,-0.01171875,0.44,0.44,0.78125,1.5625,0.78125,-2.34375
626.0,65,4.25,12.549019607843137,32,4.5,29.80392156862745,13.6,0.0,-0.01171875,-0.01171875,0.44,0.44,0.78125,1.5625,0.78125,-2.34375
627.25,65,4.25,12.549019607843137,32,4.5,29.80392156862745,13.6,0.0,-0.00390625,-0.02734375,0.44,0.44,0.78125,1.5625,0.78125,-2.34375
629.25,65,4.25,12.549019607843137,32,3.5,30.19607843137255,13.6,0.0,-0.00390625,-0.0078125,0.44,0.44,0.78125,1.5625,0.78125,-2.34375
618.75,65,4.25,12.549019607843137,32,4.5,30.19607843137255,13.5,0.0,-0.00390625,-0.0234375,0.44,0.44,0.78125,1.5625,0.78125,-2.34375
623.0,65,4.25,12.549019607843137,32,4.5,30.19607843137255,13.6,0.0,-0.015625,-0.00390625,0.44,0.44,0.78125,1.5625,0.78125,-2.34375
610.25,66,4.25,12.549019607843137,32,4.5,30.19607843137255,13.6,0.0,-0.0078125,-0.00390625,0.44,0.44,0.78125,1.5625,0.78125,-2.34375
628.5,66,4.25,12.549019607843137,32,5.0,29.80392156862745,13.6,0.0,-0.01171875,-0.0078125,0.44,0.445,0.78125,1.5625,0.78125,-2.34375
622.5,66,4.25,12.549019607843137,32,5.0,29.80392156862745,13.6,0.0,-0.0078125,-0.00390625,0.44,0.445,0.78125,1.5625,0.78125,-2.34375
634.75,66,4.25,12.549019607843137,32,4.5,29.80392156862745,13.6,0.0,-0.00390625,-0.01171875,0.44,0.44,0.78125,1.5625,0.78125,-2.34375
625.0,66,4.25,12.549019607843137,32,4.5,30.19607843137255,13.6,0.0,-0.015625,-0.01171875,0.44,0.44,0.78125,1.5625,0.78125,-2.34375
634.0,66,4.25,12.549019607843137,32,3.5,29.80392156862745,13.6,0.0,-0.00390625,-0.01953125,0.445,0.44,0.78125,1.5625,0.78125,-2.34375
618.75,66,4.25,12.549019607843137,32,4.5,30.19607843137255,13.7,0.0,-0.015625,-0.01953125,0.44,0.44,0.78125,1.5625,0.78125,-2.34375
623.0,66,4.25,12.549019607843137,32,4.5,30.19607843137255,13.6,0.0,0.00390625,-0.0078125,0.44,0.44,0.78125,1.5625,0.78125,-2.34375
629.25,66,4.25,12.549019607843137,32,3.5,29.80392156862745,13.6,0.0,-0.01171875,-0.0078125,0.44,0.44,0.78125,1.5625,0.78125,-2.34375
623.0,66,4.25,12.549019607843137,32,4.5,30.19607843137255,13.7,0.0,-0.00390625,0.0,0.44,0.44,0.78125,1.5625,0.78125,-2.34375
624.25,66,4.25,12.549019607843137,32,3.5,30.19607843137255,13.7,0.0,-0.0078125,-0.01171875,0.44,0.44,0.78125,1.5625,0.0,-2.34375
626.75,66,4.25,12.549019607843137,32,4.5,29.80392156862745,13.5,0.0,-0.0078125,-0.00390625,0.44,0.44,0.78125,1.5625,0.0,-2.34375
621.25,66,4.25,12.549019607843137,32,4.5,30.19607843137255,13.6,0.0,0.0078125,-0.01171875,0.44,0.445,0.78125,1.5625,0.0,-2.34375
625.5,66,4.25,12.549019607843137,32,5.0,30.19607843137255,13.6,0.0,-0.01171875,0.00390625,0.445,0.445,0.78125,1.5625,0.78125,-2.34375
631.0,66,4.25,12.549019607843137,32,3.5,29.80392156862745,13.6,0.0,-0.01171875,-0.015625,0.44,0.445,0.78125,1.5625,0.78125,-2.34375
629.25,66,4.25,12.549019607843137,32,5.0,29.80392156862745,13.6,0.0,0.0,0.0,0.44,0.44,0.78125,1.5625,0.78125,-2.34375
626.0,66,4.25,12.549019607843137,32,3.5,29.80392156862745,13.6,0.0,-0.0078125,-0.0078125,0.44,0.445,0.78125,1.5625,0.78125,-2.34375
639.5,66,4.25,12.549019607843137,32,4.5,29.80392156862745,13.6,0.0,-0.01953125,-0.01171875,0.44,0.445,0.78125,1.5625,0.78125,-2.34375
616.25,66,4.25,12.549019607843137,32,4.5,29.80392156862745,13.6,0.0,-0.015625,-0.0078125,0.445,0.44,0.0,1.5625,0.78125,-2.34375
631.0,66,4.25,12.549019607843137,32,4.5,29.80392156862745,13.6,0.0,-0.015625,-0.0078125,0.445,0.44,0.0,1.5625,0.78125,-2.34375
625.0,66,4.25,12.549019607843137,32,4.5,29.80392156862745,13.6,0.0,-0.00390625,-0.01953125,0.44,0.44,0.78125,1.5625,0.78125,-2.34375
610.75,66,4.25,12.549019607843137,32,3.5,30.19607843137255,13.6,0.0,-0.0078125,0.0,0.44,0.445,0.78125,1.5625,0.78125,-2.34375
618.75,66,4.0,12.549019607843137,32,3.5,29.80392156862745,13.7,0.0,0.0,-0.01953125,0.44,0.44,0.78125,1.5625,0.78125,-2.34375
617.0,67,4.0,12.549019607843137,32,4.5,29.80392156862745,13.6,0.0,-0.0078125,-0.015625,0.44,0.44,0.78125,1.5625,0.78125,-2.34375
626.75,67,4.0,12.549019607843137,32,4.5,29.80392156862745,13.6,0.0,-0.01171875,-0.0078125,0.445,0.44,0.78125,1.5625,0.78125,-2.34375
618.75,67,4.25,12.549019607843137,32,5.0,29.80392156862745,13.6,0.0,-0.00390625,-0.0078125,0.44,0.44,0.78125,1.5625,0.78125,-2.34375
614.5,67,4.25,12.549019607843137,32,3.5,29.80392156862745,13.6,0.0,0.01171875,0.0,0.44,0.44,1.5625,1.5625,0.78125,-2.34375
612.0,67,4.0,12.549019607843137,32,3.5,29.80392156862745,13.6,0.0,-0.01171875,-0.01171875,0.44,0.44,1.5625,1.5625,0.78125,-2.34375
626.75,67,4.0,12.549019607843137,32,4.5,29.80392156862745,13.6,0.0,-0.01171875,-0.0078125,0.44,0.445,1.5625,1.5625,0.78125,-2.34375
618.25,67,4.25,12.549019607843137,32,3.0,29.80392156862745,13.7,0.0,-0.0078125,0.0,0.44,0.44,0.78125,1.5625,0.78125,-2.34375
614.0,67,4.0,12.549019607843137,32,4.5,29.80392156862745,13.6,0.0,-0.01171875,-0.0078125,0.44,0.44,0.78125,1.5625,0.78125,-2.34375
618.75,67,4.0,12.549019607843137,32,3.5,29.80392156862745,13.6,0.0,0.0,-0.015625,0.44,0.44,1.5625,1.5625,0.78125,-2.34375
616.25,67,4.25,12.549019607843137,32,5.0,29.80392156862745,13.6,0.0,-0.01171875,-0.00390625,0.44,0.44,1.5625,1.5625,0.78125,-2.34375
623.75,67,4.0,12.549019607843137,32,3.0,29.80392156862745,13.6,0.0,-0.00390625,-0.01953125,0.44,0.44,1.5625,1.5625,0.78125,-2.34375
613.25,67,4.25,12.549019607843137,32,4.5,29.80392156862745,13.6,0.0,-0.0234375,-0.0078125,0.44,0.44,0.78125,1.5625,0.78125,-2.34375
615.0,68,4.25,12.549019607843137,32,3.5,29.80392156862745,13.6,0.0,-0.0234375,-0.01171875,0.44,0.44,0.78125,1.5625,0.78125,-2.34375
618.75,68,4.25,12.549019607843137,32,3.5,29.80392156862745,13.6,0.0,-0.0078125,-0.0078125,0.44,0.44,0.78125,1.5625,0.78125,-2.34375
617.0,68,4.25,12.549019607843137,32,3.5,29.80392156862745,13.6,0.0,-0.01171875,-0.0078125,0.44,0.44,0.78125,1.5625,0.78125,-2.34375
618.75,68,4.0,12.549019607843137,32,5.0,29.41176470588235,13.7,0.0,-0.0234375,-0.02734375,0.445,0.44,0.78125,1.5625,0.0,-2.34375
615.75,68,4.0,12.549019607843137,32,4.5,29.41176470588235,13.6,0.0,-0.01953125,0.0,0.44,0.445,0.78125,1.5625,0.78125,-2.34375
612.75,68,4.0,12.549019607843137,32,5.0,29.41176470588235,13.6,0.0,-0.0078125,-0.0078125,0.44,0.445,0.78125,1.5625,0.78125,-2.34375
611.5,68,4.0,12.549019607843137,33,6.0,29.80392156862745,13.6,0.0,-0.00390625,0.0,0.44,0.44,0.78125,1.5625,0.78125,-2.34375
606.5,68,4.25,12.549019607843137,32,4.5,29.80392156862745,13.6,0.0,-0.0078125,-0.01171875,0.44,0.445,0.78125,1.5625,0.78125,-2.34375
626.0,68,4.25,12.549019607843137,32,3.5,29.80392156862745,13.7,0.0,-0.00390625,-0.0078125,0.44,0.445,0.78125,1.5625,0.78125,-2.34375
614.0,68,4.0,12.549019607843137,32,3.0,29.80392156862745,13.6,0.0,-0.0078125,-0.015625,0.44,0.445,0.78125,1.5625,0.78125,-2.34375
612.0,68,4.0,12.549019607843137,33,3.5,29.80392156862745,13.7,0.0,-0.046875,-0.05078125,0.44,0.44,0.0,1.5625,-0.78125,-2.34375
623.0,68,4.0,12.549019607843137,33,4.5,29.80392156862745,13.6,0.0,-0.0390625,-0.03515625,0.44,0.44,-0.78125,1.5625,-0.78125,-2.34375
612.75,69,4.0,12.549019607843137,33,4.5,29.80392156862745,13.6,0.0,-0.0234375,-0.00390625,0.44,0.445,-0.78125,1.5625,-0.78125,-2.34375
618.75,69,4.0,12.549019607843137,33,3.5,29.80392156862745,13.6,0.0,-0.01171875,-0.0078125,0.445,0.445,-0.78125,1.5625,-0.78125,-2.34375
607.25,69,4.0,12.549019607843137,33,6.0,29.80392156862745,13.6,0.0,-0.01171875,-0.01171875,0.445,0.44,-0.78125,1.5625,-0.78125,-2.34375
612.0,69,4.0,12.549019607843137,33,4.5,29.80392156862745,13.6,0.0,-0.01171875,0.0,0.44,0.445,-0.78125,1.5625,-0.78125,-2.34375
623.75,69,4.0,12.549019607843137,33,5.0,29.80392156862745,13.6,0.0,-0.00390625,-0.01171875,0.44,0.44,-0.78125,1.5625,-0.78125,-2.34375
617.5,69,4.0,12.549019607843137,33,3.5,29.80392156862745,13.6,0.0,-0.0078125,-0.0078125,0.44,0.445,0.0,1.5625,0.0,-2.34375
619.5,69,4.0,12.549019607843137,33,3.5,29.80392156862745,13.6,0.0,0.0,0.00390625,0.44,0.445,0.0,1.5625,0.0,-2.34375
615.75,69,4.0,12.549019607843137,33,3.5,29.80392156862745,13.6,0.0,-0.02734375,0.0,0.44,0.44,0.0,1.5625,0.0,-2.34375
607.75,69,4.0,12.549019607843137,33,3.5,29.80392156862745,13.6,0.0,-0.01171875,-0.01953125,0.44,0.44,0.0,1.5625,0.0,-2.34375
617.0,69,4.0,12.549019607843137,33,3.5,29.80392156862745,13.6,0.0,-0.00390625,-0.015625,0.445,0.445,0.0,1.5625,-0.78125,-2.34375
616.25,69,4.0,12.549019607843137,33,4.5,29.80392156862745,13.6,0.0,-0.0078125,-0.00390625,0.44,0.44,0.0,1.5625,0.0,-2.34375
625.5,69,4.0,12.549019607843137,33,3.5,29.80392156862745,13.6,0.0,-0.00390625,-0.0078125,0.44,0.445,0.0,1.5625,0.0,-2.34375
612.75,69,4.0,12.549019607843137,33,3.0,29.80392156862745,13.6,0.0,-0.0078125,-0.0078125,0.44,0.445,0.0,1.5625,0.0,-2.34375
615.75,69,4.0,12.549019607843137,33,3.0,29.80392156862745,13.6,0.0,-0.015625,-0.01953125,0.445,0.445,-0.78125,1.5625,-0.78125,-2.34375
610.25,69,4.0,12.549019607843137,33,3.5,29.80392156862745,13.6,0.0,-0.01171875,-0.0234375,0.44,0.44,-0.78125,1.5625,-0.78125,-2.34375
615.0,69,4.0,12.549019607843137,33,3.5,29.80392156862745,13.6,0.0,-0.0078125,-0.00390625,0.44,0.44,-0.78125,1.5625,-0.78125,-2.34375
620.5,69,4.0,12.549019607843137,33,4.5,29.80392156862745,13.6,0.0,-0.01171875,0.0,0.44,0.445,-0.78125,1.5625,0.0,-2.34375
622.5,69,4.0,12.549019607843137,33,3.0,29.80392156862745,13.6,0.0,-0.01171875,-0.0078125,0.44,0.44,-0.78125,1.5625,0.0,-2.34375
618.75,69,4.0,12.549019607843137,33,3.5,29.41176470588235,13.6,0.0,0.0,-0.0078125,0.44,0.44,-0.78125,1.5625,0.0,-2.34375
618.75,69,4.0,12.549019607843137,33,3.5,29.80392156862745,13.6,0.0,-0.01171875,-0.00390625,0.44,0.445,-0.78125,1.5625,0.0,-2.34375
615.0,69,4.0,12.549019607843137,33,3.5,29.80392156862745,13.5,0.0,-0.0078125,-0.0078125,0.44,0.44,-0.78125,1.5625,0.0,-2.34375
610.75,69,4.0,12.549019607843137,33,3.5,29.41176470588235,13.6,0.0,-0.01171875,-0.015625,0.44,0.44,-0.78125,1.5625,-0.78125,-2.34375
620.0,69,3.75,12.549019607843137,33,5.0,28.627450980392158,13.5,0.0,-0.0234375,-0.04296875,0.44,0.44,-0.78125,1.5625,-1.5625,-2.34375
606.0,69,4.0,12.549019607843137,33,4.5,29.019607843137255,13.6,0.0,-0.03125,-0.03125,0.44,0.445,-1.5625,1.5625,-1.5625,-2.34375
607.75,70,4.0,12.549019607843137,33,5.0,29.019607843137255,13.6,0.0,-0.02734375,-0.01171875,0.445,0.44,-1.5625,1.5625,-1.5625,-2.34375
601.0,70,4.0,12.549019607843137,33,4.5,29.019607843137255,13.6,0.0,-0.0078125,-0.02734375,0.44,0.44,-1.5625,1.5625,-1.5625,-2.34375
606.5,70,3.75,12.549019607843137,33,5.0,29.019607843137255,13.6,0.0,-0.00390625,-0.00390625,0.44,0.44,-1.5625,1.5625,-1.5625,-2.34375
609.0,70,4.0,12.549019607843137,33,4.5,29.019607843137255,13.5,0.0,0.0,0.00390625,0.445,0.445,-1.5625,1.5625,-1.5625,-2.34375
601.75,70,3.75,12.549019607843137,33,4.5,29.019607843137255,13.6,0.0,-0.01171875,-0.0234375,0.44,0.445,-1.5625,1.5625,-1.5625,-2.34375
603.5,70,4.0,12.549019607843137,33,5.0,29.41176470588235,13.6,0.0,0.0078125,0.0078125,0.445,0.44,-0.78125,1.5625,-0.78125,-2.34375
608.5,70,4.0,12.549019607843137,33,5.0,29.019607843137255,13.6,0.0,-0.0078125,0.01171875,0.445,0.445,-0.78125,1.5625,-0.78125,-2.34375
611.5,70,4.0,12.549019607843137,33,5.0,29.019607843137255,13.6,0.0,-0.01953125,-0.0078125,0.44,0.44,-0.78125,1.5625,-0.78125,-2.34375
605.25,70,4.0,12.549019607843137,33,5.0,29.019607843137255,13.6,0.0,0.0078125,0.0,0.44,0.445,-0.78125,1.5625,-0.78125,-2.34375
607.75,70,4.0,12.549019607843137,33,3.5,29.41176470588235,13.6,0.0,-0.015625,-0.01171875,0.44,0.445,-0.78125,1.5625,-0.78125,-2.34375
606.5,70,4.0,12.549019607843137,33,3.5,29.41176470588235,13.5,0.0,-0.01953125,-0.01171875,0.44,0.44,-0.78125,1.5625,-0.78125,-2.34375
609.5,70,4.0,12.549019607843137,33,4.5,29.41176470588235,13.6,0.0,-0.015625,-0.01953125,0.44,0.445,-0.78125,1.5625,-0.78125,-2.34375
601.75,70,4.0,12.549019607843137,33,4.5,29.41176470588235,13.6,0.0,-0.00390625,0.0,0.44,0.44,-0.78125,1.5625,-0.78125,-2.34375
612.0,70,3.75,12.549019607843137,33,4.5,29.019607843137255,13.6,0.0,-0.0078125,-0.0078125,0.44,0.44,-0.78125,1.5625,-0.78125,-2.34375
606.0,71,4.0,12.549019607843137,33,5.0,29.019607843137255,13.6,0.0,-0.00390625,-0.0234375,0.44,0.445,-0.78125,1.5625,-0.78125,-2.34375
608.5,71,3.75,12.549019607843137,33,4.5,29.019607843137255,13.6,0.0,0.0,0.0,0.445,0.44,-0.78125,1.5625,-0.78125,-2.34375
599.75,71,3.75,12.549019607843137,33,5.0,29.019607843137255,13.6,0.0,0.0,0.00390625,0.445,0.44,0.0,1.5625,0.0,-2.34375
614.5,71,3.75,12.549019607843137,33,4.5,29.019607843137255,13.6,0.0,-0.01953125,-0.0078125,0.44,0.445,0.0,1.5625,0.0,-2.34375
612.75,71,4.0,12.549019607843137,33,4.5,29.019607843137255,13.6,0.0,-0.015625,-0.015625,0.44,0.44,0.0,1.5625,0.0,-2.34375
606.0,71,3.75,12.549019607843137,33,3.5,29.019607843137255,13.6,0.0,-0.015625,-0.01171875,0.445,0.445,-0.78125,1.5625,0.0,-2.34375
604.0,71,3.75,12.549019607843137,33,4.5,29.019607843137255,13.6,0.0,0.00390625,0.00390625,0.44,0.44,0.0,1.5625,0.0,-2.34375
612.75,71,4.0,12.549019607843137,33,4.5,29.019607843137255,13.6,0.0,-0.015625,-0.015625,0.44,0.445,0.0,1.5625,0.0,-2.34375
605.25,71,4.0,12.549019607843137,33,4.5,29.019607843137255,13.6,0.0,-0.015625,-0.01171875,0.44,0.445,0.0,1.5625,0.0,-2.34375
609.0,71,3.75,12.549019607843137,33,4.5,29.019607843137255,13.6,0.0,-0.015625,-0.01171875,0.44,0.44,0.0,1.5625,0.0,-2.34375
601.75,71,3.75,12.549019607843137,33,4.5,29.019607843137255,13.7,0.0,-0.00390625,-0.00390625,0.44,0.44,0.0,1.5625,0.0,-2.34375
606.0,71,3.75,12.549019607843137,33,3.5,29.019607843137255,13.6,0.0,-0.00390625,0.0,0.44,0.44,0.0,1.5625,0.0,-2.34375
609.5,71,3.75,12.549019607843137,33,5.0,29.019607843137255,13.6,0.0,-0.0234375,-0.0078125,0.44,0.445,0.0,1.5625,0.0,-2.34375
603.0,71,3.75,12.549019607843137,33,5.0,29.019607843137255,13.6,0.0,0.00390625,0.01171875,0.445,0.44,0.0,1.5625,0.78125,-2.34375
612.75,72,4.0,12.549019607843137,33,3.5,29.019607843137255,13.6,0.0,-0.00390625,-0.00390625,0.44,0.44,0.0,1.5625,0.78125,-2.34375
608.5,72,4.0,12.549019607843137,33,4.5,29.41176470588235,13.6,0.0,-0.01953125,-0.01953125,0.445,0.44,0.0,1.5625,0.0,-2.34375
604.75,72,3.75,12.549019607843137,33,4.5,29.019607843137255,13.6,0.0,-0.015625,-0.015625,0.44,0.44,0.0,1.5625,0.0,-2.34375
613.25,72,3.75,12.549019607843137,33,4.5,29.019607843137255,13.6,0.0,-0.02734375,-0.0234375,0.44,0.44,0.0,1.5625,0.0,-2.34375
601.0,72,3.75,12.549019607843137,33,4.5,29.019607843137255,13.5,0.0,-0.01953125,-0.01171875,0.44,0.44,-0.78125,1.5625,0.0,-2.34375
614.0,72,3.75,12.549019607843137,33,5.0,29.019607843137255,13.6,0.0,0.00390625,-0.00390625,0.44,0.44,0.0,1.5625,0.0,-2.34375
606.5,72,3.75,12.549019607843137,33,4.5,29.019607843137255,13.7,0.0,-0.015625,-0.01171875,0.44,0.44,0.0,1.5625,0.0,-2.34375
609.0,72,3.75,12.549019607843137,33,3.5,29.019607843137255,13.6,0.0,-0.0078125,0.0,0.445,0.445,0.0,1.5625,0.0,-2.34375
603.5,72,3.75,12.549019607843137,33,3.5,29.019607843137255,13.7,0.0,-0.0234375,-0.01171875,0.44,0.44,0.0,1.5625,0.0,-2.34375
606.0,72,3.75,12.549019607843137,33,4.5,29.019607843137255,13.6,0.0,0.0078125,0.00390625,0.445,0.44,0.0,1.5625,0.0,-2.34375
603.5,72,3.75,12.549019607843137,33,3.5,29.019607843137255,13.7,0.0,0.00390625,-0.0078125,0.44,0.44,0.78125,1.5625,0.78125,-2.34375
610.75,72,3.75,12.549019607843137,33,3.5,28.627450980392158,13.5,0.0,-0.01953125,-0.0234375,0.44,0.445,0.0,1.5625,0.0,-2.34375
604.75,72,3.75,12.549019607843137,33,6.5,28.627450980392158,13.6,0.0,0.0,-0.00390625,0.445,0.445,0.0,1.5625,0.0,-2.34375
609.5,72,3.75,12.549019607843137,33,5.0,28.627450980392158,13.6,0.0,-0.01171875,-0.0078125,0.445,0.44,0.78125,1.5625,0.0,-2.34375
607.75,72,3.75,12.549019607843137,33,4.5,28.627450980392158,13.7,0.0,-0.0078125,-0.0078125,0.44,0.445,0.78125,1.5625,0.78125,-2.34375
614.5,72,3.75,12.549019607843137,33,3.5,28.627450980392158,13.6,0.0,-0.00390625,-0.015625,0.44,0.445,0.78125,1.5625,0.78125,-2.34375
602.25,72,3.75,12.549019607843137,33,5.0,28.627450980392158,13.7,0.0,-0.015625,-0.015625,0.44,0.445,0.78125,1.5625,0.0,-2.34375
605.25,72,3.75,12.549019607843137,33,3.5,29.019607843137255,13.6,0.0,-0.01171875,-0.01171875,0.44,0.44,0.78125,1.5625,0.0,-2.34375
609.5,72,3.75,12.549019607843137,33,3.5,29.019607843137255,13.5,0.0,-0.03515625,-0.04296875,0.44,0.44,0.0,1.5625,-0.78125,-2.34375
602.25,72,3.75,12.549019607843137,33,4.5,29.019607843137255,13.6,0.0,-0.0234375,-0.0078125,0.44,0.445,-0.78125,1.5625,-0.78125,-2.34375
599.75,72,3.75,12.549019607843137,33,4.5,29.019607843137255,13.6,0.0,-0.00390625,-0.01171875,0.44,0.445,0.0,1.5625,-0.78125,-2.34375
610.25,72,3.75,12.549019607843137,33,4.5,28.627450980392158,13.5,0.0,0.0,-0.00390625,0.44,0.445,0.0,1.5625,-0.78125,-2.34375
609.5,72,3.75,12.549019607843137,33,5.0,29.019607843137255,13.6,0.0,0.0,0.0,0.445,0.44,0.0,1.5625,0.0,-2.34375
607.25,72,3.75,12.549019607843137,33,5.0,29.019607843137255,13.7,0.0,-0.00390625,-0.0078125,0.44,0.44,0.0,1.5625,0.0,-2.34375
599.75,72,3.75,12.549019607843137,33,3.5,29.019607843137255,13.6,0.0,-0.01171875,0.00390625,0.44,0.44,0.0,1.5625,0.78125,-2.34375
593.25,72,3.75,12.549019607843137,33,3.0,29.41176470588235,13.6,0.0,-0.0078125,-0.01171875,0.44,0.44,0.0,1.5625,0.0,-2.34375
593.75,72,3.75,12.156862745098039,33,3.5,29.019607843137255,13.6,0.0,-0.015625,-0.015625,0.44,0.44,0.0,1.5625,0.0,-2.34375
601.75,72,3.75,12.156862745098039,33,5.0,28.627450980392158,13.6,0.0,-0.015625,-0.0234375,0.445,0.445,0.0,1.5625,0.0,-2.34375
597.5,72,3.75,12.549019607843137,33,4.5,28.627450980392158,13.6,0.0,0.00390625,0.0,0.44,0.445,0.0,1.5625,0.0,-2.34375
592.5,72,3.75,12.549019607843137,33,3.5,29.019607843137255,13.7,0.0,0.0,0.0078125,0.445,0.445,0.78125,1.5625,0.0,-2.34375
594.25,73,3.75,12.549019607843137,33,4.5,29.41176470588235,13.7,0.0,0.01171875,0.0,0.44,0.44,0.78125,1.5625,0.78125,-2.34375
595.5,73,3.75,12.549019607843137,33,3.0,29.41176470588235,13.6,0.0,-0.02734375,-0.0078125,0.44,0.44,0.78125,1.5625,0.78125,-2.34375
598.0,73,3.75,12.549019607843137,33,3.5,29.41176470588235,13.6,0.0,-0.03515625,-0.03515625,0.445,0.44,0.0,1.5625,0.0,-2.34375
596.75,73,3.75,12.549019607843137,33,4.5,29.019607843137255,13.6,0.0,-0.0234375,-0.01953125,0.44,0.44,-0.78125,1.5625,0.0,-2.34375
592.5,73,3.75,12.156862745098039,33,3.5,29.019607843137255,13.6,0.0,0.0,0.01171875,0.445,0.44,0.0,1.5625,0.0,-2.34375
595.5,73,3.75,12.549019607843137,33,4.5,29.019607843137255,13.6,0.0,0.0078125,0.0078125,0.44,0.445,0.0,1.5625,0.0,-2.34375
597.5,73,3.75,12.549019607843137,33,3.5,29.019607843137255,13.6,0.0,-0.00390625,0.0,0.44,0.445,0.78125,1.5625,0.78125,-2.34375
595.5,73,3.75,12.549019607843137,33,3.5,29.019607843137255,13.6,0.0,-0.01171875,-0.01171875,0.44,0.44,0.0,1.5625,0.78125,-2.34375
604.0,73,3.75,12.549019607843137,33,4.5,29.019607843137255,13.6,0.0,-0.015625,-0.01171875,0.44,0.44,0.0,1.5625,0.0,-2.34375
601.0,73,3.75,12.549019607843137,33,3.0,29.019607843137255,13.6,0.0,-0.01171875,-0.01953125,0.44,0.44,0.0,1.5625,0.0,-2.34375
591.25,73,3.75,12.549019607843137,33,4.5,29.019607843137255,13.6,0.0,-0.01171875,0.0,0.44,0.445,0.0,1.5625,0.0,-2.34375
590.0,73,3.75,12.156862745098039,33,4.5,29.019607843137255,13.7,0.0,-0.0234375,-0.015625,0.44,0.44,0.0,1.5625,0.0,-2.34375
598.0,73,3.75,12.549019607843137,33,4.5,29.019607843137255,13.6,0.0,-0.015625,-0.01171875,0.44,0.44,0.0,1.5625,0.0,-2.34375
597.5,73,3.75,12.549019607843137,33,3.5,29.019607843137255,13.7,0.0,0.0,-0.015625,0.44,0.44,0.0,1.5625,0.0,-2.34375
602.25,74,3.75,12.549019607843137,33,3.5,29.019607843137255,13.6,0.0,0.0,-0.00390625,0.44,0.445,0.0,1.5625,0.0,-2.34375
595.5,74,3.75,12.549019607843137,33,3.5,29.019607843137255,13.6,0.0,-0.00390625,0.00390625,0.44,0.445,0.0,1.5625,0.0,-2.34375
603.5,74,3.75,12.549019607843137,33,3.5,29.019607843137255,13.6,0.0,0.00390625,-0.015625,0.44,0.445,0.78125,1.5625,0.0,-2.34375
593.25,74,3.75,12.549019607843137,33,3.5,29.019607843137255,13.6,0.0,-0.00390625,-0.0078125,0.44,0.44,0.78125,1.5625,0.0,-2.34375
604.0,74,3.75,12.549019607843137,33,3.5,29.019607843137255,13.6,0.0,-0.015625,-0.01953125,0.44,0.44,0.78125,1.5625,0.0,-2.34375
596.75,74,3.75,12.156862745098039,33,3.0,29.019607843137255,13.7,0.0,-0.02734375,-0.0078125,0.44,0.445,0.0,1.5625,0.0,-2.34375
596.25,74,3.75,12.549019607843137,33,3.5,29.019607843137255,13.7,0.0,-0.0078125,-0.03125,0.44,0.445,0.0,1.5625,0.0,-2.34375
601.0,74,3.75,12.156862745098039,33,3.5,29.019607843137255,13.7,0.0,-0.01953125,-0.015625,0.44,0.44,0.0,1.5625,0.0,-2.34375
584.5,74,3.75,12.156862745098039,33,3.5,29.019607843137255,13.6,0.0,-0.015625,-0.015625,0.44,0.44,0.0,1.5625,0.0,-2.34375
599.25,74,3.75,12.549019607843137,33,4.5,29.019607843137255,13.6,0.0,0.00390625,-0.0078125,0.445,0.445,0.0,1.5625,0.0,-2.34375
603.0,74,3.75,12.549019607843137,33,3.5,29.019607843137255,13.5,0.0,-0.01171875,-0.0078125,0.44,0.44,0.0,1.5625,0.0,-2.34375
596.25,74,3.75,12.156862745098039,33,3.5,29.019607843137255,13.6,0.0,-0.0078125,0.00390625,0.445,0.44,0.0,1.5625,0.0,-2.34375
598.0,74,3.75,12.156862745098039,33,3.5,29.019607843137255,13.6,0.0,-0.01171875,-0.01171875,0.44,0.44,0.0,1.5625,0.78125,-2.34375
595.0,75,3.75,12.549019607843137,33,3.5,29.019607843137255,13.6,0.0,0.0,-0.01171875,0.445,0.445,0.0,1.5625,0.78125,-2.34375
599.25,75,3.75,12.549019607843137,33,3.5,29.019607843137255,13.6,0.0,0.0078125,-0.01953125,0.445,0.44,0.78125,1.5625,0.0,-2.34375
595.5,75,3.75,12.549019607843137,33,4.5,29.019607843137255,13.6,0.0,-0.015625,-0.02734375,0.445,0.44,0.0,1.5625,0.0,-2.34375
603.0,75,3.75,12.549019607843137,33,3.5,29.019607843137255,13.6,0.0,-0.01953125,-0.01953125,0.44,0.445,0.0,1.5625,0.0,-2.34375
600.5,75,3.75,12.549019607843137,33,3.0,29.019607843137255,13.6,0.0,-0.015625,-0.02734375,0.44,0.44,0.0,1.5625,-0.78125,-2.34375
593.75,75,3.75,12.549019607843137,33,3.5,29.019607843137255,13.6,0.0,-0.01171875,0.0,0.44,0.44,0.0,1.5625,0.0,-2.34375
598.75,75,3.75,12.549019607843137,33,4.5,29.019607843137255,13.6,0.0,0.00390625,-0.01953125,0.44,0.445,0.0,1.5625,0.0,-2.34375
599.25,75,3.75,12.549019607843137,33,3.5,29.019607843137255,13.7,0.0,0.0,0.00390625,0.445,0.44,0.78125,1.5625,0.78125,-2.34375
594.25,75,3.75,12.549019607843137,33,3.5,29.019607843137255,13.6,0.0,-0.0078125,-0.015625,0.44,0.44,0.78125,1.5625,0.0,-2.34375
598.75,75,3.75,12.549019607843137,33,3.0,29.019607843137255,13.6,0.0,-0.0078125,-0.00390625,0.445,0.44,0.78125,1.5625,0.0,-2.34375
1442.25,75,18.25,18.431372549019606,33,0.5,43.13725490196079,13.6,0.0,0.0859375,-0.05078125,0.44,0.44,1.5625,1.5625,0.0,-2.34375
1188.75,75,15.75,18.03921568627451,33,22.5,42.35294117647059,13.6,0.0,0.09375,0.09765625,0.44,0.44,0.78125,1.5625,3.125,-2.34375
2798.25,75,35.75,23.92156862745098,33,36.0,41.1764705882353,13.7,0.0,0.00390625,-0.04296875,0.44,0.44,0.0,1.5625,-1.5625,-2.34375
4089.75,75,21.25,19.215686274509803,33,6.5,20.392156862745097,13.7,0.0,-0.078125,-0.3828125,0.44,0.445,0.0,1.5625,0.0,-2.34375
2169.0,75,11.5,15.686274509803921,33,-1.0,18.431372549019606,13.7,0.0,-0.26171875,-0.23046875,0.445,0.44,-7.8125,1.5625,-8.59375,-2.34375
885.5,75,4.25,12.549019607843137,33,30.5,21.96078431372549,13.7,0.0,0.0078125,0.03515625,0.445,0.44,-7.8125,1.5625,-7.03125,-2.34375
651.0,75,4.0,12.549019607843137,33,14.0,26.274509803921568,13.7,0.0,0.0546875,0.02734375,0.445,0.44,-6.25,1.5625,-6.25,-2.34375
646.75,75,10.5,15.686274509803921,33,14.0,42.745098039215684,13.6,0.0,0.0859375,-0.10546875,0.44,0.445,0.0,1.5625,0.0,-2.34375
4079.5,75,73.0,23.92156862745098,33,11.0,29.019607843137255,13.7,0.0,0.62890625,0.87890625,0.44,0.445,0.0,1.5625,0.0,-2.34375
4010.5,75,27.5,21.176470588235293,33,9.0,25.88235294117647,13.7,0.0,0.35546875,0.515625,0.445,0.44,0.0,1.5625,0.0,-2.34375
2636.0,75,14.0,16.07843137254902,33,0.5,17.647058823529413,13.6,0.0,-0.1796875,-0.2421875,0.44,0.44,-5.46875,1.5625,-7.03125,-2.34375
946.5,75,4.5,12.549019607843137,33,19.5,21.176470588235293,13.6,0.0,0.0,0.02734375,0.445,0.44,-7.03125,1.5625,-6.25,-2.34375
723.75,75,26.25,23.137254901960784,33,9.0,69.41176470588235,13.6,0.0,-0.4296875,-0.46875,0.445,0.44,0.0,1.5625,0.78125,-2.34375
4045.25,76,22.5,20.0,33,47.0,22.352941176470587,13.6,0.0,-0.76953125,-0.5703125,0.445,0.44,0.0,1.5625,0.0,-2.34375
4006.25,76,26.75,20.784313725490197,33,47.0,24.705882352941178,13.6,0.0,0.00390625,0.0390625,0.44,0.44,0.0,1.5625,0.0,-2.34375
2955.75,76,15.25,17.254901960784313,33,3.5,18.03921568627451,13.6,0.0,-0.06640625,-0.14453125,0.44,0.44,-1.5625,1.5625,-2.34375,-2.34375
1476.25,76,7.5,14.117647058823529,33,-5.5,20.0,13.6,0.0,-0.13671875,-0.046875,0.44,0.445,-7.8125,1.5625,-7.03125,-2.34375
786.5,76,4.25,12.549019607843137,33,28.5,22.352941176470587,13.6,0.0,0.0078125,-0.02734375,0.44,0.445,-7.03125,1.5625,-7.03125,-2.34375
642.0,77,4.0,12.549019607843137,33,12.5,25.88235294117647,13.6,0.0,0.046875,0.04296875,0.44,0.44,-5.46875,1.5625,-5.46875,-2.34375
610.25,77,3.75,12.549019607843137,33,7.5,27.45098039215686,13.6,0.0,0.06640625,0.0625,0.44,0.44,-3.125,1.5625,-3.90625,-2.34375
603.5,77,3.75,12.549019607843137,33,5.0,28.235294117647058,13.6,0.0,0.0390625,0.02734375,0.445,0.445,-2.34375,1.5625,-3.125,-2.34375
603.0,77,3.75,12.549019607843137,33,4.5,28.627450980392158,13.6,0.0,0.01953125,0.015625,0.445,0.44,-1.5625,1.5625,-2.34375,-2.34375
598.0,78,3.75,12.549019607843137,33,3.5,28.627450980392158,13.6,0.0,0.0078125,0.0,0.445,0.44,-1.5625,1.5625,-2.34375,-2.34375
596.25,78,3.75,12.549019607843137,33,3.5,28.627450980392158,13.6,0.0,0.0078125,0.0078125,0.445,0.44,-1.5625,1.5625,-1.5625,-2.34375
595.5,78,3.75,12.549019607843137,33,4.5,28.627450980392158,13.7,0.0,0.00390625,0.00390625,0.445,0.44,-0.78125,1.5625,-1.5625,-2.34375
599.75,78,3.75,12.549019607843137,33,3.5,28.627450980392158,13.6,0.0,0.0,0.00390625,0.44,0.445,-0.78125,1.5625,-1.5625,-2.34375
596.25,78,3.75,12.549019607843137,33,4.5,28.627450980392158,13.6,0.0,0.00390625,0.01171875,0.445,0.44,-0.78125,1.5625,-0.78125,-2.34375
599.75,78,3.75,12.549019607843137,33,4.5,28.627450980392158,13.6,0.0,0.02734375,0.00390625,0.445,0.44,0.0,1.5625,-0.78125,-2.34375
593.75,78,3.75,12.549019607843137,33,3.5,28.627450980392158,13.6,0.0,0.0,0.0078125,0.445,0.44,0.0,1.5625,-0.78125,-2.34375
600.5,78,3.75,12.549019607843137,33,4.5,28.235294117647058,13.6,0.0,-0.015625,-0.01953125,0.44,0.44,0.0,1.5625,-0.78125,-2.34375
592.5,78,3.75,12.549019607843137,33,4.5,28.627450980392158,13.7,0.0,-0.03125,-0.015625,0.44,0.44,0.0,1.5625,-0.78125,-2.34375
597.5,78,3.75,12.549019607843137,33,4.5,28.235294117647058,13.6,0.0,-0.01953125,-0.01953125,0.44,0.44,-0.78125,1.5625,-1.5625,-2.34375
594.25,78,3.75,12.549019607843137,33,4.5,28.235294117647058,13.6,0.0,-0.01171875,-0.0078125,0.44,0.44,-0.78125,1.5625,-1.5625,-2.34375
596.75,79,3.75,12.549019607843137,33,5.0,28.627450980392158,13.6,0.0,-0.01171875,-0.0078125,0.44,0.445,-0.78125,1.5625,-1.5625,-2.34375
598.0,79,3.75,12.549019607843137,33,3.5,28.235294117647058,13.6,0.0,-0.01953125,0.0,0.445,0.44,-0.78125,1.5625,-1.5625,-2.34375
598.0,79,3.75,12.549019607843137,33,5.0,28.627450980392158,13.6,0.0,-0.00390625,-0.00390625,0.445,0.44,-0.78125,1.5625,-1.5625,-2.34375
587.0,79,3.75,12.549019607843137,33,4.5,28.627450980392158,13.6,0.0,0.015625,0.00390625,0.445,0.44,0.0,1.5625,-0.78125,-2.34375
594.25,79,3.75,12.549019607843137,33,5.0,28.627450980392158,13.6,0.0,0.0,0.0,0.445,0.44,0.0,1.5625,-0.78125,-2.34375
594.25,79,3.75,12.549019607843137,33,5.0,28.627450980392158,13.6,0.0,-0.015625,0.00390625,0.445,0.44,0.0,1.5625,-0.78125,-2.34375
598.75,79,3.75,12.549019607843137,33,4.5,28.627450980392158,13.6,0.0,-0.015625,-0.00390625,0.44,0.44,0.0,1.5625,-0.78125,-2.34375
592.0,79,3.75,12.549019607843137,33,4.5,28.627450980392158,13.7,0.0,-0.0078125,-0.0078125,0.44,0.445,0.0,1.5625,-0.78125,-2.34375
599.75,79,3.75,12.549019607843137,33,3.5,28.627450980392158,13.6,0.0,0.00390625,-0.015625,0.44,0.44,0.0,1.5625,-0.78125,-2.34375
598.75,79,3.75,12.549019607843137,33,3.5,28.627450980392158,13.7,0.0,-0.01171875,-0.01171875,0.44,0.44,0.0,1.5625,-0.78125,-2.34375
589.5,79,3.75,12.549019607843137,33,3.0,28.627450980392158,13.6,0.0,0.00390625,-0.00390625,0.44,0.445,0.78125,1.5625,-0.78125,-2.34375
599.75,79,3.75,12.549019607843137,33,3.0,29.019607843137255,13.6,0.0,-0.00390625,0.00390625,0.44,0.44,0.78125,1.5625,0.0,-2.34375
593.75,79,3.75,12.549019607843137,33,3.5,28.627450980392158,13.6,0.0,-0.00390625,0.0,0.445,0.445,0.78125,1.5625,0.0,-2.34375
609.0,80,3.75,12.549019607843137,33,3.5,28.627450980392158,13.6,0.0,-0.015625,0.0,0.44,0.445,0.78125,1.5625,0.0,-2.34375
600.5,80,3.75,12.549019607843137,33,3.0,29.019607843137255,13.6,0.0,-0.01171875,-0.0078125,0.44,0.445,0.78125,1.5625,0.0,-2.34375
589.5,80,3.75,12.549019607843137,33,3.0,29.019607843137255,13.6,0.0,-0.01171875,-0.01171875,0.44,0.445,0.78125,1.5625,0.0,-2.34375
596.25,80,3.75,12.549019607843137,33,5.0,28.235294117647058,13.6,0.0,-0.03125,-0.02734375,0.44,0.44,0.0,1.5625,0.0,-2.34375
602.25,80,3.75,12.549019607843137,33,4.5,28.235294117647058,13.6,0.0,0.0,-0.0078125,0.445,0.445,0.0,1.5625,0.0,-2.34375
594.25,80,3.75,12.549019607843137,33,4.5,28.627450980392158,13.6,0.0,0.00390625,-0.00390625,0.44,0.445,0.78125,1.5625,0.0,-2.34375
591.25,80,3.75,12.549019607843137,33,4.5,28.627450980392158,13.6,0.0,-0.01953125,-0.01171875,0.44,0.44,0.0,1.5625,0.0,-2.34375
604.0,80,3.75,12.549019607843137,33,4.5,28.235294117647058,13.6,0.0,0.00390625,-0.01171875,0.44,0.44,0.78125,1.5625,0.0,-2.34375
595.5,80,3.75,12.549019607843137,33,4.5,28.235294117647058,13.6,0.0,-0.0078125,-0.0078125,0.44,0.44,0.78125,1.5625,0.0,-2.34375
591.25,80,3.75,12.549019607843137,33,3.5,28.627450980392158,13.6,0.0,-0.015625,-0.01171875,0.445,0.445,0.78125,1.5625,0.0,-2.34375
598.0,80,3.75,12.549019607843137,33,4.5,28.235294117647058,13.6,0.0,-0.01171875,-0.00390625,0.44,0.44,0.78125,1.5625,0.0,-2.34375
596.75,80,3.75,12.549019607843137,33,3.5,28.235294117647058,13.6,0.0,-0.0078125,-0.01171875,0.44,0.44,0.78125,1.5625,0.0,-2.34375
595.0,81,3.75,12.156862745098039,33,4.5,28.235294117647058,13.6,0.0,0.0,-0.01953125,0.44,0.445,0.78125,1.5625,0.0,-2.34375
598.75,81,3.75,12.549019607843137,33,4.5,28.235294117647058,13.6,0.0,-0.01171875,-0.015625,0.445,0.44,0.78125,1.5625,0.0,-2.34375
604.0,81,3.75,12.549019607843137,33,5.0,28.235294117647058,13.7,0.0,-0.01953125,-0.0078125,0.44,0.44,0.0,1.5625,0.0,-2.34375
595.5,81,3.75,12.549019607843137,33,4.5,28.235294117647058,13.6,0.0,0.0,-0.0078125,0.44,0.44,0.78125,1.5625,0.0,-2.34375
596.75,81,3.75,12.549019607843137,33,5.0,28.235294117647058,13.6,0.0,-0.015625,-0.01953125,0.44,0.44,0.0,1.5625,0.0,-2.34375
598.75,81,3.75,12.549019607843137,33,4.5,28.235294117647058,13.6,0.0,-0.0078125,0.0,0.44,0.445,0.78125,1.5625,0.0,-2.34375
598.75,81,3.75,12.549019607843137,33,4.5,28.235294117647058,13.6,0.0,-0.01171875,-0.01953125,0.44,0.44,0.78125,1.5625,0.0,-2.34375
595.0,81,3.75,12.549019607843137,33,5.0,28.235294117647058,13.7,0.0,-0.03125,-0.015625,0.445,0.445,0.0,1.5625,0.0,-2.34375
596.25,81,3.75,12.549019607843137,33,3.5,28.235294117647058,13.7,0.0,0.0,-0.015625,0.44,0.44,0.0,1.5625,-0.78125,-2.34375
603.0,81,3.75,12.549019607843137,33,4.5,28.235294117647058,13.7,0.0,0.0,-0.00390625,0.445,0.445,0.78125,1.5625,0.0,-2.34375
596.75,81,3.75,12.549019607843137,33,3.5,28.235294117647058,13.6,0.0,0.0,-0.0078125,0.44,0.44,0.78125,1.5625,0.0,-2.34375
596.25,81,3.75,12.549019607843137,33,4.5,28.235294117647058,13.6,0.0,-0.00390625,-0.0078125,0.445,0.445,0.78125,1.5625,0.0,-2.34375
594.25,81,3.75,12.549019607843137,33,4.5,28.235294117647058,13.6,0.0,-0.015625,-0.015625,0.44,0.445,0.0,1.5625,0.0,-2.34375
597.5,81,3.75,12.156862745098039,33,3.5,28.235294117647058,13.6,0.0,-0.03125,-0.03125,0.44,0.445,0.0,1.5625,-0.78125,-2.34375
590.75,81,3.75,12.549019607843137,33,4.5,28.235294117647058,13.6,0.0,-0.0078125,-0.015625,0.44,0.44,0.0,1.5625,-0.78125,-2.34375
602.25,81,3.75,12.156862745098039,33,4.5,28.235294117647058,13.6,0.0,-0.01953125,-0.0078125,0.44,0.44,-0.78125,1.5625,-1.5625,-2.34375
588.25,81,3.75,12.549019607843137,33,4.5,28.627450980392158,13.6,0.0,0.0,0.01953125,0.445,0.44,0.0,1.5625,-0.78125,-2.34375
596.75,81,3.75,12.549019607843137,33,4.5,28.235294117647058,13.6,0.0,-0.01171875,-0.01171875,0.44,0.445,0.0,1.5625,0.0,-2.34375
596.25,81,3.75,12.549019607843137,33,4.5,28.627450980392158,13.6,0.0,0.0078125,0.00390625,0.44,0.44,0.0,1.5625,0.0,-2.34375
603.5,81,3.75,12.549019607843137,33,4.5,28.235294117647058,13.7,0.0,0.0,0.00390625,0.445,0.445,0.78125,1.5625,0.0,-2.34375
596.25,81,3.75,12.549019607843137,33,4.5,28.627450980392158,13.6,0.0,0.0,-0.01171875,0.44,0.44,0.78125,1.5625,0.0,-2.34375
612.0,81,3.75,12.549019607843137,33,3.5,28.235294117647058,13.6,0.0,-0.03125,-0.015625,0.445,0.44,0.0,1.5625,0.0,-2.34375
599.75,81,3.75,12.549019607843137,33,3.5,28.235294117647058,13.6,0.0,-0.00390625,-0.015625,0.44,0.445,0.78125,1.5625,0.0,-2.34375
592.5,81,3.75,12.549019607843137,33,4.5,28.235294117647058,13.6,0.0,-0.015625,-0.0078125,0.44,0.44,0.0,1.5625,0.0,-2.34375
599.25,81,3.75,12.549019607843137,33,3.5,28.235294117647058,13.6,0.0,-0.0234375,-0.0078125,0.44,0.44,0.0,1.5625,0.0,-2.34375
595.5,81,3.75,12.549019607843137,33,3.5,28.235294117647058,13.7,0.0,-0.015625,-0.015625,0.44,0.445,0.0,1.5625,0.0,-2.34375
597.5,81,3.75,12.549019607843137,33,3.5,28.627450980392158,13.7,0.0,-0.0078125,-0.00390625,0.44,0.44,0.0,1.5625,0.0,-2.34375
600.5,81,3.75,12.156862745098039,33,4.5,28.235294117647058,13.7,0.0,0.0078125,-0.0078125,0.44,0.44,0.78125,1.5625,0.0,-2.34375
603.0,81,3.75,12.156862745098039,33,4.5,28.235294117647058,13.6,0.0,0.0,0.0,0.445,0.445,0.78125,1.5625,0.0,-2.34375
592.0,81,3.75,12.549019607843137,33,4.5,28.235294117647058,13.7,0.0,-0.00390625,-0.0078125,0.445,0.44,0.78125,1.5625,0.0,-2.34375
596.75,81,3.75,12.549019607843137,33,3.5,28.235294117647058,13.6,0.0,-0.0078125,0.0,0.44,0.44,0.78125,1.5625,0.78125,-2.34375
592.0,81,3.75,12.549019607843137,33,3.5,28.235294117647058,13.6,0.0,-0.01171875,-0.015625,0.44,0.44,0.78125,1.5625,0.0,-2.34375
603.0,81,3.75,12.156862745098039,33,3.5,28.235294117647058,13.6,0.0,-0.01953125,-0.0078125,0.44,0.44,0.78125,1.5625,0.0,-2.34375
595.5,81,3.75,12.156862745098039,33,3.5,28.235294117647058,13.6,0.0,-0.0390625,-0.05859375,0.44,0.44,0.0,1.5625,-0.78125,-2.34375
597.5,82,3.75,12.156862745098039,33,3.5,28.235294117647058,13.7,0.0,-0.03515625,-0.03125,0.44,0.44,0.0,1.5625,-0.78125,-2.34375
589.5,82,3.75,12.156862745098039,33,3.5,28.627450980392158,13.5,0.0,-0.0234375,-0.01171875,0.44,0.445,-0.78125,1.5625,-0.78125,-2.34375
601.0,82,3.75,12.156862745098039,33,4.5,28.235294117647058,13.7,0.0,0.0078125,0.0078125,0.44,0.44,0.0,1.5625,-0.78125,-2.34375
604.75,82,3.75,12.549019607843137,33,3.5,28.235294117647058,13.7,0.0,0.0,0.0,0.445,0.44,0.0,1.5625,0.0,-2.34375
590.0,82,3.75,12.549019607843137,33,3.5,28.235294117647058,13.6,0.0,0.0078125,0.00390625,0.445,0.44,0.78125,1.5625,0.0,-2.34375
606.0,82,3.75,12.549019607843137,33,3.5,28.235294117647058,13.6,0.0,0.00390625,0.0,0.445,0.44,0.78125,1.5625,0.0,-2.34375
593.25,82,3.75,12.156862745098039,33,4.5,28.627450980392158,13.6,0.0,-0.0078125,-0.01953125,0.44,0.44,0.78125,1.5625,0.0,-2.34375
601.0,82,3.75,12.549019607843137,33,3.5,28.235294117647058,13.6,0.0,-0.01953125,-0.01953125,0.44,0.44,0.78125,1.5625,0.0,-2.34375
590.0,82,3.75,12.156862745098039,33,3.5,28.627450980392158,13.6,0.0,-0.01171875,-0.00390625,0.44,0.44,0.0,1.5625,0.0,-2.34375
593.25,82,3.75,12.156862745098039,33,3.5,28.627450980392158,13.7,0.0,-0.015625,-0.00390625,0.445,0.44,0.0,1.5625,0.0,-2.34375
602.25,82,3.75,12.549019607843137,33,4.5,28.235294117647058,13.7,0.0,-0.02734375,-0.0234375,0.44,0.44,0.0,1.5625,0.0,-2.34375
600.5,82,3.75,12.549019607843137,33,4.5,28.235294117647058,13.6,0.0,-0.0390625,-0.02734375,0.44,0.445,-0.78125,1.5625,-0.78125,-2.34375
581.0,82,3.75,12.549019607843137,33,6.5,28.235294117647058,13.7,0.0,-0.00390625,-0.015625,0.445,0.44,-0.78125,1.5625,-0.78125,-2.34375
598.0,82,3.75,12.549019607843137,33,5.0,28.235294117647058,13.6,0.0,0.00390625,-0.01171875,0.44,0.445,0.0,1.5625,-0.78125,-2.34375
598.75,82,3.75,12.549019607843137,33,5.0,28.235294117647058,13.6,0.0,-0.01171875,-0.015625,0.44,0.44,0.0,1.5625,-0.78125,-2.34375
598.0,82,3.75,12.549019607843137,33,4.5,28.235294117647058,13.6,0.0,0.00390625,-0.01171875,0.445,0.44,0.0,1.5625,-1.5625,-2.34375
600.5,82,3.75,12.549019607843137,33,3.5,28.235294117647058,13.6,0.0,-0.01171875,-0.0078125,0.44,0.445,0.0,1.5625,-1.5625,-2.34375
595.5,83,3.75,12.549019607843137,33,4.5,28.627450980392158,13.6,0.0,-0.01171875,-0.00390625,0.445,0.44,0.0,1.5625,-1.5625,-2.34375
594.25,83,3.75,12.549019607843137,33,3.5,28.627450980392158,13.7,0.0,-0.015625,-0.01171875,0.44,0.44,0.0,1.5625,-1.5625,-2.34375
605.25,83,3.75,12.549019607843137,33,3.5,28.235294117647058,13.7,0.0,-0.0078125,0.00390625,0.44,0.445,-0.78125,1.5625,-0.78125,-2.34375
596.25,83,3.75,12.549019607843137,33,3.5,28.627450980392158,13.6,0.0,-0.01953125,-0.00390625,0.44,0.44,0.0,1.5625,-0.78125,-2.34375
593.75,83,3.75,12.549019607843137,33,3.5,28.235294117647058,13.6,0.0,-0.0078125,-0.00390625,0.445,0.44,0.0,1.5625,-0.78125,-2.34375
602.25,83,3.75,12.549019607843137,33,3.5,28.235294117647058,13.6,0.0,0.00390625,-0.0078125,0.445,0.44,0.0,1.5625,-0.78125,-2.34375
594.25,83,3.75,12.549019607843137,33,4.5,28.627450980392158,13.6,0.0,-0.01171875,-0.0078125,0.44,0.44,0.0,1.5625,-0.78125,-2.34375
598.75,83,3.75,12.549019607843137,33,4.5,28.235294117647058,13.6,0.0,-0.01171875,-0.01171875,0.44,0.44,0.0,1.5625,-0.78125,-2.34375
592.0,83,3.75,12.549019607843137,33,3.5,28.235294117647058,13.6,0.0,-0.0078125,-0.0078125,0.44,0.445,0.0,1.5625,-0.78125,-2.34375
608.5,83,3.75,12.549019607843137,33,4.5,28.235294117647058,13.7,0.0,-0.01953125,-0.01171875,0.44,0.445,0.0,1.5625,-0.78125,-2.34375
594.25,83,3.75,12.549019607843137,33,3.5,28.235294117647058,13.7,0.0,-0.0078125,-0.015625,0.44,0.44,0.0,1.5625,-0.78125,-2.34375
595.5,83,3.75,12.549019607843137,33,4.5,28.235294117647058,13.7,0.0,-0.015625,-0.03125,0.44,0.44,-0.78125,1.5625,-1.5625,-2.34375
592.0,83,3.75,12.549019607843137,33,3.5,28.235294117647058,13.6,0.0,-0.0078125,-0.0078125,0.44,0.445,-0.78125,1.5625,-1.5625,-2.34375
599.25,83,3.75,12.549019607843137,33,4.5,28.235294117647058,13.6,0.0,-0.00390625,-0.00390625,0.44,0.44,0.0,1.5625,-0.78125,-2.34375
601.75,83,3.75,12.549019607843137,33,4.5,28.235294117647058,13.6,0.0,-0.015625,-0.00390625,0.445,0.44,0.0,1.5625,-0.78125,-2.34375
602.25,84,3.75,12.549019607843137,33,4.5,28.235294117647058,13.6,0.0,-0.00390625,-0.0078125,0.44,0.445,-0.78125,1.5625,-0.78125,-2.34375
596.25,84,3.75,12.549019607843137,33,3.5,28.235294117647058,13.7,0.0,-0.00390625,-0.0078125,0.44,0.44,0.0,1.5625,-0.78125,-2.34375
590.75,84,3.75,12.549019607843137,33,3.5,28.235294117647058,13.6,0.0,-0.0078125,-0.01171875,0.445,0.44,0.0,1.5625,-0.78125,-2.34375
599.25,84,3.75,12.549019607843137,33,3.0,27.84313725490196,13.6,0.0,-0.01171875,-0.00390625,0.44,0.44,0.0,1.5625,-0.78125,-2.34375
601.0,84,3.75,12.549019607843137,33,3.5,28.235294117647058,13.6,0.0,-0.0078125,-0.0078125,0.44,0.44,0.0,1.5625,-0.78125,-2.34375
599.25,84,3.75,12.549019607843137,33,3.5,28.235294117647058,13.7,0.0,-0.0234375,-0.01171875,0.445,0.44,-0.78125,1.5625,-0.78125,-2.34375
593.75,84,3.75,12.549019607843137,33,3.5,28.235294117647058,13.6,0.0,-0.01171875,-0.0078125,0.44,0.44,-0.78125,1.5625,-0.78125,-2.34375
599.25,84,3.75,12.549019607843137,33,4.5,28.235294117647058,13.6,0.0,-0.0078125,-0.01171875,0.44,0.445,-0.78125,1.5625,-0.78125,-2.34375
593.75,84,3.75,12.549019607843137,33,5.0,28.235294117647058,13.7,0.0,-0.0078125,-0.01171875,0.44,0.44,-0.78125,1.5625,-0.78125,-2.34375
590.75,84,3.75,12.549019607843137,33,3.5,28.235294117647058,13.6,0.0,-0.0078125,-0.0078125,0.44,0.445,0.0,1.5625,-0.78125,-2.34375
602.25,84,3.75,12.549019607843137,33,3.5,28.235294117647058,13.6,0.0,0.0,-0.0078125,0.44,0.44,0.0,1.5625,-0.78125,-2.34375
590.75,84,3.75,12.549019607843137,33,3.5,28.235294117647058,13.6,0.0,-0.01171875,-0.0078125,0.445,0.445,0.0,1.5625,-0.78125,-2.34375
601.0,84,3.75,12.549019607843137,33,3.5,28.235294117647058,13.6,0.0,-0.00390625,-0.01171875,0.44,0.44,0.0,1.5625,-0.78125,-2.34375
598.0,84,3.75,12.549019607843137,33,3.5,28.235294117647058,13.6,0.0,-0.015625,-0.01953125,0.44,0.44,0.0,1.5625,-0.78125,-2.34375
593.75,84,3.75,12.549019607843137,33,4.5,28.235294117647058,13.6,0.0,-0.01171875,-0.01953125,0.44,0.44,0.0,1.5625,-0.78125,-2.34375
609.0,84,3.75,12.549019607843137,33,3.5,28.235294117647058,13.6,0.0,-0.00390625,0.0,0.44,0.445,-0.78125,1.5625,-0.78125,-2.34375
590.0,84,3.75,12.549019607843137,33,4.5,28.235294117647058,13.6,0.0,-0.00390625,-0.00390625,0.445,0.44,0.0,1.5625,-0.78125,-2.34375
