RPM,COOLANT_TEMP,MAF,THROTTLE_POS,INTAKE_TEMP,TIMING_ADVANCE,ENGINE_LOAD,ELM_VOLTAGE,SPEED,O2_S1_WR_CURRENT,O2_S5_WR_CURRENT,O2_B2S2,SHORT_FUEL_TRIM_1,SHORT_FUEL_TRIM_2
2409.5,100,30.25,22.745098039215687,33,25.5,50.588235294117645,13.7,101.0,0.01953125,0.03125,0.765,0.78125,0.78125
1947.5,100,30.0,23.137254901960784,33,24.5,51.76470588235294,13.7,101.0,-0.0546875,0.03125,0.765,1.5625,0.78125
1890.75,100,29.25,23.137254901960784,33,24.5,52.549019607843135,13.6,101.0,0.0078125,0.0,0.76,3.125,0.0
1882.25,100,30.5,23.92156862745098,33,23.0,54.11764705882353,13.6,101.0,-0.015625,-0.04296875,0.755,2.34375,0.0
1882.75,100,32.25,25.098039215686274,33,21.0,58.431372549019606,13.6,101.0,-0.02734375,0.0390625,0.755,0.0,2.34375
1886.5,101,37.25,26.666666666666668,33,18.5,64.70588235294117,13.6,101.0,-0.0234375,0.03125,0.75,-0.78125,1.5625
1878.5,101,38.25,27.45098039215686,33,17.0,66.66666666666667,13.6,101.0,0.01953125,0.04296875,0.74,1.5625,2.34375
1882.75,101,38.0,27.45098039215686,33,17.0,67.45098039215686,13.6,101.0,0.0234375,-0.03125,0.74,0.78125,3.125
1890.75,101,38.25,27.45098039215686,33,17.0,67.45098039215686,13.6,101.0,-0.02734375,0.015625,0.735,0.0,3.90625
1889.0,101,38.25,27.45098039215686,33,17.0,67.84313725490196,13.6,102.0,-0.01171875,0.01953125,0.735,0.0,3.90625
1893.75,101,38.75,27.84313725490196,33,17.0,67.05882352941177,13.7,102.0,-0.01171875,-0.0546875,0.73,0.78125,0.78125
1895.75,101,32.75,23.92156862745098,33,23.0,55.68627450980392,13.7,102.0,-0.02734375,-0.1328125,0.735,0.0,-3.90625
1896.25,102,27.5,21.568627450980394,33,27.0,47.84313725490196,13.6,102.0,-0.06640625,-0.0625,0.74,-3.125,-4.6875
1890.75,102,24.25,20.784313725490197,33,30.0,43.13725490196079,13.6,101.0,0.03125,0.0390625,0.74,-0.78125,-1.5625
1878.5,102,24.0,20.784313725490197,33,30.0,43.529411764705884,13.6,101.0,0.0,0.01171875,0.74,0.0,-3.125
1876.75,102,25.0,21.176470588235293,33,29.0,44.705882352941174,13.6,101.0,0.01953125,-0.02734375,0.74,0.78125,-2.34375
1873.75,102,25.0,21.176470588235293,33,29.0,45.09803921568628,13.6,101.0,-0.0390625,-0.00390625,0.74,0.78125,-1.5625
1865.0,102,25.25,21.176470588235293,33,29.0,45.09803921568628,13.7,100.0,-0.04296875,0.01953125,0.74,0.0,0.0
1848.75,102,9.75,14.901960784313726,33,11.0,21.568627450980394,13.7,98.0,0.03125,-0.00390625,0.74,3.125,1.5625
1842.0,102,9.5,14.901960784313726,33,6.5,17.254901960784313,13.7,98.0,-0.03515625,-0.05078125,0.74,2.34375,0.0
1827.25,102,9.5,14.901960784313726,34,-1.0,17.254901960784313,13.7,97.0,1.7578125,1.796875,0.74,0.0,0.0
1795.5,102,8.75,14.901960784313726,34,-1.5,16.862745098039216,13.6,96.0,2.26953125,2.421875,0.18,0.0,0.0
1777.25,102,8.5,14.509803921568627,34,-1.5,16.862745098039216,13.6,95.0,2.47265625,2.28125,0.11,0.0,0.0
1735.75,102,8.25,14.509803921568627,34,-1.5,16.862745098039216,13.6,92.0,2.515625,2.26953125,0.09,0.0,0.0
1713.75,102,8.0,14.509803921568627,34,-2.5,17.254901960784313,13.6,91.0,2.3046875,2.640625,0.08,0.0,0.0
1661.75,102,7.75,14.117647058823529,34,-2.5,17.647058823529413,13.6,88.0,2.34375,2.65625,0.07,0.0,0.0
1588.5,102,7.75,14.117647058823529,34,-2.5,17.647058823529413,13.6,83.0,2.39453125,2.5390625,0.06,0.0,0.0
1527.5,102,7.5,14.117647058823529,35,-4.0,18.431372549019606,13.6,81.0,2.3125,2.35546875,0.06,0.0,0.0
1497.75,102,7.25,14.117647058823529,35,-4.0,18.03921568627451,13.6,80.0,2.52734375,2.3671875,0.06,0.0,0.0
1478.25,102,7.0,13.72549019607843,35,-3.0,18.03921568627451,13.6,78.0,2.39453125,2.25390625,0.055,0.0,0.0
1258.5,102,6.75,13.333333333333334,35,-4.5,20.392156862745097,13.7,77.0,2.234375,2.16796875,0.055,0.0,0.0
1169.25,102,5.0,12.941176470588236,35,6.0,18.431372549019606,13.6,76.0,0.1953125,0.046875,0.06,0.0,0.0
1437.75,102,19.0,18.823529411764707,35,19.5,38.03921568627451,13.7,76.0,-0.41796875,-0.5625,0.08,0.0,0.0
1679.0,102,22.25,20.0,35,21.5,45.88235294117647,13.7,76.0,-0.265625,-0.1328125,0.1,-3.90625,-3.90625
1758.25,102,23.0,20.392156862745097,35,28.5,45.88235294117647,13.7,76.0,0.05078125,-0.01953125,0.115,3.125,0.78125
1411.5,102,22.25,21.176470588235293,34,18.5,58.431372549019606,13.7,76.0,-0.1015625,-0.14453125,0.125,1.5625,-0.78125
1426.25,102,22.5,21.176470588235293,34,21.0,58.8235294117647,13.6,76.0,-0.125,-0.078125,0.135,1.5625,0.0
1427.5,102,23.5,22.745098039215687,34,20.0,63.529411764705884,13.6,76.0,-0.0625,-0.1015625,0.155,2.34375,0.0
1430.5,102,25.75,23.92156862745098,34,18.5,66.27450980392157,13.6,77.0,-0.0859375,-0.0625,0.245,3.125,2.34375
1537.25,102,28.75,25.098039215686274,34,18.5,69.01960784313725,13.7,77.0,-0.1796875,-0.1640625,0.645,0.78125,1.5625
1541.0,102,28.5,24.705882352941178,34,20.0,62.35294117647059,13.6,77.0,-0.1953125,-0.1875,0.71,-0.78125,-0.78125
1447.0,102,22.75,21.96078431372549,34,23.0,59.21568627450981,13.6,77.0,-0.1171875,-0.15625,0.74,-0.78125,-2.34375
1450.75,102,22.75,21.568627450980394,34,23.0,58.8235294117647,13.6,77.0,-0.07421875,0.0,0.735,0.0,-0.78125
1456.25,102,23.75,22.352941176470587,34,22.5,60.78431372549019,13.7,78.0,0.02734375,0.03515625,0.725,0.78125,0.78125
1458.5,102,23.75,22.352941176470587,34,21.5,61.568627450980394,13.6,78.0,0.015625,-0.0078125,0.735,2.34375,1.5625
1467.25,102,24.5,22.745098039215687,34,22.5,61.1764705882353,13.6,78.0,0.02734375,-0.0078125,0.74,2.34375,-0.78125
1470.75,102,24.25,22.745098039215687,34,21.5,61.96078431372549,13.7,78.0,-0.03125,-0.01953125,0.74,1.5625,-1.5625
1480.5,102,22.5,21.96078431372549,34,23.0,59.21568627450981,13.7,80.0,-0.03515625,-0.01171875,0.74,0.0,0.0
1479.25,102,23.0,21.96078431372549,34,24.5,57.254901960784316,13.6,80.0,-0.02734375,-0.0390625,0.75,1.5625,0.78125
1780.25,102,27.0,22.745098039215687,34,24.5,51.372549019607845,13.6,80.0,-0.04296875,-0.01171875,0.75,-0.78125,-1.5625
1744.25,102,27.5,22.352941176470587,34,24.5,56.470588235294116,13.7,80.0,-0.015625,-0.02734375,0.755,0.78125,-1.5625
1495.25,102,23.5,21.96078431372549,34,24.5,58.03921568627451,13.7,80.0,-0.0234375,0.015625,0.755,0.0,-0.78125
1497.0,102,23.0,21.176470588235293,34,25.5,56.07843137254902,13.6,80.0,-0.05859375,-0.015625,0.76,-1.5625,-1.5625
1499.5,102,21.75,20.784313725490197,34,27.0,52.15686274509804,13.7,81.0,-0.01953125,-0.06640625,0.765,-0.78125,-4.6875
1694.25,102,22.0,20.392156862745097,34,29.0,43.529411764705884,13.6,81.0,-0.02734375,-0.00390625,0.765,-3.125,-3.125
1813.75,102,23.5,20.784313725490197,34,30.0,45.09803921568628,13.7,81.0,0.0234375,0.046875,0.76,0.0,0.78125
1502.0,102,17.5,18.823529411764707,34,30.5,44.705882352941174,13.6,81.0,-0.01171875,-0.05859375,0.76,-0.78125,-0.78125
1499.0,102,17.75,18.823529411764707,34,30.0,44.31372549019608,13.7,80.0,-0.046875,-0.0546875,0.765,-0.78125,-3.125
1701.5,102,20.5,19.607843137254903,34,30.0,43.13725490196079,13.6,80.0,-0.109375,-0.01953125,0.765,-3.90625,-1.5625
1775.5,102,22.25,20.784313725490197,34,28.5,44.705882352941174,13.7,80.0,0.0546875,0.0859375,0.765,-0.78125,1.5625
1837.0,102,25.25,21.568627450980394,34,28.5,46.666666666666664,13.7,81.0,0.0703125,-0.0546875,0.765,3.90625,0.0
1881.5,102,26.0,21.96078431372549,34,29.0,50.588235294117645,13.6,81.0,-0.0078125,-0.08984375,0.765,2.34375,-2.34375
1500.0,102,22.0,21.176470588235293,34,24.0,55.68627450980392,13.6,81.0,-0.05859375,-0.05859375,0.77,0.0,-0.78125
1505.5,102,22.0,21.176470588235293,34,24.0,54.90196078431372,13.6,81.0,-0.01953125,0.05859375,0.77,-0.78125,0.0
1509.25,102,23.0,21.568627450980394,34,24.5,56.86274509803921,13.6,81.0,0.0,-0.05078125,0.77,1.5625,0.0
1513.0,102,23.25,21.568627450980394,34,24.5,57.254901960784316,13.7,81.0,-0.00390625,-0.015625,0.77,1.5625,-2.34375
1512.25,102,23.75,22.352941176470587,34,21.5,61.568627450980394,13.6,81.0,-0.03515625,0.05078125,0.77,-0.78125,-0.78125
1515.5,102,25.0,23.137254901960784,34,21.0,62.745098039215684,13.7,81.0,0.01953125,0.046875,0.77,0.0,0.78125
1519.75,102,26.25,23.529411764705884,34,20.0,64.31372549019608,13.6,82.0,0.01953125,-0.00390625,0.77,1.5625,-0.78125
1524.5,102,16.75,18.431372549019606,34,17.0,46.666666666666664,13.7,81.0,-0.16796875,-0.234375,0.775,-2.34375,-5.46875
1519.75,102,8.75,14.509803921568627,34,12.0,26.666666666666668,13.6,81.0,0.00390625,0.03125,0.775,-3.125,-2.34375
1518.5,102,7.5,14.117647058823529,34,16.5,19.215686274509803,13.6,81.0,0.03515625,0.0546875,0.77,-1.5625,-0.78125
1496.5,102,7.5,14.117647058823529,35,2.0,18.823529411764707,13.6,80.0,0.01171875,0.03125,0.77,0.0,0.0
1478.75,102,7.25,14.117647058823529,35,-4.0,18.823529411764707,13.7,78.0,1.28515625,1.484375,0.765,0.0,0.0
1458.5,102,7.25,14.117647058823529,35,-4.0,18.431372549019606,13.6,77.0,2.25390625,2.07421875,0.375,0.0,0.0
1441.5,102,7.0,14.117647058823529,35,-4.0,18.823529411764707,13.6,76.0,2.421875,2.19140625,0.245,0.0,0.0
1397.0,102,6.75,13.72549019607843,35,-4.5,18.823529411764707,13.6,72.0,2.28125,2.55859375,0.18,0.0,0.0
1315.75,102,6.0,13.72549019607843,35,-4.5,18.431372549019606,13.6,67.0,2.25,2.44921875,0.145,0.0,0.0
917.25,102,5.75,13.333333333333334,35,-4.5,22.352941176470587,13.6,65.0,1.5546875,1.640625,0.13,0.0,0.0
1032.0,102,5.0,12.941176470588236,35,5.0,21.176470588235293,13.6,63.0,0.12890625,-0.1015625,0.125,0.0,0.0
1119.25,102,5.5,13.333333333333334,35,9.0,20.0,13.6,61.0,-0.2421875,-0.30859375,0.125,0.0,0.0
1121.75,102,5.5,13.333333333333334,35,15.0,20.0,13.6,58.0,-0.3359375,-0.27734375,0.125,0.0,0.0
1089.25,102,5.0,12.941176470588236,35,21.0,20.0,13.6,56.0,-0.21484375,-0.14453125,0.125,0.0,0.0
1056.5,102,4.75,12.941176470588236,35,24.5,19.607843137254903,13.6,56.0,-0.1875,-0.13671875,0.13,0.78125,1.5625
1148.0,102,16.25,18.431372549019606,35,15.5,44.31372549019608,13.6,55.0,-0.3046875,-0.359375,0.13,-2.34375,-2.34375
1476.25,102,22.5,20.392156862745097,35,15.5,50.98039215686274,13.6,55.0,0.04296875,-0.0703125,0.14,0.78125,-0.78125
1648.5,102,26.0,21.96078431372549,35,15.5,54.90196078431372,13.7,55.0,-0.02734375,-0.0546875,0.145,1.5625,0.78125
1746.75,102,30.25,24.705882352941178,35,15.5,58.8235294117647,13.6,56.0,-0.05078125,-0.03515625,0.155,3.125,4.6875
1863.25,102,35.5,27.45098039215686,35,16.5,63.529411764705884,13.7,56.0,-0.125,-0.140625,0.23,2.34375,3.90625
1953.5,102,37.75,29.019607843137255,34,18.0,64.31372549019608,13.6,57.0,-0.1328125,-0.15625,0.675,0.78125,3.125
1974.25,102,38.25,29.41176470588235,34,17.0,64.70588235294117,13.7,58.0,-0.09765625,-0.09375,0.735,0.78125,2.34375
1969.5,102,37.0,27.45098039215686,34,18.0,62.745098039215684,13.6,58.0,-0.09765625,-0.109375,0.76,-0.78125,1.5625
1964.0,102,36.5,26.666666666666668,34,22.5,62.745098039215684,13.6,60.0,-0.0546875,-0.07421875,0.78,-3.125,-2.34375
1950.0,102,36.0,25.88235294117647,34,22.5,61.96078431372549,13.6,61.0,0.04296875,-0.0234375,0.775,-0.78125,-1.5625
1943.75,102,35.75,25.88235294117647,34,22.5,62.35294117647059,13.6,61.0,-0.02734375,0.01171875,0.765,-1.5625,-0.78125
1952.5,102,37.25,26.274509803921568,34,22.5,63.13725490196079,13.6,62.0,-0.00390625,0.0078125,0.76,-0.78125,1.5625
1982.25,102,38.0,26.274509803921568,34,22.5,63.529411764705884,13.6,62.0,-0.03125,0.03515625,0.76,-1.5625,1.5625
1990.75,102,39.0,26.666666666666668,34,19.5,63.529411764705884,13.6,63.0,0.0,-0.01171875,0.77,0.0,0.78125
1995.0,102,39.0,26.666666666666668,34,19.5,63.13725490196079,13.7,65.0,-0.0078125,-0.046875,0.77,0.0,0.78125
1983.5,102,37.0,25.88235294117647,34,20.0,60.78431372549019,13.6,65.0,-0.0078125,-0.0703125,0.77,-2.34375,-0.78125
1949.25,102,36.0,25.49019607843137,34,20.0,61.96078431372549,13.6,66.0,0.0234375,0.0,0.765,-1.5625,0.78125
1558.0,102,27.25,24.313725490196077,34,17.0,67.84313725490196,13.6,66.0,0.01953125,-0.01953125,0.775,0.78125,-0.78125
1340.75,102,25.25,24.313725490196077,34,14.0,73.72549019607843,13.6,66.0,0.02734375,0.015625,0.77,0.78125,-1.5625
1458.5,102,35.0,31.764705882352942,34,8.0,87.45098039215686,13.6,67.0,0.05859375,0.00390625,0.745,-0.78125,1.5625
1790.0,102,42.5,32.549019607843135,34,9.5,83.52941176470588,13.6,67.0,0.0234375,0.0859375,0.71,0.0,5.46875
1813.75,102,44.25,33.333333333333336,34,12.0,83.52941176470588,13.6,68.0,-0.01171875,0.0078125,0.705,1.5625,7.03125
1850.5,102,46.0,34.11764705882353,33,12.5,82.74509803921569,13.7,70.0,-0.01953125,-0.06640625,0.74,-1.5625,3.125
1815.0,102,37.75,28.627450980392158,33,16.5,74.11764705882354,13.6,70.0,0.03515625,-0.03125,0.76,-2.34375,0.0
1672.75,102,32.75,26.274509803921568,33,18.0,72.54901960784314,13.7,71.0,-0.08203125,-0.05078125,0.765,-1.5625,-1.5625
1568.5,102,29.75,25.49019607843137,33,16.5,71.37254901960785,13.6,71.0,-0.01953125,-0.01953125,0.77,0.0,-1.5625
1531.25,102,30.0,25.88235294117647,34,15.5,72.54901960784314,13.7,72.0,0.04296875,0.01953125,0.765,0.78125,-1.5625
1524.0,102,29.25,25.49019607843137,34,15.5,72.54901960784314,13.6,72.0,-0.01953125,0.0,0.765,0.78125,-2.34375
1436.75,102,25.25,24.313725490196077,34,18.0,70.19607843137256,13.6,72.0,-0.07421875,-0.01171875,0.765,-1.5625,-2.34375
1351.25,102,19.75,20.784313725490197,34,24.0,59.21568627450981,13.7,73.0,-0.0234375,-0.0234375,0.77,-3.125,-3.125
1362.25,102,16.5,18.431372549019606,34,27.0,47.05882352941177,13.7,73.0,0.03515625,0.04296875,0.765,-0.78125,-3.125
1360.25,103,10.25,14.901960784313726,34,36.0,29.80392156862745,13.7,72.0,0.046875,0.0546875,0.765,0.78125,-0.78125
1351.75,103,7.75,14.509803921568627,34,45.5,23.92156862745098,13.6,72.0,0.03125,0.07421875,0.765,2.34375,1.5625
1340.25,103,7.75,14.509803921568627,34,48.0,22.352941176470587,13.6,71.0,-0.0625,-0.0078125,0.765,-0.78125,3.125
1335.25,103,12.0,16.470588235294116,35,27.0,32.94117647058823,13.7,71.0,-0.10546875,-0.171875,0.77,-3.90625,-0.78125
1324.25,103,13.75,16.862745098039216,35,28.5,39.21568627450981,13.6,71.0,-0.00390625,-0.01171875,0.765,-0.78125,-1.5625
1321.25,103,13.25,17.254901960784313,35,30.5,40.3921568627451,13.7,71.0,0.0546875,0.046875,0.765,1.5625,-0.78125
1317.5,103,20.25,20.0,35,15.5,57.64705882352941,13.6,71.0,-0.0625,-0.046875,0.77,-2.34375,-0.78125
1329.25,103,21.5,20.784313725490197,35,20.0,61.1764705882353,13.7,71.0,0.0625,0.078125,0.765,1.5625,2.34375
1320.0,103,22.5,23.137254901960784,34,18.5,65.49019607843137,13.6,71.0,0.08203125,0.03125,0.755,3.125,5.46875
1544.75,103,32.75,27.84313725490196,34,16.5,78.43137254901961,13.6,71.0,-0.03515625,-0.0390625,0.76,2.34375,1.5625
1770.5,103,40.25,30.19607843137255,34,14.0,80.0,13.7,72.0,0.0,0.02734375,0.74,2.34375,4.6875
1698.5,104,41.0,30.980392156862745,34,12.0,84.31372549019608,13.6,73.0,-0.08984375,-0.04296875,0.745,-0.78125,4.6875
1629.5,104,39.5,31.764705882352942,34,11.0,89.41176470588235,13.7,73.0,0.00390625,0.01953125,0.74,0.0,4.6875
1624.0,104,39.0,31.764705882352942,34,11.0,88.23529411764706,13.6,75.0,-0.0703125,-0.078125,0.755,0.0,0.78125
1483.0,104,33.0,29.80392156862745,34,11.0,85.49019607843137,13.6,75.0,-0.0078125,-0.10546875,0.765,-0.78125,-1.5625
1411.0,104,30.25,28.235294117647058,34,9.0,80.7843137254902,13.6,76.0,0.0703125,0.015625,0.74,2.34375,0.78125
1421.5,104,29.75,27.84313725490196,34,9.5,80.3921568627451,13.6,76.0,0.01953125,0.0234375,0.745,0.78125,2.34375
1430.0,104,30.25,27.84313725490196,34,9.5,80.3921568627451,13.7,77.0,-0.01953125,-0.04296875,0.75,0.0,0.78125
1440.25,104,24.75,24.313725490196077,33,14.0,67.45098039215686,13.6,77.0,-0.1328125,-0.171875,0.76,-2.34375,-5.46875
1441.0,104,23.0,22.352941176470587,34,20.0,61.96078431372549,13.7,77.0,0.03515625,0.015625,0.76,-0.78125,-4.6875
1447.75,104,23.0,21.96078431372549,34,22.5,60.3921568627451,13.6,77.0,0.02734375,0.046875,0.755,-1.5625,-1.5625
1444.0,104,15.5,17.647058823529413,34,14.0,44.705882352941174,13.7,77.0,-0.046875,-0.02734375,0.76,-2.34375,-2.34375
1445.25,104,11.75,16.07843137254902,34,21.0,34.11764705882353,13.7,77.0,-0.0546875,-0.01171875,0.755,-2.34375,-3.125
1440.25,104,11.25,16.07843137254902,34,36.0,31.764705882352942,13.6,77.0,0.03515625,0.0234375,0.755,-0.78125,-2.34375
1435.5,104,17.0,18.431372549019606,34,23.0,42.745098039215684,13.7,77.0,-0.11328125,-0.109375,0.76,-3.90625,-3.125
1433.0,104,19.75,19.607843137254903,34,23.0,50.588235294117645,13.6,77.0,0.04296875,0.12890625,0.76,-0.78125,0.78125
1431.25,104,20.25,20.392156862745097,34,22.5,54.11764705882353,13.6,76.0,0.0390625,0.078125,0.755,3.90625,3.90625
1429.25,104,20.25,20.392156862745097,34,23.0,54.509803921568626,13.6,77.0,-0.03125,-0.08984375,0.755,4.6875,0.0
1433.0,104,22.5,22.745098039215687,34,15.5,61.1764705882353,13.6,77.0,-0.15234375,-0.19921875,0.76,0.78125,-3.125
1453.0,104,33.75,29.41176470588235,34,11.0,83.52941176470588,13.6,77.0,-0.06640625,0.09765625,0.725,-0.78125,1.5625
1777.25,104,31.75,24.313725490196077,34,21.0,65.88235294117646,13.6,77.0,-0.11328125,-0.12109375,0.755,-3.125,-1.5625
1450.0,105,19.0,20.0,34,23.0,52.94117647058823,13.6,77.0,0.046875,-0.01953125,0.755,0.78125,-2.34375
1453.0,105,29.25,25.098039215686274,34,13.5,70.19607843137256,13.6,77.0,0.03515625,0.015625,0.75,2.34375,0.0
1649.0,104,27.75,23.92156862745098,34,20.0,64.31372549019608,13.6,78.0,-0.12890625,-0.12109375,0.75,-1.5625,-4.6875
1464.75,105,16.75,18.431372549019606,34,25.5,46.666666666666664,13.6,78.0,0.04296875,0.0625,0.75,-1.5625,-0.78125
1454.25,105,16.0,18.03921568627451,34,29.0,44.705882352941174,13.6,78.0,0.0234375,0.0,0.75,-1.5625,-0.78125
1451.25,105,16.0,18.03921568627451,34,31.5,42.35294117647059,13.6,77.0,0.02734375,0.03125,0.75,1.5625,-0.78125
1444.0,105,11.5,16.07843137254902,34,36.0,32.549019607843135,13.7,77.0,0.015625,0.03125,0.75,2.34375,0.78125
1438.5,105,7.0,14.117647058823529,34,26.0,20.392156862745097,13.6,77.0,0.03125,0.12109375,0.75,1.5625,5.46875
1420.25,105,7.25,14.117647058823529,34,17.0,18.823529411764707,13.6,76.0,-0.06640625,-0.046875,0.75,0.0,4.6875
1420.25,105,7.25,14.117647058823529,35,3.0,18.823529411764707,13.7,76.0,-0.09375,-0.1015625,0.75,-0.78125,0.0
1406.25,105,7.0,14.117647058823529,35,-4.0,18.823529411764707,13.7,75.0,0.3359375,0.8828125,0.745,0.0,0.0
1394.0,105,7.0,13.72549019607843,35,7.5,18.823529411764707,13.6,75.0,2.07421875,1.85546875,0.375,0.0,0.0
1547.0,105,18.0,18.03921568627451,35,23.0,40.78431372549019,13.7,75.0,-0.6953125,-0.6015625,0.3,0.0,0.0
1458.5,105,7.25,14.117647058823529,35,23.0,21.96078431372549,13.6,75.0,-0.15234375,-0.1640625,0.265,1.5625,1.5625
1390.25,105,6.75,13.72549019607843,35,16.5,18.823529411764707,13.6,75.0,-0.1328125,-0.08984375,0.245,2.34375,4.6875
1387.75,105,6.75,13.72549019607843,35,1.5,18.431372549019606,13.6,75.0,-0.2734375,-0.2890625,0.23,0.0,0.0
1392.75,105,6.75,13.72549019607843,35,-3.0,18.431372549019606,13.7,75.0,0.90234375,1.390625,0.22,0.0,0.0
1396.25,105,6.75,13.72549019607843,35,-4.5,18.431372549019606,13.6,75.0,2.10546875,2.375,0.175,0.0,0.0
1400.75,105,6.75,13.72549019607843,35,-4.5,18.431372549019606,13.7,75.0,2.421875,2.23046875,0.155,0.0,0.0
1397.5,105,6.75,13.72549019607843,35,-4.0,18.823529411764707,13.7,75.0,2.47265625,2.2578125,0.145,0.0,0.0
1403.0,105,7.0,13.72549019607843,35,-4.0,18.431372549019606,13.7,75.0,2.1953125,2.5703125,0.14,0.0,0.0
1403.75,105,7.0,13.72549019607843,35,-4.0,18.431372549019606,13.7,75.0,2.26171875,2.50390625,0.135,0.0,0.0
1358.5,105,6.75,13.72549019607843,35,-6.0,20.784313725490197,13.7,75.0,2.46484375,2.265625,0.135,0.0,0.0
1071.75,105,5.0,12.941176470588236,35,15.0,19.607843137254903,13.7,75.0,0.9609375,0.6328125,0.135,0.0,0.0
1376.75,104,11.75,16.862745098039216,35,27.5,27.84313725490196,13.7,75.0,-0.12890625,-0.12109375,0.135,0.0,0.0
1531.75,104,20.75,19.607843137254903,35,15.0,47.450980392156865,13.6,75.0,-0.29296875,-0.19921875,0.14,-1.5625,-1.5625
1719.75,104,22.75,20.0,35,18.5,45.88235294117647,13.7,76.0,0.00390625,-0.02734375,0.145,2.34375,1.5625
1679.5,104,22.5,20.0,35,18.5,52.15686274509804,13.6,76.0,-0.11328125,-0.07421875,0.155,1.5625,2.34375
1417.75,104,20.5,19.607843137254903,35,16.5,53.333333333333336,13.6,76.0,-0.0859375,-0.08984375,0.16,1.5625,2.34375
1423.75,104,19.75,19.607843137254903,35,16.5,52.94117647058823,13.6,76.0,-0.12890625,-0.1171875,0.165,0.78125,1.5625
1431.25,104,20.5,20.0,34,15.0,53.72549019607843,13.7,77.0,-0.08984375,-0.0625,0.165,0.78125,2.34375
1430.0,104,20.75,20.0,34,15.5,54.11764705882353,13.6,77.0,-0.1171875,-0.1171875,0.175,0.78125,1.5625
1436.0,104,20.75,20.0,34,15.5,54.509803921568626,13.7,77.0,-0.09765625,-0.05078125,0.185,0.78125,2.34375
1435.5,104,20.5,20.0,34,15.5,54.90196078431372,13.7,77.0,-0.109375,-0.08984375,0.265,0.78125,1.5625
1442.25,104,20.75,20.0,34,15.5,54.509803921568626,13.7,77.0,-0.09765625,-0.09375,0.64,0.78125,1.5625
1452.5,104,21.0,20.392156862745097,34,17.0,51.372549019607845,13.7,77.0,-0.125,-0.1328125,0.72,0.0,0.78125
1803.5,104,25.25,21.176470588235293,34,18.5,51.372549019607845,13.6,77.0,-0.06640625,-0.09765625,0.74,0.78125,1.5625
1452.0,104,20.0,20.0,34,15.0,53.333333333333336,13.6,77.0,-0.09375,-0.0703125,0.77,-0.78125,1.5625
1455.5,104,20.75,20.0,34,15.0,54.11764705882353,13.6,78.0,-0.03515625,-0.08984375,0.78,-0.78125,1.5625
1454.25,104,20.75,20.392156862745097,34,15.5,54.11764705882353,13.6,78.0,-0.0078125,-0.03515625,0.79,1.5625,1.5625
1456.25,103,19.75,19.607843137254903,34,18.0,51.76470588235294,13.6,78.0,-0.03515625,-0.01953125,0.785,1.5625,1.5625
1762.0,103,23.75,20.784313725490197,34,19.5,46.666666666666664,13.7,78.0,0.03515625,0.00390625,0.785,0.78125,1.5625
1692.5,103,23.0,20.392156862745097,34,19.5,52.15686274509804,13.6,78.0,-0.10546875,-0.0703125,0.795,-1.5625,1.5625
1474.5,103,21.0,20.0,34,15.5,53.72549019607843,13.7,78.0,0.02734375,0.03515625,0.795,-1.5625,1.5625
1472.0,103,24.0,21.568627450980394,34,15.0,59.21568627450981,13.7,78.0,0.01953125,-0.0703125,0.8,0.78125,0.0
1483.75,103,24.0,22.352941176470587,34,17.0,60.3921568627451,13.6,80.0,0.03125,-0.05078125,0.79,2.34375,0.78125
1496.5,103,26.0,23.92156862745098,34,16.5,65.49019607843137,13.7,80.0,-0.09765625,0.00390625,0.8,-2.34375,0.78125
1499.0,103,27.0,23.92156862745098,34,16.5,65.88235294117646,13.7,81.0,-0.0234375,-0.0078125,0.79,-1.5625,0.78125
1507.5,103,26.0,23.137254901960784,34,17.0,63.529411764705884,13.7,81.0,-0.0390625,-0.05859375,0.8,-1.5625,-1.5625
1524.0,103,24.25,21.96078431372549,34,18.0,59.6078431372549,13.6,82.0,-0.07421875,-0.03515625,0.8,-3.125,-3.90625
1691.75,103,24.75,21.568627450980394,34,19.5,50.588235294117645,13.7,82.0,0.0546875,0.0546875,0.785,-3.125,-2.34375
1528.75,103,23.25,21.568627450980394,34,16.5,58.431372549019606,13.7,82.0,-0.04296875,-0.0234375,0.795,-3.125,-1.5625
1537.25,103,24.25,21.96078431372549,34,16.5,58.431372549019606,13.7,83.0,0.0234375,0.02734375,0.79,-0.78125,-1.5625
1554.5,103,24.5,21.96078431372549,34,17.0,58.8235294117647,13.7,83.0,0.015625,0.01953125,0.785,0.78125,-0.78125
1564.75,103,24.75,21.96078431372549,34,17.0,59.21568627450981,13.7,85.0,-0.09375,-0.0234375,0.79,-3.125,-1.5625
1582.0,103,24.0,21.568627450980394,34,17.0,57.64705882352941,13.7,85.0,0.0078125,-0.03515625,0.79,-2.34375,0.0
1584.25,103,21.25,20.0,34,9.5,49.01960784313726,13.7,85.0,-0.05078125,0.00390625,0.79,-3.125,-3.125
1586.75,103,7.5,14.509803921568627,34,9.5,22.352941176470587,13.7,83.0,-0.08203125,-0.04296875,0.79,-5.46875,-3.125
1571.5,103,7.75,14.509803921568627,34,10.5,19.215686274509803,13.7,83.0,0.01171875,0.015625,0.79,-5.46875,-3.125
1543.5,103,7.75,14.117647058823529,34,-3.0,18.431372549019606,13.7,82.0,0.125,0.19921875,0.79,0.0,0.0
1527.5,103,7.5,14.117647058823529,34,-3.0,18.431372549019606,13.6,82.0,1.8515625,2.26171875,0.775,0.0,0.0
1519.0,103,7.5,14.117647058823529,34,-4.0,18.431372549019606,13.7,81.0,2.203125,2.54296875,0.37,0.0,0.0
1494.0,103,7.5,14.117647058823529,35,-4.0,18.431372549019606,13.7,80.0,2.48828125,2.390625,0.31,0.0,0.0
1473.25,103,7.0,14.117647058823529,35,-4.0,18.431372549019606,13.6,78.0,2.48828125,2.30078125,0.27,0.0,0.0
1446.5,103,6.75,14.117647058823529,35,-4.0,18.823529411764707,13.6,77.0,2.421875,2.328125,0.25,0.0,0.0
1423.75,103,6.75,13.72549019607843,35,-3.0,18.03921568627451,13.7,76.0,2.52734375,2.6328125,0.23,0.0,0.0
1401.25,103,6.5,13.72549019607843,35,-4.0,18.03921568627451,13.6,75.0,2.44921875,2.26953125,0.215,0.0,0.0
997.25,103,5.25,12.941176470588236,35,17.0,20.784313725490197,13.7,73.0,1.68359375,1.3046875,0.205,0.0,0.0
1488.5,103,17.0,18.431372549019606,35,18.5,40.78431372549019,13.6,73.0,-0.30859375,-0.27734375,0.2,0.0,0.0
1622.75,103,19.25,18.823529411764707,35,21.5,41.568627450980394,13.6,73.0,-0.05078125,-0.0859375,0.205,-0.78125,0.0
1458.0,103,8.25,14.117647058823529,35,3.0,26.666666666666668,13.6,73.0,-0.0859375,-0.0859375,0.2,0.78125,2.34375
1367.0,103,6.25,13.72549019607843,35,11.0,18.431372549019606,13.6,73.0,-0.1875,-0.15234375,0.2,1.5625,3.125
1355.5,103,6.75,13.72549019607843,35,-4.5,18.823529411764707,13.6,72.0,-0.23046875,-0.21875,0.2,0.0,0.0
1345.75,103,6.0,13.72549019607843,35,-4.5,18.823529411764707,13.6,72.0,1.3515625,1.7421875,0.19,0.0,0.0
1330.5,103,6.0,13.72549019607843,35,-4.0,18.431372549019606,13.6,71.0,2.078125,2.5234375,0.18,0.0,0.0
1313.25,103,6.5,13.72549019607843,35,-5.5,18.823529411764707,13.6,70.0,2.32421875,2.31640625,0.175,0.0,0.0
1311.0,103,6.0,13.72549019607843,35,-5.5,18.823529411764707,13.6,70.0,2.16796875,2.66796875,0.175,0.0,0.0
